[ 2017-03-20T21:42:57+08:00 ] 127.0.0.1 /index.php/home/workinfo/test
ERR: 非法操作:test

[ 2017-03-20T21:43:08+08:00 ] 127.0.0.1 /index.php/home/workinfo/
ERR: 非法操作:index

[ 2017-03-20T21:57:03+08:00 ] 127.0.0.1 /index.php/home/workinfo/%E8%BF%9B%E5%85%A5%E5%85%BC%E8%81%8C%E8%AF%A6%E6%83%85%E9%A1%B5%E9%9D%A2
ERR: 非法操作:进入兼职详情页面

[ 2017-03-20T22:26:00+08:00 ] 127.0.0.1 /index.php/Home/Workinfo/submit
INFO: [ app_begin ] --START--
INFO: Run Behavior\ReadHtmlCacheBehavior [ RunTime:0.000739s ]
INFO: [ app_begin ] --END-- [ RunTime:0.001321s ]

[ 2017-03-20T22:31:24+08:00 ] 127.0.0.1 /index.php/Home/Workinfo/submit
INFO: [ app_begin ] --START--
INFO: Run Behavior\ReadHtmlCacheBehavior [ RunTime:0.000433s ]
INFO: [ app_begin ] --END-- [ RunTime:0.000724s ]

[ 2017-03-20T22:32:20+08:00 ] 127.0.0.1 /index.php/Home/Workinfo/submit
INFO: [ app_begin ] --START--
INFO: Run Behavior\ReadHtmlCacheBehavior [ RunTime:0.000449s ]
INFO: [ app_begin ] --END-- [ RunTime:0.000841s ]

[ 2017-03-20T22:33:08+08:00 ] 127.0.0.1 /index.php/Home/Workinfo/submit
INFO: [ app_begin ] --START--
INFO: Run Behavior\ReadHtmlCacheBehavior [ RunTime:0.000738s ]
INFO: [ app_begin ] --END-- [ RunTime:0.001304s ]
ERR: 非法操作:submit

[ 2017-03-20T22:33:25+08:00 ] 127.0.0.1 /index.php/Home/Workinfo/workSubmit
INFO: [ app_begin ] --START--
INFO: Run Behavior\ReadHtmlCacheBehavior [ RunTime:0.000394s ]
INFO: [ app_begin ] --END-- [ RunTime:0.000696s ]

[ 2017-03-20T22:34:27+08:00 ] 127.0.0.1 /index.php/Home/Workinfo/workSubmit
INFO: [ app_begin ] --START--
INFO: Run Behavior\ReadHtmlCacheBehavior [ RunTime:0.000793s ]
INFO: [ app_begin ] --END-- [ RunTime:0.001402s ]
INFO: [ app_end ] --START--
INFO: Run Behavior\ShowPageTraceBehavior [ RunTime:0.001555s ]
INFO: [ app_end ] --END-- [ RunTime:0.001674s ]

[ 2017-03-20T22:34:49+08:00 ] 127.0.0.1 /index.php/Home/Workinfo/workSubmit
INFO: [ app_begin ] --START--
INFO: Run Behavior\ReadHtmlCacheBehavior [ RunTime:0.000500s ]
INFO: [ app_begin ] --END-- [ RunTime:0.000876s ]
INFO: [ app_end ] --START--
INFO: Run Behavior\ShowPageTraceBehavior [ RunTime:0.000426s ]
INFO: [ app_end ] --END-- [ RunTime:0.000479s ]

[ 2017-03-20T22:45:23+08:00 ] 127.0.0.1 /index.php/Home/Workinfo/workSubmit
INFO: [ app_begin ] --START--
INFO: Run Behavior\ReadHtmlCacheBehavior [ RunTime:0.000490s ]
INFO: [ app_begin ] --END-- [ RunTime:0.000771s ]
INFO: [ app_end ] --START--
INFO: Run Behavior\ShowPageTraceBehavior [ RunTime:0.000394s ]
INFO: [ app_end ] --END-- [ RunTime:0.000435s ]

