[ 2017-04-10T00:08:59+08:00 ] 192.168.43.146 /index.php/home/workinfo/worklist?code=041SAPsS0vm8cb2lAkuS0HZYsS0SAPsi&state=123
ERR: Think\Controller:http_curl方法不存在！

[ 2017-04-10T00:24:14+08:00 ] 192.168.43.146 /index.php/home/workinfo/workinfo/Common/css/jquery.mobile.min.css
ERR: 1064:You have an error in your SQL syntax; check the manual that corresponds to your MySQL server version for the right syntax to use near ') LIMIT 1' at line 1
 [ SQL语句 ] : SELECT * FROM `issue` WHERE ( id= ) LIMIT 1  

[ 2017-04-10T00:24:14+08:00 ] 192.168.43.146 /index.php/home/workinfo/workinfo/Common/css/theme.min.css
ERR: 1064:You have an error in your SQL syntax; check the manual that corresponds to your MySQL server version for the right syntax to use near ') LIMIT 1' at line 1
 [ SQL语句 ] : SELECT * FROM `issue` WHERE ( id= ) LIMIT 1  

[ 2017-04-10T00:27:13+08:00 ] 192.168.43.146 /index.php/Home/Workinfo/workSubmit
INFO: [ app_begin ] --START--
INFO: Run Behavior\ReadHtmlCacheBehavior [ RunTime:0.000470s ]
INFO: [ app_begin ] --END-- [ RunTime:0.000780s ]
INFO: [ app_end ] --START--
INFO: Run Behavior\ShowPageTraceBehavior [ RunTime:0.000545s ]
INFO: [ app_end ] --END-- [ RunTime:0.000600s ]

[ 2017-04-10T00:27:14+08:00 ] 192.168.43.146 /index.php/Home/Workinfo/workSubmit
INFO: [ app_begin ] --START--
INFO: Run Behavior\ReadHtmlCacheBehavior [ RunTime:0.001072s ]
INFO: [ app_begin ] --END-- [ RunTime:0.002109s ]
INFO: [ app_end ] --START--
INFO: Run Behavior\ShowPageTraceBehavior [ RunTime:0.000863s ]
INFO: [ app_end ] --END-- [ RunTime:0.000949s ]

[ 2017-04-10T00:27:21+08:00 ] 192.168.43.146 /index.php/Home/Workinfo/workSubmit
INFO: [ app_begin ] --START--
INFO: Run Behavior\ReadHtmlCacheBehavior [ RunTime:0.001133s ]
INFO: [ app_begin ] --END-- [ RunTime:0.001983s ]
INFO: [ app_end ] --START--
INFO: Run Behavior\ShowPageTraceBehavior [ RunTime:0.001151s ]
INFO: [ app_end ] --END-- [ RunTime:0.001272s ]

[ 2017-04-10T00:29:38+08:00 ] 192.168.43.146 /index.php/Home/Workinfo/workSubmit
INFO: [ app_begin ] --START--
INFO: Run Behavior\ReadHtmlCacheBehavior [ RunTime:0.000616s ]
INFO: [ app_begin ] --END-- [ RunTime:0.001046s ]
INFO: [ app_end ] --START--
INFO: Run Behavior\ShowPageTraceBehavior [ RunTime:0.000594s ]
INFO: [ app_end ] --END-- [ RunTime:0.000662s ]

[ 2017-04-10T00:30:24+08:00 ] 192.168.43.146 /index.php/Home/Workinfo/workSubmit
INFO: [ app_begin ] --START--
INFO: Run Behavior\ReadHtmlCacheBehavior [ RunTime:0.000670s ]
INFO: [ app_begin ] --END-- [ RunTime:0.001147s ]
INFO: [ app_end ] --START--
INFO: Run Behavior\ShowPageTraceBehavior [ RunTime:0.000658s ]
INFO: [ app_end ] --END-- [ RunTime:0.000732s ]

[ 2017-04-10T00:31:11+08:00 ] 192.168.43.146 /index.php/Home/Workinfo/workSubmit
INFO: [ app_begin ] --START--
INFO: Run Behavior\ReadHtmlCacheBehavior [ RunTime:0.000625s ]
INFO: [ app_begin ] --END-- [ RunTime:0.001032s ]
INFO: [ app_end ] --START--
INFO: Run Behavior\ShowPageTraceBehavior [ RunTime:0.000579s ]
INFO: [ app_end ] --END-- [ RunTime:0.000634s ]

[ 2017-04-10T00:35:19+08:00 ] 192.168.43.146 /index.php/Home/Workinfo/workSubmit
INFO: [ app_begin ] --START--
INFO: Run Behavior\ReadHtmlCacheBehavior [ RunTime:0.000624s ]
INFO: [ app_begin ] --END-- [ RunTime:0.001057s ]
INFO: [ app_end ] --START--
INFO: Run Behavior\ShowPageTraceBehavior [ RunTime:0.000582s ]
INFO: [ app_end ] --END-- [ RunTime:0.000636s ]

[ 2017-04-10T00:55:18+08:00 ] 192.168.43.146 /index.php/Home/Workinfo/workSubmit
INFO: [ app_begin ] --START--
INFO: Run Behavior\ReadHtmlCacheBehavior [ RunTime:0.000817s ]
INFO: [ app_begin ] --END-- [ RunTime:0.001448s ]
NOTIC: [8] Use of undefined constant resume - assumed 'resume' D:\web\work\Home\Controller\WorkinfoController.class.php 第 63 行.
SQL: SHOW COLUMNS FROM `resume` [ RunTime:0.0035s ]
NOTIC: [8] Use of undefined constant studentinfo - assumed 'studentinfo' D:\web\work\Home\Controller\WorkinfoController.class.php 第 64 行.
SQL: SHOW COLUMNS FROM `studentinfo` [ RunTime:0.0020s ]
ERR: 1054:Unknown column 'oMpc_xDBkUN7pzj48PE16YBaWhKY' in 'where clause'
 [ SQL语句 ] : SELECT * FROM `studentinfo` WHERE ( openid=oMpc_xDBkUN7pzj48PE16YBaWhKY ) LIMIT 1  
ERR: 1054:Unknown column 'oMpc_xDBkUN7pzj48PE16YBaWhKY' in 'where clause'
 [ SQL语句 ] : SELECT * FROM `studentinfo` WHERE ( openid=oMpc_xDBkUN7pzj48PE16YBaWhKY ) LIMIT 1  

[ 2017-04-10T00:55:25+08:00 ] 192.168.43.146 /index.php/Home/Workinfo/workSubmit
INFO: [ app_begin ] --START--
INFO: Run Behavior\ReadHtmlCacheBehavior [ RunTime:0.000865s ]
INFO: [ app_begin ] --END-- [ RunTime:0.001377s ]
NOTIC: [8] Use of undefined constant resume - assumed 'resume' D:\web\work\Home\Controller\WorkinfoController.class.php 第 63 行.
SQL: SHOW COLUMNS FROM `resume` [ RunTime:0.0023s ]
NOTIC: [8] Use of undefined constant studentinfo - assumed 'studentinfo' D:\web\work\Home\Controller\WorkinfoController.class.php 第 64 行.
SQL: SHOW COLUMNS FROM `studentinfo` [ RunTime:0.0018s ]
ERR: 1054:Unknown column 'oMpc_xDBkUN7pzj48PE16YBaWhKY' in 'where clause'
 [ SQL语句 ] : SELECT * FROM `studentinfo` WHERE ( openid=oMpc_xDBkUN7pzj48PE16YBaWhKY ) LIMIT 1  
ERR: 1054:Unknown column 'oMpc_xDBkUN7pzj48PE16YBaWhKY' in 'where clause'
 [ SQL语句 ] : SELECT * FROM `studentinfo` WHERE ( openid=oMpc_xDBkUN7pzj48PE16YBaWhKY ) LIMIT 1  

[ 2017-04-10T00:55:31+08:00 ] 192.168.43.146 /index.php/Home/Workinfo/workSubmit
INFO: [ app_begin ] --START--
INFO: Run Behavior\ReadHtmlCacheBehavior [ RunTime:0.000803s ]
INFO: [ app_begin ] --END-- [ RunTime:0.001532s ]
NOTIC: [8] Use of undefined constant resume - assumed 'resume' D:\web\work\Home\Controller\WorkinfoController.class.php 第 63 行.
SQL: SHOW COLUMNS FROM `resume` [ RunTime:0.0454s ]
NOTIC: [8] Use of undefined constant studentinfo - assumed 'studentinfo' D:\web\work\Home\Controller\WorkinfoController.class.php 第 64 行.
SQL: SHOW COLUMNS FROM `studentinfo` [ RunTime:0.0012s ]
ERR: 1054:Unknown column 'oMpc_xDBkUN7pzj48PE16YBaWhKY' in 'where clause'
 [ SQL语句 ] : SELECT * FROM `studentinfo` WHERE ( openid=oMpc_xDBkUN7pzj48PE16YBaWhKY ) LIMIT 1  
ERR: 1054:Unknown column 'oMpc_xDBkUN7pzj48PE16YBaWhKY' in 'where clause'
 [ SQL语句 ] : SELECT * FROM `studentinfo` WHERE ( openid=oMpc_xDBkUN7pzj48PE16YBaWhKY ) LIMIT 1  

[ 2017-04-10T00:55:34+08:00 ] 192.168.43.146 /index.php/Home/Workinfo/workSubmit
INFO: [ app_begin ] --START--
INFO: Run Behavior\ReadHtmlCacheBehavior [ RunTime:0.000484s ]
INFO: [ app_begin ] --END-- [ RunTime:0.000832s ]
NOTIC: [8] Use of undefined constant resume - assumed 'resume' D:\web\work\Home\Controller\WorkinfoController.class.php 第 63 行.
SQL: SHOW COLUMNS FROM `resume` [ RunTime:0.0519s ]
NOTIC: [8] Use of undefined constant studentinfo - assumed 'studentinfo' D:\web\work\Home\Controller\WorkinfoController.class.php 第 64 行.
SQL: SHOW COLUMNS FROM `studentinfo` [ RunTime:0.0074s ]
ERR: 1054:Unknown column 'oMpc_xDBkUN7pzj48PE16YBaWhKY' in 'where clause'
 [ SQL语句 ] : SELECT * FROM `studentinfo` WHERE ( openid=oMpc_xDBkUN7pzj48PE16YBaWhKY ) LIMIT 1  
ERR: 1054:Unknown column 'oMpc_xDBkUN7pzj48PE16YBaWhKY' in 'where clause'
 [ SQL语句 ] : SELECT * FROM `studentinfo` WHERE ( openid=oMpc_xDBkUN7pzj48PE16YBaWhKY ) LIMIT 1  

[ 2017-04-10T00:59:04+08:00 ] 192.168.43.146 /index.php/Home/Workinfo/workSubmit
INFO: [ app_begin ] --START--
INFO: Run Behavior\ReadHtmlCacheBehavior [ RunTime:0.001207s ]
INFO: [ app_begin ] --END-- [ RunTime:0.002117s ]
NOTIC: [8] Use of undefined constant resume - assumed 'resume' D:\web\work\Home\Controller\WorkinfoController.class.php 第 63 行.
SQL: SHOW COLUMNS FROM `resume` [ RunTime:0.0017s ]
NOTIC: [8] Use of undefined constant studentinfo - assumed 'studentinfo' D:\web\work\Home\Controller\WorkinfoController.class.php 第 64 行.
SQL: SHOW COLUMNS FROM `studentinfo` [ RunTime:0.0014s ]
ERR: 1054:Unknown column 'oMpc_xDBkUN7pzj48PE16YBaWhKY' in 'where clause'
 [ SQL语句 ] : SELECT * FROM `studentinfo` WHERE ( openid=oMpc_xDBkUN7pzj48PE16YBaWhKY ) LIMIT 1  
ERR: 1054:Unknown column 'oMpc_xDBkUN7pzj48PE16YBaWhKY' in 'where clause'
 [ SQL语句 ] : SELECT * FROM `studentinfo` WHERE ( openid=oMpc_xDBkUN7pzj48PE16YBaWhKY ) LIMIT 1  

[ 2017-04-10T01:06:04+08:00 ] 192.168.43.146 /index.php/home/user/register
ERR: Think\Controller:http_curl方法不存在！

[ 2017-04-10T13:16:43+08:00 ] 192.168.43.146 /index.php/Home/User/userRegister
ERR: 1364:Field 'usex' doesn't have a default value
 [ SQL语句 ] : INSERT INTO `studentinfo` (`uschool`) VALUES ('22')

[ 2017-04-10T13:55:55+08:00 ] 192.168.43.146 /index.php/Home/User/userRegister
ERR: 1406:Data too long for column 'openid' at row 1
 [ SQL语句 ] : INSERT INTO `studentinfo` (`uname`,`uschool`,`uage`,`usex`,`uaddress`,`openid`) VALUES ('669','995','20','男','沙坪坝区,渝北区,巴南区,北碚区','oMpc_xDBkUN7pzj48PE16YBaWhKY')

[ 2017-04-10T14:05:20+08:00 ] 192.168.43.146 /index.php/Home/User/__URL__/workinfo/worklist
ERR: 非法操作:__URL__

[ 2017-04-10T14:05:38+08:00 ] 192.168.43.146 /index.php/Home/User/__URL__/workinfo/worklist
ERR: 非法操作:__URL__

[ 2017-04-10T14:05:38+08:00 ] 192.168.43.146 /index.php/Home/User/__URL__/workinfo/worklist
ERR: 非法操作:__URL__

[ 2017-04-10T14:05:42+08:00 ] 192.168.43.146 /index.php/Home/User/__URL__/workinfo/worklist
ERR: 非法操作:__URL__

[ 2017-04-10T14:05:47+08:00 ] 192.168.43.146 /index.php/Home/User/__URL__/workinfo/worklist
ERR: 非法操作:__URL__

[ 2017-04-10T14:06:31+08:00 ] 192.168.43.146 /index.php/Home/User/__URL__/workinfo/worklist
ERR: 非法操作:__URL__

[ 2017-04-10T14:08:52+08:00 ] 192.168.43.146 /index.php/Home/User/index.php/home/workinfo/worklist
ERR: 非法操作:index.php

[ 2017-04-10T14:09:11+08:00 ] 192.168.43.146 /index.php/Home/User/index.php/home/workinfo/worklist
ERR: 非法操作:index.php

[ 2017-04-10T14:09:56+08:00 ] 192.168.43.146 /index.php/Home/User/index.php/home/workinfo/worklist
ERR: 非法操作:index.php

[ 2017-04-10T14:11:08+08:00 ] 192.168.43.146 /index.php/Home/User/__URL__/home/workinfo/worklist
ERR: 非法操作:__URL__

[ 2017-04-10T14:11:16+08:00 ] 192.168.43.146 /index.php/Home/User/__URL__/home/workinfo/worklist
ERR: 非法操作:__URL__

[ 2017-04-10T14:13:35+08:00 ] 192.168.43.146 /index.php/Home/User/__URL__/home/workinfo/worklist
ERR: 非法操作:__URL__

[ 2017-04-10T18:45:10+08:00 ] 192.168.43.146 /index.php/Home/Workinfo/workSubmit
INFO: [ app_begin ] --START--
INFO: Run Behavior\ReadHtmlCacheBehavior [ RunTime:0.000491s ]
INFO: [ app_begin ] --END-- [ RunTime:0.000957s ]
NOTIC: [8] Use of undefined constant resume - assumed 'resume' D:\web\work\Home\Controller\WorkinfoController.class.php 第 63 行.
SQL: SHOW COLUMNS FROM `resume` [ RunTime:0.0527s ]
NOTIC: [8] Use of undefined constant studentinfo - assumed 'studentinfo' D:\web\work\Home\Controller\WorkinfoController.class.php 第 64 行.
SQL: SHOW COLUMNS FROM `studentinfo` [ RunTime:0.0217s ]
ERR: 1054:Unknown column 'oMpc_xDBkUN7pzj48PE16YBaWhKY' in 'where clause'
 [ SQL语句 ] : SELECT * FROM `studentinfo` WHERE ( openid=oMpc_xDBkUN7pzj48PE16YBaWhKY ) LIMIT 1  
ERR: 1054:Unknown column 'oMpc_xDBkUN7pzj48PE16YBaWhKY' in 'where clause'
 [ SQL语句 ] : SELECT * FROM `studentinfo` WHERE ( openid=oMpc_xDBkUN7pzj48PE16YBaWhKY ) LIMIT 1  

[ 2017-04-10T18:45:14+08:00 ] 192.168.43.146 /index.php/Home/Workinfo/workSubmit
INFO: [ app_begin ] --START--
INFO: Run Behavior\ReadHtmlCacheBehavior [ RunTime:0.000732s ]
INFO: [ app_begin ] --END-- [ RunTime:0.001357s ]
NOTIC: [8] Use of undefined constant resume - assumed 'resume' D:\web\work\Home\Controller\WorkinfoController.class.php 第 63 行.
SQL: SHOW COLUMNS FROM `resume` [ RunTime:0.0033s ]
NOTIC: [8] Use of undefined constant studentinfo - assumed 'studentinfo' D:\web\work\Home\Controller\WorkinfoController.class.php 第 64 行.
SQL: SHOW COLUMNS FROM `studentinfo` [ RunTime:0.0023s ]
ERR: 1054:Unknown column 'oMpc_xDBkUN7pzj48PE16YBaWhKY' in 'where clause'
 [ SQL语句 ] : SELECT * FROM `studentinfo` WHERE ( openid=oMpc_xDBkUN7pzj48PE16YBaWhKY ) LIMIT 1  
ERR: 1054:Unknown column 'oMpc_xDBkUN7pzj48PE16YBaWhKY' in 'where clause'
 [ SQL语句 ] : SELECT * FROM `studentinfo` WHERE ( openid=oMpc_xDBkUN7pzj48PE16YBaWhKY ) LIMIT 1  

[ 2017-04-10T18:45:19+08:00 ] 192.168.43.146 /index.php/Home/Workinfo/workSubmit
INFO: [ app_begin ] --START--
INFO: Run Behavior\ReadHtmlCacheBehavior [ RunTime:0.000453s ]
INFO: [ app_begin ] --END-- [ RunTime:0.000802s ]
NOTIC: [8] Use of undefined constant resume - assumed 'resume' D:\web\work\Home\Controller\WorkinfoController.class.php 第 63 行.
SQL: SHOW COLUMNS FROM `resume` [ RunTime:0.0457s ]
NOTIC: [8] Use of undefined constant studentinfo - assumed 'studentinfo' D:\web\work\Home\Controller\WorkinfoController.class.php 第 64 行.
SQL: SHOW COLUMNS FROM `studentinfo` [ RunTime:0.0026s ]
ERR: 1054:Unknown column 'oMpc_xDBkUN7pzj48PE16YBaWhKY' in 'where clause'
 [ SQL语句 ] : SELECT * FROM `studentinfo` WHERE ( openid=oMpc_xDBkUN7pzj48PE16YBaWhKY ) LIMIT 1  
ERR: 1054:Unknown column 'oMpc_xDBkUN7pzj48PE16YBaWhKY' in 'where clause'
 [ SQL语句 ] : SELECT * FROM `studentinfo` WHERE ( openid=oMpc_xDBkUN7pzj48PE16YBaWhKY ) LIMIT 1  

[ 2017-04-10T18:45:39+08:00 ] 192.168.43.146 /index.php/Home/Workinfo/workSubmit
INFO: [ app_begin ] --START--
INFO: Run Behavior\ReadHtmlCacheBehavior [ RunTime:0.000419s ]
INFO: [ app_begin ] --END-- [ RunTime:0.000712s ]
NOTIC: [8] Use of undefined constant resume - assumed 'resume' D:\web\work\Home\Controller\WorkinfoController.class.php 第 63 行.
SQL: SHOW COLUMNS FROM `resume` [ RunTime:0.0014s ]
NOTIC: [8] Use of undefined constant studentinfo - assumed 'studentinfo' D:\web\work\Home\Controller\WorkinfoController.class.php 第 64 行.
SQL: SHOW COLUMNS FROM `studentinfo` [ RunTime:0.0012s ]
ERR: 1054:Unknown column 'oMpc_xDBkUN7pzj48PE16YBaWhKY' in 'where clause'
 [ SQL语句 ] : SELECT * FROM `studentinfo` WHERE ( openid=oMpc_xDBkUN7pzj48PE16YBaWhKY ) LIMIT 1  
ERR: 1054:Unknown column 'oMpc_xDBkUN7pzj48PE16YBaWhKY' in 'where clause'
 [ SQL语句 ] : SELECT * FROM `studentinfo` WHERE ( openid=oMpc_xDBkUN7pzj48PE16YBaWhKY ) LIMIT 1  

[ 2017-04-10T18:46:57+08:00 ] 192.168.43.146 /index.php/Home/Workinfo/workSubmit
INFO: [ app_begin ] --START--
INFO: Run Behavior\ReadHtmlCacheBehavior [ RunTime:0.000626s ]
INFO: [ app_begin ] --END-- [ RunTime:0.001127s ]
NOTIC: [8] Use of undefined constant resume - assumed 'resume' D:\web\work\Home\Controller\WorkinfoController.class.php 第 63 行.
SQL: SHOW COLUMNS FROM `resume` [ RunTime:0.0019s ]
NOTIC: [8] Use of undefined constant studentinfo - assumed 'studentinfo' D:\web\work\Home\Controller\WorkinfoController.class.php 第 64 行.
SQL: SHOW COLUMNS FROM `studentinfo` [ RunTime:0.0018s ]
ERR: 1054:Unknown column 'oMpc_xDBkUN7pzj48PE16YBaWhKY' in 'where clause'
 [ SQL语句 ] : SELECT * FROM `studentinfo` WHERE ( openid=oMpc_xDBkUN7pzj48PE16YBaWhKY ) LIMIT 1  
ERR: 1054:Unknown column 'oMpc_xDBkUN7pzj48PE16YBaWhKY' in 'where clause'
 [ SQL语句 ] : SELECT * FROM `studentinfo` WHERE ( openid=oMpc_xDBkUN7pzj48PE16YBaWhKY ) LIMIT 1  

[ 2017-04-10T18:48:19+08:00 ] 192.168.43.146 /index.php/Home/Workinfo/workSubmit
INFO: [ app_begin ] --START--
INFO: Run Behavior\ReadHtmlCacheBehavior [ RunTime:0.000413s ]
INFO: [ app_begin ] --END-- [ RunTime:0.000708s ]
NOTIC: [8] Use of undefined constant resume - assumed 'resume' D:\web\work\Home\Controller\WorkinfoController.class.php 第 63 行.
SQL: SHOW COLUMNS FROM `resume` [ RunTime:0.0023s ]
NOTIC: [8] Use of undefined constant studentinfo - assumed 'studentinfo' D:\web\work\Home\Controller\WorkinfoController.class.php 第 64 行.
SQL: SHOW COLUMNS FROM `studentinfo` [ RunTime:0.0010s ]
ERR: 1054:Unknown column 'oMpc_xDBkUN7pzj48PE16YBaWhKY' in 'where clause'
 [ SQL语句 ] : SELECT * FROM `studentinfo` WHERE ( openid=oMpc_xDBkUN7pzj48PE16YBaWhKY ) LIMIT 1  
ERR: 1054:Unknown column 'oMpc_xDBkUN7pzj48PE16YBaWhKY' in 'where clause'
 [ SQL语句 ] : SELECT * FROM `studentinfo` WHERE ( openid=oMpc_xDBkUN7pzj48PE16YBaWhKY ) LIMIT 1  

[ 2017-04-10T18:49:09+08:00 ] 192.168.43.146 /index.php/Home/Workinfo/workSubmit
INFO: [ app_begin ] --START--
INFO: Run Behavior\ReadHtmlCacheBehavior [ RunTime:0.001602s ]
INFO: [ app_begin ] --END-- [ RunTime:0.002515s ]
NOTIC: [8] Use of undefined constant resume - assumed 'resume' D:\web\work\Home\Controller\WorkinfoController.class.php 第 63 行.
SQL: SHOW COLUMNS FROM `resume` [ RunTime:0.0199s ]
NOTIC: [8] Use of undefined constant studentinfo - assumed 'studentinfo' D:\web\work\Home\Controller\WorkinfoController.class.php 第 64 行.
SQL: SHOW COLUMNS FROM `studentinfo` [ RunTime:0.0010s ]
INFO: [ app_end ] --START--
INFO: Run Behavior\ShowPageTraceBehavior [ RunTime:0.000979s ]
INFO: [ app_end ] --END-- [ RunTime:0.001061s ]

[ 2017-04-10T18:49:54+08:00 ] 192.168.43.146 /index.php/Home/Workinfo/workSubmit
INFO: [ app_begin ] --START--
INFO: Run Behavior\ReadHtmlCacheBehavior [ RunTime:0.000661s ]
INFO: [ app_begin ] --END-- [ RunTime:0.001173s ]
NOTIC: [8] Use of undefined constant resume - assumed 'resume' D:\web\work\Home\Controller\WorkinfoController.class.php 第 63 行.
SQL: SHOW COLUMNS FROM `resume` [ RunTime:0.0020s ]
NOTIC: [8] Use of undefined constant studentinfo - assumed 'studentinfo' D:\web\work\Home\Controller\WorkinfoController.class.php 第 64 行.
SQL: SHOW COLUMNS FROM `studentinfo` [ RunTime:0.0008s ]
ERR: 1064:You have an error in your SQL syntax; check the manual that corresponds to your MySQL server version for the right syntax to use near ') LIMIT 1' at line 1
 [ SQL语句 ] : SELECT * FROM `studentinfo` WHERE ( openid= ) LIMIT 1  
ERR: 1064:You have an error in your SQL syntax; check the manual that corresponds to your MySQL server version for the right syntax to use near ') LIMIT 1' at line 1
 [ SQL语句 ] : SELECT * FROM `studentinfo` WHERE ( openid= ) LIMIT 1  

[ 2017-04-10T18:52:25+08:00 ] 192.168.43.146 /index.php/Home/Workinfo/workSubmit
INFO: [ app_begin ] --START--
INFO: Run Behavior\ReadHtmlCacheBehavior [ RunTime:0.000789s ]
INFO: [ app_begin ] --END-- [ RunTime:0.001343s ]
NOTIC: [8] Use of undefined constant resume - assumed 'resume' D:\web\work\Home\Controller\WorkinfoController.class.php 第 63 行.
SQL: SHOW COLUMNS FROM `resume` [ RunTime:0.0016s ]
NOTIC: [8] Use of undefined constant studentinfo - assumed 'studentinfo' D:\web\work\Home\Controller\WorkinfoController.class.php 第 64 行.
SQL: SHOW COLUMNS FROM `studentinfo` [ RunTime:0.0006s ]
ERR: 1064:You have an error in your SQL syntax; check the manual that corresponds to your MySQL server version for the right syntax to use near ') LIMIT 1' at line 1
 [ SQL语句 ] : SELECT * FROM `studentinfo` WHERE ( openid= ) LIMIT 1  
ERR: 1064:You have an error in your SQL syntax; check the manual that corresponds to your MySQL server version for the right syntax to use near ') LIMIT 1' at line 1
 [ SQL语句 ] : SELECT * FROM `studentinfo` WHERE ( openid= ) LIMIT 1  

[ 2017-04-10T18:52:40+08:00 ] 192.168.43.146 /index.php/Home/Workinfo/workSubmit
INFO: [ app_begin ] --START--
INFO: Run Behavior\ReadHtmlCacheBehavior [ RunTime:0.000424s ]
INFO: [ app_begin ] --END-- [ RunTime:0.000773s ]
NOTIC: [8] Use of undefined constant resume - assumed 'resume' D:\web\work\Home\Controller\WorkinfoController.class.php 第 63 行.
SQL: SHOW COLUMNS FROM `resume` [ RunTime:0.0334s ]
NOTIC: [8] Use of undefined constant studentinfo - assumed 'studentinfo' D:\web\work\Home\Controller\WorkinfoController.class.php 第 64 行.
SQL: SHOW COLUMNS FROM `studentinfo` [ RunTime:0.0008s ]
ERR: 1064:You have an error in your SQL syntax; check the manual that corresponds to your MySQL server version for the right syntax to use near ') LIMIT 1' at line 1
 [ SQL语句 ] : SELECT * FROM `studentinfo` WHERE ( openid= ) LIMIT 1  
ERR: 1064:You have an error in your SQL syntax; check the manual that corresponds to your MySQL server version for the right syntax to use near ') LIMIT 1' at line 1
 [ SQL语句 ] : SELECT * FROM `studentinfo` WHERE ( openid= ) LIMIT 1  

[ 2017-04-10T18:54:30+08:00 ] 192.168.43.146 /index.php/Home/Workinfo/workSubmit
INFO: [ app_begin ] --START--
INFO: Run Behavior\ReadHtmlCacheBehavior [ RunTime:0.000530s ]
INFO: [ app_begin ] --END-- [ RunTime:0.000878s ]
NOTIC: [8] Use of undefined constant resume - assumed 'resume' D:\web\work\Home\Controller\WorkinfoController.class.php 第 63 行.
SQL: SHOW COLUMNS FROM `resume` [ RunTime:0.0011s ]
NOTIC: [8] Use of undefined constant studentinfo - assumed 'studentinfo' D:\web\work\Home\Controller\WorkinfoController.class.php 第 64 行.
SQL: SHOW COLUMNS FROM `studentinfo` [ RunTime:0.0384s ]
ERR: 1064:You have an error in your SQL syntax; check the manual that corresponds to your MySQL server version for the right syntax to use near ') LIMIT 1' at line 1
 [ SQL语句 ] : SELECT * FROM `studentinfo` WHERE ( openid= ) LIMIT 1  
ERR: 1064:You have an error in your SQL syntax; check the manual that corresponds to your MySQL server version for the right syntax to use near ') LIMIT 1' at line 1
 [ SQL语句 ] : SELECT * FROM `studentinfo` WHERE ( openid= ) LIMIT 1  

[ 2017-04-10T18:54:39+08:00 ] 192.168.43.146 /index.php/Home/Workinfo/workSubmit
INFO: [ app_begin ] --START--
INFO: Run Behavior\ReadHtmlCacheBehavior [ RunTime:0.000387s ]
INFO: [ app_begin ] --END-- [ RunTime:0.000674s ]
NOTIC: [8] Use of undefined constant resume - assumed 'resume' D:\web\work\Home\Controller\WorkinfoController.class.php 第 63 行.
SQL: SHOW COLUMNS FROM `resume` [ RunTime:0.0009s ]
NOTIC: [8] Use of undefined constant studentinfo - assumed 'studentinfo' D:\web\work\Home\Controller\WorkinfoController.class.php 第 64 行.
SQL: SHOW COLUMNS FROM `studentinfo` [ RunTime:0.0014s ]
ERR: 1064:You have an error in your SQL syntax; check the manual that corresponds to your MySQL server version for the right syntax to use near ') LIMIT 1' at line 1
 [ SQL语句 ] : SELECT * FROM `studentinfo` WHERE ( openid= ) LIMIT 1  
ERR: 1064:You have an error in your SQL syntax; check the manual that corresponds to your MySQL server version for the right syntax to use near ') LIMIT 1' at line 1
 [ SQL语句 ] : SELECT * FROM `studentinfo` WHERE ( openid= ) LIMIT 1  

[ 2017-04-10T18:55:55+08:00 ] 192.168.43.146 /index.php/home/workinfo/worksubmit
INFO: [ app_begin ] --START--
INFO: Run Behavior\ReadHtmlCacheBehavior [ RunTime:0.000724s ]
INFO: [ app_begin ] --END-- [ RunTime:0.001210s ]
NOTIC: [8] Use of undefined constant resume - assumed 'resume' D:\web\work\Home\Controller\WorkinfoController.class.php 第 64 行.
SQL: SHOW COLUMNS FROM `resume` [ RunTime:0.0145s ]
NOTIC: [8] Use of undefined constant studentinfo - assumed 'studentinfo' D:\web\work\Home\Controller\WorkinfoController.class.php 第 65 行.
SQL: SHOW COLUMNS FROM `studentinfo` [ RunTime:0.0019s ]
NOTIC: [8] Undefined index: userOpenId D:\web\work\Home\Controller\WorkinfoController.class.php 第 70 行.
ERR: 1064:You have an error in your SQL syntax; check the manual that corresponds to your MySQL server version for the right syntax to use near ') LIMIT 1' at line 1
 [ SQL语句 ] : SELECT * FROM `studentinfo` WHERE ( openid= ) LIMIT 1  
ERR: 1064:You have an error in your SQL syntax; check the manual that corresponds to your MySQL server version for the right syntax to use near ') LIMIT 1' at line 1
 [ SQL语句 ] : SELECT * FROM `studentinfo` WHERE ( openid= ) LIMIT 1  

[ 2017-04-10T18:56:02+08:00 ] 192.168.43.146 /index.php/home/workinfo/worksubmit
INFO: [ app_begin ] --START--
INFO: Run Behavior\ReadHtmlCacheBehavior [ RunTime:0.000356s ]
INFO: [ app_begin ] --END-- [ RunTime:0.000615s ]
NOTIC: [8] Use of undefined constant resume - assumed 'resume' D:\web\work\Home\Controller\WorkinfoController.class.php 第 64 行.
SQL: SHOW COLUMNS FROM `resume` [ RunTime:0.0009s ]
NOTIC: [8] Use of undefined constant studentinfo - assumed 'studentinfo' D:\web\work\Home\Controller\WorkinfoController.class.php 第 65 行.
SQL: SHOW COLUMNS FROM `studentinfo` [ RunTime:0.0007s ]
NOTIC: [8] Undefined index: userOpenId D:\web\work\Home\Controller\WorkinfoController.class.php 第 70 行.
ERR: 1064:You have an error in your SQL syntax; check the manual that corresponds to your MySQL server version for the right syntax to use near ') LIMIT 1' at line 1
 [ SQL语句 ] : SELECT * FROM `studentinfo` WHERE ( openid= ) LIMIT 1  
ERR: 1064:You have an error in your SQL syntax; check the manual that corresponds to your MySQL server version for the right syntax to use near ') LIMIT 1' at line 1
 [ SQL语句 ] : SELECT * FROM `studentinfo` WHERE ( openid= ) LIMIT 1  

[ 2017-04-10T18:57:44+08:00 ] 192.168.43.146 /index.php/home/workinfo/worksubmit
INFO: [ app_begin ] --START--
INFO: Run Behavior\ReadHtmlCacheBehavior [ RunTime:0.000629s ]
INFO: [ app_begin ] --END-- [ RunTime:0.001141s ]
NOTIC: [8] Use of undefined constant resume - assumed 'resume' D:\web\work\Home\Controller\WorkinfoController.class.php 第 64 行.
SQL: SHOW COLUMNS FROM `resume` [ RunTime:0.0012s ]
NOTIC: [8] Use of undefined constant studentinfo - assumed 'studentinfo' D:\web\work\Home\Controller\WorkinfoController.class.php 第 65 行.
SQL: SHOW COLUMNS FROM `studentinfo` [ RunTime:0.0011s ]
NOTIC: [8] Undefined index: userOpenId D:\web\work\Home\Controller\WorkinfoController.class.php 第 70 行.
ERR: 1064:You have an error in your SQL syntax; check the manual that corresponds to your MySQL server version for the right syntax to use near ') LIMIT 1' at line 1
 [ SQL语句 ] : SELECT * FROM `studentinfo` WHERE ( openid= ) LIMIT 1  
ERR: 1064:You have an error in your SQL syntax; check the manual that corresponds to your MySQL server version for the right syntax to use near ') LIMIT 1' at line 1
 [ SQL语句 ] : SELECT * FROM `studentinfo` WHERE ( openid= ) LIMIT 1  

[ 2017-04-10T18:57:59+08:00 ] 192.168.43.146 /index.php/home/workinfo/workinfo/Common/css/jquery.mobile.min.css
ERR: 1064:You have an error in your SQL syntax; check the manual that corresponds to your MySQL server version for the right syntax to use near ') LIMIT 1' at line 1
 [ SQL语句 ] : SELECT * FROM `issue` WHERE ( id= ) LIMIT 1  

[ 2017-04-10T18:57:59+08:00 ] 192.168.43.146 /index.php/home/workinfo/workinfo/Common/css/theme.min.css
ERR: 1064:You have an error in your SQL syntax; check the manual that corresponds to your MySQL server version for the right syntax to use near ') LIMIT 1' at line 1
 [ SQL语句 ] : SELECT * FROM `issue` WHERE ( id= ) LIMIT 1  

[ 2017-04-10T19:01:16+08:00 ] 192.168.43.146 /index.php/home/workinfo/worksubmit
INFO: [ app_begin ] --START--
INFO: Run Behavior\ReadHtmlCacheBehavior [ RunTime:0.000723s ]
INFO: [ app_begin ] --END-- [ RunTime:0.001210s ]
NOTIC: [8] Use of undefined constant resume - assumed 'resume' D:\web\work\Home\Controller\WorkinfoController.class.php 第 64 行.
SQL: SHOW COLUMNS FROM `resume` [ RunTime:0.0010s ]
NOTIC: [8] Use of undefined constant studentinfo - assumed 'studentinfo' D:\web\work\Home\Controller\WorkinfoController.class.php 第 65 行.
SQL: SHOW COLUMNS FROM `studentinfo` [ RunTime:0.0008s ]
INFO: [ app_end ] --START--
INFO: Run Behavior\ShowPageTraceBehavior [ RunTime:0.000633s ]
INFO: [ app_end ] --END-- [ RunTime:0.000676s ]

[ 2017-04-10T19:02:37+08:00 ] 192.168.43.146 /index.php/Home/Workinfo/workSubmit
INFO: [ app_begin ] --START--
INFO: Run Behavior\ReadHtmlCacheBehavior [ RunTime:0.000377s ]
INFO: [ app_begin ] --END-- [ RunTime:0.000678s ]
NOTIC: [8] Use of undefined constant resume - assumed 'resume' D:\web\work\Home\Controller\WorkinfoController.class.php 第 64 行.
SQL: SHOW COLUMNS FROM `resume` [ RunTime:0.0008s ]
NOTIC: [8] Use of undefined constant studentinfo - assumed 'studentinfo' D:\web\work\Home\Controller\WorkinfoController.class.php 第 65 行.
SQL: SHOW COLUMNS FROM `studentinfo` [ RunTime:0.0006s ]
ERR: 1054:Unknown column 'oMpc_xDBkUN7pzj48PE16YBaWhKY' in 'where clause'
 [ SQL语句 ] : SELECT * FROM `studentinfo` WHERE ( openid=oMpc_xDBkUN7pzj48PE16YBaWhKY ) LIMIT 1  
ERR: 1054:Unknown column 'oMpc_xDBkUN7pzj48PE16YBaWhKY' in 'where clause'
 [ SQL语句 ] : SELECT * FROM `studentinfo` WHERE ( openid=oMpc_xDBkUN7pzj48PE16YBaWhKY ) LIMIT 1  

[ 2017-04-10T19:02:43+08:00 ] 192.168.43.146 /index.php/Home/Workinfo/workSubmit
INFO: [ app_begin ] --START--
INFO: Run Behavior\ReadHtmlCacheBehavior [ RunTime:0.000413s ]
INFO: [ app_begin ] --END-- [ RunTime:0.000737s ]
NOTIC: [8] Use of undefined constant resume - assumed 'resume' D:\web\work\Home\Controller\WorkinfoController.class.php 第 64 行.
SQL: SHOW COLUMNS FROM `resume` [ RunTime:0.0019s ]
NOTIC: [8] Use of undefined constant studentinfo - assumed 'studentinfo' D:\web\work\Home\Controller\WorkinfoController.class.php 第 65 行.
SQL: SHOW COLUMNS FROM `studentinfo` [ RunTime:0.0017s ]
ERR: 1054:Unknown column 'oMpc_xDBkUN7pzj48PE16YBaWhKY' in 'where clause'
 [ SQL语句 ] : SELECT * FROM `studentinfo` WHERE ( openid=oMpc_xDBkUN7pzj48PE16YBaWhKY ) LIMIT 1  
ERR: 1054:Unknown column 'oMpc_xDBkUN7pzj48PE16YBaWhKY' in 'where clause'
 [ SQL语句 ] : SELECT * FROM `studentinfo` WHERE ( openid=oMpc_xDBkUN7pzj48PE16YBaWhKY ) LIMIT 1  

[ 2017-04-10T19:19:30+08:00 ] 192.168.43.146 /index.php/home/workinfo/worksubmit
INFO: [ app_begin ] --START--
INFO: Run Behavior\ReadHtmlCacheBehavior [ RunTime:0.000822s ]
INFO: [ app_begin ] --END-- [ RunTime:0.001337s ]
NOTIC: [8] Use of undefined constant resume - assumed 'resume' D:\web\work\Home\Controller\WorkinfoController.class.php 第 64 行.
SQL: SHOW COLUMNS FROM `resume` [ RunTime:0.0628s ]
NOTIC: [8] Use of undefined constant studentinfo - assumed 'studentinfo' D:\web\work\Home\Controller\WorkinfoController.class.php 第 65 行.
SQL: SHOW COLUMNS FROM `studentinfo` [ RunTime:0.0007s ]
INFO: [ app_end ] --START--
INFO: Run Behavior\ShowPageTraceBehavior [ RunTime:0.000599s ]
INFO: [ app_end ] --END-- [ RunTime:0.000645s ]

[ 2017-04-10T19:19:59+08:00 ] 192.168.43.146 /index.php/Home/Workinfo/workSubmit
INFO: [ app_begin ] --START--
INFO: Run Behavior\ReadHtmlCacheBehavior [ RunTime:0.000722s ]
INFO: [ app_begin ] --END-- [ RunTime:0.001264s ]
NOTIC: [8] Use of undefined constant resume - assumed 'resume' D:\web\work\Home\Controller\WorkinfoController.class.php 第 64 行.
SQL: SHOW COLUMNS FROM `resume` [ RunTime:0.0707s ]
NOTIC: [8] Use of undefined constant studentinfo - assumed 'studentinfo' D:\web\work\Home\Controller\WorkinfoController.class.php 第 65 行.
SQL: SHOW COLUMNS FROM `studentinfo` [ RunTime:0.0011s ]
ERR: 1054:Unknown column 'oMpc_xDBkUN7pzj48PE16YBaWhKY' in 'where clause'
 [ SQL语句 ] : SELECT * FROM `studentinfo` WHERE ( openid=oMpc_xDBkUN7pzj48PE16YBaWhKY ) LIMIT 1  
ERR: 1054:Unknown column 'oMpc_xDBkUN7pzj48PE16YBaWhKY' in 'where clause'
 [ SQL语句 ] : SELECT * FROM `studentinfo` WHERE ( openid=oMpc_xDBkUN7pzj48PE16YBaWhKY ) LIMIT 1  

[ 2017-04-10T19:20:32+08:00 ] 192.168.43.146 /index.php/Home/Workinfo/workSubmit
INFO: [ app_begin ] --START--
INFO: Run Behavior\ReadHtmlCacheBehavior [ RunTime:0.000606s ]
INFO: [ app_begin ] --END-- [ RunTime:0.001062s ]
NOTIC: [8] Use of undefined constant resume - assumed 'resume' D:\web\work\Home\Controller\WorkinfoController.class.php 第 64 行.
SQL: SHOW COLUMNS FROM `resume` [ RunTime:0.0138s ]
NOTIC: [8] Use of undefined constant studentinfo - assumed 'studentinfo' D:\web\work\Home\Controller\WorkinfoController.class.php 第 65 行.
SQL: SHOW COLUMNS FROM `studentinfo` [ RunTime:0.0365s ]
ERR: 1054:Unknown column 'oMpc_xDBkUN7pzj48PE16YBaWhKY' in 'where clause'
 [ SQL语句 ] : SELECT * FROM `studentinfo` WHERE ( openid=oMpc_xDBkUN7pzj48PE16YBaWhKY ) LIMIT 1  
ERR: 1054:Unknown column 'oMpc_xDBkUN7pzj48PE16YBaWhKY' in 'where clause'
 [ SQL语句 ] : SELECT * FROM `studentinfo` WHERE ( openid=oMpc_xDBkUN7pzj48PE16YBaWhKY ) LIMIT 1  

[ 2017-04-10T19:24:39+08:00 ] 192.168.43.146 /index.php/home/workinfo/worksubmit
INFO: [ app_begin ] --START--
INFO: Run Behavior\ReadHtmlCacheBehavior [ RunTime:0.002142s ]
INFO: [ app_begin ] --END-- [ RunTime:0.003721s ]
NOTIC: [8] Use of undefined constant resume - assumed 'resume' D:\web\work\Home\Controller\WorkinfoController.class.php 第 64 行.
SQL: SHOW COLUMNS FROM `resume` [ RunTime:0.0015s ]
NOTIC: [8] Use of undefined constant studentinfo - assumed 'studentinfo' D:\web\work\Home\Controller\WorkinfoController.class.php 第 65 行.
SQL: SHOW COLUMNS FROM `studentinfo` [ RunTime:0.0014s ]
INFO: [ app_end ] --START--
INFO: Run Behavior\ShowPageTraceBehavior [ RunTime:0.001022s ]
INFO: [ app_end ] --END-- [ RunTime:0.001102s ]

[ 2017-04-10T19:25:06+08:00 ] 192.168.43.146 /index.php/home/workinfo/worksubmit
INFO: [ app_begin ] --START--
INFO: Run Behavior\ReadHtmlCacheBehavior [ RunTime:0.000801s ]
INFO: [ app_begin ] --END-- [ RunTime:0.001281s ]
NOTIC: [8] Use of undefined constant resume - assumed 'resume' D:\web\work\Home\Controller\WorkinfoController.class.php 第 64 行.
SQL: SHOW COLUMNS FROM `resume` [ RunTime:0.0191s ]
NOTIC: [8] Use of undefined constant studentinfo - assumed 'studentinfo' D:\web\work\Home\Controller\WorkinfoController.class.php 第 65 行.
SQL: SHOW COLUMNS FROM `studentinfo` [ RunTime:0.0335s ]
INFO: [ app_end ] --START--
INFO: Run Behavior\ShowPageTraceBehavior [ RunTime:0.002030s ]
INFO: [ app_end ] --END-- [ RunTime:0.002242s ]

[ 2017-04-10T19:26:15+08:00 ] 192.168.43.146 /index.php/home/workinfo/worksubmit
INFO: [ app_begin ] --START--
INFO: Run Behavior\ReadHtmlCacheBehavior [ RunTime:0.001131s ]
INFO: [ app_begin ] --END-- [ RunTime:0.001990s ]
NOTIC: [8] Use of undefined constant resume - assumed 'resume' D:\web\work\Home\Controller\WorkinfoController.class.php 第 64 行.
SQL: SHOW COLUMNS FROM `resume` [ RunTime:0.0027s ]
NOTIC: [8] Use of undefined constant studentinfo - assumed 'studentinfo' D:\web\work\Home\Controller\WorkinfoController.class.php 第 65 行.
SQL: SHOW COLUMNS FROM `studentinfo` [ RunTime:0.0191s ]
INFO: [ app_end ] --START--
INFO: Run Behavior\ShowPageTraceBehavior [ RunTime:0.001334s ]
INFO: [ app_end ] --END-- [ RunTime:0.001454s ]

[ 2017-04-10T19:26:27+08:00 ] 192.168.43.146 /index.php/Home/Workinfo/workSubmit
INFO: [ app_begin ] --START--
INFO: Run Behavior\ReadHtmlCacheBehavior [ RunTime:0.000868s ]
INFO: [ app_begin ] --END-- [ RunTime:0.001606s ]
NOTIC: [8] Use of undefined constant resume - assumed 'resume' D:\web\work\Home\Controller\WorkinfoController.class.php 第 64 行.
SQL: SHOW COLUMNS FROM `resume` [ RunTime:0.0022s ]
NOTIC: [8] Use of undefined constant studentinfo - assumed 'studentinfo' D:\web\work\Home\Controller\WorkinfoController.class.php 第 65 行.
SQL: SHOW COLUMNS FROM `studentinfo` [ RunTime:0.0443s ]
ERR: 1054:Unknown column 'oMpc_xDBkUN7pzj48PE16YBaWhKY' in 'where clause'
 [ SQL语句 ] : SELECT * FROM `studentinfo` WHERE ( openid=oMpc_xDBkUN7pzj48PE16YBaWhKY ) LIMIT 1  
ERR: 1054:Unknown column 'oMpc_xDBkUN7pzj48PE16YBaWhKY' in 'where clause'
 [ SQL语句 ] : SELECT * FROM `studentinfo` WHERE ( openid=oMpc_xDBkUN7pzj48PE16YBaWhKY ) LIMIT 1  

[ 2017-04-10T19:43:07+08:00 ] 192.168.43.146 /index.php/Home/Workinfo/workSubmit
ERR: 1054:Unknown column 'oMpc_xDBkUN7pzj48PE16YBaWhKY' in 'where clause'
 [ SQL语句 ] : SELECT * FROM `studentinfo` WHERE ( openid=oMpc_xDBkUN7pzj48PE16YBaWhKY ) LIMIT 1  

[ 2017-04-10T19:45:13+08:00 ] 192.168.43.146 /index.php/Home/Workinfo/workSubmit
ERR: 1064:You have an error in your SQL syntax; check the manual that corresponds to your MySQL server version for the right syntax to use near ''oMpc_xDBkUN7pzj48PE16YBaWhKY'' ) LIMIT 1' at line 1
 [ SQL语句 ] : SELECT * FROM `studentinfo` WHERE ( openid='oMpc_xDBkUN7pzj48PE16YBaWhKY'' ) LIMIT 1  

[ 2017-04-10T19:48:47+08:00 ] 192.168.43.146 /index.php/Home/Workinfo/2
ERR: 非法操作:2

[ 2017-04-10T19:49:49+08:00 ] 192.168.43.146 /index.php/Home/Workinfo/2
ERR: 非法操作:2

[ 2017-04-10T19:51:09+08:00 ] 192.168.43.146 /index.php/Home/Workinfo/2
ERR: 非法操作:2

[ 2017-04-10T19:52:46+08:00 ] 192.168.43.146 /index.php/Home/Workinfo/2
ERR: 非法操作:2

[ 2017-04-10T20:02:07+08:00 ] 192.168.43.146 /index.php/Home/Workinfo/index.php/home/workinfo/worklist
ERR: 非法操作:index.php

[ 2017-04-10T20:02:13+08:00 ] 192.168.43.146 /index.php/Home/Workinfo/index.php/home/workinfo/worklist
ERR: 非法操作:index.php

[ 2017-04-10T20:28:29+08:00 ] 192.168.43.146 /index.php/Home/User/index.php/home/workinfo/worklist
ERR: 非法操作:index.php

