[ 2016-11-11T10:20:38+08:00 ] 127.0.0.1 /index.php/Admin/Left/left
INFO: [ app_begin ] --START--
INFO: Run Behavior\ReadHtmlCacheBehavior [ RunTime:0.000817s ]
INFO: [ app_begin ] --END-- [ RunTime:0.001298s ]
INFO: [ view_parse ] --START--
INFO: [ template_filter ] --START--
INFO: Run Behavior\ContentReplaceBehavior [ RunTime:0.000085s ]
INFO: [ template_filter ] --END-- [ RunTime:0.000233s ]
INFO: Run Behavior\ParseTemplateBehavior [ RunTime:0.012162s ]
INFO: [ view_parse ] --END-- [ RunTime:0.012312s ]
INFO: [ view_filter ] --START--
INFO: Run Behavior\WriteHtmlCacheBehavior [ RunTime:0.000417s ]
INFO: [ view_filter ] --END-- [ RunTime:0.000532s ]
INFO: [ app_end ] --START--
INFO: Run Behavior\ShowPageTraceBehavior [ RunTime:0.000678s ]
INFO: [ app_end ] --END-- [ RunTime:0.000795s ]

[ 2016-11-11T10:20:45+08:00 ] 127.0.0.1 /index.php/admin/Common/css/PClogin_style.css
ERR: 无法加载控制器:Common

[ 2016-11-11T10:20:45+08:00 ] 127.0.0.1 /index.php/admin/Common/js/verificationNumbers.js
ERR: 无法加载控制器:Common

[ 2016-11-11T10:20:45+08:00 ] 127.0.0.1 /index.php/admin/Common/js/jquery.min.js
ERR: 无法加载控制器:Common

[ 2016-11-11T10:20:45+08:00 ] 127.0.0.1 /index.php/admin/Common/js/Particleground.js
ERR: 无法加载控制器:Common

[ 2016-11-11T10:20:46+08:00 ] 127.0.0.1 /index.php/admin/Common/js/jquery.min.js
ERR: 无法加载控制器:Common

[ 2016-11-11T10:20:46+08:00 ] 127.0.0.1 /index.php/admin/Common/js/verificationNumbers.js
ERR: 无法加载控制器:Common

[ 2016-11-11T10:20:46+08:00 ] 127.0.0.1 /index.php/admin/Common/js/verificationNumbers.js
ERR: 无法加载控制器:Common

[ 2016-11-11T10:20:46+08:00 ] 127.0.0.1 /index.php/admin/Common/js/Particleground.js
ERR: 无法加载控制器:Common

[ 2016-11-11T10:20:53+08:00 ] 127.0.0.1 /index.php/Admin/Login/login
INFO: [ app_begin ] --START--
INFO: Run Behavior\ReadHtmlCacheBehavior [ RunTime:0.000592s ]
INFO: [ app_begin ] --END-- [ RunTime:0.001125s ]
SQL: SHOW COLUMNS FROM `login` [ RunTime:0.0262s ]
SQL: SELECT * FROM `login` WHERE ( userName='11' ) LIMIT 1   [ RunTime:0.0114s ]
INFO: [ app_end ] --START--
INFO: Run Behavior\ShowPageTraceBehavior [ RunTime:0.000829s ]
INFO: [ app_end ] --END-- [ RunTime:0.000977s ]

[ 2016-11-11T10:21:04+08:00 ] 127.0.0.1 /index.php/admin/Common/css/PClogin_style.css
ERR: 无法加载控制器:Common

[ 2016-11-11T10:21:04+08:00 ] 127.0.0.1 /index.php/admin/Common/js/jquery.min.js
ERR: 无法加载控制器:Common

[ 2016-11-11T10:21:04+08:00 ] 127.0.0.1 /index.php/admin/Common/js/verificationNumbers.js
ERR: 无法加载控制器:Common

[ 2016-11-11T10:21:04+08:00 ] 127.0.0.1 /index.php/admin/Common/js/Particleground.js
ERR: 无法加载控制器:Common

[ 2016-11-11T10:21:10+08:00 ] 127.0.0.1 /index.php/admin/Common/css/PClogin_style.css
ERR: 无法加载控制器:Common

[ 2016-11-11T10:21:10+08:00 ] 127.0.0.1 /index.php/admin/Common/js/jquery.min.js
ERR: 无法加载控制器:Common

[ 2016-11-11T10:21:10+08:00 ] 127.0.0.1 /index.php/admin/Common/js/Particleground.js
ERR: 无法加载控制器:Common

[ 2016-11-11T10:21:10+08:00 ] 127.0.0.1 /index.php/admin/Common/js/verificationNumbers.js
ERR: 无法加载控制器:Common

[ 2016-11-11T10:21:10+08:00 ] 127.0.0.1 /index.php/admin/Common/js/verificationNumbers.js
ERR: 无法加载控制器:Common

[ 2016-11-11T10:21:10+08:00 ] 127.0.0.1 /index.php/admin/Common/js/Particleground.js
ERR: 无法加载控制器:Common

[ 2016-11-11T10:21:20+08:00 ] 127.0.0.1 /index.php/admin/Common/css/PClogin_style.css
ERR: 无法加载控制器:Common

[ 2016-11-11T10:21:20+08:00 ] 127.0.0.1 /index.php/admin/Common/js/jquery.min.js
ERR: 无法加载控制器:Common

[ 2016-11-11T10:21:20+08:00 ] 127.0.0.1 /index.php/admin/Common/js/verificationNumbers.js
ERR: 无法加载控制器:Common

[ 2016-11-11T10:21:20+08:00 ] 127.0.0.1 /index.php/admin/Common/js/Particleground.js
ERR: 无法加载控制器:Common

[ 2016-11-11T10:21:20+08:00 ] 127.0.0.1 /index.php/admin/Common/js/verificationNumbers.js
ERR: 无法加载控制器:Common

[ 2016-11-11T10:21:20+08:00 ] 127.0.0.1 /index.php/admin/Common/js/Particleground.js
ERR: 无法加载控制器:Common

[ 2016-11-11T10:22:43+08:00 ] 127.0.0.1 /index.php/admin/Common/css/PClogin_style.css
ERR: 无法加载控制器:Common

[ 2016-11-11T10:22:43+08:00 ] 127.0.0.1 /index.php/admin/Common/js/Particleground.js
ERR: 无法加载控制器:Common

[ 2016-11-11T10:22:43+08:00 ] 127.0.0.1 /index.php/admin/Common/js/jquery.min.js
ERR: 无法加载控制器:Common

[ 2016-11-11T10:22:43+08:00 ] 127.0.0.1 /index.php/admin/Common/js/verificationNumbers.js
ERR: 无法加载控制器:Common

[ 2016-11-11T10:22:43+08:00 ] 127.0.0.1 /index.php/admin/Common/js/verificationNumbers.js
ERR: 无法加载控制器:Common

[ 2016-11-11T10:22:43+08:00 ] 127.0.0.1 /index.php/admin/Common/js/Particleground.js
ERR: 无法加载控制器:Common

[ 2016-11-11T10:22:48+08:00 ] 127.0.0.1 /index.php/Admin/Login/login
INFO: [ app_begin ] --START--
INFO: Run Behavior\ReadHtmlCacheBehavior [ RunTime:0.001284s ]
INFO: [ app_begin ] --END-- [ RunTime:0.002145s ]
SQL: SHOW COLUMNS FROM `login` [ RunTime:0.0025s ]
SQL: SELECT * FROM `login` WHERE ( userName='admin' ) LIMIT 1   [ RunTime:0.0004s ]
NOTIC: [8] Undefined offset: 0 C:\wamp64\www\web\work\Model\LoginModel.class.php 第 17 行.
INFO: [ app_end ] --START--
INFO: Run Behavior\ShowPageTraceBehavior [ RunTime:0.000723s ]
INFO: [ app_end ] --END-- [ RunTime:0.000850s ]

[ 2016-11-11T10:23:31+08:00 ] 127.0.0.1 /index.php/Admin/Login/login
INFO: [ app_begin ] --START--
INFO: Run Behavior\ReadHtmlCacheBehavior [ RunTime:0.000860s ]
INFO: [ app_begin ] --END-- [ RunTime:0.001532s ]
SQL: SHOW COLUMNS FROM `login` [ RunTime:0.0011s ]
SQL: SELECT * FROM `login` WHERE ( userName='admin' ) LIMIT 1   [ RunTime:0.0016s ]
NOTIC: [8] Undefined offset: 0 C:\wamp64\www\web\work\Model\LoginModel.class.php 第 17 行.
INFO: [ app_end ] --START--
INFO: Run Behavior\ShowPageTraceBehavior [ RunTime:0.001198s ]
INFO: [ app_end ] --END-- [ RunTime:0.001470s ]

[ 2016-11-11T10:24:01+08:00 ] 127.0.0.1 /index.php/admin/Common/js/Particleground.js
ERR: 无法加载控制器:Common

[ 2016-11-11T10:24:01+08:00 ] 127.0.0.1 /index.php/admin/Common/js/verificationNumbers.js
ERR: 无法加载控制器:Common

[ 2016-11-11T10:24:01+08:00 ] 127.0.0.1 /index.php/admin/Common/js/jquery.min.js
ERR: 无法加载控制器:Common

[ 2016-11-11T10:24:01+08:00 ] 127.0.0.1 /index.php/admin/Common/css/PClogin_style.css
ERR: 无法加载控制器:Common

[ 2016-11-11T10:24:01+08:00 ] 127.0.0.1 /index.php/admin/Common/js/jquery.min.js
ERR: 无法加载控制器:Common

[ 2016-11-11T10:24:01+08:00 ] 127.0.0.1 /index.php/admin/Common/js/verificationNumbers.js
ERR: 无法加载控制器:Common

[ 2016-11-11T10:24:01+08:00 ] 127.0.0.1 /index.php/admin/Common/js/verificationNumbers.js
ERR: 无法加载控制器:Common

[ 2016-11-11T10:24:01+08:00 ] 127.0.0.1 /index.php/admin/Common/js/Particleground.js
ERR: 无法加载控制器:Common

[ 2016-11-11T10:24:06+08:00 ] 127.0.0.1 /index.php/Admin/Login/login
INFO: [ app_begin ] --START--
INFO: Run Behavior\ReadHtmlCacheBehavior [ RunTime:0.000809s ]
INFO: [ app_begin ] --END-- [ RunTime:0.001525s ]
SQL: SHOW COLUMNS FROM `login` [ RunTime:0.0012s ]
SQL: SELECT * FROM `login` WHERE ( userName='1' ) LIMIT 1   [ RunTime:0.0003s ]
INFO: [ app_end ] --START--
INFO: Run Behavior\ShowPageTraceBehavior [ RunTime:0.000691s ]
INFO: [ app_end ] --END-- [ RunTime:0.000813s ]

[ 2016-11-11T10:24:13+08:00 ] 127.0.0.1 /index.php/admin/Common/js/jquery.min.js
ERR: 无法加载控制器:Common

[ 2016-11-11T10:24:13+08:00 ] 127.0.0.1 /index.php/admin/Common/js/Particleground.js
ERR: 无法加载控制器:Common

[ 2016-11-11T10:24:13+08:00 ] 127.0.0.1 /index.php/admin/Common/css/PClogin_style.css
ERR: 无法加载控制器:Common

[ 2016-11-11T10:24:13+08:00 ] 127.0.0.1 /index.php/admin/Common/js/verificationNumbers.js
ERR: 无法加载控制器:Common

[ 2016-11-11T10:24:13+08:00 ] 127.0.0.1 /index.php/admin/Common/js/jquery.min.js
ERR: 无法加载控制器:Common

[ 2016-11-11T10:24:14+08:00 ] 127.0.0.1 /index.php/admin/Common/js/verificationNumbers.js
ERR: 无法加载控制器:Common

[ 2016-11-11T10:24:14+08:00 ] 127.0.0.1 /index.php/admin/Common/js/verificationNumbers.js
ERR: 无法加载控制器:Common

[ 2016-11-11T10:24:14+08:00 ] 127.0.0.1 /index.php/admin/Common/js/Particleground.js
ERR: 无法加载控制器:Common

[ 2016-11-11T10:24:18+08:00 ] 127.0.0.1 /index.php/Admin/Login/login
INFO: [ app_begin ] --START--
INFO: Run Behavior\ReadHtmlCacheBehavior [ RunTime:0.000769s ]
INFO: [ app_begin ] --END-- [ RunTime:0.001494s ]
SQL: SHOW COLUMNS FROM `login` [ RunTime:0.0010s ]
SQL: SELECT * FROM `login` WHERE ( userName='1' ) LIMIT 1   [ RunTime:0.0004s ]
INFO: [ app_end ] --START--
INFO: Run Behavior\ShowPageTraceBehavior [ RunTime:0.001027s ]
INFO: [ app_end ] --END-- [ RunTime:0.001234s ]

[ 2016-11-11T10:25:34+08:00 ] 127.0.0.1 /index.php/Admin/Left/left
INFO: [ app_begin ] --START--
INFO: Run Behavior\ReadHtmlCacheBehavior [ RunTime:0.000667s ]
INFO: [ app_begin ] --END-- [ RunTime:0.001166s ]
INFO: [ view_parse ] --START--
INFO: [ template_filter ] --START--
INFO: Run Behavior\ContentReplaceBehavior [ RunTime:0.000124s ]
INFO: [ template_filter ] --END-- [ RunTime:0.000326s ]
INFO: Run Behavior\ParseTemplateBehavior [ RunTime:0.009346s ]
INFO: [ view_parse ] --END-- [ RunTime:0.009525s ]
INFO: [ view_filter ] --START--
INFO: Run Behavior\WriteHtmlCacheBehavior [ RunTime:0.000358s ]
INFO: [ view_filter ] --END-- [ RunTime:0.000475s ]
INFO: [ app_end ] --START--
INFO: Run Behavior\ShowPageTraceBehavior [ RunTime:0.000678s ]
INFO: [ app_end ] --END-- [ RunTime:0.000800s ]

[ 2016-11-11T10:25:35+08:00 ] 127.0.0.1 /index.php/Admin/Right/index.html
INFO: [ app_begin ] --START--
INFO: Run Behavior\ReadHtmlCacheBehavior [ RunTime:0.000454s ]
INFO: [ app_begin ] --END-- [ RunTime:0.000809s ]
INFO: [ view_parse ] --START--
INFO: [ template_filter ] --START--
INFO: Run Behavior\ContentReplaceBehavior [ RunTime:0.000121s ]
INFO: [ template_filter ] --END-- [ RunTime:0.000234s ]
INFO: Run Behavior\ParseTemplateBehavior [ RunTime:0.019120s ]
INFO: [ view_parse ] --END-- [ RunTime:0.019250s ]
INFO: [ view_filter ] --START--
INFO: Run Behavior\WriteHtmlCacheBehavior [ RunTime:0.000290s ]
INFO: [ view_filter ] --END-- [ RunTime:0.000393s ]
INFO: [ app_end ] --START--
INFO: Run Behavior\ShowPageTraceBehavior [ RunTime:0.000678s ]
INFO: [ app_end ] --END-- [ RunTime:0.000873s ]

[ 2016-11-11T10:25:44+08:00 ] 127.0.0.1 /index.php/Admin/Right/table.html
INFO: [ app_begin ] --START--
INFO: Run Behavior\ReadHtmlCacheBehavior [ RunTime:0.000570s ]
INFO: [ app_begin ] --END-- [ RunTime:0.000993s ]
INFO: [ view_parse ] --START--
INFO: [ template_filter ] --START--
INFO: Run Behavior\ContentReplaceBehavior [ RunTime:0.000113s ]
INFO: [ template_filter ] --END-- [ RunTime:0.000220s ]
INFO: Run Behavior\ParseTemplateBehavior [ RunTime:0.016420s ]
INFO: [ view_parse ] --END-- [ RunTime:0.016553s ]
INFO: [ view_filter ] --START--
INFO: Run Behavior\WriteHtmlCacheBehavior [ RunTime:0.000363s ]
INFO: [ view_filter ] --END-- [ RunTime:0.000458s ]
INFO: [ app_end ] --START--
INFO: Run Behavior\ShowPageTraceBehavior [ RunTime:0.000834s ]
INFO: [ app_end ] --END-- [ RunTime:0.001052s ]

[ 2016-11-11T10:25:45+08:00 ] 127.0.0.1 /index.php/Admin/Right/employed.html
INFO: [ app_begin ] --START--
INFO: Run Behavior\ReadHtmlCacheBehavior [ RunTime:0.000480s ]
INFO: [ app_begin ] --END-- [ RunTime:0.000831s ]
INFO: [ view_parse ] --START--
INFO: [ template_filter ] --START--
INFO: Run Behavior\ContentReplaceBehavior [ RunTime:0.000068s ]
INFO: [ template_filter ] --END-- [ RunTime:0.000173s ]
INFO: Run Behavior\ParseTemplateBehavior [ RunTime:0.006188s ]
INFO: [ view_parse ] --END-- [ RunTime:0.006318s ]
INFO: [ view_filter ] --START--
INFO: Run Behavior\WriteHtmlCacheBehavior [ RunTime:0.000329s ]
INFO: [ view_filter ] --END-- [ RunTime:0.000466s ]
INFO: [ app_end ] --START--
INFO: Run Behavior\ShowPageTraceBehavior [ RunTime:0.000472s ]
INFO: [ app_end ] --END-- [ RunTime:0.000576s ]

[ 2016-11-11T10:26:06+08:00 ] 127.0.0.1 /index.php/admin/Admin/Left/left
INFO: [ app_begin ] --START--
INFO: Run Behavior\ReadHtmlCacheBehavior [ RunTime:0.001183s ]
INFO: [ app_begin ] --END-- [ RunTime:0.001892s ]
ERR: 无法加载控制器:Admin

[ 2016-11-11T10:26:09+08:00 ] 127.0.0.1 /index.php/admin/Admin/Left/left
INFO: [ app_begin ] --START--
INFO: Run Behavior\ReadHtmlCacheBehavior [ RunTime:0.000573s ]
INFO: [ app_begin ] --END-- [ RunTime:0.001064s ]
ERR: 无法加载控制器:Admin

[ 2016-11-11T10:26:22+08:00 ] 127.0.0.1 /index.php/Admin/Left/left
INFO: [ app_begin ] --START--
INFO: Run Behavior\ReadHtmlCacheBehavior [ RunTime:0.001901s ]
INFO: [ app_begin ] --END-- [ RunTime:0.002614s ]
INFO: [ view_parse ] --START--
INFO: [ template_filter ] --START--
INFO: Run Behavior\ContentReplaceBehavior [ RunTime:0.000079s ]
INFO: [ template_filter ] --END-- [ RunTime:0.000208s ]
INFO: Run Behavior\ParseTemplateBehavior [ RunTime:0.007591s ]
INFO: [ view_parse ] --END-- [ RunTime:0.007768s ]
INFO: [ view_filter ] --START--
INFO: Run Behavior\WriteHtmlCacheBehavior [ RunTime:0.000589s ]
INFO: [ view_filter ] --END-- [ RunTime:0.000760s ]
INFO: [ app_end ] --START--
INFO: Run Behavior\ShowPageTraceBehavior [ RunTime:0.000734s ]
INFO: [ app_end ] --END-- [ RunTime:0.000908s ]

[ 2016-11-11T10:26:23+08:00 ] 127.0.0.1 /index.php/Admin/Right/index.html
INFO: [ app_begin ] --START--
INFO: Run Behavior\ReadHtmlCacheBehavior [ RunTime:0.000457s ]
INFO: [ app_begin ] --END-- [ RunTime:0.000847s ]
INFO: [ view_parse ] --START--
INFO: [ template_filter ] --START--
INFO: Run Behavior\ContentReplaceBehavior [ RunTime:0.000118s ]
INFO: [ template_filter ] --END-- [ RunTime:0.000227s ]
INFO: Run Behavior\ParseTemplateBehavior [ RunTime:0.018570s ]
INFO: [ view_parse ] --END-- [ RunTime:0.018700s ]
INFO: [ view_filter ] --START--
INFO: Run Behavior\WriteHtmlCacheBehavior [ RunTime:0.000290s ]
INFO: [ view_filter ] --END-- [ RunTime:0.000392s ]
INFO: [ app_end ] --START--
INFO: Run Behavior\ShowPageTraceBehavior [ RunTime:0.000707s ]
INFO: [ app_end ] --END-- [ RunTime:0.000878s ]

[ 2016-11-11T10:26:25+08:00 ] 127.0.0.1 /index.php/Admin/Right/.html
INFO: [ app_begin ] --START--
INFO: Run Behavior\ReadHtmlCacheBehavior [ RunTime:0.000513s ]
INFO: [ app_begin ] --END-- [ RunTime:0.000896s ]
INFO: [ view_parse ] --START--
INFO: [ template_filter ] --START--
INFO: Run Behavior\ContentReplaceBehavior [ RunTime:0.000119s ]
INFO: [ template_filter ] --END-- [ RunTime:0.000225s ]
INFO: Run Behavior\ParseTemplateBehavior [ RunTime:0.018327s ]
INFO: [ view_parse ] --END-- [ RunTime:0.018490s ]
INFO: [ view_filter ] --START--
INFO: Run Behavior\WriteHtmlCacheBehavior [ RunTime:0.000295s ]
INFO: [ view_filter ] --END-- [ RunTime:0.000412s ]
INFO: [ app_end ] --START--
INFO: Run Behavior\ShowPageTraceBehavior [ RunTime:0.000727s ]
INFO: [ app_end ] --END-- [ RunTime:0.000858s ]

[ 2016-11-11T10:26:26+08:00 ] 127.0.0.1 /index.php/Admin/Right/.html
INFO: [ app_begin ] --START--
INFO: Run Behavior\ReadHtmlCacheBehavior [ RunTime:0.000558s ]
INFO: [ app_begin ] --END-- [ RunTime:0.000954s ]
INFO: [ view_parse ] --START--
INFO: [ template_filter ] --START--
INFO: Run Behavior\ContentReplaceBehavior [ RunTime:0.000120s ]
INFO: [ template_filter ] --END-- [ RunTime:0.000229s ]
INFO: Run Behavior\ParseTemplateBehavior [ RunTime:0.018113s ]
INFO: [ view_parse ] --END-- [ RunTime:0.018278s ]
INFO: [ view_filter ] --START--
INFO: Run Behavior\WriteHtmlCacheBehavior [ RunTime:0.000325s ]
INFO: [ view_filter ] --END-- [ RunTime:0.000432s ]
INFO: [ app_end ] --START--
INFO: Run Behavior\ShowPageTraceBehavior [ RunTime:0.000706s ]
INFO: [ app_end ] --END-- [ RunTime:0.000870s ]

[ 2016-11-11T10:26:34+08:00 ] 127.0.0.1 /index.php/Admin/Right/table.html
INFO: [ app_begin ] --START--
INFO: Run Behavior\ReadHtmlCacheBehavior [ RunTime:0.000456s ]
INFO: [ app_begin ] --END-- [ RunTime:0.000809s ]
INFO: [ view_parse ] --START--
INFO: [ template_filter ] --START--
INFO: Run Behavior\ContentReplaceBehavior [ RunTime:0.000114s ]
INFO: [ template_filter ] --END-- [ RunTime:0.000223s ]
INFO: Run Behavior\ParseTemplateBehavior [ RunTime:0.016066s ]
INFO: [ view_parse ] --END-- [ RunTime:0.016205s ]
INFO: [ view_filter ] --START--
INFO: Run Behavior\WriteHtmlCacheBehavior [ RunTime:0.000441s ]
INFO: [ view_filter ] --END-- [ RunTime:0.000550s ]
INFO: [ app_end ] --START--
INFO: Run Behavior\ShowPageTraceBehavior [ RunTime:0.000864s ]
INFO: [ app_end ] --END-- [ RunTime:0.001092s ]

[ 2016-11-11T10:26:35+08:00 ] 127.0.0.1 /index.php/Admin/Right/employed.html
INFO: [ app_begin ] --START--
INFO: Run Behavior\ReadHtmlCacheBehavior [ RunTime:0.000458s ]
INFO: [ app_begin ] --END-- [ RunTime:0.000883s ]
INFO: [ view_parse ] --START--
INFO: [ template_filter ] --START--
INFO: Run Behavior\ContentReplaceBehavior [ RunTime:0.000069s ]
INFO: [ template_filter ] --END-- [ RunTime:0.000172s ]
INFO: Run Behavior\ParseTemplateBehavior [ RunTime:0.006022s ]
INFO: [ view_parse ] --END-- [ RunTime:0.006160s ]
INFO: [ view_filter ] --START--
INFO: Run Behavior\WriteHtmlCacheBehavior [ RunTime:0.000323s ]
INFO: [ view_filter ] --END-- [ RunTime:0.000422s ]
INFO: [ app_end ] --START--
INFO: Run Behavior\ShowPageTraceBehavior [ RunTime:0.000454s ]
INFO: [ app_end ] --END-- [ RunTime:0.000551s ]

[ 2016-11-11T10:26:39+08:00 ] 127.0.0.1 /index.php/Admin/Right/grade.html
INFO: [ app_begin ] --START--
INFO: Run Behavior\ReadHtmlCacheBehavior [ RunTime:0.000454s ]
INFO: [ app_begin ] --END-- [ RunTime:0.000807s ]
INFO: [ view_parse ] --START--
INFO: [ template_filter ] --START--
INFO: Run Behavior\ContentReplaceBehavior [ RunTime:0.000068s ]
INFO: [ template_filter ] --END-- [ RunTime:0.000172s ]
INFO: Run Behavior\ParseTemplateBehavior [ RunTime:0.006271s ]
INFO: [ view_parse ] --END-- [ RunTime:0.006450s ]
INFO: [ view_filter ] --START--
INFO: Run Behavior\WriteHtmlCacheBehavior [ RunTime:0.000338s ]
INFO: [ view_filter ] --END-- [ RunTime:0.000472s ]
INFO: [ app_end ] --START--
INFO: Run Behavior\ShowPageTraceBehavior [ RunTime:0.000630s ]
INFO: [ app_end ] --END-- [ RunTime:0.000746s ]

[ 2016-11-11T10:26:41+08:00 ] 127.0.0.1 /index.php/Admin/Right/index.html
INFO: [ app_begin ] --START--
INFO: Run Behavior\ReadHtmlCacheBehavior [ RunTime:0.000540s ]
INFO: [ app_begin ] --END-- [ RunTime:0.000942s ]
INFO: [ view_parse ] --START--
INFO: [ template_filter ] --START--
INFO: Run Behavior\ContentReplaceBehavior [ RunTime:0.000120s ]
INFO: [ template_filter ] --END-- [ RunTime:0.000231s ]
INFO: Run Behavior\ParseTemplateBehavior [ RunTime:0.018596s ]
INFO: [ view_parse ] --END-- [ RunTime:0.018729s ]
INFO: [ view_filter ] --START--
INFO: Run Behavior\WriteHtmlCacheBehavior [ RunTime:0.000316s ]
INFO: [ view_filter ] --END-- [ RunTime:0.000415s ]
INFO: [ app_end ] --START--
INFO: Run Behavior\ShowPageTraceBehavior [ RunTime:0.000683s ]
INFO: [ app_end ] --END-- [ RunTime:0.000869s ]

[ 2016-11-11T10:26:43+08:00 ] 127.0.0.1 /index.php/Admin/Right/table.html
INFO: [ app_begin ] --START--
INFO: Run Behavior\ReadHtmlCacheBehavior [ RunTime:0.000451s ]
INFO: [ app_begin ] --END-- [ RunTime:0.000821s ]
INFO: [ view_parse ] --START--
INFO: [ template_filter ] --START--
INFO: Run Behavior\ContentReplaceBehavior [ RunTime:0.000116s ]
INFO: [ template_filter ] --END-- [ RunTime:0.000226s ]
INFO: Run Behavior\ParseTemplateBehavior [ RunTime:0.016655s ]
INFO: [ view_parse ] --END-- [ RunTime:0.016826s ]
INFO: [ view_filter ] --START--
INFO: Run Behavior\WriteHtmlCacheBehavior [ RunTime:0.000294s ]
INFO: [ view_filter ] --END-- [ RunTime:0.000433s ]
INFO: [ app_end ] --START--
INFO: Run Behavior\ShowPageTraceBehavior [ RunTime:0.000692s ]
INFO: [ app_end ] --END-- [ RunTime:0.000858s ]

[ 2016-11-11T10:26:53+08:00 ] 127.0.0.1 /index.php/Admin/Right/.html
INFO: [ app_begin ] --START--
INFO: Run Behavior\ReadHtmlCacheBehavior [ RunTime:0.000455s ]
INFO: [ app_begin ] --END-- [ RunTime:0.000843s ]
INFO: [ view_parse ] --START--
INFO: [ template_filter ] --START--
INFO: Run Behavior\ContentReplaceBehavior [ RunTime:0.000119s ]
INFO: [ template_filter ] --END-- [ RunTime:0.000229s ]
INFO: Run Behavior\ParseTemplateBehavior [ RunTime:0.018408s ]
INFO: [ view_parse ] --END-- [ RunTime:0.018541s ]
INFO: [ view_filter ] --START--
INFO: Run Behavior\WriteHtmlCacheBehavior [ RunTime:0.000284s ]
INFO: [ view_filter ] --END-- [ RunTime:0.000378s ]
INFO: [ app_end ] --START--
INFO: Run Behavior\ShowPageTraceBehavior [ RunTime:0.001117s ]
INFO: [ app_end ] --END-- [ RunTime:0.001347s ]

[ 2016-11-11T10:44:43+08:00 ] 127.0.0.1 /index.php/Admin/Left/left
INFO: [ app_begin ] --START--
INFO: Run Behavior\ReadHtmlCacheBehavior [ RunTime:0.000718s ]
INFO: [ app_begin ] --END-- [ RunTime:0.001310s ]
INFO: [ view_parse ] --START--
INFO: [ template_filter ] --START--
INFO: Run Behavior\ContentReplaceBehavior [ RunTime:0.000082s ]
INFO: [ template_filter ] --END-- [ RunTime:0.000224s ]
INFO: Run Behavior\ParseTemplateBehavior [ RunTime:0.013102s ]
INFO: [ view_parse ] --END-- [ RunTime:0.013241s ]
INFO: [ view_filter ] --START--
INFO: Run Behavior\WriteHtmlCacheBehavior [ RunTime:0.000413s ]
INFO: [ view_filter ] --END-- [ RunTime:0.000521s ]
INFO: [ app_end ] --START--
INFO: Run Behavior\ShowPageTraceBehavior [ RunTime:0.000606s ]
INFO: [ app_end ] --END-- [ RunTime:0.000719s ]

[ 2016-11-11T10:44:45+08:00 ] 127.0.0.1 /index.php/Admin/Left/left
INFO: [ app_begin ] --START--
INFO: Run Behavior\ReadHtmlCacheBehavior [ RunTime:0.000668s ]
INFO: [ app_begin ] --END-- [ RunTime:0.001158s ]
INFO: [ view_parse ] --START--
INFO: [ template_filter ] --START--
INFO: Run Behavior\ContentReplaceBehavior [ RunTime:0.000085s ]
INFO: [ template_filter ] --END-- [ RunTime:0.000230s ]
INFO: Run Behavior\ParseTemplateBehavior [ RunTime:0.010855s ]
INFO: [ view_parse ] --END-- [ RunTime:0.011043s ]
INFO: [ view_filter ] --START--
INFO: Run Behavior\WriteHtmlCacheBehavior [ RunTime:0.000328s ]
INFO: [ view_filter ] --END-- [ RunTime:0.000433s ]
INFO: [ app_end ] --START--
INFO: Run Behavior\ShowPageTraceBehavior [ RunTime:0.000634s ]
INFO: [ app_end ] --END-- [ RunTime:0.000753s ]

[ 2016-11-11T10:44:53+08:00 ] 127.0.0.1 /index.php/Admin/Right/index.html
INFO: [ app_begin ] --START--
INFO: Run Behavior\ReadHtmlCacheBehavior [ RunTime:0.000549s ]
INFO: [ app_begin ] --END-- [ RunTime:0.000954s ]
INFO: [ view_parse ] --START--
INFO: [ template_filter ] --START--
INFO: Run Behavior\ContentReplaceBehavior [ RunTime:0.000139s ]
INFO: [ template_filter ] --END-- [ RunTime:0.000281s ]
INFO: Run Behavior\ParseTemplateBehavior [ RunTime:0.019103s ]
INFO: [ view_parse ] --END-- [ RunTime:0.019224s ]
INFO: [ view_filter ] --START--
INFO: Run Behavior\WriteHtmlCacheBehavior [ RunTime:0.000364s ]
INFO: [ view_filter ] --END-- [ RunTime:0.000471s ]
INFO: [ app_end ] --START--
INFO: Run Behavior\ShowPageTraceBehavior [ RunTime:0.000988s ]
INFO: [ app_end ] --END-- [ RunTime:0.001159s ]

[ 2016-11-11T10:44:55+08:00 ] 127.0.0.1 /index.php/Admin/Right/table.html
INFO: [ app_begin ] --START--
INFO: Run Behavior\ReadHtmlCacheBehavior [ RunTime:0.000479s ]
INFO: [ app_begin ] --END-- [ RunTime:0.000833s ]
INFO: [ view_parse ] --START--
INFO: [ template_filter ] --START--
INFO: Run Behavior\ContentReplaceBehavior [ RunTime:0.000114s ]
INFO: [ template_filter ] --END-- [ RunTime:0.000220s ]
INFO: Run Behavior\ParseTemplateBehavior [ RunTime:0.015891s ]
INFO: [ view_parse ] --END-- [ RunTime:0.016009s ]
INFO: [ view_filter ] --START--
INFO: Run Behavior\WriteHtmlCacheBehavior [ RunTime:0.000341s ]
INFO: [ view_filter ] --END-- [ RunTime:0.000443s ]
INFO: [ app_end ] --START--
INFO: Run Behavior\ShowPageTraceBehavior [ RunTime:0.000867s ]
INFO: [ app_end ] --END-- [ RunTime:0.001070s ]

[ 2016-11-11T10:44:56+08:00 ] 127.0.0.1 /index.php/Admin/Right/index.html
INFO: [ app_begin ] --START--
INFO: Run Behavior\ReadHtmlCacheBehavior [ RunTime:0.000477s ]
INFO: [ app_begin ] --END-- [ RunTime:0.000828s ]
INFO: [ view_parse ] --START--
INFO: [ template_filter ] --START--
INFO: Run Behavior\ContentReplaceBehavior [ RunTime:0.000118s ]
INFO: [ template_filter ] --END-- [ RunTime:0.000227s ]
INFO: Run Behavior\ParseTemplateBehavior [ RunTime:0.018432s ]
INFO: [ view_parse ] --END-- [ RunTime:0.018570s ]
INFO: [ view_filter ] --START--
INFO: Run Behavior\WriteHtmlCacheBehavior [ RunTime:0.000351s ]
INFO: [ view_filter ] --END-- [ RunTime:0.000468s ]
INFO: [ app_end ] --START--
INFO: Run Behavior\ShowPageTraceBehavior [ RunTime:0.000690s ]
INFO: [ app_end ] --END-- [ RunTime:0.000870s ]

[ 2016-11-11T10:44:57+08:00 ] 127.0.0.1 /index.php/Admin/Right/employed.html
INFO: [ app_begin ] --START--
INFO: Run Behavior\ReadHtmlCacheBehavior [ RunTime:0.000872s ]
INFO: [ app_begin ] --END-- [ RunTime:0.001261s ]
INFO: [ view_parse ] --START--
INFO: [ template_filter ] --START--
INFO: Run Behavior\ContentReplaceBehavior [ RunTime:0.000067s ]
INFO: [ template_filter ] --END-- [ RunTime:0.000170s ]
INFO: Run Behavior\ParseTemplateBehavior [ RunTime:0.006126s ]
INFO: [ view_parse ] --END-- [ RunTime:0.006254s ]
INFO: [ view_filter ] --START--
INFO: Run Behavior\WriteHtmlCacheBehavior [ RunTime:0.000321s ]
INFO: [ view_filter ] --END-- [ RunTime:0.000430s ]
INFO: [ app_end ] --START--
INFO: Run Behavior\ShowPageTraceBehavior [ RunTime:0.000451s ]
INFO: [ app_end ] --END-- [ RunTime:0.000550s ]

[ 2016-11-11T10:44:58+08:00 ] 127.0.0.1 /index.php/Admin/Right/grade.html
INFO: [ app_begin ] --START--
INFO: Run Behavior\ReadHtmlCacheBehavior [ RunTime:0.000452s ]
INFO: [ app_begin ] --END-- [ RunTime:0.000805s ]
INFO: [ view_parse ] --START--
INFO: [ template_filter ] --START--
INFO: Run Behavior\ContentReplaceBehavior [ RunTime:0.000068s ]
INFO: [ template_filter ] --END-- [ RunTime:0.000169s ]
INFO: Run Behavior\ParseTemplateBehavior [ RunTime:0.006132s ]
INFO: [ view_parse ] --END-- [ RunTime:0.006259s ]
INFO: [ view_filter ] --START--
INFO: Run Behavior\WriteHtmlCacheBehavior [ RunTime:0.000347s ]
INFO: [ view_filter ] --END-- [ RunTime:0.000449s ]
INFO: [ app_end ] --START--
INFO: Run Behavior\ShowPageTraceBehavior [ RunTime:0.000463s ]
INFO: [ app_end ] --END-- [ RunTime:0.000580s ]

[ 2016-11-11T10:44:59+08:00 ] 127.0.0.1 /index.php/Admin/Right/issue.html
INFO: [ app_begin ] --START--
INFO: Run Behavior\ReadHtmlCacheBehavior [ RunTime:0.000456s ]
INFO: [ app_begin ] --END-- [ RunTime:0.000817s ]
SQL: SHOW COLUMNS FROM `issue` [ RunTime:0.0024s ]
INFO: [ view_parse ] --START--
INFO: [ template_filter ] --START--
INFO: Run Behavior\ContentReplaceBehavior [ RunTime:0.000086s ]
INFO: [ template_filter ] --END-- [ RunTime:0.000195s ]
INFO: Run Behavior\ParseTemplateBehavior [ RunTime:0.017035s ]
INFO: [ view_parse ] --END-- [ RunTime:0.017196s ]
INFO: [ view_filter ] --START--
INFO: Run Behavior\WriteHtmlCacheBehavior [ RunTime:0.000317s ]
INFO: [ view_filter ] --END-- [ RunTime:0.000418s ]
INFO: [ app_end ] --START--
INFO: Run Behavior\ShowPageTraceBehavior [ RunTime:0.000449s ]
INFO: [ app_end ] --END-- [ RunTime:0.000549s ]

[ 2016-11-11T10:45:00+08:00 ] 127.0.0.1 /index.php/Admin/Right/index.html
INFO: [ app_begin ] --START--
INFO: Run Behavior\ReadHtmlCacheBehavior [ RunTime:0.000450s ]
INFO: [ app_begin ] --END-- [ RunTime:0.000802s ]
INFO: [ view_parse ] --START--
INFO: [ template_filter ] --START--
INFO: Run Behavior\ContentReplaceBehavior [ RunTime:0.000118s ]
INFO: [ template_filter ] --END-- [ RunTime:0.000228s ]
INFO: Run Behavior\ParseTemplateBehavior [ RunTime:0.018508s ]
INFO: [ view_parse ] --END-- [ RunTime:0.018628s ]
INFO: [ view_filter ] --START--
INFO: Run Behavior\WriteHtmlCacheBehavior [ RunTime:0.000296s ]
INFO: [ view_filter ] --END-- [ RunTime:0.000391s ]
INFO: [ app_end ] --START--
INFO: Run Behavior\ShowPageTraceBehavior [ RunTime:0.000692s ]
INFO: [ app_end ] --END-- [ RunTime:0.000889s ]

[ 2016-11-11T10:45:02+08:00 ] 127.0.0.1 /index.php/Admin/Right/issue.html
INFO: [ app_begin ] --START--
INFO: Run Behavior\ReadHtmlCacheBehavior [ RunTime:0.000456s ]
INFO: [ app_begin ] --END-- [ RunTime:0.000825s ]
SQL: SHOW COLUMNS FROM `issue` [ RunTime:0.0012s ]
INFO: [ view_parse ] --START--
INFO: [ template_filter ] --START--
INFO: Run Behavior\ContentReplaceBehavior [ RunTime:0.000087s ]
INFO: [ template_filter ] --END-- [ RunTime:0.000198s ]
INFO: Run Behavior\ParseTemplateBehavior [ RunTime:0.007296s ]
INFO: [ view_parse ] --END-- [ RunTime:0.007430s ]
INFO: [ view_filter ] --START--
INFO: Run Behavior\WriteHtmlCacheBehavior [ RunTime:0.000320s ]
INFO: [ view_filter ] --END-- [ RunTime:0.000425s ]
INFO: [ app_end ] --START--
INFO: Run Behavior\ShowPageTraceBehavior [ RunTime:0.000509s ]
INFO: [ app_end ] --END-- [ RunTime:0.000618s ]

[ 2016-11-11T10:45:45+08:00 ] 127.0.0.1 /index.php/Admin/Right/index.html
INFO: [ app_begin ] --START--
INFO: Run Behavior\ReadHtmlCacheBehavior [ RunTime:0.000462s ]
INFO: [ app_begin ] --END-- [ RunTime:0.000820s ]
INFO: [ view_parse ] --START--
INFO: [ template_filter ] --START--
INFO: Run Behavior\ContentReplaceBehavior [ RunTime:0.000135s ]
INFO: [ template_filter ] --END-- [ RunTime:0.000253s ]
INFO: Run Behavior\ParseTemplateBehavior [ RunTime:0.019803s ]
INFO: [ view_parse ] --END-- [ RunTime:0.019924s ]
INFO: [ view_filter ] --START--
INFO: Run Behavior\WriteHtmlCacheBehavior [ RunTime:0.000284s ]
INFO: [ view_filter ] --END-- [ RunTime:0.000387s ]
INFO: [ app_end ] --START--
INFO: Run Behavior\ShowPageTraceBehavior [ RunTime:0.000848s ]
INFO: [ app_end ] --END-- [ RunTime:0.001072s ]

[ 2016-11-11T10:46:28+08:00 ] 127.0.0.1 /index.php/Admin/Right/employed.html
INFO: [ app_begin ] --START--
INFO: Run Behavior\ReadHtmlCacheBehavior [ RunTime:0.000461s ]
INFO: [ app_begin ] --END-- [ RunTime:0.000828s ]
INFO: [ view_parse ] --START--
INFO: [ template_filter ] --START--
INFO: Run Behavior\ContentReplaceBehavior [ RunTime:0.000070s ]
INFO: [ template_filter ] --END-- [ RunTime:0.000180s ]
INFO: Run Behavior\ParseTemplateBehavior [ RunTime:0.006371s ]
INFO: [ view_parse ] --END-- [ RunTime:0.006485s ]
INFO: [ view_filter ] --START--
INFO: Run Behavior\WriteHtmlCacheBehavior [ RunTime:0.000311s ]
INFO: [ view_filter ] --END-- [ RunTime:0.000414s ]
INFO: [ app_end ] --START--
INFO: Run Behavior\ShowPageTraceBehavior [ RunTime:0.000503s ]
INFO: [ app_end ] --END-- [ RunTime:0.000621s ]

[ 2016-11-11T10:46:31+08:00 ] 127.0.0.1 /index.php/Admin/Right/grade.html
INFO: [ app_begin ] --START--
INFO: Run Behavior\ReadHtmlCacheBehavior [ RunTime:0.000457s ]
INFO: [ app_begin ] --END-- [ RunTime:0.000811s ]
INFO: [ view_parse ] --START--
INFO: [ template_filter ] --START--
INFO: Run Behavior\ContentReplaceBehavior [ RunTime:0.000070s ]
INFO: [ template_filter ] --END-- [ RunTime:0.000175s ]
INFO: Run Behavior\ParseTemplateBehavior [ RunTime:0.006085s ]
INFO: [ view_parse ] --END-- [ RunTime:0.006208s ]
INFO: [ view_filter ] --START--
INFO: Run Behavior\WriteHtmlCacheBehavior [ RunTime:0.000328s ]
INFO: [ view_filter ] --END-- [ RunTime:0.000437s ]
INFO: [ app_end ] --START--
INFO: Run Behavior\ShowPageTraceBehavior [ RunTime:0.000530s ]
INFO: [ app_end ] --END-- [ RunTime:0.000640s ]

[ 2016-11-11T10:46:33+08:00 ] 127.0.0.1 /index.php/Admin/Right/employed.html
INFO: [ app_begin ] --START--
INFO: Run Behavior\ReadHtmlCacheBehavior [ RunTime:0.000468s ]
INFO: [ app_begin ] --END-- [ RunTime:0.000846s ]
INFO: [ view_parse ] --START--
INFO: [ template_filter ] --START--
INFO: Run Behavior\ContentReplaceBehavior [ RunTime:0.000071s ]
INFO: [ template_filter ] --END-- [ RunTime:0.000180s ]
INFO: Run Behavior\ParseTemplateBehavior [ RunTime:0.006178s ]
INFO: [ view_parse ] --END-- [ RunTime:0.006300s ]
INFO: [ view_filter ] --START--
INFO: Run Behavior\WriteHtmlCacheBehavior [ RunTime:0.000315s ]
INFO: [ view_filter ] --END-- [ RunTime:0.000423s ]
INFO: [ app_end ] --START--
INFO: Run Behavior\ShowPageTraceBehavior [ RunTime:0.000544s ]
INFO: [ app_end ] --END-- [ RunTime:0.000647s ]

[ 2016-11-11T10:46:34+08:00 ] 127.0.0.1 /index.php/Admin/Right/grade.html
INFO: [ app_begin ] --START--
INFO: Run Behavior\ReadHtmlCacheBehavior [ RunTime:0.000453s ]
INFO: [ app_begin ] --END-- [ RunTime:0.000807s ]
INFO: [ view_parse ] --START--
INFO: [ template_filter ] --START--
INFO: Run Behavior\ContentReplaceBehavior [ RunTime:0.000070s ]
INFO: [ template_filter ] --END-- [ RunTime:0.000173s ]
INFO: Run Behavior\ParseTemplateBehavior [ RunTime:0.006151s ]
INFO: [ view_parse ] --END-- [ RunTime:0.006312s ]
INFO: [ view_filter ] --START--
INFO: Run Behavior\WriteHtmlCacheBehavior [ RunTime:0.000308s ]
INFO: [ view_filter ] --END-- [ RunTime:0.000409s ]
INFO: [ app_end ] --START--
INFO: Run Behavior\ShowPageTraceBehavior [ RunTime:0.000478s ]
INFO: [ app_end ] --END-- [ RunTime:0.000577s ]

[ 2016-11-11T10:46:35+08:00 ] 127.0.0.1 /index.php/Admin/Right/issue.html
INFO: [ app_begin ] --START--
INFO: Run Behavior\ReadHtmlCacheBehavior [ RunTime:0.000477s ]
INFO: [ app_begin ] --END-- [ RunTime:0.000832s ]
SQL: SHOW COLUMNS FROM `issue` [ RunTime:0.0016s ]
INFO: [ view_parse ] --START--
INFO: [ template_filter ] --START--
INFO: Run Behavior\ContentReplaceBehavior [ RunTime:0.000087s ]
INFO: [ template_filter ] --END-- [ RunTime:0.000196s ]
INFO: Run Behavior\ParseTemplateBehavior [ RunTime:0.007368s ]
INFO: [ view_parse ] --END-- [ RunTime:0.007494s ]
INFO: [ view_filter ] --START--
INFO: Run Behavior\WriteHtmlCacheBehavior [ RunTime:0.000282s ]
INFO: [ view_filter ] --END-- [ RunTime:0.000375s ]
INFO: [ app_end ] --START--
INFO: Run Behavior\ShowPageTraceBehavior [ RunTime:0.000444s ]
INFO: [ app_end ] --END-- [ RunTime:0.000543s ]

[ 2016-11-11T10:46:40+08:00 ] 127.0.0.1 /index.php/Admin/Right/.html
INFO: [ app_begin ] --START--
INFO: Run Behavior\ReadHtmlCacheBehavior [ RunTime:0.000553s ]
INFO: [ app_begin ] --END-- [ RunTime:0.000906s ]
INFO: [ view_parse ] --START--
INFO: [ template_filter ] --START--
INFO: Run Behavior\ContentReplaceBehavior [ RunTime:0.000117s ]
INFO: [ template_filter ] --END-- [ RunTime:0.000222s ]
INFO: Run Behavior\ParseTemplateBehavior [ RunTime:0.019103s ]
INFO: [ view_parse ] --END-- [ RunTime:0.019223s ]
INFO: [ view_filter ] --START--
INFO: Run Behavior\WriteHtmlCacheBehavior [ RunTime:0.000282s ]
INFO: [ view_filter ] --END-- [ RunTime:0.000377s ]
INFO: [ app_end ] --START--
INFO: Run Behavior\ShowPageTraceBehavior [ RunTime:0.000681s ]
INFO: [ app_end ] --END-- [ RunTime:0.000854s ]

[ 2016-11-11T10:46:41+08:00 ] 127.0.0.1 /index.php/Admin/Right/.html
INFO: [ app_begin ] --START--
INFO: Run Behavior\ReadHtmlCacheBehavior [ RunTime:0.000453s ]
INFO: [ app_begin ] --END-- [ RunTime:0.000808s ]
INFO: [ view_parse ] --START--
INFO: [ template_filter ] --START--
INFO: Run Behavior\ContentReplaceBehavior [ RunTime:0.000118s ]
INFO: [ template_filter ] --END-- [ RunTime:0.000256s ]
INFO: Run Behavior\ParseTemplateBehavior [ RunTime:0.018688s ]
INFO: [ view_parse ] --END-- [ RunTime:0.018809s ]
INFO: [ view_filter ] --START--
INFO: Run Behavior\WriteHtmlCacheBehavior [ RunTime:0.000283s ]
INFO: [ view_filter ] --END-- [ RunTime:0.000378s ]
INFO: [ app_end ] --START--
INFO: Run Behavior\ShowPageTraceBehavior [ RunTime:0.000879s ]
INFO: [ app_end ] --END-- [ RunTime:0.001020s ]

[ 2016-11-11T10:46:42+08:00 ] 127.0.0.1 /index.php/Admin/Right/conpany.html
INFO: [ app_begin ] --START--
INFO: Run Behavior\ReadHtmlCacheBehavior [ RunTime:0.000690s ]
INFO: [ app_begin ] --END-- [ RunTime:0.001117s ]
INFO: [ view_parse ] --START--
INFO: [ template_filter ] --START--
INFO: Run Behavior\ContentReplaceBehavior [ RunTime:0.000071s ]
INFO: [ template_filter ] --END-- [ RunTime:0.000181s ]
INFO: Run Behavior\ParseTemplateBehavior [ RunTime:0.015463s ]
INFO: [ view_parse ] --END-- [ RunTime:0.015595s ]
INFO: [ view_filter ] --START--
INFO: Run Behavior\WriteHtmlCacheBehavior [ RunTime:0.000296s ]
INFO: [ view_filter ] --END-- [ RunTime:0.000394s ]
INFO: [ app_end ] --START--
INFO: Run Behavior\ShowPageTraceBehavior [ RunTime:0.000447s ]
INFO: [ app_end ] --END-- [ RunTime:0.000546s ]

[ 2016-11-11T10:46:43+08:00 ] 127.0.0.1 /index.php/Admin/Right/conpany.html
INFO: [ app_begin ] --START--
INFO: Run Behavior\ReadHtmlCacheBehavior [ RunTime:0.000450s ]
INFO: [ app_begin ] --END-- [ RunTime:0.000801s ]
INFO: [ view_parse ] --START--
INFO: [ template_filter ] --START--
INFO: Run Behavior\ContentReplaceBehavior [ RunTime:0.000074s ]
INFO: [ template_filter ] --END-- [ RunTime:0.000182s ]
INFO: Run Behavior\ParseTemplateBehavior [ RunTime:0.006043s ]
INFO: [ view_parse ] --END-- [ RunTime:0.006160s ]
INFO: [ view_filter ] --START--
INFO: Run Behavior\WriteHtmlCacheBehavior [ RunTime:0.000315s ]
INFO: [ view_filter ] --END-- [ RunTime:0.000422s ]
INFO: [ app_end ] --START--
INFO: Run Behavior\ShowPageTraceBehavior [ RunTime:0.000547s ]
INFO: [ app_end ] --END-- [ RunTime:0.000662s ]

[ 2016-11-11T10:46:50+08:00 ] 127.0.0.1 /index.php/Admin/Right/index.html
INFO: [ app_begin ] --START--
INFO: Run Behavior\ReadHtmlCacheBehavior [ RunTime:0.000457s ]
INFO: [ app_begin ] --END-- [ RunTime:0.000812s ]
INFO: [ view_parse ] --START--
INFO: [ template_filter ] --START--
INFO: Run Behavior\ContentReplaceBehavior [ RunTime:0.000122s ]
INFO: [ template_filter ] --END-- [ RunTime:0.000236s ]
INFO: Run Behavior\ParseTemplateBehavior [ RunTime:0.019913s ]
INFO: [ view_parse ] --END-- [ RunTime:0.020065s ]
INFO: [ view_filter ] --START--
INFO: Run Behavior\WriteHtmlCacheBehavior [ RunTime:0.000621s ]
INFO: [ view_filter ] --END-- [ RunTime:0.000733s ]
INFO: [ app_end ] --START--
INFO: Run Behavior\ShowPageTraceBehavior [ RunTime:0.000894s ]
INFO: [ app_end ] --END-- [ RunTime:0.001122s ]

[ 2016-11-11T10:47:42+08:00 ] 127.0.0.1 /index.php/Admin/Right/employed.html
INFO: [ app_begin ] --START--
INFO: Run Behavior\ReadHtmlCacheBehavior [ RunTime:0.000557s ]
INFO: [ app_begin ] --END-- [ RunTime:0.000947s ]
INFO: [ view_parse ] --START--
INFO: [ template_filter ] --START--
INFO: Run Behavior\ContentReplaceBehavior [ RunTime:0.000070s ]
INFO: [ template_filter ] --END-- [ RunTime:0.000173s ]
INFO: Run Behavior\ParseTemplateBehavior [ RunTime:0.006243s ]
INFO: [ view_parse ] --END-- [ RunTime:0.006360s ]
INFO: [ view_filter ] --START--
INFO: Run Behavior\WriteHtmlCacheBehavior [ RunTime:0.000357s ]
INFO: [ view_filter ] --END-- [ RunTime:0.000453s ]
INFO: [ app_end ] --START--
INFO: Run Behavior\ShowPageTraceBehavior [ RunTime:0.000517s ]
INFO: [ app_end ] --END-- [ RunTime:0.000616s ]

[ 2016-11-11T10:47:43+08:00 ] 127.0.0.1 /index.php/Admin/Right/table.html
INFO: [ app_begin ] --START--
INFO: Run Behavior\ReadHtmlCacheBehavior [ RunTime:0.000454s ]
INFO: [ app_begin ] --END-- [ RunTime:0.000817s ]
INFO: [ view_parse ] --START--
INFO: [ template_filter ] --START--
INFO: Run Behavior\ContentReplaceBehavior [ RunTime:0.000115s ]
INFO: [ template_filter ] --END-- [ RunTime:0.000268s ]
INFO: Run Behavior\ParseTemplateBehavior [ RunTime:0.016013s ]
INFO: [ view_parse ] --END-- [ RunTime:0.016136s ]
INFO: [ view_filter ] --START--
INFO: Run Behavior\WriteHtmlCacheBehavior [ RunTime:0.000315s ]
INFO: [ view_filter ] --END-- [ RunTime:0.000413s ]
INFO: [ app_end ] --START--
INFO: Run Behavior\ShowPageTraceBehavior [ RunTime:0.000904s ]
INFO: [ app_end ] --END-- [ RunTime:0.001119s ]

[ 2016-11-11T10:48:19+08:00 ] 127.0.0.1 /index.php/Admin/Right/issue.html
INFO: [ app_begin ] --START--
INFO: Run Behavior\ReadHtmlCacheBehavior [ RunTime:0.000465s ]
INFO: [ app_begin ] --END-- [ RunTime:0.000843s ]
SQL: SHOW COLUMNS FROM `issue` [ RunTime:0.0013s ]
INFO: [ view_parse ] --START--
INFO: [ template_filter ] --START--
INFO: Run Behavior\ContentReplaceBehavior [ RunTime:0.000086s ]
INFO: [ template_filter ] --END-- [ RunTime:0.000193s ]
INFO: Run Behavior\ParseTemplateBehavior [ RunTime:0.013011s ]
INFO: [ view_parse ] --END-- [ RunTime:0.013254s ]
INFO: [ view_filter ] --START--
INFO: Run Behavior\WriteHtmlCacheBehavior [ RunTime:0.000626s ]
INFO: [ view_filter ] --END-- [ RunTime:0.000772s ]
INFO: [ app_end ] --START--
INFO: Run Behavior\ShowPageTraceBehavior [ RunTime:0.000467s ]
INFO: [ app_end ] --END-- [ RunTime:0.000567s ]

[ 2016-11-11T10:52:44+08:00 ] 127.0.0.1 /index.php/Admin/Right/grade.html
INFO: [ app_begin ] --START--
INFO: Run Behavior\ReadHtmlCacheBehavior [ RunTime:0.000570s ]
INFO: [ app_begin ] --END-- [ RunTime:0.001096s ]
INFO: [ view_parse ] --START--
INFO: [ template_filter ] --START--
INFO: Run Behavior\ContentReplaceBehavior [ RunTime:0.000084s ]
INFO: [ template_filter ] --END-- [ RunTime:0.000195s ]
INFO: Run Behavior\ParseTemplateBehavior [ RunTime:0.006812s ]
INFO: [ view_parse ] --END-- [ RunTime:0.006940s ]
INFO: [ view_filter ] --START--
INFO: Run Behavior\WriteHtmlCacheBehavior [ RunTime:0.000356s ]
INFO: [ view_filter ] --END-- [ RunTime:0.000480s ]
INFO: [ app_end ] --START--
INFO: Run Behavior\ShowPageTraceBehavior [ RunTime:0.000520s ]
INFO: [ app_end ] --END-- [ RunTime:0.000620s ]

[ 2016-11-11T10:52:46+08:00 ] 127.0.0.1 /index.php/Admin/Right/employed.html
INFO: [ app_begin ] --START--
INFO: Run Behavior\ReadHtmlCacheBehavior [ RunTime:0.000454s ]
INFO: [ app_begin ] --END-- [ RunTime:0.000811s ]
INFO: [ view_parse ] --START--
INFO: [ template_filter ] --START--
INFO: Run Behavior\ContentReplaceBehavior [ RunTime:0.000084s ]
INFO: [ template_filter ] --END-- [ RunTime:0.000198s ]
INFO: Run Behavior\ParseTemplateBehavior [ RunTime:0.006177s ]
INFO: [ view_parse ] --END-- [ RunTime:0.006300s ]
INFO: [ view_filter ] --START--
INFO: Run Behavior\WriteHtmlCacheBehavior [ RunTime:0.000315s ]
INFO: [ view_filter ] --END-- [ RunTime:0.000429s ]
INFO: [ app_end ] --START--
INFO: Run Behavior\ShowPageTraceBehavior [ RunTime:0.000578s ]
INFO: [ app_end ] --END-- [ RunTime:0.000726s ]

[ 2016-11-11T10:52:46+08:00 ] 127.0.0.1 /index.php/Admin/Right/employed.html
INFO: [ app_begin ] --START--
INFO: Run Behavior\ReadHtmlCacheBehavior [ RunTime:0.000466s ]
INFO: [ app_begin ] --END-- [ RunTime:0.000826s ]
INFO: [ view_parse ] --START--
INFO: [ template_filter ] --START--
INFO: Run Behavior\ContentReplaceBehavior [ RunTime:0.000070s ]
INFO: [ template_filter ] --END-- [ RunTime:0.000176s ]
INFO: Run Behavior\ParseTemplateBehavior [ RunTime:0.006092s ]
INFO: [ view_parse ] --END-- [ RunTime:0.006204s ]
INFO: [ view_filter ] --START--
INFO: Run Behavior\WriteHtmlCacheBehavior [ RunTime:0.000316s ]
INFO: [ view_filter ] --END-- [ RunTime:0.000419s ]
INFO: [ app_end ] --START--
INFO: Run Behavior\ShowPageTraceBehavior [ RunTime:0.000594s ]
INFO: [ app_end ] --END-- [ RunTime:0.000700s ]

[ 2016-11-11T10:52:48+08:00 ] 127.0.0.1 /index.php/Admin/Right/table.html
INFO: [ app_begin ] --START--
INFO: Run Behavior\ReadHtmlCacheBehavior [ RunTime:0.000477s ]
INFO: [ app_begin ] --END-- [ RunTime:0.000831s ]
INFO: [ view_parse ] --START--
INFO: [ template_filter ] --START--
INFO: Run Behavior\ContentReplaceBehavior [ RunTime:0.000196s ]
INFO: [ template_filter ] --END-- [ RunTime:0.000373s ]
INFO: Run Behavior\ParseTemplateBehavior [ RunTime:0.017778s ]
INFO: [ view_parse ] --END-- [ RunTime:0.017897s ]
INFO: [ view_filter ] --START--
INFO: Run Behavior\WriteHtmlCacheBehavior [ RunTime:0.000282s ]
INFO: [ view_filter ] --END-- [ RunTime:0.000394s ]
INFO: [ app_end ] --START--
INFO: Run Behavior\ShowPageTraceBehavior [ RunTime:0.000705s ]
INFO: [ app_end ] --END-- [ RunTime:0.000897s ]

[ 2016-11-11T10:52:49+08:00 ] 127.0.0.1 /index.php/Admin/Right/index.html
INFO: [ app_begin ] --START--
INFO: Run Behavior\ReadHtmlCacheBehavior [ RunTime:0.000488s ]
INFO: [ app_begin ] --END-- [ RunTime:0.000853s ]
INFO: [ view_parse ] --START--
INFO: [ template_filter ] --START--
INFO: Run Behavior\ContentReplaceBehavior [ RunTime:0.000121s ]
INFO: [ template_filter ] --END-- [ RunTime:0.000231s ]
INFO: Run Behavior\ParseTemplateBehavior [ RunTime:0.018912s ]
INFO: [ view_parse ] --END-- [ RunTime:0.019032s ]
INFO: [ view_filter ] --START--
INFO: Run Behavior\WriteHtmlCacheBehavior [ RunTime:0.000285s ]
INFO: [ view_filter ] --END-- [ RunTime:0.000380s ]
INFO: [ app_end ] --START--
INFO: Run Behavior\ShowPageTraceBehavior [ RunTime:0.000682s ]
INFO: [ app_end ] --END-- [ RunTime:0.000863s ]

[ 2016-11-11T10:52:50+08:00 ] 127.0.0.1 /index.php/Admin/Right/table.html
INFO: [ app_begin ] --START--
INFO: Run Behavior\ReadHtmlCacheBehavior [ RunTime:0.000534s ]
INFO: [ app_begin ] --END-- [ RunTime:0.000889s ]
INFO: [ view_parse ] --START--
INFO: [ template_filter ] --START--
INFO: Run Behavior\ContentReplaceBehavior [ RunTime:0.000114s ]
INFO: [ template_filter ] --END-- [ RunTime:0.000217s ]
INFO: Run Behavior\ParseTemplateBehavior [ RunTime:0.015960s ]
INFO: [ view_parse ] --END-- [ RunTime:0.016080s ]
INFO: [ view_filter ] --START--
INFO: Run Behavior\WriteHtmlCacheBehavior [ RunTime:0.000283s ]
INFO: [ view_filter ] --END-- [ RunTime:0.000378s ]
INFO: [ app_end ] --START--
INFO: Run Behavior\ShowPageTraceBehavior [ RunTime:0.000629s ]
INFO: [ app_end ] --END-- [ RunTime:0.000770s ]

[ 2016-11-11T10:53:28+08:00 ] 127.0.0.1 /index.php/Admin/Right/.html
INFO: [ app_begin ] --START--
INFO: Run Behavior\ReadHtmlCacheBehavior [ RunTime:0.000479s ]
INFO: [ app_begin ] --END-- [ RunTime:0.000860s ]
INFO: [ view_parse ] --START--
INFO: [ template_filter ] --START--
INFO: Run Behavior\ContentReplaceBehavior [ RunTime:0.000121s ]
INFO: [ template_filter ] --END-- [ RunTime:0.000231s ]
INFO: Run Behavior\ParseTemplateBehavior [ RunTime:0.018668s ]
INFO: [ view_parse ] --END-- [ RunTime:0.018788s ]
INFO: [ view_filter ] --START--
INFO: Run Behavior\WriteHtmlCacheBehavior [ RunTime:0.000283s ]
INFO: [ view_filter ] --END-- [ RunTime:0.000378s ]
INFO: [ app_end ] --START--
INFO: Run Behavior\ShowPageTraceBehavior [ RunTime:0.000854s ]
INFO: [ app_end ] --END-- [ RunTime:0.001076s ]

[ 2016-11-11T10:53:32+08:00 ] 127.0.0.1 /index.php/Admin/Right/conpany.html
INFO: [ app_begin ] --START--
INFO: Run Behavior\ReadHtmlCacheBehavior [ RunTime:0.000457s ]
INFO: [ app_begin ] --END-- [ RunTime:0.000822s ]
INFO: [ view_parse ] --START--
INFO: [ template_filter ] --START--
INFO: Run Behavior\ContentReplaceBehavior [ RunTime:0.000070s ]
INFO: [ template_filter ] --END-- [ RunTime:0.000174s ]
INFO: Run Behavior\ParseTemplateBehavior [ RunTime:0.005979s ]
INFO: [ view_parse ] --END-- [ RunTime:0.006102s ]
INFO: [ view_filter ] --START--
INFO: Run Behavior\WriteHtmlCacheBehavior [ RunTime:0.000319s ]
INFO: [ view_filter ] --END-- [ RunTime:0.000421s ]
INFO: [ app_end ] --START--
INFO: Run Behavior\ShowPageTraceBehavior [ RunTime:0.000542s ]
INFO: [ app_end ] --END-- [ RunTime:0.000646s ]

[ 2016-11-11T10:53:33+08:00 ] 127.0.0.1 /index.php/Admin/Right/.html
INFO: [ app_begin ] --START--
INFO: Run Behavior\ReadHtmlCacheBehavior [ RunTime:0.000471s ]
INFO: [ app_begin ] --END-- [ RunTime:0.000848s ]
INFO: [ view_parse ] --START--
INFO: [ template_filter ] --START--
INFO: Run Behavior\ContentReplaceBehavior [ RunTime:0.000190s ]
INFO: [ template_filter ] --END-- [ RunTime:0.000331s ]
INFO: Run Behavior\ParseTemplateBehavior [ RunTime:0.018716s ]
INFO: [ view_parse ] --END-- [ RunTime:0.018837s ]
INFO: [ view_filter ] --START--
INFO: Run Behavior\WriteHtmlCacheBehavior [ RunTime:0.000284s ]
INFO: [ view_filter ] --END-- [ RunTime:0.000400s ]
INFO: [ app_end ] --START--
INFO: Run Behavior\ShowPageTraceBehavior [ RunTime:0.000699s ]
INFO: [ app_end ] --END-- [ RunTime:0.000852s ]

[ 2016-11-11T10:53:34+08:00 ] 127.0.0.1 /index.php/Admin/Right/.html
INFO: [ app_begin ] --START--
INFO: Run Behavior\ReadHtmlCacheBehavior [ RunTime:0.000475s ]
INFO: [ app_begin ] --END-- [ RunTime:0.000844s ]
INFO: [ view_parse ] --START--
INFO: [ template_filter ] --START--
INFO: Run Behavior\ContentReplaceBehavior [ RunTime:0.000121s ]
INFO: [ template_filter ] --END-- [ RunTime:0.000231s ]
INFO: Run Behavior\ParseTemplateBehavior [ RunTime:0.018183s ]
INFO: [ view_parse ] --END-- [ RunTime:0.018301s ]
INFO: [ view_filter ] --START--
INFO: Run Behavior\WriteHtmlCacheBehavior [ RunTime:0.000284s ]
INFO: [ view_filter ] --END-- [ RunTime:0.000431s ]
INFO: [ app_end ] --START--
INFO: Run Behavior\ShowPageTraceBehavior [ RunTime:0.000734s ]
INFO: [ app_end ] --END-- [ RunTime:0.000866s ]

[ 2016-11-11T10:53:35+08:00 ] 127.0.0.1 /index.php/Admin/Right/index.html
INFO: [ app_begin ] --START--
INFO: Run Behavior\ReadHtmlCacheBehavior [ RunTime:0.000450s ]
INFO: [ app_begin ] --END-- [ RunTime:0.000803s ]
INFO: [ view_parse ] --START--
INFO: [ template_filter ] --START--
INFO: Run Behavior\ContentReplaceBehavior [ RunTime:0.000117s ]
INFO: [ template_filter ] --END-- [ RunTime:0.000223s ]
INFO: Run Behavior\ParseTemplateBehavior [ RunTime:0.018615s ]
INFO: [ view_parse ] --END-- [ RunTime:0.018750s ]
INFO: [ view_filter ] --START--
INFO: Run Behavior\WriteHtmlCacheBehavior [ RunTime:0.000315s ]
INFO: [ view_filter ] --END-- [ RunTime:0.000421s ]
INFO: [ app_end ] --START--
INFO: Run Behavior\ShowPageTraceBehavior [ RunTime:0.000639s ]
INFO: [ app_end ] --END-- [ RunTime:0.000766s ]

[ 2016-11-11T10:53:36+08:00 ] 127.0.0.1 /index.php/Admin/Right/index.html
INFO: [ app_begin ] --START--
INFO: Run Behavior\ReadHtmlCacheBehavior [ RunTime:0.000517s ]
INFO: [ app_begin ] --END-- [ RunTime:0.000905s ]
INFO: [ view_parse ] --START--
INFO: [ template_filter ] --START--
INFO: Run Behavior\ContentReplaceBehavior [ RunTime:0.000117s ]
INFO: [ template_filter ] --END-- [ RunTime:0.000235s ]
INFO: Run Behavior\ParseTemplateBehavior [ RunTime:0.018813s ]
INFO: [ view_parse ] --END-- [ RunTime:0.018936s ]
INFO: [ view_filter ] --START--
INFO: Run Behavior\WriteHtmlCacheBehavior [ RunTime:0.000310s ]
INFO: [ view_filter ] --END-- [ RunTime:0.000406s ]
INFO: [ app_end ] --START--
INFO: Run Behavior\ShowPageTraceBehavior [ RunTime:0.000688s ]
INFO: [ app_end ] --END-- [ RunTime:0.000858s ]

[ 2016-11-11T10:53:37+08:00 ] 127.0.0.1 /index.php/Admin/Right/table.html
INFO: [ app_begin ] --START--
INFO: Run Behavior\ReadHtmlCacheBehavior [ RunTime:0.000457s ]
INFO: [ app_begin ] --END-- [ RunTime:0.000823s ]
INFO: [ view_parse ] --START--
INFO: [ template_filter ] --START--
INFO: Run Behavior\ContentReplaceBehavior [ RunTime:0.000114s ]
INFO: [ template_filter ] --END-- [ RunTime:0.000262s ]
INFO: Run Behavior\ParseTemplateBehavior [ RunTime:0.016647s ]
INFO: [ view_parse ] --END-- [ RunTime:0.016773s ]
INFO: [ view_filter ] --START--
INFO: Run Behavior\WriteHtmlCacheBehavior [ RunTime:0.000303s ]
INFO: [ view_filter ] --END-- [ RunTime:0.000401s ]
INFO: [ app_end ] --START--
INFO: Run Behavior\ShowPageTraceBehavior [ RunTime:0.000755s ]
INFO: [ app_end ] --END-- [ RunTime:0.000892s ]

[ 2016-11-11T11:03:24+08:00 ] 127.0.0.1 /index.php/Admin/Left/left
INFO: [ app_begin ] --START--
INFO: Run Behavior\ReadHtmlCacheBehavior [ RunTime:0.001367s ]
INFO: [ app_begin ] --END-- [ RunTime:0.002252s ]
INFO: [ view_parse ] --START--
INFO: [ template_filter ] --START--
INFO: Run Behavior\ContentReplaceBehavior [ RunTime:0.000141s ]
INFO: [ template_filter ] --END-- [ RunTime:0.000379s ]
INFO: Run Behavior\ParseTemplateBehavior [ RunTime:0.012700s ]
INFO: [ view_parse ] --END-- [ RunTime:0.013021s ]
INFO: [ view_filter ] --START--
INFO: Run Behavior\WriteHtmlCacheBehavior [ RunTime:0.001117s ]
INFO: [ view_filter ] --END-- [ RunTime:0.001459s ]
INFO: [ app_end ] --START--
INFO: Run Behavior\ShowPageTraceBehavior [ RunTime:0.001321s ]
INFO: [ app_end ] --END-- [ RunTime:0.001602s ]

[ 2016-11-11T11:03:37+08:00 ] 127.0.0.1 /index.php/admin/Common/js/verificationNumbers.js
ERR: 无法加载控制器:Common

[ 2016-11-11T11:03:37+08:00 ] 127.0.0.1 /index.php/admin/Common/js/jquery.min.js
ERR: 无法加载控制器:Common

[ 2016-11-11T11:03:37+08:00 ] 127.0.0.1 /index.php/admin/Common/js/Particleground.js
ERR: 无法加载控制器:Common

[ 2016-11-11T11:03:37+08:00 ] 127.0.0.1 /index.php/admin/Common/css/PClogin_style.css
ERR: 无法加载控制器:Common

[ 2016-11-11T11:03:37+08:00 ] 127.0.0.1 /index.php/admin/Common/js/jquery.min.js
ERR: 无法加载控制器:Common

[ 2016-11-11T11:03:37+08:00 ] 127.0.0.1 /index.php/admin/Common/js/verificationNumbers.js
ERR: 无法加载控制器:Common

[ 2016-11-11T11:03:37+08:00 ] 127.0.0.1 /index.php/admin/Common/js/verificationNumbers.js
ERR: 无法加载控制器:Common

[ 2016-11-11T11:03:37+08:00 ] 127.0.0.1 /index.php/admin/Common/js/Particleground.js
ERR: 无法加载控制器:Common

[ 2016-11-11T11:03:42+08:00 ] 127.0.0.1 /index.php/Admin/Login/login
INFO: [ app_begin ] --START--
INFO: Run Behavior\ReadHtmlCacheBehavior [ RunTime:0.000627s ]
INFO: [ app_begin ] --END-- [ RunTime:0.001101s ]
SQL: SHOW COLUMNS FROM `login` [ RunTime:0.0040s ]
SQL: SELECT * FROM `login` WHERE ( userName='1' ) LIMIT 1   [ RunTime:0.0006s ]
INFO: [ app_end ] --START--
INFO: Run Behavior\ShowPageTraceBehavior [ RunTime:0.001288s ]
INFO: [ app_end ] --END-- [ RunTime:0.001488s ]

[ 2016-11-11T11:03:51+08:00 ] 127.0.0.1 /index.php/Admin/Login/login
INFO: [ app_begin ] --START--
INFO: Run Behavior\ReadHtmlCacheBehavior [ RunTime:0.000556s ]
INFO: [ app_begin ] --END-- [ RunTime:0.001271s ]
SQL: SHOW COLUMNS FROM `login` [ RunTime:0.0017s ]
SQL: SELECT * FROM `login` WHERE ( userName='admin' ) LIMIT 1   [ RunTime:0.0005s ]
NOTIC: [8] Undefined index: passWork C:\wamp64\www\web\work\Model\LoginModel.class.php 第 17 行.
INFO: [ app_end ] --START--
INFO: Run Behavior\ShowPageTraceBehavior [ RunTime:0.000639s ]
INFO: [ app_end ] --END-- [ RunTime:0.000758s ]

[ 2016-11-11T11:04:51+08:00 ] 127.0.0.1 /index.php/admin/Common/js/jquery.min.js
ERR: 无法加载控制器:Common

[ 2016-11-11T11:04:51+08:00 ] 127.0.0.1 /index.php/admin/Common/css/PClogin_style.css
ERR: 无法加载控制器:Common

[ 2016-11-11T11:04:51+08:00 ] 127.0.0.1 /index.php/admin/Common/js/Particleground.js
ERR: 无法加载控制器:Common

[ 2016-11-11T11:04:51+08:00 ] 127.0.0.1 /index.php/admin/Common/js/verificationNumbers.js
ERR: 无法加载控制器:Common

[ 2016-11-11T11:04:51+08:00 ] 127.0.0.1 /index.php/admin/Common/js/jquery.min.js
ERR: 无法加载控制器:Common

[ 2016-11-11T11:04:51+08:00 ] 127.0.0.1 /index.php/admin/Common/js/verificationNumbers.js
ERR: 无法加载控制器:Common

[ 2016-11-11T11:04:51+08:00 ] 127.0.0.1 /index.php/admin/Common/js/verificationNumbers.js
ERR: 无法加载控制器:Common

[ 2016-11-11T11:04:51+08:00 ] 127.0.0.1 /index.php/admin/Common/js/Particleground.js
ERR: 无法加载控制器:Common

[ 2016-11-11T11:04:55+08:00 ] 127.0.0.1 /index.php/Admin/Login/login
INFO: [ app_begin ] --START--
INFO: Run Behavior\ReadHtmlCacheBehavior [ RunTime:0.000785s ]
INFO: [ app_begin ] --END-- [ RunTime:0.001646s ]
SQL: SHOW COLUMNS FROM `login` [ RunTime:0.0031s ]
SQL: SELECT * FROM `login` WHERE ( userName='1' ) LIMIT 1   [ RunTime:0.0007s ]
INFO: [ app_end ] --START--
INFO: Run Behavior\ShowPageTraceBehavior [ RunTime:0.001011s ]
INFO: [ app_end ] --END-- [ RunTime:0.001263s ]

[ 2016-11-11T11:05:30+08:00 ] 127.0.0.1 /index.php/admin/Common/css/PClogin_style.css
ERR: 无法加载控制器:Common

[ 2016-11-11T11:05:30+08:00 ] 127.0.0.1 /index.php/admin/Common/js/Particleground.js
ERR: 无法加载控制器:Common

[ 2016-11-11T11:05:30+08:00 ] 127.0.0.1 /index.php/admin/Common/js/verificationNumbers.js
ERR: 无法加载控制器:Common

[ 2016-11-11T11:05:30+08:00 ] 127.0.0.1 /index.php/admin/Common/js/jquery.min.js
ERR: 无法加载控制器:Common

[ 2016-11-11T11:05:30+08:00 ] 127.0.0.1 /index.php/admin/Common/js/verificationNumbers.js
ERR: 无法加载控制器:Common

[ 2016-11-11T11:05:30+08:00 ] 127.0.0.1 /index.php/admin/Common/js/verificationNumbers.js
ERR: 无法加载控制器:Common

[ 2016-11-11T11:05:30+08:00 ] 127.0.0.1 /index.php/admin/Common/js/Particleground.js
ERR: 无法加载控制器:Common

[ 2016-11-11T11:05:35+08:00 ] 127.0.0.1 /index.php/Admin/Login/login
INFO: [ app_begin ] --START--
INFO: Run Behavior\ReadHtmlCacheBehavior [ RunTime:0.000623s ]
INFO: [ app_begin ] --END-- [ RunTime:0.001101s ]
SQL: SHOW COLUMNS FROM `login` [ RunTime:0.0018s ]
SQL: SELECT * FROM `login` WHERE ( userName='admin' ) LIMIT 1   [ RunTime:0.0003s ]
NOTIC: [8] Undefined index: passWork C:\wamp64\www\web\work\Model\LoginModel.class.php 第 17 行.
INFO: [ app_end ] --START--
INFO: Run Behavior\ShowPageTraceBehavior [ RunTime:0.000718s ]
INFO: [ app_end ] --END-- [ RunTime:0.000835s ]

[ 2016-11-11T11:06:26+08:00 ] 127.0.0.1 /index.php/admin/Common/js/jquery.min.js
ERR: 无法加载控制器:Common

[ 2016-11-11T11:06:26+08:00 ] 127.0.0.1 /index.php/admin/Common/css/PClogin_style.css
ERR: 无法加载控制器:Common

[ 2016-11-11T11:06:26+08:00 ] 127.0.0.1 /index.php/admin/Common/js/Particleground.js
ERR: 无法加载控制器:Common

[ 2016-11-11T11:06:26+08:00 ] 127.0.0.1 /index.php/admin/Common/js/verificationNumbers.js
ERR: 无法加载控制器:Common

[ 2016-11-11T11:06:26+08:00 ] 127.0.0.1 /index.php/admin/Common/js/jquery.min.js
ERR: 无法加载控制器:Common

[ 2016-11-11T11:06:26+08:00 ] 127.0.0.1 /index.php/admin/Common/js/verificationNumbers.js
ERR: 无法加载控制器:Common

[ 2016-11-11T11:06:26+08:00 ] 127.0.0.1 /index.php/admin/Common/js/verificationNumbers.js
ERR: 无法加载控制器:Common

[ 2016-11-11T11:06:26+08:00 ] 127.0.0.1 /index.php/admin/Common/js/Particleground.js
ERR: 无法加载控制器:Common

[ 2016-11-11T11:06:34+08:00 ] 127.0.0.1 /index.php/Admin/Login/login
INFO: [ app_begin ] --START--
INFO: Run Behavior\ReadHtmlCacheBehavior [ RunTime:0.000617s ]
INFO: [ app_begin ] --END-- [ RunTime:0.001080s ]
SQL: SHOW COLUMNS FROM `login` [ RunTime:0.0010s ]
SQL: SELECT * FROM `login` WHERE ( userName='admin' ) LIMIT 1   [ RunTime:0.0004s ]
NOTIC: [8] Undefined index: passWord C:\wamp64\www\web\work\Model\LoginModel.class.php 第 17 行.
INFO: [ app_end ] --START--
INFO: Run Behavior\ShowPageTraceBehavior [ RunTime:0.001198s ]
INFO: [ app_end ] --END-- [ RunTime:0.001430s ]

[ 2016-11-11T11:07:17+08:00 ] 127.0.0.1 /index.php/Admin/Login/login
INFO: [ app_begin ] --START--
INFO: Run Behavior\ReadHtmlCacheBehavior [ RunTime:0.000567s ]
INFO: [ app_begin ] --END-- [ RunTime:0.001091s ]
SQL: SHOW COLUMNS FROM `login` [ RunTime:0.0010s ]
SQL: SELECT * FROM `login` WHERE ( userName='admin' ) LIMIT 1   [ RunTime:0.0004s ]
NOTIC: [8] Undefined index: passWord C:\wamp64\www\web\work\Model\LoginModel.class.php 第 17 行.
INFO: [ app_end ] --START--
INFO: Run Behavior\ShowPageTraceBehavior [ RunTime:0.000921s ]
INFO: [ app_end ] --END-- [ RunTime:0.001123s ]

[ 2016-11-11T11:07:21+08:00 ] 127.0.0.1 /index.php/admin/Common/css/PClogin_style.css
ERR: 无法加载控制器:Common

[ 2016-11-11T11:07:29+08:00 ] 127.0.0.1 /index.php/admin/Common/js/jquery.min.js
ERR: 无法加载控制器:Common

[ 2016-11-11T11:07:29+08:00 ] 127.0.0.1 /index.php/admin/Common/js/Particleground.js
ERR: 无法加载控制器:Common

[ 2016-11-11T11:07:29+08:00 ] 127.0.0.1 /index.php/admin/Common/js/verificationNumbers.js
ERR: 无法加载控制器:Common

[ 2016-11-11T11:07:29+08:00 ] 127.0.0.1 /index.php/admin/Common/css/PClogin_style.css
ERR: 无法加载控制器:Common

[ 2016-11-11T11:07:29+08:00 ] 127.0.0.1 /index.php/admin/Common/js/jquery.min.js
ERR: 无法加载控制器:Common

[ 2016-11-11T11:07:29+08:00 ] 127.0.0.1 /index.php/admin/Common/js/verificationNumbers.js
ERR: 无法加载控制器:Common

[ 2016-11-11T11:07:29+08:00 ] 127.0.0.1 /index.php/admin/Common/js/verificationNumbers.js
ERR: 无法加载控制器:Common

[ 2016-11-11T11:07:29+08:00 ] 127.0.0.1 /index.php/admin/Common/js/Particleground.js
ERR: 无法加载控制器:Common

[ 2016-11-11T11:08:23+08:00 ] 127.0.0.1 /index.php/Admin/Login/login
INFO: [ app_begin ] --START--
INFO: Run Behavior\ReadHtmlCacheBehavior [ RunTime:0.000877s ]
INFO: [ app_begin ] --END-- [ RunTime:0.001782s ]
SQL: SHOW COLUMNS FROM `login` [ RunTime:0.0008s ]
SQL: SELECT * FROM `login` WHERE ( userName='admin' ) LIMIT 1   [ RunTime:0.0003s ]
NOTIC: [8] Undefined index: passWord C:\wamp64\www\web\work\Model\LoginModel.class.php 第 17 行.
INFO: [ app_end ] --START--
INFO: Run Behavior\ShowPageTraceBehavior [ RunTime:0.000642s ]
INFO: [ app_end ] --END-- [ RunTime:0.000773s ]

[ 2016-11-11T11:09:10+08:00 ] 127.0.0.1 /index.php/admin/Common/js/jquery.min.js
ERR: 无法加载控制器:Common

[ 2016-11-11T11:09:10+08:00 ] 127.0.0.1 /index.php/admin/Common/js/verificationNumbers.js
ERR: 无法加载控制器:Common

[ 2016-11-11T11:09:10+08:00 ] 127.0.0.1 /index.php/admin/Common/css/PClogin_style.css
ERR: 无法加载控制器:Common

[ 2016-11-11T11:09:10+08:00 ] 127.0.0.1 /index.php/admin/Common/js/Particleground.js
ERR: 无法加载控制器:Common

[ 2016-11-11T11:09:10+08:00 ] 127.0.0.1 /index.php/admin/Common/js/jquery.min.js
ERR: 无法加载控制器:Common

[ 2016-11-11T11:09:10+08:00 ] 127.0.0.1 /index.php/admin/Common/js/verificationNumbers.js
ERR: 无法加载控制器:Common

[ 2016-11-11T11:09:10+08:00 ] 127.0.0.1 /index.php/admin/Common/js/verificationNumbers.js
ERR: 无法加载控制器:Common

[ 2016-11-11T11:09:10+08:00 ] 127.0.0.1 /index.php/admin/Common/js/Particleground.js
ERR: 无法加载控制器:Common

[ 2016-11-11T11:09:20+08:00 ] 127.0.0.1 /index.php/Admin/Login/login
INFO: [ app_begin ] --START--
INFO: Run Behavior\ReadHtmlCacheBehavior [ RunTime:0.000470s ]
INFO: [ app_begin ] --END-- [ RunTime:0.000872s ]
SQL: SHOW COLUMNS FROM `login` [ RunTime:0.0009s ]
SQL: SELECT * FROM `login` WHERE ( userName='admin' ) LIMIT 1   [ RunTime:0.0003s ]
NOTIC: [8] Undefined index: passWord C:\wamp64\www\web\work\Model\LoginModel.class.php 第 17 行.
INFO: [ app_end ] --START--
INFO: Run Behavior\ShowPageTraceBehavior [ RunTime:0.000713s ]
INFO: [ app_end ] --END-- [ RunTime:0.000833s ]

[ 2016-11-11T11:10:04+08:00 ] 127.0.0.1 /index.php/admin/Common/css/PClogin_style.css
ERR: 无法加载控制器:Common

[ 2016-11-11T11:10:04+08:00 ] 127.0.0.1 /index.php/admin/Common/js/Particleground.js
ERR: 无法加载控制器:Common

[ 2016-11-11T11:10:04+08:00 ] 127.0.0.1 /index.php/admin/Common/js/jquery.min.js
ERR: 无法加载控制器:Common

[ 2016-11-11T11:10:04+08:00 ] 127.0.0.1 /index.php/admin/Common/js/verificationNumbers.js
ERR: 无法加载控制器:Common

[ 2016-11-11T11:10:04+08:00 ] 127.0.0.1 /index.php/admin/Common/js/verificationNumbers.js
ERR: 无法加载控制器:Common

[ 2016-11-11T11:10:04+08:00 ] 127.0.0.1 /index.php/admin/Common/js/Particleground.js
ERR: 无法加载控制器:Common

[ 2016-11-11T11:10:16+08:00 ] 127.0.0.1 /index.php/Admin/Login/login
INFO: [ app_begin ] --START--
INFO: Run Behavior\ReadHtmlCacheBehavior [ RunTime:0.000444s ]
INFO: [ app_begin ] --END-- [ RunTime:0.000798s ]
SQL: SHOW COLUMNS FROM `login` [ RunTime:0.0008s ]
SQL: SELECT * FROM `login` WHERE ( userName='admin' ) LIMIT 1   [ RunTime:0.0003s ]
NOTIC: [8] Undefined index: passWord C:\wamp64\www\web\work\Model\LoginModel.class.php 第 17 行.
INFO: [ app_end ] --START--
INFO: Run Behavior\ShowPageTraceBehavior [ RunTime:0.000673s ]
INFO: [ app_end ] --END-- [ RunTime:0.000783s ]

[ 2016-11-11T11:10:46+08:00 ] 127.0.0.1 /index.php/admin/Common/css/PClogin_style.css
ERR: 无法加载控制器:Common

[ 2016-11-11T11:10:46+08:00 ] 127.0.0.1 /index.php/admin/Common/js/jquery.min.js
ERR: 无法加载控制器:Common

[ 2016-11-11T11:10:46+08:00 ] 127.0.0.1 /index.php/admin/Common/js/verificationNumbers.js
ERR: 无法加载控制器:Common

[ 2016-11-11T11:10:46+08:00 ] 127.0.0.1 /index.php/admin/Common/js/Particleground.js
ERR: 无法加载控制器:Common

[ 2016-11-11T11:10:46+08:00 ] 127.0.0.1 /index.php/admin/Common/js/verificationNumbers.js
ERR: 无法加载控制器:Common

[ 2016-11-11T11:10:46+08:00 ] 127.0.0.1 /index.php/admin/Common/js/Particleground.js
ERR: 无法加载控制器:Common

[ 2016-11-11T11:10:55+08:00 ] 127.0.0.1 /index.php/Admin/Login/login
INFO: [ app_begin ] --START--
INFO: Run Behavior\ReadHtmlCacheBehavior [ RunTime:0.000500s ]
INFO: [ app_begin ] --END-- [ RunTime:0.000908s ]
SQL: SHOW COLUMNS FROM `login` [ RunTime:0.0012s ]
SQL: SELECT * FROM `login` WHERE ( userName='admin' ) LIMIT 1   [ RunTime:0.0003s ]
NOTIC: [8] Undefined index: passWord C:\wamp64\www\web\work\Model\LoginModel.class.php 第 17 行.
INFO: [ app_end ] --START--
INFO: Run Behavior\ShowPageTraceBehavior [ RunTime:0.001679s ]
INFO: [ app_end ] --END-- [ RunTime:0.001918s ]

[ 2016-11-11T11:14:27+08:00 ] 127.0.0.1 /index.php/admin/Common/css/PClogin_style.css
ERR: 无法加载控制器:Common

[ 2016-11-11T11:14:27+08:00 ] 127.0.0.1 /index.php/admin/Common/js/verificationNumbers.js
ERR: 无法加载控制器:Common

[ 2016-11-11T11:14:27+08:00 ] 127.0.0.1 /index.php/admin/Common/js/jquery.min.js
ERR: 无法加载控制器:Common

[ 2016-11-11T11:14:27+08:00 ] 127.0.0.1 /index.php/admin/Common/js/Particleground.js
ERR: 无法加载控制器:Common

[ 2016-11-11T11:14:27+08:00 ] 127.0.0.1 /index.php/admin/Common/js/verificationNumbers.js
ERR: 无法加载控制器:Common

[ 2016-11-11T11:14:27+08:00 ] 127.0.0.1 /index.php/admin/Common/js/verificationNumbers.js
ERR: 无法加载控制器:Common

[ 2016-11-11T11:14:27+08:00 ] 127.0.0.1 /index.php/admin/Common/js/Particleground.js
ERR: 无法加载控制器:Common

[ 2016-11-11T11:14:34+08:00 ] 127.0.0.1 /index.php/Admin/Login/login
INFO: [ app_begin ] --START--
INFO: Run Behavior\ReadHtmlCacheBehavior [ RunTime:0.000545s ]
INFO: [ app_begin ] --END-- [ RunTime:0.001007s ]
SQL: SHOW COLUMNS FROM `login` [ RunTime:0.0019s ]
SQL: SELECT * FROM `login` WHERE ( userName='admin' ) LIMIT 1   [ RunTime:0.0004s ]
NOTIC: [8] Undefined index: passWord C:\wamp64\www\web\work\Model\LoginModel.class.php 第 17 行.
INFO: [ app_end ] --START--
INFO: Run Behavior\ShowPageTraceBehavior [ RunTime:0.000720s ]
INFO: [ app_end ] --END-- [ RunTime:0.000871s ]

[ 2016-11-11T11:16:11+08:00 ] 127.0.0.1 /index.php/Admin/Login/login
INFO: [ app_begin ] --START--
INFO: Run Behavior\ReadHtmlCacheBehavior [ RunTime:0.000520s ]
INFO: [ app_begin ] --END-- [ RunTime:0.000946s ]
SQL: SHOW COLUMNS FROM `login` [ RunTime:0.0012s ]
SQL: SELECT * FROM `login` WHERE ( userName='admin' ) LIMIT 1   [ RunTime:0.0003s ]
NOTIC: [8] Undefined index: passWord C:\wamp64\www\web\work\Model\LoginModel.class.php 第 17 行.
INFO: [ app_end ] --START--
INFO: Run Behavior\ShowPageTraceBehavior [ RunTime:0.000668s ]
INFO: [ app_end ] --END-- [ RunTime:0.000786s ]

[ 2016-11-11T11:16:12+08:00 ] 127.0.0.1 /index.php/Admin/Login/login
INFO: [ app_begin ] --START--
INFO: Run Behavior\ReadHtmlCacheBehavior [ RunTime:0.000651s ]
INFO: [ app_begin ] --END-- [ RunTime:0.001394s ]
SQL: SHOW COLUMNS FROM `login` [ RunTime:0.0011s ]
SQL: SELECT * FROM `login` WHERE ( userName='admin' ) LIMIT 1   [ RunTime:0.0003s ]
NOTIC: [8] Undefined index: passWord C:\wamp64\www\web\work\Model\LoginModel.class.php 第 17 行.
INFO: [ app_end ] --START--
INFO: Run Behavior\ShowPageTraceBehavior [ RunTime:0.000630s ]
INFO: [ app_end ] --END-- [ RunTime:0.000756s ]

[ 2016-11-11T11:16:13+08:00 ] 127.0.0.1 /index.php/Admin/Login/login
INFO: [ app_begin ] --START--
INFO: Run Behavior\ReadHtmlCacheBehavior [ RunTime:0.000483s ]
INFO: [ app_begin ] --END-- [ RunTime:0.001073s ]
SQL: SHOW COLUMNS FROM `login` [ RunTime:0.0011s ]
SQL: SELECT * FROM `login` WHERE ( userName='admin' ) LIMIT 1   [ RunTime:0.0003s ]
NOTIC: [8] Undefined index: passWord C:\wamp64\www\web\work\Model\LoginModel.class.php 第 17 行.
INFO: [ app_end ] --START--
INFO: Run Behavior\ShowPageTraceBehavior [ RunTime:0.000896s ]
INFO: [ app_end ] --END-- [ RunTime:0.001121s ]

[ 2016-11-11T11:16:14+08:00 ] 127.0.0.1 /index.php/admin/Common/css/PClogin_style.css
ERR: 无法加载控制器:Common

[ 2016-11-11T11:16:14+08:00 ] 127.0.0.1 /index.php/admin/Common/js/verificationNumbers.js
ERR: 无法加载控制器:Common

[ 2016-11-11T11:16:14+08:00 ] 127.0.0.1 /index.php/admin/Common/js/Particleground.js
ERR: 无法加载控制器:Common

[ 2016-11-11T11:16:14+08:00 ] 127.0.0.1 /index.php/admin/Common/js/jquery.min.js
ERR: 无法加载控制器:Common

[ 2016-11-11T11:16:14+08:00 ] 127.0.0.1 /index.php/admin/Common/js/verificationNumbers.js
ERR: 无法加载控制器:Common

[ 2016-11-11T11:16:14+08:00 ] 127.0.0.1 /index.php/admin/Common/js/verificationNumbers.js
ERR: 无法加载控制器:Common

[ 2016-11-11T11:16:14+08:00 ] 127.0.0.1 /index.php/admin/Common/js/Particleground.js
ERR: 无法加载控制器:Common

[ 2016-11-11T11:16:20+08:00 ] 127.0.0.1 /index.php/Admin/Login/login
INFO: [ app_begin ] --START--
INFO: Run Behavior\ReadHtmlCacheBehavior [ RunTime:0.000516s ]
INFO: [ app_begin ] --END-- [ RunTime:0.000938s ]
SQL: SHOW COLUMNS FROM `login` [ RunTime:0.0009s ]
SQL: SELECT * FROM `login` WHERE ( userName='admin' ) LIMIT 1   [ RunTime:0.0004s ]
NOTIC: [8] Undefined index: passWord C:\wamp64\www\web\work\Model\LoginModel.class.php 第 17 行.
INFO: [ app_end ] --START--
INFO: Run Behavior\ShowPageTraceBehavior [ RunTime:0.000707s ]
INFO: [ app_end ] --END-- [ RunTime:0.000819s ]

[ 2016-11-11T11:16:44+08:00 ] 127.0.0.1 /index.php/admin/Common/js/jquery.min.js
ERR: 无法加载控制器:Common

[ 2016-11-11T11:16:44+08:00 ] 127.0.0.1 /index.php/admin/Common/js/verificationNumbers.js
ERR: 无法加载控制器:Common

[ 2016-11-11T11:16:44+08:00 ] 127.0.0.1 /index.php/admin/Common/css/PClogin_style.css
ERR: 无法加载控制器:Common

[ 2016-11-11T11:16:44+08:00 ] 127.0.0.1 /index.php/admin/Common/js/Particleground.js
ERR: 无法加载控制器:Common

[ 2016-11-11T11:16:44+08:00 ] 127.0.0.1 /index.php/admin/Common/js/jquery.min.js
ERR: 无法加载控制器:Common

[ 2016-11-11T11:16:44+08:00 ] 127.0.0.1 /index.php/admin/Common/css/PClogin_style.css
ERR: 无法加载控制器:Common

[ 2016-11-11T11:16:44+08:00 ] 127.0.0.1 /index.php/admin/Common/js/jquery.min.js
ERR: 无法加载控制器:Common

[ 2016-11-11T11:16:44+08:00 ] 127.0.0.1 /index.php/admin/Common/js/verificationNumbers.js
ERR: 无法加载控制器:Common

[ 2016-11-11T11:16:44+08:00 ] 127.0.0.1 /index.php/admin/Common/js/Particleground.js
ERR: 无法加载控制器:Common

[ 2016-11-11T11:16:44+08:00 ] 127.0.0.1 /index.php/admin/Common/js/verificationNumbers.js
ERR: 无法加载控制器:Common

[ 2016-11-11T11:16:45+08:00 ] 127.0.0.1 /index.php/admin/Common/js/Particleground.js
ERR: 无法加载控制器:Common

[ 2016-11-11T11:16:51+08:00 ] 127.0.0.1 /index.php/Admin/Login/login
INFO: [ app_begin ] --START--
INFO: Run Behavior\ReadHtmlCacheBehavior [ RunTime:0.000567s ]
INFO: [ app_begin ] --END-- [ RunTime:0.001100s ]
SQL: SHOW COLUMNS FROM `login` [ RunTime:0.0008s ]
SQL: SELECT * FROM `login` WHERE ( userName='admin' ) LIMIT 1   [ RunTime:0.0004s ]
NOTIC: [8] Undefined index: passWord C:\wamp64\www\web\work\Model\LoginModel.class.php 第 17 行.
INFO: [ app_end ] --START--
INFO: Run Behavior\ShowPageTraceBehavior [ RunTime:0.000720s ]
INFO: [ app_end ] --END-- [ RunTime:0.000837s ]

[ 2016-11-11T11:17:26+08:00 ] 127.0.0.1 /index.php/admin/Common/js/jquery.min.js
ERR: 无法加载控制器:Common

[ 2016-11-11T11:17:26+08:00 ] 127.0.0.1 /index.php/admin/Common/css/PClogin_style.css
ERR: 无法加载控制器:Common

[ 2016-11-11T11:17:26+08:00 ] 127.0.0.1 /index.php/admin/Common/js/verificationNumbers.js
ERR: 无法加载控制器:Common

[ 2016-11-11T11:17:26+08:00 ] 127.0.0.1 /index.php/admin/Common/js/Particleground.js
ERR: 无法加载控制器:Common

[ 2016-11-11T11:17:26+08:00 ] 127.0.0.1 /index.php/admin/Common/js/jquery.min.js
ERR: 无法加载控制器:Common

[ 2016-11-11T11:17:26+08:00 ] 127.0.0.1 /index.php/admin/Common/js/verificationNumbers.js
ERR: 无法加载控制器:Common

[ 2016-11-11T11:17:26+08:00 ] 127.0.0.1 /index.php/admin/Common/js/verificationNumbers.js
ERR: 无法加载控制器:Common

[ 2016-11-11T11:17:26+08:00 ] 127.0.0.1 /index.php/admin/Common/js/Particleground.js
ERR: 无法加载控制器:Common

[ 2016-11-11T11:17:32+08:00 ] 127.0.0.1 /index.php/Admin/Login/login
INFO: [ app_begin ] --START--
INFO: Run Behavior\ReadHtmlCacheBehavior [ RunTime:0.000518s ]
INFO: [ app_begin ] --END-- [ RunTime:0.000958s ]
SQL: SHOW COLUMNS FROM `login` [ RunTime:0.0016s ]
SQL: SELECT * FROM `login` WHERE ( userName='admin' ) LIMIT 1   [ RunTime:0.0003s ]
NOTIC: [8] Undefined index: passWord C:\wamp64\www\web\work\Model\LoginModel.class.php 第 17 行.
INFO: [ app_end ] --START--
INFO: Run Behavior\ShowPageTraceBehavior [ RunTime:0.000740s ]
INFO: [ app_end ] --END-- [ RunTime:0.000859s ]

[ 2016-11-11T11:17:50+08:00 ] 127.0.0.1 /index.php/admin/Common/css/PClogin_style.css
ERR: 无法加载控制器:Common

[ 2016-11-11T11:17:50+08:00 ] 127.0.0.1 /index.php/admin/Common/js/jquery.min.js
ERR: 无法加载控制器:Common

[ 2016-11-11T11:17:50+08:00 ] 127.0.0.1 /index.php/admin/Common/js/verificationNumbers.js
ERR: 无法加载控制器:Common

[ 2016-11-11T11:17:50+08:00 ] 127.0.0.1 /index.php/admin/Common/js/Particleground.js
ERR: 无法加载控制器:Common

[ 2016-11-11T11:17:50+08:00 ] 127.0.0.1 /index.php/admin/Common/js/verificationNumbers.js
ERR: 无法加载控制器:Common

[ 2016-11-11T11:17:50+08:00 ] 127.0.0.1 /index.php/admin/Common/js/Particleground.js
ERR: 无法加载控制器:Common

[ 2016-11-11T11:17:55+08:00 ] 127.0.0.1 /index.php/Admin/Login/login
INFO: [ app_begin ] --START--
INFO: Run Behavior\ReadHtmlCacheBehavior [ RunTime:0.000444s ]
INFO: [ app_begin ] --END-- [ RunTime:0.000855s ]
SQL: SHOW COLUMNS FROM `login` [ RunTime:0.0008s ]
SQL: SELECT * FROM `login` WHERE ( userName='admin' ) LIMIT 1   [ RunTime:0.0003s ]
NOTIC: [8] Undefined index: passWord C:\wamp64\www\web\work\Model\LoginModel.class.php 第 17 行.
INFO: [ app_end ] --START--
INFO: Run Behavior\ShowPageTraceBehavior [ RunTime:0.000694s ]
INFO: [ app_end ] --END-- [ RunTime:0.000806s ]

[ 2016-11-11T11:24:40+08:00 ] 127.0.0.1 /index.php/admin/Common/css/PClogin_style.css
ERR: 无法加载控制器:Common

[ 2016-11-11T11:24:40+08:00 ] 127.0.0.1 /index.php/admin/Common/js/Particleground.js
ERR: 无法加载控制器:Common

[ 2016-11-11T11:24:40+08:00 ] 127.0.0.1 /index.php/admin/Common/js/jquery.min.js
ERR: 无法加载控制器:Common

[ 2016-11-11T11:24:40+08:00 ] 127.0.0.1 /index.php/admin/Common/js/verificationNumbers.js
ERR: 无法加载控制器:Common

[ 2016-11-11T11:24:40+08:00 ] 127.0.0.1 /index.php/admin/Common/js/verificationNumbers.js
ERR: 无法加载控制器:Common

[ 2016-11-11T11:24:40+08:00 ] 127.0.0.1 /index.php/admin/Common/js/Particleground.js
ERR: 无法加载控制器:Common

[ 2016-11-11T11:24:47+08:00 ] 127.0.0.1 /index.php/Admin/Login/login
INFO: [ app_begin ] --START--
INFO: Run Behavior\ReadHtmlCacheBehavior [ RunTime:0.000735s ]
INFO: [ app_begin ] --END-- [ RunTime:0.001407s ]
SQL: SHOW COLUMNS FROM `login` [ RunTime:0.0011s ]
SQL: SELECT * FROM `login` WHERE ( userName='admin' ) LIMIT 1   [ RunTime:0.0004s ]
NOTIC: [8] Undefined index: passWord C:\wamp64\www\web\work\Model\LoginModel.class.php 第 16 行.
INFO: [ app_end ] --START--
INFO: Run Behavior\ShowPageTraceBehavior [ RunTime:0.000623s ]
INFO: [ app_end ] --END-- [ RunTime:0.000755s ]

[ 2016-11-11T11:26:58+08:00 ] 127.0.0.1 /index.php/admin/Common/js/Particleground.js
ERR: 无法加载控制器:Common

[ 2016-11-11T11:26:58+08:00 ] 127.0.0.1 /index.php/admin/Common/js/jquery.min.js
ERR: 无法加载控制器:Common

[ 2016-11-11T11:26:58+08:00 ] 127.0.0.1 /index.php/admin/Common/css/PClogin_style.css
ERR: 无法加载控制器:Common

[ 2016-11-11T11:26:58+08:00 ] 127.0.0.1 /index.php/admin/Common/js/verificationNumbers.js
ERR: 无法加载控制器:Common

[ 2016-11-11T11:26:58+08:00 ] 127.0.0.1 /index.php/admin/Common/js/jquery.min.js
ERR: 无法加载控制器:Common

[ 2016-11-11T11:26:58+08:00 ] 127.0.0.1 /index.php/admin/Common/css/PClogin_style.css
ERR: 无法加载控制器:Common

[ 2016-11-11T11:26:58+08:00 ] 127.0.0.1 /index.php/admin/Common/js/Particleground.js
ERR: 无法加载控制器:Common

[ 2016-11-11T11:26:58+08:00 ] 127.0.0.1 /index.php/admin/Common/js/verificationNumbers.js
ERR: 无法加载控制器:Common

[ 2016-11-11T11:26:58+08:00 ] 127.0.0.1 /index.php/admin/Common/js/jquery.min.js
ERR: 无法加载控制器:Common

[ 2016-11-11T11:26:58+08:00 ] 127.0.0.1 /index.php/admin/Common/js/verificationNumbers.js
ERR: 无法加载控制器:Common

[ 2016-11-11T11:26:58+08:00 ] 127.0.0.1 /index.php/admin/Common/js/verificationNumbers.js
ERR: 无法加载控制器:Common

[ 2016-11-11T11:26:58+08:00 ] 127.0.0.1 /index.php/admin/Common/js/Particleground.js
ERR: 无法加载控制器:Common

[ 2016-11-11T11:27:06+08:00 ] 127.0.0.1 /index.php/Admin/Login/login
INFO: [ app_begin ] --START--
INFO: Run Behavior\ReadHtmlCacheBehavior [ RunTime:0.000442s ]
INFO: [ app_begin ] --END-- [ RunTime:0.000835s ]
SQL: SHOW COLUMNS FROM `login` [ RunTime:0.0008s ]
SQL: SELECT * FROM `login` WHERE ( userName='admin' ) LIMIT 1   [ RunTime:0.0003s ]
NOTIC: [8] Undefined index: passWord C:\wamp64\www\web\work\Model\LoginModel.class.php 第 16 行.
INFO: [ app_end ] --START--
INFO: Run Behavior\ShowPageTraceBehavior [ RunTime:0.000706s ]
INFO: [ app_end ] --END-- [ RunTime:0.000811s ]

[ 2016-11-11T11:27:35+08:00 ] 127.0.0.1 /index.php/Admin/Login/login
INFO: [ app_begin ] --START--
INFO: Run Behavior\ReadHtmlCacheBehavior [ RunTime:0.000453s ]
INFO: [ app_begin ] --END-- [ RunTime:0.000839s ]
SQL: SHOW COLUMNS FROM `login` [ RunTime:0.0011s ]
SQL: SELECT * FROM `login` WHERE ( userName='admin' ) LIMIT 1   [ RunTime:0.0006s ]
NOTIC: [8] Undefined index: passWord C:\wamp64\www\web\work\Model\LoginModel.class.php 第 16 行.
INFO: [ app_end ] --START--
INFO: Run Behavior\ShowPageTraceBehavior [ RunTime:0.000615s ]
INFO: [ app_end ] --END-- [ RunTime:0.000730s ]

[ 2016-11-11T11:27:47+08:00 ] 127.0.0.1 /index.php/Admin/Login/login
INFO: [ app_begin ] --START--
INFO: Run Behavior\ReadHtmlCacheBehavior [ RunTime:0.000543s ]
INFO: [ app_begin ] --END-- [ RunTime:0.001484s ]
SQL: SHOW COLUMNS FROM `login` [ RunTime:0.0008s ]
SQL: SELECT * FROM `login` WHERE ( userName='admin' ) LIMIT 1   [ RunTime:0.0006s ]
NOTIC: [8] Undefined index: passWord C:\wamp64\www\web\work\Model\LoginModel.class.php 第 16 行.
INFO: [ app_end ] --START--
INFO: Run Behavior\ShowPageTraceBehavior [ RunTime:0.000708s ]
INFO: [ app_end ] --END-- [ RunTime:0.000865s ]

[ 2016-11-11T11:28:55+08:00 ] 127.0.0.1 /index.php/admin/Common/css/PClogin_style.css
ERR: 无法加载控制器:Common

[ 2016-11-11T11:28:55+08:00 ] 127.0.0.1 /index.php/admin/Common/js/Particleground.js
ERR: 无法加载控制器:Common

[ 2016-11-11T11:28:55+08:00 ] 127.0.0.1 /index.php/admin/Common/js/jquery.min.js
ERR: 无法加载控制器:Common

[ 2016-11-11T11:28:55+08:00 ] 127.0.0.1 /index.php/admin/Common/js/verificationNumbers.js
ERR: 无法加载控制器:Common

[ 2016-11-11T11:28:55+08:00 ] 127.0.0.1 /index.php/admin/Common/js/verificationNumbers.js
ERR: 无法加载控制器:Common

[ 2016-11-11T11:28:55+08:00 ] 127.0.0.1 /index.php/admin/Common/js/Particleground.js
ERR: 无法加载控制器:Common

[ 2016-11-11T11:29:00+08:00 ] 127.0.0.1 /index.php/Admin/Login/login
INFO: [ app_begin ] --START--
INFO: Run Behavior\ReadHtmlCacheBehavior [ RunTime:0.001020s ]
INFO: [ app_begin ] --END-- [ RunTime:0.001728s ]
SQL: SHOW COLUMNS FROM `login` [ RunTime:0.0008s ]
SQL: SELECT * FROM `login` WHERE ( userName='admin' ) LIMIT 1   [ RunTime:0.0007s ]
NOTIC: [8] Undefined index: passWord C:\wamp64\www\web\work\Model\LoginModel.class.php 第 15 行.
INFO: [ app_end ] --START--
INFO: Run Behavior\ShowPageTraceBehavior [ RunTime:0.001260s ]
INFO: [ app_end ] --END-- [ RunTime:0.001422s ]

[ 2016-11-11T11:30:07+08:00 ] 127.0.0.1 /index.php/admin/Common/js/Particleground.js
ERR: 无法加载控制器:Common

[ 2016-11-11T11:30:07+08:00 ] 127.0.0.1 /index.php/admin/Common/css/PClogin_style.css
ERR: 无法加载控制器:Common

[ 2016-11-11T11:30:07+08:00 ] 127.0.0.1 /index.php/admin/Common/js/jquery.min.js
ERR: 无法加载控制器:Common

[ 2016-11-11T11:30:07+08:00 ] 127.0.0.1 /index.php/admin/Common/js/verificationNumbers.js
ERR: 无法加载控制器:Common

[ 2016-11-11T11:30:07+08:00 ] 127.0.0.1 /index.php/admin/Common/js/verificationNumbers.js
ERR: 无法加载控制器:Common

[ 2016-11-11T11:30:07+08:00 ] 127.0.0.1 /index.php/admin/Common/js/Particleground.js
ERR: 无法加载控制器:Common

[ 2016-11-11T11:30:12+08:00 ] 127.0.0.1 /index.php/Admin/Login/login
INFO: [ app_begin ] --START--
INFO: Run Behavior\ReadHtmlCacheBehavior [ RunTime:0.000623s ]
INFO: [ app_begin ] --END-- [ RunTime:0.001168s ]
SQL: SHOW COLUMNS FROM `login` [ RunTime:0.0008s ]
SQL: SELECT * FROM `login` WHERE ( userName='admin' ) LIMIT 1   [ RunTime:0.0003s ]
INFO: [ app_end ] --START--
INFO: Run Behavior\ShowPageTraceBehavior [ RunTime:0.000821s ]
INFO: [ app_end ] --END-- [ RunTime:0.000999s ]

[ 2016-11-11T11:36:07+08:00 ] 127.0.0.1 /index.php/admin/Common/css/font-awesome.css
ERR: 无法加载控制器:Common

[ 2016-11-11T11:36:07+08:00 ] 127.0.0.1 /index.php/admin/Common/js/js.js
ERR: 无法加载控制器:Common

[ 2016-11-11T11:36:08+08:00 ] 127.0.0.1 /index.php/admin/Common/js/js.js
ERR: 无法加载控制器:Common

[ 2016-11-11T11:36:08+08:00 ] 127.0.0.1 /index.php/admin/index/Admin/Left/left
INFO: [ app_begin ] --START--
INFO: Run Behavior\ReadHtmlCacheBehavior [ RunTime:0.001471s ]
INFO: [ app_begin ] --END-- [ RunTime:0.003487s ]
ERR: 非法操作:Admin

[ 2016-11-11T11:36:14+08:00 ] 127.0.0.1 /index.php/admin/Common/css/font-awesome.css
ERR: 无法加载控制器:Common

[ 2016-11-11T11:36:14+08:00 ] 127.0.0.1 /index.php/admin/Common/js/js.js
ERR: 无法加载控制器:Common

[ 2016-11-11T11:36:14+08:00 ] 127.0.0.1 /index.php/admin/Common/js/js.js
ERR: 无法加载控制器:Common

[ 2016-11-11T11:36:14+08:00 ] 127.0.0.1 /index.php/admin/index/Admin/Left/left
INFO: [ app_begin ] --START--
INFO: Run Behavior\ReadHtmlCacheBehavior [ RunTime:0.000548s ]
INFO: [ app_begin ] --END-- [ RunTime:0.001047s ]
ERR: 非法操作:Admin

[ 2016-11-11T11:36:19+08:00 ] 127.0.0.1 /index.php/admin/Admin/Left/left
INFO: [ app_begin ] --START--
INFO: Run Behavior\ReadHtmlCacheBehavior [ RunTime:0.001243s ]
INFO: [ app_begin ] --END-- [ RunTime:0.001916s ]
ERR: 无法加载控制器:Admin

[ 2016-11-11T11:38:43+08:00 ] 127.0.0.1 /index.php/admin/Common/css/font-awesome.css
ERR: 无法加载控制器:Common

[ 2016-11-11T11:38:43+08:00 ] 127.0.0.1 /index.php/admin/Common/js/js.js
ERR: 无法加载控制器:Common

[ 2016-11-11T11:38:43+08:00 ] 127.0.0.1 /index.php/admin/Common/js/js.js
ERR: 无法加载控制器:Common

[ 2016-11-11T11:38:43+08:00 ] 127.0.0.1 /index.php/admin/index/Admin/Left/left
INFO: [ app_begin ] --START--
INFO: Run Behavior\ReadHtmlCacheBehavior [ RunTime:0.000521s ]
INFO: [ app_begin ] --END-- [ RunTime:0.000952s ]
ERR: 非法操作:Admin

[ 2016-11-11T11:39:18+08:00 ] 127.0.0.1 /index.php/admin/Common/css/font-awesome.css
ERR: 无法加载控制器:Common

[ 2016-11-11T11:39:18+08:00 ] 127.0.0.1 /index.php/admin/Common/js/js.js
ERR: 无法加载控制器:Common

[ 2016-11-11T11:39:18+08:00 ] 127.0.0.1 /index.php/admin/Common/js/js.js
ERR: 无法加载控制器:Common

[ 2016-11-11T11:39:18+08:00 ] 127.0.0.1 /index.php/admin/index/Admin/Left/left
INFO: [ app_begin ] --START--
INFO: Run Behavior\ReadHtmlCacheBehavior [ RunTime:0.000534s ]
INFO: [ app_begin ] --END-- [ RunTime:0.001107s ]
ERR: 非法操作:Admin

[ 2016-11-11T11:39:18+08:00 ] 127.0.0.1 /index.php/admin/Common/css/font-awesome.css
ERR: 无法加载控制器:Common

[ 2016-11-11T11:39:18+08:00 ] 127.0.0.1 /index.php/admin/Common/js/js.js
ERR: 无法加载控制器:Common

[ 2016-11-11T11:39:18+08:00 ] 127.0.0.1 /index.php/admin/Common/js/js.js
ERR: 无法加载控制器:Common

[ 2016-11-11T11:39:18+08:00 ] 127.0.0.1 /index.php/admin/index/Admin/Left/left
INFO: [ app_begin ] --START--
INFO: Run Behavior\ReadHtmlCacheBehavior [ RunTime:0.001221s ]
INFO: [ app_begin ] --END-- [ RunTime:0.001901s ]
ERR: 非法操作:Admin

[ 2016-11-11T11:39:18+08:00 ] 127.0.0.1 /index.php/admin/Common/js/js.js
ERR: 无法加载控制器:Common

[ 2016-11-11T11:39:18+08:00 ] 127.0.0.1 /index.php/admin/Common/css/font-awesome.css
ERR: 无法加载控制器:Common

[ 2016-11-11T11:39:18+08:00 ] 127.0.0.1 /index.php/admin/Common/js/js.js
ERR: 无法加载控制器:Common

[ 2016-11-11T11:39:18+08:00 ] 127.0.0.1 /index.php/admin/index/Admin/Left/left
INFO: [ app_begin ] --START--
INFO: Run Behavior\ReadHtmlCacheBehavior [ RunTime:0.000635s ]
INFO: [ app_begin ] --END-- [ RunTime:0.001143s ]
ERR: 非法操作:Admin

[ 2016-11-11T11:39:18+08:00 ] 127.0.0.1 /index.php/admin/Common/css/font-awesome.css
ERR: 无法加载控制器:Common

[ 2016-11-11T11:39:18+08:00 ] 127.0.0.1 /index.php/admin/Common/js/js.js
ERR: 无法加载控制器:Common

[ 2016-11-11T11:39:19+08:00 ] 127.0.0.1 /index.php/admin/Common/js/js.js
ERR: 无法加载控制器:Common

[ 2016-11-11T11:39:19+08:00 ] 127.0.0.1 /index.php/admin/index/Admin/Left/left
INFO: [ app_begin ] --START--
INFO: Run Behavior\ReadHtmlCacheBehavior [ RunTime:0.000849s ]
INFO: [ app_begin ] --END-- [ RunTime:0.001530s ]
ERR: 非法操作:Admin

[ 2016-11-11T11:39:19+08:00 ] 127.0.0.1 /index.php/admin/Common/css/font-awesome.css
ERR: 无法加载控制器:Common

[ 2016-11-11T11:39:19+08:00 ] 127.0.0.1 /index.php/admin/Common/js/js.js
ERR: 无法加载控制器:Common

[ 2016-11-11T11:39:19+08:00 ] 127.0.0.1 /index.php/admin/Common/js/js.js
ERR: 无法加载控制器:Common

[ 2016-11-11T11:39:19+08:00 ] 127.0.0.1 /index.php/admin/index/Admin/Left/left
INFO: [ app_begin ] --START--
INFO: Run Behavior\ReadHtmlCacheBehavior [ RunTime:0.000874s ]
INFO: [ app_begin ] --END-- [ RunTime:0.001581s ]
ERR: 非法操作:Admin

[ 2016-11-11T11:39:22+08:00 ] 127.0.0.1 /index.php/admin/Common/js/js.js
ERR: 无法加载控制器:Common

[ 2016-11-11T11:39:22+08:00 ] 127.0.0.1 /index.php/admin/Common/css/font-awesome.css
ERR: 无法加载控制器:Common

[ 2016-11-11T11:39:22+08:00 ] 127.0.0.1 /index.php/admin/Common/js/js.js
ERR: 无法加载控制器:Common

[ 2016-11-11T11:39:22+08:00 ] 127.0.0.1 /index.php/admin/index/Admin/Left/left
INFO: [ app_begin ] --START--
INFO: Run Behavior\ReadHtmlCacheBehavior [ RunTime:0.000797s ]
INFO: [ app_begin ] --END-- [ RunTime:0.001469s ]
ERR: 非法操作:Admin

