[ 2016-11-18T00:33:46+08:00 ] 127.0.0.1 /index.php/Admin/Left/left
INFO: [ app_begin ] --START--
INFO: Run Behavior\ReadHtmlCacheBehavior [ RunTime:0.000583s ]
INFO: [ app_begin ] --END-- [ RunTime:0.000988s ]
INFO: [ view_parse ] --START--
INFO: [ template_filter ] --START--
INFO: Run Behavior\ContentReplaceBehavior [ RunTime:0.000112s ]
INFO: [ template_filter ] --END-- [ RunTime:0.000226s ]
INFO: Run Behavior\ParseTemplateBehavior [ RunTime:0.023969s ]
INFO: [ view_parse ] --END-- [ RunTime:0.024099s ]
INFO: [ view_filter ] --START--
INFO: Run Behavior\WriteHtmlCacheBehavior [ RunTime:0.000383s ]
INFO: [ view_filter ] --END-- [ RunTime:0.000496s ]
INFO: [ app_end ] --START--
INFO: Run Behavior\ShowPageTraceBehavior [ RunTime:0.000620s ]
INFO: [ app_end ] --END-- [ RunTime:0.000726s ]

[ 2016-11-18T00:33:48+08:00 ] 127.0.0.1 /index.php/Admin/Right/index
INFO: [ app_begin ] --START--
INFO: Run Behavior\ReadHtmlCacheBehavior [ RunTime:0.000861s ]
INFO: [ app_begin ] --END-- [ RunTime:0.001551s ]
NOTIC: [8] Use of undefined constant issue - assumed 'issue' C:\wamp64\www\web\work\Admin\Controller\RightController.class.php 第 8 行.
SQL: SHOW COLUMNS FROM `issue` [ RunTime:0.0316s ]
SQL: SELECT `id`,`title`,`issuetime` FROM `issue` WHERE ( cid=1 ) ORDER BY issuetime desc LIMIT 2   [ RunTime:0.0004s ]
NOTIC: [8] Use of undefined constant resume - assumed 'resume' C:\wamp64\www\web\work\Admin\Controller\RightController.class.php 第 13 行.
SQL: SHOW COLUMNS FROM `resume` [ RunTime:0.0313s ]
SQL: SHOW COLUMNS FROM `resume` [ RunTime:0.0014s ]
SQL: SELECT r.umsg,s.uname,s.uid FROM resume r INNER JOIN studentinfo s on s.uid = r.uid  WHERE ( r.wid=18 and ischack=0 and r.umsg!='' )  [ RunTime:0.0010s ]
SQL: SHOW COLUMNS FROM `resume` [ RunTime:0.0013s ]
SQL: SELECT s.usex,s.uname,s.uid,s.uschool FROM resume r INNER JOIN studentinfo s on s.uid = r.uid  WHERE ( r.wid=18 )  [ RunTime:0.0004s ]
SQL: SHOW COLUMNS FROM `resume` [ RunTime:0.0007s ]
SQL: SELECT r.umsg,s.uname,s.uid FROM resume r INNER JOIN studentinfo s on s.uid = r.uid  WHERE ( r.wid=19 and ischack=0 and r.umsg!='' )  [ RunTime:0.0004s ]
SQL: SHOW COLUMNS FROM `resume` [ RunTime:0.0007s ]
SQL: SELECT s.usex,s.uname,s.uid,s.uschool FROM resume r INNER JOIN studentinfo s on s.uid = r.uid  WHERE ( r.wid=19 )  [ RunTime:0.0004s ]
INFO: [ view_parse ] --START--
INFO: [ template_filter ] --START--
INFO: Run Behavior\ContentReplaceBehavior [ RunTime:0.000204s ]
INFO: [ template_filter ] --END-- [ RunTime:0.000365s ]
INFO: Run Behavior\ParseTemplateBehavior [ RunTime:0.160759s ]
INFO: [ view_parse ] --END-- [ RunTime:0.161056s ]
INFO: [ view_filter ] --START--
INFO: Run Behavior\WriteHtmlCacheBehavior [ RunTime:0.000386s ]
INFO: [ view_filter ] --END-- [ RunTime:0.000512s ]
INFO: [ app_end ] --START--
INFO: Run Behavior\ShowPageTraceBehavior [ RunTime:0.001440s ]
INFO: [ app_end ] --END-- [ RunTime:0.001719s ]

[ 2016-11-18T00:33:49+08:00 ] 127.0.0.1 /index.php/Admin/Right/alterIssue
INFO: [ app_begin ] --START--
INFO: Run Behavior\ReadHtmlCacheBehavior [ RunTime:0.000631s ]
INFO: [ app_begin ] --END-- [ RunTime:0.001194s ]
NOTIC: [8] Use of undefined constant issue - assumed 'issue' C:\wamp64\www\web\work\Admin\Controller\RightController.class.php 第 105 行.
SQL: SHOW COLUMNS FROM `issue` [ RunTime:0.0328s ]
SQL: SELECT * FROM `issue` WHERE ( id=19  )  [ RunTime:0.0005s ]
INFO: [ app_end ] --START--
INFO: Run Behavior\ShowPageTraceBehavior [ RunTime:0.000898s ]
INFO: [ app_end ] --END-- [ RunTime:0.001078s ]

[ 2016-11-18T00:33:52+08:00 ] 127.0.0.1 /index.php/Admin/Right/alterIssue/wid/
ERR: 1064:You have an error in your SQL syntax; check the manual that corresponds to your MySQL server version for the right syntax to use near ')' at line 1
 [ SQL语句 ] : SELECT * FROM `issue` WHERE ( id=  ) 

[ 2016-11-18T00:33:56+08:00 ] 127.0.0.1 /index.php/Admin/Left/left
INFO: [ app_begin ] --START--
INFO: Run Behavior\ReadHtmlCacheBehavior [ RunTime:0.001257s ]
INFO: [ app_begin ] --END-- [ RunTime:0.002493s ]
INFO: [ view_parse ] --START--
INFO: [ template_filter ] --START--
INFO: Run Behavior\ContentReplaceBehavior [ RunTime:0.000081s ]
INFO: [ template_filter ] --END-- [ RunTime:0.000204s ]
INFO: Run Behavior\ParseTemplateBehavior [ RunTime:0.007195s ]
INFO: [ view_parse ] --END-- [ RunTime:0.007372s ]
INFO: [ view_filter ] --START--
INFO: Run Behavior\WriteHtmlCacheBehavior [ RunTime:0.000307s ]
INFO: [ view_filter ] --END-- [ RunTime:0.000414s ]
INFO: [ app_end ] --START--
INFO: Run Behavior\ShowPageTraceBehavior [ RunTime:0.000527s ]
INFO: [ app_end ] --END-- [ RunTime:0.000640s ]

[ 2016-11-18T00:33:58+08:00 ] 127.0.0.1 /index.php/Admin/Right/index
INFO: [ app_begin ] --START--
INFO: Run Behavior\ReadHtmlCacheBehavior [ RunTime:0.000455s ]
INFO: [ app_begin ] --END-- [ RunTime:0.000807s ]
NOTIC: [8] Use of undefined constant issue - assumed 'issue' C:\wamp64\www\web\work\Admin\Controller\RightController.class.php 第 8 行.
SQL: SHOW COLUMNS FROM `issue` [ RunTime:0.0011s ]
SQL: SELECT `id`,`title`,`issuetime` FROM `issue` WHERE ( cid=1 ) ORDER BY issuetime desc LIMIT 2   [ RunTime:0.0004s ]
NOTIC: [8] Use of undefined constant resume - assumed 'resume' C:\wamp64\www\web\work\Admin\Controller\RightController.class.php 第 13 行.
SQL: SHOW COLUMNS FROM `resume` [ RunTime:0.0006s ]
SQL: SHOW COLUMNS FROM `resume` [ RunTime:0.0005s ]
SQL: SELECT r.umsg,s.uname,s.uid FROM resume r INNER JOIN studentinfo s on s.uid = r.uid  WHERE ( r.wid=18 and ischack=0 and r.umsg!='' )  [ RunTime:0.0004s ]
SQL: SHOW COLUMNS FROM `resume` [ RunTime:0.0006s ]
SQL: SELECT s.usex,s.uname,s.uid,s.uschool FROM resume r INNER JOIN studentinfo s on s.uid = r.uid  WHERE ( r.wid=18 )  [ RunTime:0.0003s ]
SQL: SHOW COLUMNS FROM `resume` [ RunTime:0.0005s ]
SQL: SELECT r.umsg,s.uname,s.uid FROM resume r INNER JOIN studentinfo s on s.uid = r.uid  WHERE ( r.wid=19 and ischack=0 and r.umsg!='' )  [ RunTime:0.0498s ]
SQL: SHOW COLUMNS FROM `resume` [ RunTime:0.0016s ]
SQL: SELECT s.usex,s.uname,s.uid,s.uschool FROM resume r INNER JOIN studentinfo s on s.uid = r.uid  WHERE ( r.wid=19 )  [ RunTime:0.0008s ]
INFO: [ view_parse ] --START--
INFO: [ template_filter ] --START--
INFO: Run Behavior\ContentReplaceBehavior [ RunTime:0.000300s ]
INFO: [ template_filter ] --END-- [ RunTime:0.000564s ]
INFO: Run Behavior\ParseTemplateBehavior [ RunTime:0.096266s ]
INFO: [ view_parse ] --END-- [ RunTime:0.096503s ]
INFO: [ view_filter ] --START--
INFO: Run Behavior\WriteHtmlCacheBehavior [ RunTime:0.000316s ]
INFO: [ view_filter ] --END-- [ RunTime:0.000423s ]
INFO: [ app_end ] --START--
INFO: Run Behavior\ShowPageTraceBehavior [ RunTime:0.001325s ]
INFO: [ app_end ] --END-- [ RunTime:0.001552s ]

[ 2016-11-18T00:33:59+08:00 ] 127.0.0.1 /index.php/Admin/Right/alterIssue
INFO: [ app_begin ] --START--
INFO: Run Behavior\ReadHtmlCacheBehavior [ RunTime:0.000726s ]
INFO: [ app_begin ] --END-- [ RunTime:0.001358s ]
NOTIC: [8] Use of undefined constant issue - assumed 'issue' C:\wamp64\www\web\work\Admin\Controller\RightController.class.php 第 105 行.
SQL: SHOW COLUMNS FROM `issue` [ RunTime:0.0010s ]
SQL: SELECT * FROM `issue` WHERE ( id=19  )  [ RunTime:0.0005s ]
INFO: [ app_end ] --START--
INFO: Run Behavior\ShowPageTraceBehavior [ RunTime:0.000627s ]
INFO: [ app_end ] --END-- [ RunTime:0.000770s ]

[ 2016-11-18T00:34:26+08:00 ] 127.0.0.1 /index.php/Admin/Right/alterIssue
INFO: [ app_begin ] --START--
INFO: Run Behavior\ReadHtmlCacheBehavior [ RunTime:0.002403s ]
INFO: [ app_begin ] --END-- [ RunTime:0.003533s ]
NOTIC: [8] Use of undefined constant issue - assumed 'issue' C:\wamp64\www\web\work\Admin\Controller\RightController.class.php 第 105 行.
SQL: SHOW COLUMNS FROM `issue` [ RunTime:0.0009s ]
SQL: SELECT * FROM `issue` WHERE ( id=19  )  [ RunTime:0.0004s ]
INFO: [ app_end ] --START--
INFO: Run Behavior\ShowPageTraceBehavior [ RunTime:0.000627s ]
INFO: [ app_end ] --END-- [ RunTime:0.000745s ]

[ 2016-11-18T00:34:28+08:00 ] 127.0.0.1 /index.php/Admin/Right/alterIssue/wid/
ERR: 1064:You have an error in your SQL syntax; check the manual that corresponds to your MySQL server version for the right syntax to use near ')' at line 1
 [ SQL语句 ] : SELECT * FROM `issue` WHERE ( id=  ) 

[ 2016-11-18T00:35:50+08:00 ] 127.0.0.1 /index.php/Admin/Right/alterIssue/wid/
ERR: 1064:You have an error in your SQL syntax; check the manual that corresponds to your MySQL server version for the right syntax to use near ')' at line 1
 [ SQL语句 ] : SELECT * FROM `issue` WHERE ( id=  ) 

[ 2016-11-18T00:35:55+08:00 ] 127.0.0.1 /index.php/Admin/Left/left
INFO: [ app_begin ] --START--
INFO: Run Behavior\ReadHtmlCacheBehavior [ RunTime:0.000526s ]
INFO: [ app_begin ] --END-- [ RunTime:0.000967s ]
INFO: [ view_parse ] --START--
INFO: [ template_filter ] --START--
INFO: Run Behavior\ContentReplaceBehavior [ RunTime:0.000080s ]
INFO: [ template_filter ] --END-- [ RunTime:0.000211s ]
INFO: Run Behavior\ParseTemplateBehavior [ RunTime:0.007627s ]
INFO: [ view_parse ] --END-- [ RunTime:0.007820s ]
INFO: [ view_filter ] --START--
INFO: Run Behavior\WriteHtmlCacheBehavior [ RunTime:0.000613s ]
INFO: [ view_filter ] --END-- [ RunTime:0.000762s ]
INFO: [ app_end ] --START--
INFO: Run Behavior\ShowPageTraceBehavior [ RunTime:0.000651s ]
INFO: [ app_end ] --END-- [ RunTime:0.000772s ]

[ 2016-11-18T00:35:56+08:00 ] 127.0.0.1 /index.php/Admin/Right/index
INFO: [ app_begin ] --START--
INFO: Run Behavior\ReadHtmlCacheBehavior [ RunTime:0.000766s ]
INFO: [ app_begin ] --END-- [ RunTime:0.001355s ]
NOTIC: [8] Use of undefined constant issue - assumed 'issue' C:\wamp64\www\web\work\Admin\Controller\RightController.class.php 第 8 行.
SQL: SHOW COLUMNS FROM `issue` [ RunTime:0.0013s ]
SQL: SELECT `id`,`title`,`issuetime` FROM `issue` WHERE ( cid=1 ) ORDER BY issuetime desc LIMIT 2   [ RunTime:0.0006s ]
NOTIC: [8] Use of undefined constant resume - assumed 'resume' C:\wamp64\www\web\work\Admin\Controller\RightController.class.php 第 13 行.
SQL: SHOW COLUMNS FROM `resume` [ RunTime:0.0009s ]
SQL: SHOW COLUMNS FROM `resume` [ RunTime:0.0009s ]
SQL: SELECT r.umsg,s.uname,s.uid FROM resume r INNER JOIN studentinfo s on s.uid = r.uid  WHERE ( r.wid=18 and ischack=0 and r.umsg!='' )  [ RunTime:0.0492s ]
SQL: SHOW COLUMNS FROM `resume` [ RunTime:0.0008s ]
SQL: SELECT s.usex,s.uname,s.uid,s.uschool FROM resume r INNER JOIN studentinfo s on s.uid = r.uid  WHERE ( r.wid=18 )  [ RunTime:0.0003s ]
SQL: SHOW COLUMNS FROM `resume` [ RunTime:0.0007s ]
SQL: SELECT r.umsg,s.uname,s.uid FROM resume r INNER JOIN studentinfo s on s.uid = r.uid  WHERE ( r.wid=19 and ischack=0 and r.umsg!='' )  [ RunTime:0.0008s ]
SQL: SHOW COLUMNS FROM `resume` [ RunTime:0.0010s ]
SQL: SELECT s.usex,s.uname,s.uid,s.uschool FROM resume r INNER JOIN studentinfo s on s.uid = r.uid  WHERE ( r.wid=19 )  [ RunTime:0.0004s ]
INFO: [ view_parse ] --START--
INFO: [ template_filter ] --START--
INFO: Run Behavior\ContentReplaceBehavior [ RunTime:0.000239s ]
INFO: [ template_filter ] --END-- [ RunTime:0.000406s ]
INFO: Run Behavior\ParseTemplateBehavior [ RunTime:0.093793s ]
INFO: [ view_parse ] --END-- [ RunTime:0.094005s ]
INFO: [ view_filter ] --START--
INFO: Run Behavior\WriteHtmlCacheBehavior [ RunTime:0.000499s ]
INFO: [ view_filter ] --END-- [ RunTime:0.000671s ]
INFO: [ app_end ] --START--
INFO: Run Behavior\ShowPageTraceBehavior [ RunTime:0.001018s ]
INFO: [ app_end ] --END-- [ RunTime:0.001282s ]

[ 2016-11-18T00:35:57+08:00 ] 127.0.0.1 /index.php/Admin/Right/alterIssue
INFO: [ app_begin ] --START--
INFO: Run Behavior\ReadHtmlCacheBehavior [ RunTime:0.000660s ]
INFO: [ app_begin ] --END-- [ RunTime:0.001262s ]
NOTIC: [8] Use of undefined constant issue - assumed 'issue' C:\wamp64\www\web\work\Admin\Controller\RightController.class.php 第 105 行.
SQL: SHOW COLUMNS FROM `issue` [ RunTime:0.0007s ]
SQL: SELECT * FROM `issue` WHERE ( id=19  )  [ RunTime:0.0005s ]
INFO: [ app_end ] --START--
INFO: Run Behavior\ShowPageTraceBehavior [ RunTime:0.001890s ]
INFO: [ app_end ] --END-- [ RunTime:0.002080s ]

[ 2016-11-18T00:35:58+08:00 ] 127.0.0.1 /index.php/Admin/Right/alterIssue/wid/
ERR: 1064:You have an error in your SQL syntax; check the manual that corresponds to your MySQL server version for the right syntax to use near ')' at line 1
 [ SQL语句 ] : SELECT * FROM `issue` WHERE ( id=  ) 

[ 2016-11-18T00:38:01+08:00 ] 127.0.0.1 /index.php/Admin/Left/left
INFO: [ app_begin ] --START--
INFO: Run Behavior\ReadHtmlCacheBehavior [ RunTime:0.000739s ]
INFO: [ app_begin ] --END-- [ RunTime:0.001416s ]
INFO: [ view_parse ] --START--
INFO: [ template_filter ] --START--
INFO: Run Behavior\ContentReplaceBehavior [ RunTime:0.000143s ]
INFO: [ template_filter ] --END-- [ RunTime:0.000360s ]
INFO: Run Behavior\ParseTemplateBehavior [ RunTime:0.012938s ]
INFO: [ view_parse ] --END-- [ RunTime:0.013143s ]
INFO: [ view_filter ] --START--
INFO: Run Behavior\WriteHtmlCacheBehavior [ RunTime:0.000695s ]
INFO: [ view_filter ] --END-- [ RunTime:0.000898s ]
INFO: [ app_end ] --START--
INFO: Run Behavior\ShowPageTraceBehavior [ RunTime:0.000970s ]
INFO: [ app_end ] --END-- [ RunTime:0.001178s ]

[ 2016-11-18T00:38:02+08:00 ] 127.0.0.1 /index.php/Admin/Right/index
INFO: [ app_begin ] --START--
INFO: Run Behavior\ReadHtmlCacheBehavior [ RunTime:0.000671s ]
INFO: [ app_begin ] --END-- [ RunTime:0.001258s ]
NOTIC: [8] Use of undefined constant issue - assumed 'issue' C:\wamp64\www\web\work\Admin\Controller\RightController.class.php 第 8 行.
SQL: SHOW COLUMNS FROM `issue` [ RunTime:0.0019s ]
SQL: SELECT `id`,`title`,`issuetime` FROM `issue` WHERE ( cid=1 ) ORDER BY issuetime desc LIMIT 2   [ RunTime:0.0008s ]
NOTIC: [8] Use of undefined constant resume - assumed 'resume' C:\wamp64\www\web\work\Admin\Controller\RightController.class.php 第 13 行.
SQL: SHOW COLUMNS FROM `resume` [ RunTime:0.0114s ]
SQL: SHOW COLUMNS FROM `resume` [ RunTime:0.0012s ]
SQL: SELECT r.umsg,s.uname,s.uid FROM resume r INNER JOIN studentinfo s on s.uid = r.uid  WHERE ( r.wid=18 and ischack=0 and r.umsg!='' )  [ RunTime:0.0007s ]
SQL: SHOW COLUMNS FROM `resume` [ RunTime:0.0011s ]
SQL: SELECT s.usex,s.uname,s.uid,s.uschool FROM resume r INNER JOIN studentinfo s on s.uid = r.uid  WHERE ( r.wid=18 )  [ RunTime:0.0005s ]
SQL: SHOW COLUMNS FROM `resume` [ RunTime:0.0007s ]
SQL: SELECT r.umsg,s.uname,s.uid FROM resume r INNER JOIN studentinfo s on s.uid = r.uid  WHERE ( r.wid=19 and ischack=0 and r.umsg!='' )  [ RunTime:0.0004s ]
SQL: SHOW COLUMNS FROM `resume` [ RunTime:0.0008s ]
SQL: SELECT s.usex,s.uname,s.uid,s.uschool FROM resume r INNER JOIN studentinfo s on s.uid = r.uid  WHERE ( r.wid=19 )  [ RunTime:0.0004s ]
INFO: [ view_parse ] --START--
INFO: [ template_filter ] --START--
INFO: Run Behavior\ContentReplaceBehavior [ RunTime:0.000292s ]
INFO: [ template_filter ] --END-- [ RunTime:0.000500s ]
INFO: Run Behavior\ParseTemplateBehavior [ RunTime:0.088850s ]
INFO: [ view_parse ] --END-- [ RunTime:0.089025s ]
INFO: [ view_filter ] --START--
INFO: Run Behavior\WriteHtmlCacheBehavior [ RunTime:0.000602s ]
INFO: [ view_filter ] --END-- [ RunTime:0.000767s ]
INFO: [ app_end ] --START--
INFO: Run Behavior\ShowPageTraceBehavior [ RunTime:0.001208s ]
INFO: [ app_end ] --END-- [ RunTime:0.001928s ]

[ 2016-11-18T00:38:03+08:00 ] 127.0.0.1 /index.php/Admin/Right/alterIssue
INFO: [ app_begin ] --START--
INFO: Run Behavior\ReadHtmlCacheBehavior [ RunTime:0.000746s ]
INFO: [ app_begin ] --END-- [ RunTime:0.001356s ]
NOTIC: [8] Use of undefined constant issue - assumed 'issue' C:\wamp64\www\web\work\Admin\Controller\RightController.class.php 第 105 行.
SQL: SHOW COLUMNS FROM `issue` [ RunTime:0.0013s ]
SQL: SELECT * FROM `issue` WHERE ( id=19  )  [ RunTime:0.0009s ]
INFO: [ app_end ] --START--
INFO: Run Behavior\ShowPageTraceBehavior [ RunTime:0.001102s ]
INFO: [ app_end ] --END-- [ RunTime:0.001453s ]

[ 2016-11-18T00:38:04+08:00 ] 127.0.0.1 /index.php/Admin/Right/alterIssue/wid/
ERR: 1064:You have an error in your SQL syntax; check the manual that corresponds to your MySQL server version for the right syntax to use near ')' at line 1
 [ SQL语句 ] : SELECT * FROM `issue` WHERE ( id=  ) 

[ 2016-11-18T00:38:12+08:00 ] 127.0.0.1 /index.php/Admin/Left/left
INFO: [ app_begin ] --START--
INFO: Run Behavior\ReadHtmlCacheBehavior [ RunTime:0.002195s ]
INFO: [ app_begin ] --END-- [ RunTime:0.003909s ]
INFO: [ view_parse ] --START--
INFO: [ template_filter ] --START--
INFO: Run Behavior\ContentReplaceBehavior [ RunTime:0.000146s ]
INFO: [ template_filter ] --END-- [ RunTime:0.000380s ]
INFO: Run Behavior\ParseTemplateBehavior [ RunTime:0.013451s ]
INFO: [ view_parse ] --END-- [ RunTime:0.013882s ]
INFO: [ view_filter ] --START--
INFO: Run Behavior\WriteHtmlCacheBehavior [ RunTime:0.001006s ]
INFO: [ view_filter ] --END-- [ RunTime:0.001218s ]
INFO: [ app_end ] --START--
INFO: Run Behavior\ShowPageTraceBehavior [ RunTime:0.000922s ]
INFO: [ app_end ] --END-- [ RunTime:0.001185s ]

[ 2016-11-18T00:38:13+08:00 ] 127.0.0.1 /index.php/Admin/Left/left
INFO: [ app_begin ] --START--
INFO: Run Behavior\ReadHtmlCacheBehavior [ RunTime:0.001367s ]
INFO: [ app_begin ] --END-- [ RunTime:0.002276s ]
INFO: [ view_parse ] --START--
INFO: [ template_filter ] --START--
INFO: Run Behavior\ContentReplaceBehavior [ RunTime:0.000080s ]
INFO: [ template_filter ] --END-- [ RunTime:0.000203s ]
INFO: Run Behavior\ParseTemplateBehavior [ RunTime:0.007350s ]
INFO: [ view_parse ] --END-- [ RunTime:0.007520s ]
INFO: [ view_filter ] --START--
INFO: Run Behavior\WriteHtmlCacheBehavior [ RunTime:0.000406s ]
INFO: [ view_filter ] --END-- [ RunTime:0.000515s ]
INFO: [ app_end ] --START--
INFO: Run Behavior\ShowPageTraceBehavior [ RunTime:0.000605s ]
INFO: [ app_end ] --END-- [ RunTime:0.000717s ]

[ 2016-11-18T00:38:15+08:00 ] 127.0.0.1 /index.php/Admin/Right/index
INFO: [ app_begin ] --START--
INFO: Run Behavior\ReadHtmlCacheBehavior [ RunTime:0.000819s ]
INFO: [ app_begin ] --END-- [ RunTime:0.001557s ]
NOTIC: [8] Use of undefined constant issue - assumed 'issue' C:\wamp64\www\web\work\Admin\Controller\RightController.class.php 第 8 行.
SQL: SHOW COLUMNS FROM `issue` [ RunTime:0.0010s ]
SQL: SELECT `id`,`title`,`issuetime` FROM `issue` WHERE ( cid=1 ) ORDER BY issuetime desc LIMIT 2   [ RunTime:0.0004s ]
NOTIC: [8] Use of undefined constant resume - assumed 'resume' C:\wamp64\www\web\work\Admin\Controller\RightController.class.php 第 13 行.
SQL: SHOW COLUMNS FROM `resume` [ RunTime:0.0007s ]
SQL: SHOW COLUMNS FROM `resume` [ RunTime:0.0006s ]
SQL: SELECT r.umsg,s.uname,s.uid FROM resume r INNER JOIN studentinfo s on s.uid = r.uid  WHERE ( r.wid=18 and ischack=0 and r.umsg!='' )  [ RunTime:0.0004s ]
SQL: SHOW COLUMNS FROM `resume` [ RunTime:0.0006s ]
SQL: SELECT s.usex,s.uname,s.uid,s.uschool FROM resume r INNER JOIN studentinfo s on s.uid = r.uid  WHERE ( r.wid=18 )  [ RunTime:0.0003s ]
SQL: SHOW COLUMNS FROM `resume` [ RunTime:0.0006s ]
SQL: SELECT r.umsg,s.uname,s.uid FROM resume r INNER JOIN studentinfo s on s.uid = r.uid  WHERE ( r.wid=19 and ischack=0 and r.umsg!='' )  [ RunTime:0.0006s ]
SQL: SHOW COLUMNS FROM `resume` [ RunTime:0.0012s ]
SQL: SELECT s.usex,s.uname,s.uid,s.uschool FROM resume r INNER JOIN studentinfo s on s.uid = r.uid  WHERE ( r.wid=19 )  [ RunTime:0.0005s ]
INFO: [ view_parse ] --START--
INFO: [ template_filter ] --START--
INFO: Run Behavior\ContentReplaceBehavior [ RunTime:0.000173s ]
INFO: [ template_filter ] --END-- [ RunTime:0.000300s ]
INFO: Run Behavior\ParseTemplateBehavior [ RunTime:0.057780s ]
INFO: [ view_parse ] --END-- [ RunTime:0.057956s ]
INFO: [ view_filter ] --START--
INFO: Run Behavior\WriteHtmlCacheBehavior [ RunTime:0.000321s ]
INFO: [ view_filter ] --END-- [ RunTime:0.000429s ]
INFO: [ app_end ] --START--
INFO: Run Behavior\ShowPageTraceBehavior [ RunTime:0.000889s ]
INFO: [ app_end ] --END-- [ RunTime:0.001066s ]

[ 2016-11-18T00:38:16+08:00 ] 127.0.0.1 /index.php/Admin/Right/alterIssue
INFO: [ app_begin ] --START--
INFO: Run Behavior\ReadHtmlCacheBehavior [ RunTime:0.000829s ]
INFO: [ app_begin ] --END-- [ RunTime:0.001551s ]
NOTIC: [8] Use of undefined constant issue - assumed 'issue' C:\wamp64\www\web\work\Admin\Controller\RightController.class.php 第 105 行.
SQL: SHOW COLUMNS FROM `issue` [ RunTime:0.0019s ]
SQL: SELECT * FROM `issue` WHERE ( id=19  )  [ RunTime:0.0005s ]
INFO: [ app_end ] --START--
INFO: Run Behavior\ShowPageTraceBehavior [ RunTime:0.001514s ]
INFO: [ app_end ] --END-- [ RunTime:0.001669s ]

[ 2016-11-18T00:38:17+08:00 ] 127.0.0.1 /index.php/Admin/Right/alterIssue/wid/
ERR: 1064:You have an error in your SQL syntax; check the manual that corresponds to your MySQL server version for the right syntax to use near ')' at line 1
 [ SQL语句 ] : SELECT * FROM `issue` WHERE ( id=  ) 

[ 2016-11-18T00:38:20+08:00 ] 127.0.0.1 /index.php/Admin/Right/alterIssue/wid/
ERR: 1064:You have an error in your SQL syntax; check the manual that corresponds to your MySQL server version for the right syntax to use near ')' at line 1
 [ SQL语句 ] : SELECT * FROM `issue` WHERE ( id=  ) 

[ 2016-11-18T00:39:55+08:00 ] 127.0.0.1 /index.php/Admin/Right/alterIssue/wid/
ERR: 1064:You have an error in your SQL syntax; check the manual that corresponds to your MySQL server version for the right syntax to use near ')' at line 1
 [ SQL语句 ] : SELECT * FROM `issue` WHERE ( id=  ) 

[ 2016-11-18T00:40:00+08:00 ] 127.0.0.1 /index.php/Admin/Left/left
INFO: [ app_begin ] --START--
INFO: Run Behavior\ReadHtmlCacheBehavior [ RunTime:0.000552s ]
INFO: [ app_begin ] --END-- [ RunTime:0.001021s ]
INFO: [ view_parse ] --START--
INFO: [ template_filter ] --START--
INFO: Run Behavior\ContentReplaceBehavior [ RunTime:0.000746s ]
INFO: [ template_filter ] --END-- [ RunTime:0.001095s ]
INFO: Run Behavior\ParseTemplateBehavior [ RunTime:0.013670s ]
INFO: [ view_parse ] --END-- [ RunTime:0.013923s ]
INFO: [ view_filter ] --START--
INFO: Run Behavior\WriteHtmlCacheBehavior [ RunTime:0.000642s ]
INFO: [ view_filter ] --END-- [ RunTime:0.000870s ]
INFO: [ app_end ] --START--
INFO: Run Behavior\ShowPageTraceBehavior [ RunTime:0.001017s ]
INFO: [ app_end ] --END-- [ RunTime:0.001249s ]

[ 2016-11-18T00:40:01+08:00 ] 127.0.0.1 /index.php/Admin/Right/index
INFO: [ app_begin ] --START--
INFO: Run Behavior\ReadHtmlCacheBehavior [ RunTime:0.001194s ]
INFO: [ app_begin ] --END-- [ RunTime:0.002046s ]
NOTIC: [8] Use of undefined constant issue - assumed 'issue' C:\wamp64\www\web\work\Admin\Controller\RightController.class.php 第 8 行.
SQL: SHOW COLUMNS FROM `issue` [ RunTime:0.0016s ]
SQL: SELECT `id`,`title`,`issuetime` FROM `issue` WHERE ( cid=1 ) ORDER BY issuetime desc LIMIT 2   [ RunTime:0.0007s ]
NOTIC: [8] Use of undefined constant resume - assumed 'resume' C:\wamp64\www\web\work\Admin\Controller\RightController.class.php 第 13 行.
SQL: SHOW COLUMNS FROM `resume` [ RunTime:0.0020s ]
SQL: SHOW COLUMNS FROM `resume` [ RunTime:0.0010s ]
SQL: SELECT r.umsg,s.uname,s.uid FROM resume r INNER JOIN studentinfo s on s.uid = r.uid  WHERE ( r.wid=18 and ischack=0 and r.umsg!='' )  [ RunTime:0.0009s ]
SQL: SHOW COLUMNS FROM `resume` [ RunTime:0.0013s ]
SQL: SELECT s.usex,s.uname,s.uid,s.uschool FROM resume r INNER JOIN studentinfo s on s.uid = r.uid  WHERE ( r.wid=18 )  [ RunTime:0.0006s ]
SQL: SHOW COLUMNS FROM `resume` [ RunTime:0.0010s ]
SQL: SELECT r.umsg,s.uname,s.uid FROM resume r INNER JOIN studentinfo s on s.uid = r.uid  WHERE ( r.wid=19 and ischack=0 and r.umsg!='' )  [ RunTime:0.0006s ]
SQL: SHOW COLUMNS FROM `resume` [ RunTime:0.0009s ]
SQL: SELECT s.usex,s.uname,s.uid,s.uschool FROM resume r INNER JOIN studentinfo s on s.uid = r.uid  WHERE ( r.wid=19 )  [ RunTime:0.0005s ]
INFO: [ view_parse ] --START--
INFO: [ template_filter ] --START--
INFO: Run Behavior\ContentReplaceBehavior [ RunTime:0.000163s ]
INFO: [ template_filter ] --END-- [ RunTime:0.000293s ]
INFO: Run Behavior\ParseTemplateBehavior [ RunTime:0.087092s ]
INFO: [ view_parse ] --END-- [ RunTime:0.087367s ]
INFO: [ view_filter ] --START--
INFO: Run Behavior\WriteHtmlCacheBehavior [ RunTime:0.000524s ]
INFO: [ view_filter ] --END-- [ RunTime:0.000725s ]
INFO: [ app_end ] --START--
INFO: Run Behavior\ShowPageTraceBehavior [ RunTime:0.001278s ]
INFO: [ app_end ] --END-- [ RunTime:0.001473s ]

[ 2016-11-18T00:40:02+08:00 ] 127.0.0.1 /index.php/Admin/Right/alterIssue
INFO: [ app_begin ] --START--
INFO: Run Behavior\ReadHtmlCacheBehavior [ RunTime:0.000816s ]
INFO: [ app_begin ] --END-- [ RunTime:0.001528s ]
NOTIC: [8] Use of undefined constant issue - assumed 'issue' C:\wamp64\www\web\work\Admin\Controller\RightController.class.php 第 105 行.
SQL: SHOW COLUMNS FROM `issue` [ RunTime:0.0011s ]
SQL: SELECT * FROM `issue` WHERE ( id=19  )  [ RunTime:0.0007s ]
INFO: [ app_end ] --START--
INFO: Run Behavior\ShowPageTraceBehavior [ RunTime:0.001105s ]
INFO: [ app_end ] --END-- [ RunTime:0.001311s ]

[ 2016-11-18T00:40:03+08:00 ] 127.0.0.1 /index.php/Admin/Right/alterIssue
ERR: 1064:You have an error in your SQL syntax; check the manual that corresponds to your MySQL server version for the right syntax to use near ')' at line 1
 [ SQL语句 ] : SELECT * FROM `issue` WHERE ( id=  ) 

[ 2016-11-18T00:41:00+08:00 ] 127.0.0.1 /index.php/Admin/Left/left
INFO: [ app_begin ] --START--
INFO: Run Behavior\ReadHtmlCacheBehavior [ RunTime:0.001412s ]
INFO: [ app_begin ] --END-- [ RunTime:0.002426s ]
INFO: [ view_parse ] --START--
INFO: [ template_filter ] --START--
INFO: Run Behavior\ContentReplaceBehavior [ RunTime:0.000096s ]
INFO: [ template_filter ] --END-- [ RunTime:0.000204s ]
INFO: Run Behavior\ParseTemplateBehavior [ RunTime:0.006441s ]
INFO: [ view_parse ] --END-- [ RunTime:0.006572s ]
INFO: [ view_filter ] --START--
INFO: Run Behavior\WriteHtmlCacheBehavior [ RunTime:0.000479s ]
INFO: [ view_filter ] --END-- [ RunTime:0.000587s ]
INFO: [ app_end ] --START--
INFO: Run Behavior\ShowPageTraceBehavior [ RunTime:0.000625s ]
INFO: [ app_end ] --END-- [ RunTime:0.000744s ]

[ 2016-11-18T00:41:01+08:00 ] 127.0.0.1 /index.php/Admin/Right/index
INFO: [ app_begin ] --START--
INFO: Run Behavior\ReadHtmlCacheBehavior [ RunTime:0.000550s ]
INFO: [ app_begin ] --END-- [ RunTime:0.000999s ]
NOTIC: [8] Use of undefined constant issue - assumed 'issue' C:\wamp64\www\web\work\Admin\Controller\RightController.class.php 第 8 行.
SQL: SHOW COLUMNS FROM `issue` [ RunTime:0.0409s ]
SQL: SELECT `id`,`title`,`issuetime` FROM `issue` WHERE ( cid=1 ) ORDER BY issuetime desc LIMIT 2   [ RunTime:0.0004s ]
NOTIC: [8] Use of undefined constant resume - assumed 'resume' C:\wamp64\www\web\work\Admin\Controller\RightController.class.php 第 13 行.
SQL: SHOW COLUMNS FROM `resume` [ RunTime:0.0005s ]
SQL: SHOW COLUMNS FROM `resume` [ RunTime:0.0005s ]
SQL: SELECT r.umsg,s.uname,s.uid FROM resume r INNER JOIN studentinfo s on s.uid = r.uid  WHERE ( r.wid=18 and ischack=0 and r.umsg!='' )  [ RunTime:0.0004s ]
SQL: SHOW COLUMNS FROM `resume` [ RunTime:0.0005s ]
SQL: SELECT s.usex,s.uname,s.uid,s.uschool FROM resume r INNER JOIN studentinfo s on s.uid = r.uid  WHERE ( r.wid=18 )  [ RunTime:0.0003s ]
SQL: SHOW COLUMNS FROM `resume` [ RunTime:0.0005s ]
SQL: SELECT r.umsg,s.uname,s.uid FROM resume r INNER JOIN studentinfo s on s.uid = r.uid  WHERE ( r.wid=19 and ischack=0 and r.umsg!='' )  [ RunTime:0.0003s ]
SQL: SHOW COLUMNS FROM `resume` [ RunTime:0.0005s ]
SQL: SELECT s.usex,s.uname,s.uid,s.uschool FROM resume r INNER JOIN studentinfo s on s.uid = r.uid  WHERE ( r.wid=19 )  [ RunTime:0.0003s ]
INFO: [ view_parse ] --START--
INFO: [ template_filter ] --START--
INFO: Run Behavior\ContentReplaceBehavior [ RunTime:0.000184s ]
INFO: [ template_filter ] --END-- [ RunTime:0.000461s ]
INFO: Run Behavior\ParseTemplateBehavior [ RunTime:0.091078s ]
INFO: [ view_parse ] --END-- [ RunTime:0.091234s ]
INFO: [ view_filter ] --START--
INFO: Run Behavior\WriteHtmlCacheBehavior [ RunTime:0.000361s ]
INFO: [ view_filter ] --END-- [ RunTime:0.000492s ]
INFO: [ app_end ] --START--
INFO: Run Behavior\ShowPageTraceBehavior [ RunTime:0.001137s ]
INFO: [ app_end ] --END-- [ RunTime:0.001420s ]

[ 2016-11-18T00:41:02+08:00 ] 127.0.0.1 /index.php/Admin/Right/alterIssue
INFO: [ app_begin ] --START--
INFO: Run Behavior\ReadHtmlCacheBehavior [ RunTime:0.000669s ]
INFO: [ app_begin ] --END-- [ RunTime:0.001321s ]
NOTIC: [8] Use of undefined constant issue - assumed 'issue' C:\wamp64\www\web\work\Admin\Controller\RightController.class.php 第 105 行.
SQL: SHOW COLUMNS FROM `issue` [ RunTime:0.0013s ]
SQL: SELECT * FROM `issue` WHERE ( id=19  )  [ RunTime:0.0006s ]
INFO: [ app_end ] --START--
INFO: Run Behavior\ShowPageTraceBehavior [ RunTime:0.001244s ]
INFO: [ app_end ] --END-- [ RunTime:0.001510s ]

[ 2016-11-18T00:41:05+08:00 ] 127.0.0.1 /index.php/Admin/Right/update
ERR: 非法操作:update

[ 2016-11-18T00:41:23+08:00 ] 127.0.0.1 /index.php/Admin/Right/update
ERR: 非法操作:update

[ 2016-11-18T00:41:24+08:00 ] 127.0.0.1 /index.php/Admin/Left/left
INFO: [ app_begin ] --START--
INFO: Run Behavior\ReadHtmlCacheBehavior [ RunTime:0.000625s ]
INFO: [ app_begin ] --END-- [ RunTime:0.001153s ]
INFO: [ view_parse ] --START--
INFO: [ template_filter ] --START--
INFO: Run Behavior\ContentReplaceBehavior [ RunTime:0.000079s ]
INFO: [ template_filter ] --END-- [ RunTime:0.000204s ]
INFO: Run Behavior\ParseTemplateBehavior [ RunTime:0.006656s ]
INFO: [ view_parse ] --END-- [ RunTime:0.006787s ]
INFO: [ view_filter ] --START--
INFO: Run Behavior\WriteHtmlCacheBehavior [ RunTime:0.000305s ]
INFO: [ view_filter ] --END-- [ RunTime:0.000410s ]
INFO: [ app_end ] --START--
INFO: Run Behavior\ShowPageTraceBehavior [ RunTime:0.000740s ]
INFO: [ app_end ] --END-- [ RunTime:0.000901s ]

[ 2016-11-18T00:41:26+08:00 ] 127.0.0.1 /index.php/Admin/Right/index
INFO: [ app_begin ] --START--
INFO: Run Behavior\ReadHtmlCacheBehavior [ RunTime:0.000879s ]
INFO: [ app_begin ] --END-- [ RunTime:0.001576s ]
NOTIC: [8] Use of undefined constant issue - assumed 'issue' C:\wamp64\www\web\work\Admin\Controller\RightController.class.php 第 8 行.
SQL: SHOW COLUMNS FROM `issue` [ RunTime:0.0008s ]
SQL: SELECT `id`,`title`,`issuetime` FROM `issue` WHERE ( cid=1 ) ORDER BY issuetime desc LIMIT 2   [ RunTime:0.0004s ]
NOTIC: [8] Use of undefined constant resume - assumed 'resume' C:\wamp64\www\web\work\Admin\Controller\RightController.class.php 第 13 行.
SQL: SHOW COLUMNS FROM `resume` [ RunTime:0.0006s ]
SQL: SHOW COLUMNS FROM `resume` [ RunTime:0.0005s ]
SQL: SELECT r.umsg,s.uname,s.uid FROM resume r INNER JOIN studentinfo s on s.uid = r.uid  WHERE ( r.wid=18 and ischack=0 and r.umsg!='' )  [ RunTime:0.0004s ]
SQL: SHOW COLUMNS FROM `resume` [ RunTime:0.0005s ]
SQL: SELECT s.usex,s.uname,s.uid,s.uschool FROM resume r INNER JOIN studentinfo s on s.uid = r.uid  WHERE ( r.wid=18 )  [ RunTime:0.0003s ]
SQL: SHOW COLUMNS FROM `resume` [ RunTime:0.0006s ]
SQL: SELECT r.umsg,s.uname,s.uid FROM resume r INNER JOIN studentinfo s on s.uid = r.uid  WHERE ( r.wid=19 and ischack=0 and r.umsg!='' )  [ RunTime:0.0003s ]
SQL: SHOW COLUMNS FROM `resume` [ RunTime:0.0005s ]
SQL: SELECT s.usex,s.uname,s.uid,s.uschool FROM resume r INNER JOIN studentinfo s on s.uid = r.uid  WHERE ( r.wid=19 )  [ RunTime:0.0003s ]
INFO: [ view_parse ] --START--
INFO: [ template_filter ] --START--
INFO: Run Behavior\ContentReplaceBehavior [ RunTime:0.000139s ]
INFO: [ template_filter ] --END-- [ RunTime:0.000275s ]
INFO: Run Behavior\ParseTemplateBehavior [ RunTime:0.077967s ]
INFO: [ view_parse ] --END-- [ RunTime:0.078127s ]
INFO: [ view_filter ] --START--
INFO: Run Behavior\WriteHtmlCacheBehavior [ RunTime:0.000324s ]
INFO: [ view_filter ] --END-- [ RunTime:0.000431s ]
INFO: [ app_end ] --START--
INFO: Run Behavior\ShowPageTraceBehavior [ RunTime:0.001208s ]
INFO: [ app_end ] --END-- [ RunTime:0.001437s ]

[ 2016-11-18T00:41:27+08:00 ] 127.0.0.1 /index.php/Admin/Right/alterIssue
INFO: [ app_begin ] --START--
INFO: Run Behavior\ReadHtmlCacheBehavior [ RunTime:0.000657s ]
INFO: [ app_begin ] --END-- [ RunTime:0.001194s ]
NOTIC: [8] Use of undefined constant issue - assumed 'issue' C:\wamp64\www\web\work\Admin\Controller\RightController.class.php 第 105 行.
SQL: SHOW COLUMNS FROM `issue` [ RunTime:0.0011s ]
SQL: SELECT * FROM `issue` WHERE ( id=19  )  [ RunTime:0.0007s ]
INFO: [ app_end ] --START--
INFO: Run Behavior\ShowPageTraceBehavior [ RunTime:0.001919s ]
INFO: [ app_end ] --END-- [ RunTime:0.002131s ]

[ 2016-11-18T00:41:30+08:00 ] 127.0.0.1 /index.php/Admin/Right/update
ERR: 非法操作:update

[ 2016-11-18T00:41:51+08:00 ] 127.0.0.1 /index.php/Admin/Right/update
ERR: 非法操作:update

[ 2016-11-18T00:41:52+08:00 ] 127.0.0.1 /index.php/Admin/Left/left
INFO: [ app_begin ] --START--
INFO: Run Behavior\ReadHtmlCacheBehavior [ RunTime:0.000540s ]
INFO: [ app_begin ] --END-- [ RunTime:0.000963s ]
INFO: [ view_parse ] --START--
INFO: [ template_filter ] --START--
INFO: Run Behavior\ContentReplaceBehavior [ RunTime:0.000098s ]
INFO: [ template_filter ] --END-- [ RunTime:0.000224s ]
INFO: Run Behavior\ParseTemplateBehavior [ RunTime:0.007883s ]
INFO: [ view_parse ] --END-- [ RunTime:0.008067s ]
INFO: [ view_filter ] --START--
INFO: Run Behavior\WriteHtmlCacheBehavior [ RunTime:0.000314s ]
INFO: [ view_filter ] --END-- [ RunTime:0.000420s ]
INFO: [ app_end ] --START--
INFO: Run Behavior\ShowPageTraceBehavior [ RunTime:0.000522s ]
INFO: [ app_end ] --END-- [ RunTime:0.000634s ]

[ 2016-11-18T00:41:53+08:00 ] 127.0.0.1 /index.php/Admin/Right/index
INFO: [ app_begin ] --START--
INFO: Run Behavior\ReadHtmlCacheBehavior [ RunTime:0.000536s ]
INFO: [ app_begin ] --END-- [ RunTime:0.000955s ]
NOTIC: [8] Use of undefined constant issue - assumed 'issue' C:\wamp64\www\web\work\Admin\Controller\RightController.class.php 第 8 行.
SQL: SHOW COLUMNS FROM `issue` [ RunTime:0.0015s ]
SQL: SELECT `id`,`title`,`issuetime` FROM `issue` WHERE ( cid=1 ) ORDER BY issuetime desc LIMIT 2   [ RunTime:0.0006s ]
NOTIC: [8] Use of undefined constant resume - assumed 'resume' C:\wamp64\www\web\work\Admin\Controller\RightController.class.php 第 13 行.
SQL: SHOW COLUMNS FROM `resume` [ RunTime:0.0009s ]
SQL: SHOW COLUMNS FROM `resume` [ RunTime:0.0011s ]
SQL: SELECT r.umsg,s.uname,s.uid FROM resume r INNER JOIN studentinfo s on s.uid = r.uid  WHERE ( r.wid=18 and ischack=0 and r.umsg!='' )  [ RunTime:0.0006s ]
SQL: SHOW COLUMNS FROM `resume` [ RunTime:0.0010s ]
SQL: SELECT s.usex,s.uname,s.uid,s.uschool FROM resume r INNER JOIN studentinfo s on s.uid = r.uid  WHERE ( r.wid=18 )  [ RunTime:0.0006s ]
SQL: SHOW COLUMNS FROM `resume` [ RunTime:0.0010s ]
SQL: SELECT r.umsg,s.uname,s.uid FROM resume r INNER JOIN studentinfo s on s.uid = r.uid  WHERE ( r.wid=19 and ischack=0 and r.umsg!='' )  [ RunTime:0.0008s ]
SQL: SHOW COLUMNS FROM `resume` [ RunTime:0.0013s ]
SQL: SELECT s.usex,s.uname,s.uid,s.uschool FROM resume r INNER JOIN studentinfo s on s.uid = r.uid  WHERE ( r.wid=19 )  [ RunTime:0.0007s ]
INFO: [ view_parse ] --START--
INFO: [ template_filter ] --START--
INFO: Run Behavior\ContentReplaceBehavior [ RunTime:0.000273s ]
INFO: [ template_filter ] --END-- [ RunTime:0.000483s ]
INFO: Run Behavior\ParseTemplateBehavior [ RunTime:0.085386s ]
INFO: [ view_parse ] --END-- [ RunTime:0.085638s ]
INFO: [ view_filter ] --START--
INFO: Run Behavior\WriteHtmlCacheBehavior [ RunTime:0.000603s ]
INFO: [ view_filter ] --END-- [ RunTime:0.000811s ]
INFO: [ app_end ] --START--
INFO: Run Behavior\ShowPageTraceBehavior [ RunTime:0.000929s ]
INFO: [ app_end ] --END-- [ RunTime:0.001117s ]

[ 2016-11-18T00:41:56+08:00 ] 127.0.0.1 /index.php/Admin/Right/alterIssue
INFO: [ app_begin ] --START--
INFO: Run Behavior\ReadHtmlCacheBehavior [ RunTime:0.000651s ]
INFO: [ app_begin ] --END-- [ RunTime:0.001193s ]
NOTIC: [8] Use of undefined constant issue - assumed 'issue' C:\wamp64\www\web\work\Admin\Controller\RightController.class.php 第 105 行.
SQL: SHOW COLUMNS FROM `issue` [ RunTime:0.0013s ]
SQL: SELECT * FROM `issue` WHERE ( id=19  )  [ RunTime:0.0004s ]
INFO: [ app_end ] --START--
INFO: Run Behavior\ShowPageTraceBehavior [ RunTime:0.000935s ]
INFO: [ app_end ] --END-- [ RunTime:0.001100s ]

[ 2016-11-18T00:41:57+08:00 ] 127.0.0.1 /index.php/Admin/Right/update
ERR: 非法操作:update

[ 2016-11-18T00:46:11+08:00 ] 127.0.0.1 /index.php/Admin/Right/update
ERR: 非法操作:update

[ 2016-11-18T00:46:11+08:00 ] 127.0.0.1 /index.php/Admin/Right/update
ERR: 非法操作:update

[ 2016-11-18T00:46:11+08:00 ] 127.0.0.1 /index.php/Admin/Right/update
ERR: 非法操作:update

[ 2016-11-18T00:46:12+08:00 ] 127.0.0.1 /index.php/Admin/Left/left
INFO: [ app_begin ] --START--
INFO: Run Behavior\ReadHtmlCacheBehavior [ RunTime:0.000762s ]
INFO: [ app_begin ] --END-- [ RunTime:0.001457s ]
INFO: [ view_parse ] --START--
INFO: [ template_filter ] --START--
INFO: Run Behavior\ContentReplaceBehavior [ RunTime:0.000080s ]
INFO: [ template_filter ] --END-- [ RunTime:0.000206s ]
INFO: Run Behavior\ParseTemplateBehavior [ RunTime:0.008184s ]
INFO: [ view_parse ] --END-- [ RunTime:0.008320s ]
INFO: [ view_filter ] --START--
INFO: Run Behavior\WriteHtmlCacheBehavior [ RunTime:0.000404s ]
INFO: [ view_filter ] --END-- [ RunTime:0.000512s ]
INFO: [ app_end ] --START--
INFO: Run Behavior\ShowPageTraceBehavior [ RunTime:0.000601s ]
INFO: [ app_end ] --END-- [ RunTime:0.000715s ]

[ 2016-11-18T00:46:13+08:00 ] 127.0.0.1 /index.php/Admin/Right/index
INFO: [ app_begin ] --START--
INFO: Run Behavior\ReadHtmlCacheBehavior [ RunTime:0.000571s ]
INFO: [ app_begin ] --END-- [ RunTime:0.001005s ]
NOTIC: [8] Use of undefined constant issue - assumed 'issue' C:\wamp64\www\web\work\Admin\Controller\RightController.class.php 第 8 行.
SQL: SHOW COLUMNS FROM `issue` [ RunTime:0.0013s ]
SQL: SELECT `id`,`title`,`issuetime` FROM `issue` WHERE ( cid=1 ) ORDER BY issuetime desc LIMIT 2   [ RunTime:0.0006s ]
NOTIC: [8] Use of undefined constant resume - assumed 'resume' C:\wamp64\www\web\work\Admin\Controller\RightController.class.php 第 13 行.
SQL: SHOW COLUMNS FROM `resume` [ RunTime:0.0009s ]
SQL: SHOW COLUMNS FROM `resume` [ RunTime:0.0008s ]
SQL: SELECT r.umsg,s.uname,s.uid FROM resume r INNER JOIN studentinfo s on s.uid = r.uid  WHERE ( r.wid=18 and ischack=0 and r.umsg!='' )  [ RunTime:0.0007s ]
SQL: SHOW COLUMNS FROM `resume` [ RunTime:0.0091s ]
SQL: SELECT s.usex,s.uname,s.uid,s.uschool FROM resume r INNER JOIN studentinfo s on s.uid = r.uid  WHERE ( r.wid=18 )  [ RunTime:0.0008s ]
SQL: SHOW COLUMNS FROM `resume` [ RunTime:0.0012s ]
SQL: SELECT r.umsg,s.uname,s.uid FROM resume r INNER JOIN studentinfo s on s.uid = r.uid  WHERE ( r.wid=19 and ischack=0 and r.umsg!='' )  [ RunTime:0.0005s ]
SQL: SHOW COLUMNS FROM `resume` [ RunTime:0.0007s ]
SQL: SELECT s.usex,s.uname,s.uid,s.uschool FROM resume r INNER JOIN studentinfo s on s.uid = r.uid  WHERE ( r.wid=19 )  [ RunTime:0.0004s ]
INFO: [ view_parse ] --START--
INFO: [ template_filter ] --START--
INFO: Run Behavior\ContentReplaceBehavior [ RunTime:0.000275s ]
INFO: [ template_filter ] --END-- [ RunTime:0.000480s ]
INFO: Run Behavior\ParseTemplateBehavior [ RunTime:0.090828s ]
INFO: [ view_parse ] --END-- [ RunTime:0.091058s ]
INFO: [ view_filter ] --START--
INFO: Run Behavior\WriteHtmlCacheBehavior [ RunTime:0.000626s ]
INFO: [ view_filter ] --END-- [ RunTime:0.000902s ]
INFO: [ app_end ] --START--
INFO: Run Behavior\ShowPageTraceBehavior [ RunTime:0.001481s ]
INFO: [ app_end ] --END-- [ RunTime:0.001710s ]

[ 2016-11-18T00:46:14+08:00 ] 127.0.0.1 /index.php/Admin/Right/alterIssue
INFO: [ app_begin ] --START--
INFO: Run Behavior\ReadHtmlCacheBehavior [ RunTime:0.000629s ]
INFO: [ app_begin ] --END-- [ RunTime:0.001181s ]
NOTIC: [8] Use of undefined constant issue - assumed 'issue' C:\wamp64\www\web\work\Admin\Controller\RightController.class.php 第 105 行.
SQL: SHOW COLUMNS FROM `issue` [ RunTime:0.0013s ]
SQL: SELECT * FROM `issue` WHERE ( id=19  )  [ RunTime:0.0006s ]
INFO: [ app_end ] --START--
INFO: Run Behavior\ShowPageTraceBehavior [ RunTime:0.001106s ]
INFO: [ app_end ] --END-- [ RunTime:0.001345s ]

[ 2016-11-18T00:46:29+08:00 ] 127.0.0.1 /index.php/Admin/Left/left
INFO: [ app_begin ] --START--
INFO: Run Behavior\ReadHtmlCacheBehavior [ RunTime:0.000599s ]
INFO: [ app_begin ] --END-- [ RunTime:0.000999s ]
INFO: [ view_parse ] --START--
INFO: [ template_filter ] --START--
INFO: Run Behavior\ContentReplaceBehavior [ RunTime:0.000080s ]
INFO: [ template_filter ] --END-- [ RunTime:0.000214s ]
INFO: Run Behavior\ParseTemplateBehavior [ RunTime:0.007445s ]
INFO: [ view_parse ] --END-- [ RunTime:0.007607s ]
INFO: [ view_filter ] --START--
INFO: Run Behavior\WriteHtmlCacheBehavior [ RunTime:0.000429s ]
INFO: [ view_filter ] --END-- [ RunTime:0.000614s ]
INFO: [ app_end ] --START--
INFO: Run Behavior\ShowPageTraceBehavior [ RunTime:0.000798s ]
INFO: [ app_end ] --END-- [ RunTime:0.000924s ]

[ 2016-11-18T00:46:30+08:00 ] 127.0.0.1 /index.php/Admin/Right/index
INFO: [ app_begin ] --START--
INFO: Run Behavior\ReadHtmlCacheBehavior [ RunTime:0.000461s ]
INFO: [ app_begin ] --END-- [ RunTime:0.000866s ]
NOTIC: [8] Use of undefined constant issue - assumed 'issue' C:\wamp64\www\web\work\Admin\Controller\RightController.class.php 第 8 行.
SQL: SHOW COLUMNS FROM `issue` [ RunTime:0.0008s ]
SQL: SELECT `id`,`title`,`issuetime` FROM `issue` WHERE ( cid=1 ) ORDER BY issuetime desc LIMIT 2   [ RunTime:0.0004s ]
NOTIC: [8] Use of undefined constant resume - assumed 'resume' C:\wamp64\www\web\work\Admin\Controller\RightController.class.php 第 13 行.
SQL: SHOW COLUMNS FROM `resume` [ RunTime:0.0006s ]
SQL: SHOW COLUMNS FROM `resume` [ RunTime:0.0005s ]
SQL: SELECT r.umsg,s.uname,s.uid FROM resume r INNER JOIN studentinfo s on s.uid = r.uid  WHERE ( r.wid=18 and ischack=0 and r.umsg!='' )  [ RunTime:0.0004s ]
SQL: SHOW COLUMNS FROM `resume` [ RunTime:0.0006s ]
SQL: SELECT s.usex,s.uname,s.uid,s.uschool FROM resume r INNER JOIN studentinfo s on s.uid = r.uid  WHERE ( r.wid=18 )  [ RunTime:0.0003s ]
SQL: SHOW COLUMNS FROM `resume` [ RunTime:0.0006s ]
SQL: SELECT r.umsg,s.uname,s.uid FROM resume r INNER JOIN studentinfo s on s.uid = r.uid  WHERE ( r.wid=19 and ischack=0 and r.umsg!='' )  [ RunTime:0.0003s ]
SQL: SHOW COLUMNS FROM `resume` [ RunTime:0.0005s ]
SQL: SELECT s.usex,s.uname,s.uid,s.uschool FROM resume r INNER JOIN studentinfo s on s.uid = r.uid  WHERE ( r.wid=19 )  [ RunTime:0.0003s ]
INFO: [ view_parse ] --START--
INFO: [ template_filter ] --START--
INFO: Run Behavior\ContentReplaceBehavior [ RunTime:0.000143s ]
INFO: [ template_filter ] --END-- [ RunTime:0.000255s ]
INFO: Run Behavior\ParseTemplateBehavior [ RunTime:0.058824s ]
INFO: [ view_parse ] --END-- [ RunTime:0.058966s ]
INFO: [ view_filter ] --START--
INFO: Run Behavior\WriteHtmlCacheBehavior [ RunTime:0.000328s ]
INFO: [ view_filter ] --END-- [ RunTime:0.000436s ]
INFO: [ app_end ] --START--
INFO: Run Behavior\ShowPageTraceBehavior [ RunTime:0.000695s ]
INFO: [ app_end ] --END-- [ RunTime:0.000827s ]

[ 2016-11-18T00:46:31+08:00 ] 127.0.0.1 /index.php/Admin/Right/alterIssue
INFO: [ app_begin ] --START--
INFO: Run Behavior\ReadHtmlCacheBehavior [ RunTime:0.000653s ]
INFO: [ app_begin ] --END-- [ RunTime:0.001270s ]
NOTIC: [8] Use of undefined constant issue - assumed 'issue' C:\wamp64\www\web\work\Admin\Controller\RightController.class.php 第 105 行.
SQL: SHOW COLUMNS FROM `issue` [ RunTime:0.0008s ]
SQL: SELECT * FROM `issue` WHERE ( id=19  )  [ RunTime:0.0004s ]
INFO: [ app_end ] --START--
INFO: Run Behavior\ShowPageTraceBehavior [ RunTime:0.000581s ]
INFO: [ app_end ] --END-- [ RunTime:0.000696s ]

[ 2016-11-18T00:46:32+08:00 ] 127.0.0.1 /index.php/Admin/Right/update
ERR: 非法操作:update

[ 2016-11-18T00:47:26+08:00 ] 127.0.0.1 /index.php/Admin/Right/update
ERR: 非法操作:update

[ 2016-11-18T00:47:27+08:00 ] 127.0.0.1 /index.php/Admin/Left/left
INFO: [ app_begin ] --START--
INFO: Run Behavior\ReadHtmlCacheBehavior [ RunTime:0.000551s ]
INFO: [ app_begin ] --END-- [ RunTime:0.000989s ]
INFO: [ view_parse ] --START--
INFO: [ template_filter ] --START--
INFO: Run Behavior\ContentReplaceBehavior [ RunTime:0.000091s ]
INFO: [ template_filter ] --END-- [ RunTime:0.000234s ]
INFO: Run Behavior\ParseTemplateBehavior [ RunTime:0.012725s ]
INFO: [ view_parse ] --END-- [ RunTime:0.012880s ]
INFO: [ view_filter ] --START--
INFO: Run Behavior\WriteHtmlCacheBehavior [ RunTime:0.000338s ]
INFO: [ view_filter ] --END-- [ RunTime:0.000447s ]
INFO: [ app_end ] --START--
INFO: Run Behavior\ShowPageTraceBehavior [ RunTime:0.000544s ]
INFO: [ app_end ] --END-- [ RunTime:0.000658s ]

[ 2016-11-18T00:47:28+08:00 ] 127.0.0.1 /index.php/Admin/Right/index
INFO: [ app_begin ] --START--
INFO: Run Behavior\ReadHtmlCacheBehavior [ RunTime:0.000803s ]
INFO: [ app_begin ] --END-- [ RunTime:0.001442s ]
NOTIC: [8] Use of undefined constant issue - assumed 'issue' C:\wamp64\www\web\work\Admin\Controller\RightController.class.php 第 8 行.
SQL: SHOW COLUMNS FROM `issue` [ RunTime:0.0011s ]
SQL: SELECT `id`,`title`,`issuetime` FROM `issue` WHERE ( cid=1 ) ORDER BY issuetime desc LIMIT 2   [ RunTime:0.0005s ]
NOTIC: [8] Use of undefined constant resume - assumed 'resume' C:\wamp64\www\web\work\Admin\Controller\RightController.class.php 第 13 行.
SQL: SHOW COLUMNS FROM `resume` [ RunTime:0.0009s ]
SQL: SHOW COLUMNS FROM `resume` [ RunTime:0.0010s ]
SQL: SELECT r.umsg,s.uname,s.uid FROM resume r INNER JOIN studentinfo s on s.uid = r.uid  WHERE ( r.wid=18 and ischack=0 and r.umsg!='' )  [ RunTime:0.0007s ]
SQL: SHOW COLUMNS FROM `resume` [ RunTime:0.0009s ]
SQL: SELECT s.usex,s.uname,s.uid,s.uschool FROM resume r INNER JOIN studentinfo s on s.uid = r.uid  WHERE ( r.wid=18 )  [ RunTime:0.0005s ]
SQL: SHOW COLUMNS FROM `resume` [ RunTime:0.0009s ]
SQL: SELECT r.umsg,s.uname,s.uid FROM resume r INNER JOIN studentinfo s on s.uid = r.uid  WHERE ( r.wid=19 and ischack=0 and r.umsg!='' )  [ RunTime:0.0006s ]
SQL: SHOW COLUMNS FROM `resume` [ RunTime:0.0009s ]
SQL: SELECT s.usex,s.uname,s.uid,s.uschool FROM resume r INNER JOIN studentinfo s on s.uid = r.uid  WHERE ( r.wid=19 )  [ RunTime:0.0005s ]
INFO: [ view_parse ] --START--
INFO: [ template_filter ] --START--
INFO: Run Behavior\ContentReplaceBehavior [ RunTime:0.000376s ]
INFO: [ template_filter ] --END-- [ RunTime:0.000596s ]
INFO: Run Behavior\ParseTemplateBehavior [ RunTime:0.085237s ]
INFO: [ view_parse ] --END-- [ RunTime:0.085476s ]
INFO: [ view_filter ] --START--
INFO: Run Behavior\WriteHtmlCacheBehavior [ RunTime:0.000502s ]
INFO: [ view_filter ] --END-- [ RunTime:0.000698s ]
INFO: [ app_end ] --START--
INFO: Run Behavior\ShowPageTraceBehavior [ RunTime:0.001768s ]
INFO: [ app_end ] --END-- [ RunTime:0.002166s ]

[ 2016-11-18T00:47:29+08:00 ] 127.0.0.1 /index.php/Admin/Right/alterIssue
INFO: [ app_begin ] --START--
INFO: Run Behavior\ReadHtmlCacheBehavior [ RunTime:0.000656s ]
INFO: [ app_begin ] --END-- [ RunTime:0.001157s ]
NOTIC: [8] Use of undefined constant issue - assumed 'issue' C:\wamp64\www\web\work\Admin\Controller\RightController.class.php 第 105 行.
SQL: SHOW COLUMNS FROM `issue` [ RunTime:0.0007s ]
SQL: SELECT * FROM `issue` WHERE ( id=19  )  [ RunTime:0.0006s ]
INFO: [ app_end ] --START--
INFO: Run Behavior\ShowPageTraceBehavior [ RunTime:0.000609s ]
INFO: [ app_end ] --END-- [ RunTime:0.000746s ]

[ 2016-11-18T00:47:30+08:00 ] 127.0.0.1 /index.php/Admin/Right/updata
ERR: 模板不存在:C:/wamp64/www/web/work/Admin/View/Right/updata.html

[ 2016-11-18T00:47:47+08:00 ] 127.0.0.1 /index.php/Admin/Left/left
INFO: [ app_begin ] --START--
INFO: Run Behavior\ReadHtmlCacheBehavior [ RunTime:0.000532s ]
INFO: [ app_begin ] --END-- [ RunTime:0.001001s ]
INFO: [ view_parse ] --START--
INFO: [ template_filter ] --START--
INFO: Run Behavior\ContentReplaceBehavior [ RunTime:0.000083s ]
INFO: [ template_filter ] --END-- [ RunTime:0.000213s ]
INFO: Run Behavior\ParseTemplateBehavior [ RunTime:0.008360s ]
INFO: [ view_parse ] --END-- [ RunTime:0.008518s ]
INFO: [ view_filter ] --START--
INFO: Run Behavior\WriteHtmlCacheBehavior [ RunTime:0.000314s ]
INFO: [ view_filter ] --END-- [ RunTime:0.000420s ]
INFO: [ app_end ] --START--
INFO: Run Behavior\ShowPageTraceBehavior [ RunTime:0.000533s ]
INFO: [ app_end ] --END-- [ RunTime:0.000646s ]

[ 2016-11-18T00:47:48+08:00 ] 127.0.0.1 /index.php/Admin/Right/index
INFO: [ app_begin ] --START--
INFO: Run Behavior\ReadHtmlCacheBehavior [ RunTime:0.000463s ]
INFO: [ app_begin ] --END-- [ RunTime:0.000906s ]
NOTIC: [8] Use of undefined constant issue - assumed 'issue' C:\wamp64\www\web\work\Admin\Controller\RightController.class.php 第 8 行.
SQL: SHOW COLUMNS FROM `issue` [ RunTime:0.0007s ]
SQL: SELECT `id`,`title`,`issuetime` FROM `issue` WHERE ( cid=1 ) ORDER BY issuetime desc LIMIT 2   [ RunTime:0.0003s ]
NOTIC: [8] Use of undefined constant resume - assumed 'resume' C:\wamp64\www\web\work\Admin\Controller\RightController.class.php 第 13 行.
SQL: SHOW COLUMNS FROM `resume` [ RunTime:0.0006s ]
SQL: SHOW COLUMNS FROM `resume` [ RunTime:0.0005s ]
SQL: SELECT r.umsg,s.uname,s.uid FROM resume r INNER JOIN studentinfo s on s.uid = r.uid  WHERE ( r.wid=18 and ischack=0 and r.umsg!='' )  [ RunTime:0.0004s ]
SQL: SHOW COLUMNS FROM `resume` [ RunTime:0.0005s ]
SQL: SELECT s.usex,s.uname,s.uid,s.uschool FROM resume r INNER JOIN studentinfo s on s.uid = r.uid  WHERE ( r.wid=18 )  [ RunTime:0.0003s ]
SQL: SHOW COLUMNS FROM `resume` [ RunTime:0.0005s ]
SQL: SELECT r.umsg,s.uname,s.uid FROM resume r INNER JOIN studentinfo s on s.uid = r.uid  WHERE ( r.wid=19 and ischack=0 and r.umsg!='' )  [ RunTime:0.0003s ]
SQL: SHOW COLUMNS FROM `resume` [ RunTime:0.0005s ]
SQL: SELECT s.usex,s.uname,s.uid,s.uschool FROM resume r INNER JOIN studentinfo s on s.uid = r.uid  WHERE ( r.wid=19 )  [ RunTime:0.0003s ]
INFO: [ view_parse ] --START--
INFO: [ template_filter ] --START--
INFO: Run Behavior\ContentReplaceBehavior [ RunTime:0.000151s ]
INFO: [ template_filter ] --END-- [ RunTime:0.000261s ]
INFO: Run Behavior\ParseTemplateBehavior [ RunTime:0.056046s ]
INFO: [ view_parse ] --END-- [ RunTime:0.056191s ]
INFO: [ view_filter ] --START--
INFO: Run Behavior\WriteHtmlCacheBehavior [ RunTime:0.000301s ]
INFO: [ view_filter ] --END-- [ RunTime:0.000413s ]
INFO: [ app_end ] --START--
INFO: Run Behavior\ShowPageTraceBehavior [ RunTime:0.000860s ]
INFO: [ app_end ] --END-- [ RunTime:0.001074s ]

[ 2016-11-18T00:47:50+08:00 ] 127.0.0.1 /index.php/Admin/Left/left
INFO: [ app_begin ] --START--
INFO: Run Behavior\ReadHtmlCacheBehavior [ RunTime:0.000483s ]
INFO: [ app_begin ] --END-- [ RunTime:0.000922s ]
INFO: [ view_parse ] --START--
INFO: [ template_filter ] --START--
INFO: Run Behavior\ContentReplaceBehavior [ RunTime:0.000073s ]
INFO: [ template_filter ] --END-- [ RunTime:0.000219s ]
INFO: Run Behavior\ParseTemplateBehavior [ RunTime:0.006221s ]
INFO: [ view_parse ] --END-- [ RunTime:0.006337s ]
INFO: [ view_filter ] --START--
INFO: Run Behavior\WriteHtmlCacheBehavior [ RunTime:0.000313s ]
INFO: [ view_filter ] --END-- [ RunTime:0.000426s ]
INFO: [ app_end ] --START--
INFO: Run Behavior\ShowPageTraceBehavior [ RunTime:0.000515s ]
INFO: [ app_end ] --END-- [ RunTime:0.000621s ]

[ 2016-11-18T00:47:50+08:00 ] 127.0.0.1 /index.php/Admin/Right/index
INFO: [ app_begin ] --START--
INFO: Run Behavior\ReadHtmlCacheBehavior [ RunTime:0.000525s ]
INFO: [ app_begin ] --END-- [ RunTime:0.000931s ]
NOTIC: [8] Use of undefined constant issue - assumed 'issue' C:\wamp64\www\web\work\Admin\Controller\RightController.class.php 第 8 行.
SQL: SHOW COLUMNS FROM `issue` [ RunTime:0.0009s ]
SQL: SELECT `id`,`title`,`issuetime` FROM `issue` WHERE ( cid=1 ) ORDER BY issuetime desc LIMIT 2   [ RunTime:0.0003s ]
NOTIC: [8] Use of undefined constant resume - assumed 'resume' C:\wamp64\www\web\work\Admin\Controller\RightController.class.php 第 13 行.
SQL: SHOW COLUMNS FROM `resume` [ RunTime:0.0006s ]
SQL: SHOW COLUMNS FROM `resume` [ RunTime:0.0005s ]
SQL: SELECT r.umsg,s.uname,s.uid FROM resume r INNER JOIN studentinfo s on s.uid = r.uid  WHERE ( r.wid=18 and ischack=0 and r.umsg!='' )  [ RunTime:0.0003s ]
SQL: SHOW COLUMNS FROM `resume` [ RunTime:0.0006s ]
SQL: SELECT s.usex,s.uname,s.uid,s.uschool FROM resume r INNER JOIN studentinfo s on s.uid = r.uid  WHERE ( r.wid=18 )  [ RunTime:0.0003s ]
SQL: SHOW COLUMNS FROM `resume` [ RunTime:0.0005s ]
SQL: SELECT r.umsg,s.uname,s.uid FROM resume r INNER JOIN studentinfo s on s.uid = r.uid  WHERE ( r.wid=19 and ischack=0 and r.umsg!='' )  [ RunTime:0.0003s ]
SQL: SHOW COLUMNS FROM `resume` [ RunTime:0.0005s ]
SQL: SELECT s.usex,s.uname,s.uid,s.uschool FROM resume r INNER JOIN studentinfo s on s.uid = r.uid  WHERE ( r.wid=19 )  [ RunTime:0.0003s ]
INFO: [ view_parse ] --START--
INFO: [ template_filter ] --START--
INFO: Run Behavior\ContentReplaceBehavior [ RunTime:0.000187s ]
INFO: [ template_filter ] --END-- [ RunTime:0.000320s ]
INFO: Run Behavior\ParseTemplateBehavior [ RunTime:0.060538s ]
INFO: [ view_parse ] --END-- [ RunTime:0.060668s ]
INFO: [ view_filter ] --START--
INFO: Run Behavior\WriteHtmlCacheBehavior [ RunTime:0.000281s ]
INFO: [ view_filter ] --END-- [ RunTime:0.000399s ]
INFO: [ app_end ] --START--
INFO: Run Behavior\ShowPageTraceBehavior [ RunTime:0.000741s ]
INFO: [ app_end ] --END-- [ RunTime:0.000903s ]

[ 2016-11-18T00:47:51+08:00 ] 127.0.0.1 /index.php/Admin/Right/alterIssue
INFO: [ app_begin ] --START--
INFO: Run Behavior\ReadHtmlCacheBehavior [ RunTime:0.000670s ]
INFO: [ app_begin ] --END-- [ RunTime:0.001231s ]
NOTIC: [8] Use of undefined constant issue - assumed 'issue' C:\wamp64\www\web\work\Admin\Controller\RightController.class.php 第 105 行.
SQL: SHOW COLUMNS FROM `issue` [ RunTime:0.0008s ]
SQL: SELECT * FROM `issue` WHERE ( id=19  )  [ RunTime:0.0003s ]
INFO: [ app_end ] --START--
INFO: Run Behavior\ShowPageTraceBehavior [ RunTime:0.000624s ]
INFO: [ app_end ] --END-- [ RunTime:0.000769s ]

[ 2016-11-18T00:56:37+08:00 ] 127.0.0.1 /index.php/Admin/Left/left
INFO: [ app_begin ] --START--
INFO: Run Behavior\ReadHtmlCacheBehavior [ RunTime:0.000492s ]
INFO: [ app_begin ] --END-- [ RunTime:0.000846s ]
INFO: [ view_parse ] --START--
INFO: [ template_filter ] --START--
INFO: Run Behavior\ContentReplaceBehavior [ RunTime:0.000073s ]
INFO: [ template_filter ] --END-- [ RunTime:0.000218s ]
INFO: Run Behavior\ParseTemplateBehavior [ RunTime:0.012854s ]
INFO: [ view_parse ] --END-- [ RunTime:0.013028s ]
INFO: [ view_filter ] --START--
INFO: Run Behavior\WriteHtmlCacheBehavior [ RunTime:0.000453s ]
INFO: [ view_filter ] --END-- [ RunTime:0.000635s ]
INFO: [ app_end ] --START--
INFO: Run Behavior\ShowPageTraceBehavior [ RunTime:0.000890s ]
INFO: [ app_end ] --END-- [ RunTime:0.001081s ]

[ 2016-11-18T00:56:38+08:00 ] 127.0.0.1 /index.php/Admin/Right/index
INFO: [ app_begin ] --START--
INFO: Run Behavior\ReadHtmlCacheBehavior [ RunTime:0.000565s ]
INFO: [ app_begin ] --END-- [ RunTime:0.001075s ]
NOTIC: [8] Use of undefined constant issue - assumed 'issue' C:\wamp64\www\web\work\Admin\Controller\RightController.class.php 第 8 行.
SQL: SHOW COLUMNS FROM `issue` [ RunTime:0.0014s ]
SQL: SELECT `id`,`title`,`issuetime` FROM `issue` WHERE ( cid=1 ) ORDER BY issuetime desc LIMIT 2   [ RunTime:0.0007s ]
NOTIC: [8] Use of undefined constant resume - assumed 'resume' C:\wamp64\www\web\work\Admin\Controller\RightController.class.php 第 13 行.
SQL: SHOW COLUMNS FROM `resume` [ RunTime:0.0012s ]
SQL: SHOW COLUMNS FROM `resume` [ RunTime:0.0012s ]
SQL: SELECT r.umsg,s.uname,s.uid FROM resume r INNER JOIN studentinfo s on s.uid = r.uid  WHERE ( r.wid=18 and ischack=0 and r.umsg!='' )  [ RunTime:0.0006s ]
SQL: SHOW COLUMNS FROM `resume` [ RunTime:0.0008s ]
SQL: SELECT s.usex,s.uname,s.uid,s.uschool FROM resume r INNER JOIN studentinfo s on s.uid = r.uid  WHERE ( r.wid=18 )  [ RunTime:0.0004s ]
SQL: SHOW COLUMNS FROM `resume` [ RunTime:0.0011s ]
SQL: SELECT r.umsg,s.uname,s.uid FROM resume r INNER JOIN studentinfo s on s.uid = r.uid  WHERE ( r.wid=19 and ischack=0 and r.umsg!='' )  [ RunTime:0.0005s ]
SQL: SHOW COLUMNS FROM `resume` [ RunTime:0.0008s ]
SQL: SELECT s.usex,s.uname,s.uid,s.uschool FROM resume r INNER JOIN studentinfo s on s.uid = r.uid  WHERE ( r.wid=19 )  [ RunTime:0.0004s ]
INFO: [ view_parse ] --START--
INFO: [ template_filter ] --START--
INFO: Run Behavior\ContentReplaceBehavior [ RunTime:0.000275s ]
INFO: [ template_filter ] --END-- [ RunTime:0.000496s ]
INFO: Run Behavior\ParseTemplateBehavior [ RunTime:0.086334s ]
INFO: [ view_parse ] --END-- [ RunTime:0.086519s ]
INFO: [ view_filter ] --START--
INFO: Run Behavior\WriteHtmlCacheBehavior [ RunTime:0.000351s ]
INFO: [ view_filter ] --END-- [ RunTime:0.000460s ]
INFO: [ app_end ] --START--
INFO: Run Behavior\ShowPageTraceBehavior [ RunTime:0.001246s ]
INFO: [ app_end ] --END-- [ RunTime:0.001490s ]

[ 2016-11-18T00:56:39+08:00 ] 127.0.0.1 /index.php/Admin/Right/alterIssue
INFO: [ app_begin ] --START--
INFO: Run Behavior\ReadHtmlCacheBehavior [ RunTime:0.000729s ]
INFO: [ app_begin ] --END-- [ RunTime:0.001284s ]
NOTIC: [8] Use of undefined constant issue - assumed 'issue' C:\wamp64\www\web\work\Admin\Controller\RightController.class.php 第 105 行.
SQL: SHOW COLUMNS FROM `issue` [ RunTime:0.0008s ]
SQL: SELECT * FROM `issue` WHERE ( id=19  )  [ RunTime:0.0004s ]
INFO: [ app_end ] --START--
INFO: Run Behavior\ShowPageTraceBehavior [ RunTime:0.000704s ]
INFO: [ app_end ] --END-- [ RunTime:0.000831s ]

[ 2016-11-18T00:56:46+08:00 ] 127.0.0.1 /index.php/Admin/Left/left
INFO: [ app_begin ] --START--
INFO: Run Behavior\ReadHtmlCacheBehavior [ RunTime:0.000525s ]
INFO: [ app_begin ] --END-- [ RunTime:0.000966s ]
INFO: [ view_parse ] --START--
INFO: [ template_filter ] --START--
INFO: Run Behavior\ContentReplaceBehavior [ RunTime:0.000083s ]
INFO: [ template_filter ] --END-- [ RunTime:0.000215s ]
INFO: Run Behavior\ParseTemplateBehavior [ RunTime:0.007094s ]
INFO: [ view_parse ] --END-- [ RunTime:0.007278s ]
INFO: [ view_filter ] --START--
INFO: Run Behavior\WriteHtmlCacheBehavior [ RunTime:0.000470s ]
INFO: [ view_filter ] --END-- [ RunTime:0.000620s ]
INFO: [ app_end ] --START--
INFO: Run Behavior\ShowPageTraceBehavior [ RunTime:0.000539s ]
INFO: [ app_end ] --END-- [ RunTime:0.000658s ]

[ 2016-11-18T00:56:48+08:00 ] 127.0.0.1 /index.php/Admin/Right/index
INFO: [ app_begin ] --START--
INFO: Run Behavior\ReadHtmlCacheBehavior [ RunTime:0.000583s ]
INFO: [ app_begin ] --END-- [ RunTime:0.000977s ]
NOTIC: [8] Use of undefined constant issue - assumed 'issue' C:\wamp64\www\web\work\Admin\Controller\RightController.class.php 第 8 行.
SQL: SHOW COLUMNS FROM `issue` [ RunTime:0.0359s ]
SQL: SELECT `id`,`title`,`issuetime` FROM `issue` WHERE ( cid=1 ) ORDER BY issuetime desc LIMIT 2   [ RunTime:0.0003s ]
NOTIC: [8] Use of undefined constant resume - assumed 'resume' C:\wamp64\www\web\work\Admin\Controller\RightController.class.php 第 13 行.
SQL: SHOW COLUMNS FROM `resume` [ RunTime:0.0005s ]
SQL: SHOW COLUMNS FROM `resume` [ RunTime:0.0005s ]
SQL: SELECT r.umsg,s.uname,s.uid FROM resume r INNER JOIN studentinfo s on s.uid = r.uid  WHERE ( r.wid=18 and ischack=0 and r.umsg!='' )  [ RunTime:0.0003s ]
SQL: SHOW COLUMNS FROM `resume` [ RunTime:0.0005s ]
SQL: SELECT s.usex,s.uname,s.uid,s.uschool FROM resume r INNER JOIN studentinfo s on s.uid = r.uid  WHERE ( r.wid=18 )  [ RunTime:0.0003s ]
SQL: SHOW COLUMNS FROM `resume` [ RunTime:0.0005s ]
SQL: SELECT r.umsg,s.uname,s.uid FROM resume r INNER JOIN studentinfo s on s.uid = r.uid  WHERE ( r.wid=19 and ischack=0 and r.umsg!='' )  [ RunTime:0.0003s ]
SQL: SHOW COLUMNS FROM `resume` [ RunTime:0.0005s ]
SQL: SELECT s.usex,s.uname,s.uid,s.uschool FROM resume r INNER JOIN studentinfo s on s.uid = r.uid  WHERE ( r.wid=19 )  [ RunTime:0.0003s ]
INFO: [ view_parse ] --START--
INFO: [ template_filter ] --START--
INFO: Run Behavior\ContentReplaceBehavior [ RunTime:0.000141s ]
INFO: [ template_filter ] --END-- [ RunTime:0.000250s ]
INFO: Run Behavior\ParseTemplateBehavior [ RunTime:0.057189s ]
INFO: [ view_parse ] --END-- [ RunTime:0.057356s ]
INFO: [ view_filter ] --START--
INFO: Run Behavior\WriteHtmlCacheBehavior [ RunTime:0.000390s ]
INFO: [ view_filter ] --END-- [ RunTime:0.000486s ]
INFO: [ app_end ] --START--
INFO: Run Behavior\ShowPageTraceBehavior [ RunTime:0.000988s ]
INFO: [ app_end ] --END-- [ RunTime:0.001213s ]

[ 2016-11-18T00:57:26+08:00 ] 127.0.0.1 /index.php/Admin/Right/table
INFO: [ app_begin ] --START--
INFO: Run Behavior\ReadHtmlCacheBehavior [ RunTime:0.000542s ]
INFO: [ app_begin ] --END-- [ RunTime:0.000994s ]
NOTIC: [8] Use of undefined constant issue - assumed 'issue' C:\wamp64\www\web\work\Admin\Controller\RightController.class.php 第 57 行.
SQL: SHOW COLUMNS FROM `issue` [ RunTime:0.0013s ]
NOTIC: [8] Use of undefined constant resume - assumed 'resume' C:\wamp64\www\web\work\Admin\Controller\RightController.class.php 第 58 行.
SQL: SHOW COLUMNS FROM `resume` [ RunTime:0.0012s ]
SQL: SELECT `id`,`title`,`issuetime` FROM `issue` WHERE ( cid=1 and TO_DAYS(NOW()) - TO_DAYS(workStartDate) < 0 )  [ RunTime:0.0007s ]
SQL: SHOW COLUMNS FROM `resume` [ RunTime:0.0011s ]
SQL: SELECT s.usex,s.uname,s.uid,s.uschool,s.uphone,s.upoint,s.uaddress,r.wid FROM resume r INNER JOIN studentinfo s on s.uid = r.uid  WHERE ( r.wid=4 )  [ RunTime:0.0011s ]
SQL: SHOW COLUMNS FROM `resume` [ RunTime:0.0010s ]
SQL: SELECT s.usex,s.uname,s.uid,s.uschool,s.uphone,s.upoint,s.uaddress,r.wid FROM resume r INNER JOIN studentinfo s on s.uid = r.uid  WHERE ( r.wid=5 )  [ RunTime:0.0009s ]
INFO: [ view_parse ] --START--
INFO: [ template_filter ] --START--
INFO: Run Behavior\ContentReplaceBehavior [ RunTime:0.000152s ]
INFO: [ template_filter ] --END-- [ RunTime:0.000367s ]
INFO: Run Behavior\ParseTemplateBehavior [ RunTime:0.075351s ]
INFO: [ view_parse ] --END-- [ RunTime:0.075566s ]
INFO: [ view_filter ] --START--
INFO: Run Behavior\WriteHtmlCacheBehavior [ RunTime:0.000340s ]
INFO: [ view_filter ] --END-- [ RunTime:0.000452s ]
INFO: [ app_end ] --START--
INFO: Run Behavior\ShowPageTraceBehavior [ RunTime:0.000922s ]
INFO: [ app_end ] --END-- [ RunTime:0.001151s ]

[ 2016-11-18T01:02:54+08:00 ] 127.0.0.1 /index.php/Admin/Right/table
INFO: [ app_begin ] --START--
INFO: Run Behavior\ReadHtmlCacheBehavior [ RunTime:0.000839s ]
INFO: [ app_begin ] --END-- [ RunTime:0.001428s ]
NOTIC: [8] Use of undefined constant issue - assumed 'issue' C:\wamp64\www\web\work\Admin\Controller\RightController.class.php 第 57 行.
SQL: SHOW COLUMNS FROM `issue` [ RunTime:0.0013s ]
NOTIC: [8] Use of undefined constant resume - assumed 'resume' C:\wamp64\www\web\work\Admin\Controller\RightController.class.php 第 58 行.
SQL: SHOW COLUMNS FROM `resume` [ RunTime:0.0009s ]
SQL: SELECT `id`,`title`,`issuetime` FROM `issue` WHERE ( cid=1 and TO_DAYS(NOW()) - TO_DAYS(workStartDate) < 0 )  [ RunTime:0.0007s ]
SQL: SHOW COLUMNS FROM `resume` [ RunTime:0.0008s ]
SQL: SELECT s.usex,s.uname,s.uid,s.uschool,s.uphone,s.upoint,s.uaddress,r.wid FROM resume r INNER JOIN studentinfo s on s.uid = r.uid  WHERE ( r.wid=4 )  [ RunTime:0.0007s ]
SQL: SHOW COLUMNS FROM `resume` [ RunTime:0.0011s ]
SQL: SELECT s.usex,s.uname,s.uid,s.uschool,s.uphone,s.upoint,s.uaddress,r.wid FROM resume r INNER JOIN studentinfo s on s.uid = r.uid  WHERE ( r.wid=5 )  [ RunTime:0.0007s ]
INFO: [ view_parse ] --START--
INFO: [ template_filter ] --START--
INFO: Run Behavior\ContentReplaceBehavior [ RunTime:0.000203s ]
INFO: [ template_filter ] --END-- [ RunTime:0.000415s ]
INFO: Run Behavior\ParseTemplateBehavior [ RunTime:0.095854s ]
INFO: [ view_parse ] --END-- [ RunTime:0.096097s ]
INFO: [ view_filter ] --START--
INFO: Run Behavior\WriteHtmlCacheBehavior [ RunTime:0.000657s ]
INFO: [ view_filter ] --END-- [ RunTime:0.000852s ]
INFO: [ app_end ] --START--
INFO: Run Behavior\ShowPageTraceBehavior [ RunTime:0.001420s ]
INFO: [ app_end ] --END-- [ RunTime:0.002033s ]

[ 2016-11-18T01:04:36+08:00 ] 127.0.0.1 /index.php/Admin/Left/left
INFO: [ app_begin ] --START--
INFO: Run Behavior\ReadHtmlCacheBehavior [ RunTime:0.000759s ]
INFO: [ app_begin ] --END-- [ RunTime:0.001356s ]
INFO: [ view_parse ] --START--
INFO: [ template_filter ] --START--
INFO: Run Behavior\ContentReplaceBehavior [ RunTime:0.000095s ]
INFO: [ template_filter ] --END-- [ RunTime:0.000254s ]
INFO: Run Behavior\ParseTemplateBehavior [ RunTime:0.009083s ]
INFO: [ view_parse ] --END-- [ RunTime:0.009310s ]
INFO: [ view_filter ] --START--
INFO: Run Behavior\WriteHtmlCacheBehavior [ RunTime:0.000536s ]
INFO: [ view_filter ] --END-- [ RunTime:0.000731s ]
INFO: [ app_end ] --START--
INFO: Run Behavior\ShowPageTraceBehavior [ RunTime:0.000822s ]
INFO: [ app_end ] --END-- [ RunTime:0.001015s ]

[ 2016-11-18T01:04:37+08:00 ] 127.0.0.1 /index.php/Admin/Right/employed
INFO: [ app_begin ] --START--
INFO: Run Behavior\ReadHtmlCacheBehavior [ RunTime:0.000926s ]
INFO: [ app_begin ] --END-- [ RunTime:0.001573s ]
INFO: [ view_parse ] --START--
INFO: [ template_filter ] --START--
INFO: Run Behavior\ContentReplaceBehavior [ RunTime:0.000084s ]
INFO: [ template_filter ] --END-- [ RunTime:0.000224s ]
INFO: Run Behavior\ParseTemplateBehavior [ RunTime:0.043650s ]
INFO: [ view_parse ] --END-- [ RunTime:0.043838s ]
INFO: [ view_filter ] --START--
INFO: Run Behavior\WriteHtmlCacheBehavior [ RunTime:0.000428s ]
INFO: [ view_filter ] --END-- [ RunTime:0.000536s ]
INFO: [ app_end ] --START--
INFO: Run Behavior\ShowPageTraceBehavior [ RunTime:0.000614s ]
INFO: [ app_end ] --END-- [ RunTime:0.000730s ]

[ 2016-11-18T01:04:38+08:00 ] 127.0.0.1 /index.php/Admin/Right/table
INFO: [ app_begin ] --START--
INFO: Run Behavior\ReadHtmlCacheBehavior [ RunTime:0.000466s ]
INFO: [ app_begin ] --END-- [ RunTime:0.000889s ]
NOTIC: [8] Use of undefined constant issue - assumed 'issue' C:\wamp64\www\web\work\Admin\Controller\RightController.class.php 第 57 行.
SQL: SHOW COLUMNS FROM `issue` [ RunTime:0.0090s ]
NOTIC: [8] Use of undefined constant resume - assumed 'resume' C:\wamp64\www\web\work\Admin\Controller\RightController.class.php 第 58 行.
SQL: SHOW COLUMNS FROM `resume` [ RunTime:0.0006s ]
SQL: SELECT `id`,`title`,`issuetime` FROM `issue` WHERE ( cid=1 and TO_DAYS(NOW()) - TO_DAYS(workStartDate) < 0 )  [ RunTime:0.0003s ]
SQL: SHOW COLUMNS FROM `resume` [ RunTime:0.0005s ]
SQL: SELECT s.usex,s.uname,s.uid,s.uschool,s.uphone,s.upoint,s.uaddress,r.wid FROM resume r INNER JOIN studentinfo s on s.uid = r.uid  WHERE ( r.wid=4 )  [ RunTime:0.0005s ]
SQL: SHOW COLUMNS FROM `resume` [ RunTime:0.0006s ]
SQL: SELECT s.usex,s.uname,s.uid,s.uschool,s.uphone,s.upoint,s.uaddress,r.wid FROM resume r INNER JOIN studentinfo s on s.uid = r.uid  WHERE ( r.wid=5 )  [ RunTime:0.0004s ]
INFO: [ view_parse ] --START--
NOTIC: [8] Undefined offset: 1 C:\wamp64\www\web\ThinkPHP\Library\Think\Template.class.php 第 527 行.
INFO: [ template_filter ] --START--
INFO: Run Behavior\ContentReplaceBehavior [ RunTime:0.000106s ]
INFO: [ template_filter ] --END-- [ RunTime:0.000214s ]

[ 2016-11-18T01:04:38+08:00 ] 127.0.0.1 /index.php/Admin/Right/table
INFO: [ app_begin ] --START--
INFO: Run Behavior\ReadHtmlCacheBehavior [ RunTime:0.000535s ]
INFO: [ app_begin ] --END-- [ RunTime:0.000913s ]
NOTIC: [8] Use of undefined constant issue - assumed 'issue' C:\wamp64\www\web\work\Admin\Controller\RightController.class.php 第 57 行.
SQL: SHOW COLUMNS FROM `issue` [ RunTime:0.0009s ]
NOTIC: [8] Use of undefined constant resume - assumed 'resume' C:\wamp64\www\web\work\Admin\Controller\RightController.class.php 第 58 行.
SQL: SHOW COLUMNS FROM `resume` [ RunTime:0.0006s ]
SQL: SELECT `id`,`title`,`issuetime` FROM `issue` WHERE ( cid=1 and TO_DAYS(NOW()) - TO_DAYS(workStartDate) < 0 )  [ RunTime:0.0003s ]
SQL: SHOW COLUMNS FROM `resume` [ RunTime:0.0005s ]
SQL: SELECT s.usex,s.uname,s.uid,s.uschool,s.uphone,s.upoint,s.uaddress,r.wid FROM resume r INNER JOIN studentinfo s on s.uid = r.uid  WHERE ( r.wid=4 )  [ RunTime:0.0005s ]
SQL: SHOW COLUMNS FROM `resume` [ RunTime:0.0007s ]
SQL: SELECT s.usex,s.uname,s.uid,s.uschool,s.uphone,s.upoint,s.uaddress,r.wid FROM resume r INNER JOIN studentinfo s on s.uid = r.uid  WHERE ( r.wid=5 )  [ RunTime:0.0004s ]
INFO: [ view_parse ] --START--
NOTIC: [8] Undefined offset: 1 C:\wamp64\www\web\ThinkPHP\Library\Think\Template.class.php 第 527 行.
INFO: [ template_filter ] --START--
INFO: Run Behavior\ContentReplaceBehavior [ RunTime:0.000106s ]
INFO: [ template_filter ] --END-- [ RunTime:0.000217s ]

[ 2016-11-18T01:05:16+08:00 ] 127.0.0.1 /index.php/Admin/Left/left
INFO: [ app_begin ] --START--
INFO: Run Behavior\ReadHtmlCacheBehavior [ RunTime:0.000566s ]
INFO: [ app_begin ] --END-- [ RunTime:0.001029s ]
INFO: [ view_parse ] --START--
INFO: [ template_filter ] --START--
INFO: Run Behavior\ContentReplaceBehavior [ RunTime:0.000083s ]
INFO: [ template_filter ] --END-- [ RunTime:0.000213s ]
INFO: Run Behavior\ParseTemplateBehavior [ RunTime:0.007755s ]
INFO: [ view_parse ] --END-- [ RunTime:0.007903s ]
INFO: [ view_filter ] --START--
INFO: Run Behavior\WriteHtmlCacheBehavior [ RunTime:0.000329s ]
INFO: [ view_filter ] --END-- [ RunTime:0.000445s ]
INFO: [ app_end ] --START--
INFO: Run Behavior\ShowPageTraceBehavior [ RunTime:0.000516s ]
INFO: [ app_end ] --END-- [ RunTime:0.000629s ]

[ 2016-11-18T01:05:28+08:00 ] 127.0.0.1 /index.php/Admin/Right/table
INFO: [ app_begin ] --START--
INFO: Run Behavior\ReadHtmlCacheBehavior [ RunTime:0.000771s ]
INFO: [ app_begin ] --END-- [ RunTime:0.001317s ]
NOTIC: [8] Use of undefined constant issue - assumed 'issue' C:\wamp64\www\web\work\Admin\Controller\RightController.class.php 第 57 行.
SQL: SHOW COLUMNS FROM `issue` [ RunTime:0.0016s ]
NOTIC: [8] Use of undefined constant resume - assumed 'resume' C:\wamp64\www\web\work\Admin\Controller\RightController.class.php 第 58 行.
SQL: SHOW COLUMNS FROM `resume` [ RunTime:0.0010s ]
SQL: SELECT `id`,`title`,`issuetime` FROM `issue` WHERE ( cid=1 and TO_DAYS(NOW()) - TO_DAYS(workStartDate) < 0 )  [ RunTime:0.0007s ]
SQL: SHOW COLUMNS FROM `resume` [ RunTime:0.0008s ]
SQL: SELECT s.usex,s.uname,s.uid,s.uschool,s.uphone,s.upoint,s.uaddress,r.wid FROM resume r INNER JOIN studentinfo s on s.uid = r.uid  WHERE ( r.wid=4 )  [ RunTime:0.0011s ]
SQL: SHOW COLUMNS FROM `resume` [ RunTime:0.0011s ]
SQL: SELECT s.usex,s.uname,s.uid,s.uschool,s.uphone,s.upoint,s.uaddress,r.wid FROM resume r INNER JOIN studentinfo s on s.uid = r.uid  WHERE ( r.wid=5 )  [ RunTime:0.0006s ]
INFO: [ view_parse ] --START--
INFO: [ template_filter ] --START--
INFO: Run Behavior\ContentReplaceBehavior [ RunTime:0.000212s ]
INFO: [ template_filter ] --END-- [ RunTime:0.000438s ]
NOTIC: [8] Undefined index: ['id'] C:\wamp64\www\web\work\Runtime\Cache\Admin\3c12f01b0a7671ec6e58c3d51bcddad1.php 第 14 行.
NOTIC: [8] Undefined index: ['id'] C:\wamp64\www\web\work\Runtime\Cache\Admin\3c12f01b0a7671ec6e58c3d51bcddad1.php 第 14 行.
INFO: Run Behavior\ParseTemplateBehavior [ RunTime:0.067475s ]
INFO: [ view_parse ] --END-- [ RunTime:0.067612s ]
INFO: [ view_filter ] --START--
INFO: Run Behavior\WriteHtmlCacheBehavior [ RunTime:0.000342s ]
INFO: [ view_filter ] --END-- [ RunTime:0.000456s ]
INFO: [ app_end ] --START--
INFO: Run Behavior\ShowPageTraceBehavior [ RunTime:0.000943s ]
INFO: [ app_end ] --END-- [ RunTime:0.001175s ]

[ 2016-11-18T01:05:29+08:00 ] 127.0.0.1 /index.php/Admin/Right/employed
INFO: [ app_begin ] --START--
INFO: Run Behavior\ReadHtmlCacheBehavior [ RunTime:0.000466s ]
INFO: [ app_begin ] --END-- [ RunTime:0.000821s ]
INFO: [ view_parse ] --START--
INFO: [ template_filter ] --START--
INFO: Run Behavior\ContentReplaceBehavior [ RunTime:0.000086s ]
INFO: [ template_filter ] --END-- [ RunTime:0.000221s ]
INFO: Run Behavior\ParseTemplateBehavior [ RunTime:0.006554s ]
INFO: [ view_parse ] --END-- [ RunTime:0.006683s ]
INFO: [ view_filter ] --START--
INFO: Run Behavior\WriteHtmlCacheBehavior [ RunTime:0.000313s ]
INFO: [ view_filter ] --END-- [ RunTime:0.000427s ]
INFO: [ app_end ] --START--
INFO: Run Behavior\ShowPageTraceBehavior [ RunTime:0.000474s ]
INFO: [ app_end ] --END-- [ RunTime:0.000578s ]

[ 2016-11-18T01:05:30+08:00 ] 127.0.0.1 /index.php/Admin/Right/table
INFO: [ app_begin ] --START--
INFO: Run Behavior\ReadHtmlCacheBehavior [ RunTime:0.000453s ]
INFO: [ app_begin ] --END-- [ RunTime:0.000819s ]
NOTIC: [8] Use of undefined constant issue - assumed 'issue' C:\wamp64\www\web\work\Admin\Controller\RightController.class.php 第 57 行.
SQL: SHOW COLUMNS FROM `issue` [ RunTime:0.0008s ]
NOTIC: [8] Use of undefined constant resume - assumed 'resume' C:\wamp64\www\web\work\Admin\Controller\RightController.class.php 第 58 行.
SQL: SHOW COLUMNS FROM `resume` [ RunTime:0.0006s ]
SQL: SELECT `id`,`title`,`issuetime` FROM `issue` WHERE ( cid=1 and TO_DAYS(NOW()) - TO_DAYS(workStartDate) < 0 )  [ RunTime:0.0003s ]
SQL: SHOW COLUMNS FROM `resume` [ RunTime:0.0005s ]
SQL: SELECT s.usex,s.uname,s.uid,s.uschool,s.uphone,s.upoint,s.uaddress,r.wid FROM resume r INNER JOIN studentinfo s on s.uid = r.uid  WHERE ( r.wid=4 )  [ RunTime:0.0005s ]
SQL: SHOW COLUMNS FROM `resume` [ RunTime:0.0005s ]
SQL: SELECT s.usex,s.uname,s.uid,s.uschool,s.uphone,s.upoint,s.uaddress,r.wid FROM resume r INNER JOIN studentinfo s on s.uid = r.uid  WHERE ( r.wid=5 )  [ RunTime:0.0004s ]
INFO: [ view_parse ] --START--
INFO: [ template_filter ] --START--
INFO: Run Behavior\ContentReplaceBehavior [ RunTime:0.000109s ]
INFO: [ template_filter ] --END-- [ RunTime:0.000220s ]
NOTIC: [8] Undefined index: ['id'] C:\wamp64\www\web\work\Runtime\Cache\Admin\3c12f01b0a7671ec6e58c3d51bcddad1.php 第 14 行.
NOTIC: [8] Undefined index: ['id'] C:\wamp64\www\web\work\Runtime\Cache\Admin\3c12f01b0a7671ec6e58c3d51bcddad1.php 第 14 行.
INFO: Run Behavior\ParseTemplateBehavior [ RunTime:0.012192s ]
INFO: [ view_parse ] --END-- [ RunTime:0.012319s ]
INFO: [ view_filter ] --START--
INFO: Run Behavior\WriteHtmlCacheBehavior [ RunTime:0.000306s ]
INFO: [ view_filter ] --END-- [ RunTime:0.000428s ]
INFO: [ app_end ] --START--
INFO: Run Behavior\ShowPageTraceBehavior [ RunTime:0.000756s ]
INFO: [ app_end ] --END-- [ RunTime:0.000947s ]

[ 2016-11-18T01:06:11+08:00 ] 127.0.0.1 /index.php/Admin/Left/left
INFO: [ app_begin ] --START--
INFO: Run Behavior\ReadHtmlCacheBehavior [ RunTime:0.000534s ]
INFO: [ app_begin ] --END-- [ RunTime:0.000969s ]
INFO: [ view_parse ] --START--
INFO: [ template_filter ] --START--
INFO: Run Behavior\ContentReplaceBehavior [ RunTime:0.000146s ]
INFO: [ template_filter ] --END-- [ RunTime:0.000385s ]
INFO: Run Behavior\ParseTemplateBehavior [ RunTime:0.008076s ]
INFO: [ view_parse ] --END-- [ RunTime:0.008229s ]
INFO: [ view_filter ] --START--
INFO: Run Behavior\WriteHtmlCacheBehavior [ RunTime:0.000341s ]
INFO: [ view_filter ] --END-- [ RunTime:0.000491s ]
INFO: [ app_end ] --START--
INFO: Run Behavior\ShowPageTraceBehavior [ RunTime:0.000585s ]
INFO: [ app_end ] --END-- [ RunTime:0.000711s ]

[ 2016-11-18T01:06:12+08:00 ] 127.0.0.1 /index.php/Admin/Right/table
INFO: [ app_begin ] --START--
INFO: Run Behavior\ReadHtmlCacheBehavior [ RunTime:0.000548s ]
INFO: [ app_begin ] --END-- [ RunTime:0.001057s ]
NOTIC: [8] Use of undefined constant issue - assumed 'issue' C:\wamp64\www\web\work\Admin\Controller\RightController.class.php 第 57 行.
SQL: SHOW COLUMNS FROM `issue` [ RunTime:0.0010s ]
NOTIC: [8] Use of undefined constant resume - assumed 'resume' C:\wamp64\www\web\work\Admin\Controller\RightController.class.php 第 58 行.
SQL: SHOW COLUMNS FROM `resume` [ RunTime:0.0010s ]
SQL: SELECT `id`,`title`,`issuetime` FROM `issue` WHERE ( cid=1 and TO_DAYS(NOW()) - TO_DAYS(workStartDate) < 0 )  [ RunTime:0.0005s ]
SQL: SHOW COLUMNS FROM `resume` [ RunTime:0.0009s ]
SQL: SELECT s.usex,s.uname,s.uid,s.uschool,s.uphone,s.upoint,s.uaddress,r.wid FROM resume r INNER JOIN studentinfo s on s.uid = r.uid  WHERE ( r.wid=4 )  [ RunTime:0.0009s ]
SQL: SHOW COLUMNS FROM `resume` [ RunTime:0.0009s ]
SQL: SELECT s.usex,s.uname,s.uid,s.uschool,s.uphone,s.upoint,s.uaddress,r.wid FROM resume r INNER JOIN studentinfo s on s.uid = r.uid  WHERE ( r.wid=5 )  [ RunTime:0.0008s ]
INFO: [ view_parse ] --START--
INFO: [ template_filter ] --START--
INFO: Run Behavior\ContentReplaceBehavior [ RunTime:0.000125s ]
INFO: [ template_filter ] --END-- [ RunTime:0.000254s ]
INFO: Run Behavior\ParseTemplateBehavior [ RunTime:0.059631s ]
INFO: [ view_parse ] --END-- [ RunTime:0.059897s ]
INFO: [ view_filter ] --START--
INFO: Run Behavior\WriteHtmlCacheBehavior [ RunTime:0.000504s ]
INFO: [ view_filter ] --END-- [ RunTime:0.000713s ]
INFO: [ app_end ] --START--
INFO: Run Behavior\ShowPageTraceBehavior [ RunTime:0.001078s ]
INFO: [ app_end ] --END-- [ RunTime:0.001304s ]

[ 2016-11-18T01:06:33+08:00 ] 127.0.0.1 /index.php/Admin/Right/alterIssue
INFO: [ app_begin ] --START--
INFO: Run Behavior\ReadHtmlCacheBehavior [ RunTime:0.000783s ]
INFO: [ app_begin ] --END-- [ RunTime:0.001416s ]
NOTIC: [8] Use of undefined constant issue - assumed 'issue' C:\wamp64\www\web\work\Admin\Controller\RightController.class.php 第 105 行.
SQL: SHOW COLUMNS FROM `issue` [ RunTime:0.0024s ]
SQL: SELECT * FROM `issue` WHERE ( id=5  )  [ RunTime:0.0015s ]
INFO: [ app_end ] --START--
INFO: Run Behavior\ShowPageTraceBehavior [ RunTime:0.001859s ]
INFO: [ app_end ] --END-- [ RunTime:0.002297s ]

[ 2016-11-18T01:06:39+08:00 ] 127.0.0.1 /index.php/Admin/Left/left
INFO: [ app_begin ] --START--
INFO: Run Behavior\ReadHtmlCacheBehavior [ RunTime:0.000540s ]
INFO: [ app_begin ] --END-- [ RunTime:0.001000s ]
INFO: [ view_parse ] --START--
INFO: [ template_filter ] --START--
INFO: Run Behavior\ContentReplaceBehavior [ RunTime:0.000093s ]
INFO: [ template_filter ] --END-- [ RunTime:0.000232s ]
INFO: Run Behavior\ParseTemplateBehavior [ RunTime:0.007106s ]
INFO: [ view_parse ] --END-- [ RunTime:0.007290s ]
INFO: [ view_filter ] --START--
INFO: Run Behavior\WriteHtmlCacheBehavior [ RunTime:0.000313s ]
INFO: [ view_filter ] --END-- [ RunTime:0.000426s ]
INFO: [ app_end ] --START--
INFO: Run Behavior\ShowPageTraceBehavior [ RunTime:0.000497s ]
INFO: [ app_end ] --END-- [ RunTime:0.000622s ]

[ 2016-11-18T01:06:40+08:00 ] 127.0.0.1 /index.php/Admin/Right/table
INFO: [ app_begin ] --START--
INFO: Run Behavior\ReadHtmlCacheBehavior [ RunTime:0.000489s ]
INFO: [ app_begin ] --END-- [ RunTime:0.000881s ]
NOTIC: [8] Use of undefined constant issue - assumed 'issue' C:\wamp64\www\web\work\Admin\Controller\RightController.class.php 第 57 行.
SQL: SHOW COLUMNS FROM `issue` [ RunTime:0.0008s ]
NOTIC: [8] Use of undefined constant resume - assumed 'resume' C:\wamp64\www\web\work\Admin\Controller\RightController.class.php 第 58 行.
SQL: SHOW COLUMNS FROM `resume` [ RunTime:0.0006s ]
SQL: SELECT `id`,`title`,`issuetime` FROM `issue` WHERE ( cid=1 and TO_DAYS(NOW()) - TO_DAYS(workStartDate) < 0 )  [ RunTime:0.0003s ]
SQL: SHOW COLUMNS FROM `resume` [ RunTime:0.0006s ]
SQL: SELECT s.usex,s.uname,s.uid,s.uschool,s.uphone,s.upoint,s.uaddress,r.wid FROM resume r INNER JOIN studentinfo s on s.uid = r.uid  WHERE ( r.wid=4 )  [ RunTime:0.0006s ]
SQL: SHOW COLUMNS FROM `resume` [ RunTime:0.0006s ]
SQL: SELECT s.usex,s.uname,s.uid,s.uschool,s.uphone,s.upoint,s.uaddress,r.wid FROM resume r INNER JOIN studentinfo s on s.uid = r.uid  WHERE ( r.wid=5 )  [ RunTime:0.0004s ]
INFO: [ view_parse ] --START--
INFO: [ template_filter ] --START--
INFO: Run Behavior\ContentReplaceBehavior [ RunTime:0.000110s ]
INFO: [ template_filter ] --END-- [ RunTime:0.000220s ]
INFO: Run Behavior\ParseTemplateBehavior [ RunTime:0.012123s ]
INFO: [ view_parse ] --END-- [ RunTime:0.012258s ]
INFO: [ view_filter ] --START--
INFO: Run Behavior\WriteHtmlCacheBehavior [ RunTime:0.000369s ]
INFO: [ view_filter ] --END-- [ RunTime:0.000476s ]
INFO: [ app_end ] --START--
INFO: Run Behavior\ShowPageTraceBehavior [ RunTime:0.000818s ]
INFO: [ app_end ] --END-- [ RunTime:0.001020s ]

[ 2016-11-18T01:06:41+08:00 ] 127.0.0.1 /index.php/Admin/Right/employed
INFO: [ app_begin ] --START--
INFO: Run Behavior\ReadHtmlCacheBehavior [ RunTime:0.000502s ]
INFO: [ app_begin ] --END-- [ RunTime:0.000880s ]
INFO: [ view_parse ] --START--
INFO: [ template_filter ] --START--
INFO: Run Behavior\ContentReplaceBehavior [ RunTime:0.000073s ]
INFO: [ template_filter ] --END-- [ RunTime:0.000190s ]
INFO: Run Behavior\ParseTemplateBehavior [ RunTime:0.006324s ]
INFO: [ view_parse ] --END-- [ RunTime:0.006445s ]
INFO: [ view_filter ] --START--
INFO: Run Behavior\WriteHtmlCacheBehavior [ RunTime:0.000307s ]
INFO: [ view_filter ] --END-- [ RunTime:0.000405s ]
INFO: [ app_end ] --START--
INFO: Run Behavior\ShowPageTraceBehavior [ RunTime:0.000512s ]
INFO: [ app_end ] --END-- [ RunTime:0.000612s ]

[ 2016-11-18T01:06:41+08:00 ] 127.0.0.1 /index.php/Admin/Right/table
INFO: [ app_begin ] --START--
INFO: Run Behavior\ReadHtmlCacheBehavior [ RunTime:0.000455s ]
INFO: [ app_begin ] --END-- [ RunTime:0.000806s ]
NOTIC: [8] Use of undefined constant issue - assumed 'issue' C:\wamp64\www\web\work\Admin\Controller\RightController.class.php 第 57 行.
SQL: SHOW COLUMNS FROM `issue` [ RunTime:0.0008s ]
NOTIC: [8] Use of undefined constant resume - assumed 'resume' C:\wamp64\www\web\work\Admin\Controller\RightController.class.php 第 58 行.
SQL: SHOW COLUMNS FROM `resume` [ RunTime:0.0006s ]
SQL: SELECT `id`,`title`,`issuetime` FROM `issue` WHERE ( cid=1 and TO_DAYS(NOW()) - TO_DAYS(workStartDate) < 0 )  [ RunTime:0.0003s ]
SQL: SHOW COLUMNS FROM `resume` [ RunTime:0.0005s ]
SQL: SELECT s.usex,s.uname,s.uid,s.uschool,s.uphone,s.upoint,s.uaddress,r.wid FROM resume r INNER JOIN studentinfo s on s.uid = r.uid  WHERE ( r.wid=4 )  [ RunTime:0.0005s ]
SQL: SHOW COLUMNS FROM `resume` [ RunTime:0.0005s ]
SQL: SELECT s.usex,s.uname,s.uid,s.uschool,s.uphone,s.upoint,s.uaddress,r.wid FROM resume r INNER JOIN studentinfo s on s.uid = r.uid  WHERE ( r.wid=5 )  [ RunTime:0.0004s ]
INFO: [ view_parse ] --START--
INFO: [ template_filter ] --START--
INFO: Run Behavior\ContentReplaceBehavior [ RunTime:0.000135s ]
INFO: [ template_filter ] --END-- [ RunTime:0.000274s ]
INFO: Run Behavior\ParseTemplateBehavior [ RunTime:0.012261s ]
INFO: [ view_parse ] --END-- [ RunTime:0.012395s ]
INFO: [ view_filter ] --START--
INFO: Run Behavior\WriteHtmlCacheBehavior [ RunTime:0.000310s ]
INFO: [ view_filter ] --END-- [ RunTime:0.000414s ]
INFO: [ app_end ] --START--
INFO: Run Behavior\ShowPageTraceBehavior [ RunTime:0.000691s ]
INFO: [ app_end ] --END-- [ RunTime:0.000859s ]

[ 2016-11-18T01:06:46+08:00 ] 127.0.0.1 /index.php/Admin/Right/alterIssue
INFO: [ app_begin ] --START--
INFO: Run Behavior\ReadHtmlCacheBehavior [ RunTime:0.000626s ]
INFO: [ app_begin ] --END-- [ RunTime:0.001226s ]
NOTIC: [8] Use of undefined constant issue - assumed 'issue' C:\wamp64\www\web\work\Admin\Controller\RightController.class.php 第 105 行.
SQL: SHOW COLUMNS FROM `issue` [ RunTime:0.0011s ]
SQL: SELECT * FROM `issue` WHERE ( id=5  )  [ RunTime:0.0009s ]
INFO: [ app_end ] --START--
INFO: Run Behavior\ShowPageTraceBehavior [ RunTime:0.000812s ]
INFO: [ app_end ] --END-- [ RunTime:0.000964s ]

[ 2016-11-18T01:06:49+08:00 ] 127.0.0.1 /index.php/Admin/Right/alterIssue
INFO: [ app_begin ] --START--
INFO: Run Behavior\ReadHtmlCacheBehavior [ RunTime:0.000964s ]
INFO: [ app_begin ] --END-- [ RunTime:0.001685s ]
NOTIC: [8] Use of undefined constant issue - assumed 'issue' C:\wamp64\www\web\work\Admin\Controller\RightController.class.php 第 105 行.
SQL: SHOW COLUMNS FROM `issue` [ RunTime:0.0007s ]
SQL: SELECT * FROM `issue` WHERE ( id=5  )  [ RunTime:0.0003s ]
INFO: [ app_end ] --START--
INFO: Run Behavior\ShowPageTraceBehavior [ RunTime:0.000632s ]
INFO: [ app_end ] --END-- [ RunTime:0.000759s ]

[ 2016-11-18T01:06:53+08:00 ] 127.0.0.1 /index.php/Admin/Left/left
INFO: [ app_begin ] --START--
INFO: Run Behavior\ReadHtmlCacheBehavior [ RunTime:0.000543s ]
INFO: [ app_begin ] --END-- [ RunTime:0.000969s ]
INFO: [ view_parse ] --START--
INFO: [ template_filter ] --START--
INFO: Run Behavior\ContentReplaceBehavior [ RunTime:0.000086s ]
INFO: [ template_filter ] --END-- [ RunTime:0.000222s ]
INFO: Run Behavior\ParseTemplateBehavior [ RunTime:0.008200s ]
INFO: [ view_parse ] --END-- [ RunTime:0.008350s ]
INFO: [ view_filter ] --START--
INFO: Run Behavior\WriteHtmlCacheBehavior [ RunTime:0.000636s ]
INFO: [ view_filter ] --END-- [ RunTime:0.000905s ]
INFO: [ app_end ] --START--
INFO: Run Behavior\ShowPageTraceBehavior [ RunTime:0.001088s ]
INFO: [ app_end ] --END-- [ RunTime:0.001305s ]

[ 2016-11-18T01:06:55+08:00 ] 127.0.0.1 /index.php/Admin/Right/table
INFO: [ app_begin ] --START--
INFO: Run Behavior\ReadHtmlCacheBehavior [ RunTime:0.000455s ]
INFO: [ app_begin ] --END-- [ RunTime:0.000840s ]
NOTIC: [8] Use of undefined constant issue - assumed 'issue' C:\wamp64\www\web\work\Admin\Controller\RightController.class.php 第 57 行.
SQL: SHOW COLUMNS FROM `issue` [ RunTime:0.0009s ]
NOTIC: [8] Use of undefined constant resume - assumed 'resume' C:\wamp64\www\web\work\Admin\Controller\RightController.class.php 第 58 行.
SQL: SHOW COLUMNS FROM `resume` [ RunTime:0.0006s ]
SQL: SELECT `id`,`title`,`issuetime` FROM `issue` WHERE ( cid=1 and TO_DAYS(NOW()) - TO_DAYS(workStartDate) < 0 )  [ RunTime:0.0004s ]
SQL: SHOW COLUMNS FROM `resume` [ RunTime:0.0005s ]
SQL: SELECT s.usex,s.uname,s.uid,s.uschool,s.uphone,s.upoint,s.uaddress,r.wid FROM resume r INNER JOIN studentinfo s on s.uid = r.uid  WHERE ( r.wid=4 )  [ RunTime:0.0006s ]
SQL: SHOW COLUMNS FROM `resume` [ RunTime:0.0006s ]
SQL: SELECT s.usex,s.uname,s.uid,s.uschool,s.uphone,s.upoint,s.uaddress,r.wid FROM resume r INNER JOIN studentinfo s on s.uid = r.uid  WHERE ( r.wid=5 )  [ RunTime:0.0004s ]
INFO: [ view_parse ] --START--
INFO: [ template_filter ] --START--
INFO: Run Behavior\ContentReplaceBehavior [ RunTime:0.000140s ]
INFO: [ template_filter ] --END-- [ RunTime:0.000250s ]
INFO: Run Behavior\ParseTemplateBehavior [ RunTime:0.012158s ]
INFO: [ view_parse ] --END-- [ RunTime:0.012308s ]
INFO: [ view_filter ] --START--
INFO: Run Behavior\WriteHtmlCacheBehavior [ RunTime:0.000313s ]
INFO: [ view_filter ] --END-- [ RunTime:0.000412s ]
INFO: [ app_end ] --START--
INFO: Run Behavior\ShowPageTraceBehavior [ RunTime:0.000718s ]
INFO: [ app_end ] --END-- [ RunTime:0.000958s ]

