[ 2017-04-05T12:38:17+08:00 ] 192.168.43.146 /index.php/admin/Common/css/PClogin_style.css
ERR: 无法加载控制器:Common

[ 2017-04-05T12:38:17+08:00 ] 192.168.43.146 /index.php/admin/Common/js/jquery.min.js
ERR: 无法加载控制器:Common

[ 2017-04-05T12:38:17+08:00 ] 192.168.43.146 /index.php/admin/Common/js/verificationNumbers.js
ERR: 无法加载控制器:Common

[ 2017-04-05T12:38:17+08:00 ] 192.168.43.146 /index.php/admin/Common/js/Particleground.js
ERR: 无法加载控制器:Common

[ 2017-04-05T12:38:17+08:00 ] 192.168.43.146 /index.php/admin/Common/js/verificationNumbers.js
ERR: 无法加载控制器:Common

[ 2017-04-05T12:38:17+08:00 ] 192.168.43.146 /index.php/admin/Common/js/Particleground.js
ERR: 无法加载控制器:Common

[ 2017-04-05T12:42:20+08:00 ] 192.168.43.146 /index.php/admin/Common/css/PClogin_style.css
ERR: 无法加载控制器:Common

[ 2017-04-05T12:42:20+08:00 ] 192.168.43.146 /index.php/admin/Common/js/jquery.min.js
ERR: 无法加载控制器:Common

[ 2017-04-05T12:42:20+08:00 ] 192.168.43.146 /index.php/admin/Common/js/verificationNumbers.js
ERR: 无法加载控制器:Common

[ 2017-04-05T12:42:20+08:00 ] 192.168.43.146 /index.php/admin/Common/js/Particleground.js
ERR: 无法加载控制器:Common

[ 2017-04-05T12:42:20+08:00 ] 192.168.43.146 /index.php/admin/Common/js/jquery.min.js
ERR: 无法加载控制器:Common

[ 2017-04-05T12:42:20+08:00 ] 192.168.43.146 /index.php/admin/Common/js/verificationNumbers.js
ERR: 无法加载控制器:Common

[ 2017-04-05T12:42:20+08:00 ] 192.168.43.146 /index.php/admin/Common/js/verificationNumbers.js
ERR: 无法加载控制器:Common

[ 2017-04-05T12:42:20+08:00 ] 192.168.43.146 /index.php/admin/Common/js/Particleground.js
ERR: 无法加载控制器:Common

[ 2017-04-05T12:48:06+08:00 ] 127.0.0.1 /index.php/admin/Common/css/PClogin_style.css
ERR: 无法加载控制器:Common

[ 2017-04-05T12:48:06+08:00 ] 127.0.0.1 /index.php/admin/Common/js/Particleground.js
ERR: 无法加载控制器:Common

[ 2017-04-05T12:48:06+08:00 ] 127.0.0.1 /index.php/admin/Common/js/verificationNumbers.js
ERR: 无法加载控制器:Common

[ 2017-04-05T12:48:06+08:00 ] 127.0.0.1 /index.php/admin/Common/js/jquery.min.js
ERR: 无法加载控制器:Common

[ 2017-04-05T12:48:07+08:00 ] 127.0.0.1 /index.php/admin/Common/js/jquery.min.js
ERR: 无法加载控制器:Common

[ 2017-04-05T12:48:07+08:00 ] 127.0.0.1 /index.php/admin/Common/js/verificationNumbers.js
ERR: 无法加载控制器:Common

[ 2017-04-05T12:48:07+08:00 ] 127.0.0.1 /index.php/admin/Common/js/verificationNumbers.js
ERR: 无法加载控制器:Common

[ 2017-04-05T12:48:07+08:00 ] 127.0.0.1 /index.php/admin/Common/js/Particleground.js
ERR: 无法加载控制器:Common

[ 2017-04-05T12:48:15+08:00 ] 127.0.0.1 /index.php/admin/Common/css/PClogin_style.css
ERR: 无法加载控制器:Common

[ 2017-04-05T12:48:15+08:00 ] 127.0.0.1 /index.php/admin/Common/js/Particleground.js
ERR: 无法加载控制器:Common

[ 2017-04-05T12:48:15+08:00 ] 127.0.0.1 /index.php/admin/Common/js/jquery.min.js
ERR: 无法加载控制器:Common

[ 2017-04-05T12:48:15+08:00 ] 127.0.0.1 /index.php/admin/Common/js/verificationNumbers.js
ERR: 无法加载控制器:Common

[ 2017-04-05T12:48:15+08:00 ] 127.0.0.1 /index.php/admin/Common/js/jquery.min.js
ERR: 无法加载控制器:Common

[ 2017-04-05T12:48:15+08:00 ] 127.0.0.1 /index.php/admin/Common/js/verificationNumbers.js
ERR: 无法加载控制器:Common

[ 2017-04-05T12:48:15+08:00 ] 127.0.0.1 /index.php/admin/Common/js/verificationNumbers.js
ERR: 无法加载控制器:Common

[ 2017-04-05T12:48:15+08:00 ] 127.0.0.1 /index.php/admin/Common/js/Particleground.js
ERR: 无法加载控制器:Common

[ 2017-04-05T12:48:21+08:00 ] 127.0.0.1 /index.php/admin/Common/css/PClogin_style.css
ERR: 无法加载控制器:Common

[ 2017-04-05T12:48:21+08:00 ] 127.0.0.1 /index.php/admin/Common/js/jquery.min.js
ERR: 无法加载控制器:Common

[ 2017-04-05T12:48:21+08:00 ] 127.0.0.1 /index.php/admin/Common/js/Particleground.js
ERR: 无法加载控制器:Common

[ 2017-04-05T12:48:21+08:00 ] 127.0.0.1 /index.php/admin/Common/js/verificationNumbers.js
ERR: 无法加载控制器:Common

[ 2017-04-05T12:48:21+08:00 ] 127.0.0.1 /index.php/admin/Common/js/verificationNumbers.js
ERR: 无法加载控制器:Common

[ 2017-04-05T12:48:21+08:00 ] 127.0.0.1 /index.php/admin/Common/js/Particleground.js
ERR: 无法加载控制器:Common

[ 2017-04-05T12:51:01+08:00 ] 192.168.43.146 /index.php/admin/Common/js/jquery.min.js
ERR: 无法加载控制器:Common

[ 2017-04-05T12:51:01+08:00 ] 192.168.43.146 /index.php/admin/Common/js/verificationNumbers.js
ERR: 无法加载控制器:Common

[ 2017-04-05T12:51:01+08:00 ] 192.168.43.146 /index.php/admin/Common/css/PClogin_style.css
ERR: 无法加载控制器:Common

[ 2017-04-05T12:51:04+08:00 ] 192.168.43.146 /index.php/admin/Common/js/Particleground.js
ERR: 无法加载控制器:Common

[ 2017-04-05T12:51:04+08:00 ] 192.168.43.146 /index.php/admin/Common/js/jquery.min.js
ERR: 无法加载控制器:Common

[ 2017-04-05T12:51:04+08:00 ] 192.168.43.146 /index.php/admin/Common/js/verificationNumbers.js
ERR: 无法加载控制器:Common

[ 2017-04-05T12:51:05+08:00 ] 192.168.43.146 /index.php/admin/Common/js/verificationNumbers.js
ERR: 无法加载控制器:Common

[ 2017-04-05T12:51:05+08:00 ] 192.168.43.146 /index.php/admin/Common/js/Particleground.js
ERR: 无法加载控制器:Common

[ 2017-04-05T12:51:47+08:00 ] 192.168.43.146 /index.php/admin/Common/css/PClogin_style.css
ERR: 无法加载控制器:Common

[ 2017-04-05T12:51:47+08:00 ] 192.168.43.146 /index.php/admin/Common/js/jquery.min.js
ERR: 无法加载控制器:Common

[ 2017-04-05T12:51:47+08:00 ] 192.168.43.146 /index.php/admin/Common/js/verificationNumbers.js
ERR: 无法加载控制器:Common

[ 2017-04-05T12:51:48+08:00 ] 192.168.43.146 /index.php/admin/Common/js/Particleground.js
ERR: 无法加载控制器:Common

[ 2017-04-05T12:51:48+08:00 ] 192.168.43.146 /index.php/admin/Common/js/verificationNumbers.js
ERR: 无法加载控制器:Common

[ 2017-04-05T12:51:49+08:00 ] 192.168.43.146 /index.php/admin/Common/js/Particleground.js
ERR: 无法加载控制器:Common

[ 2017-04-05T12:52:13+08:00 ] 127.0.0.1 /index.php/admin/Common/js/jquery.min.js
ERR: 无法加载控制器:Common

[ 2017-04-05T12:52:13+08:00 ] 127.0.0.1 /index.php/admin/Common/js/verificationNumbers.js
ERR: 无法加载控制器:Common

[ 2017-04-05T12:52:13+08:00 ] 127.0.0.1 /index.php/admin/Common/css/PClogin_style.css
ERR: 无法加载控制器:Common

[ 2017-04-05T12:52:13+08:00 ] 127.0.0.1 /index.php/admin/Common/js/Particleground.js
ERR: 无法加载控制器:Common

[ 2017-04-05T12:52:13+08:00 ] 127.0.0.1 /index.php/admin/Common/js/jquery.min.js
ERR: 无法加载控制器:Common

[ 2017-04-05T12:52:13+08:00 ] 127.0.0.1 /index.php/admin/Common/js/verificationNumbers.js
ERR: 无法加载控制器:Common

[ 2017-04-05T12:52:13+08:00 ] 127.0.0.1 /index.php/admin/Common/js/verificationNumbers.js
ERR: 无法加载控制器:Common

[ 2017-04-05T12:52:13+08:00 ] 127.0.0.1 /index.php/admin/Common/js/Particleground.js
ERR: 无法加载控制器:Common

[ 2017-04-05T12:52:28+08:00 ] 192.168.43.146 /index.php/admin/Common/css/PClogin_style.css
ERR: 无法加载控制器:Common

[ 2017-04-05T12:52:28+08:00 ] 192.168.43.146 /index.php/admin/Common/js/jquery.min.js
ERR: 无法加载控制器:Common

[ 2017-04-05T12:52:28+08:00 ] 192.168.43.146 /index.php/admin/Common/js/Particleground.js
ERR: 无法加载控制器:Common

[ 2017-04-05T12:52:28+08:00 ] 192.168.43.146 /index.php/admin/Common/js/verificationNumbers.js
ERR: 无法加载控制器:Common

[ 2017-04-05T12:52:28+08:00 ] 192.168.43.146 /index.php/admin/Common/js/jquery.min.js
ERR: 无法加载控制器:Common

[ 2017-04-05T12:52:28+08:00 ] 192.168.43.146 /index.php/admin/Common/js/verificationNumbers.js
ERR: 无法加载控制器:Common

[ 2017-04-05T12:52:28+08:00 ] 192.168.43.146 /index.php/admin/Common/js/verificationNumbers.js
ERR: 无法加载控制器:Common

[ 2017-04-05T12:52:28+08:00 ] 192.168.43.146 /index.php/admin/Common/js/Particleground.js
ERR: 无法加载控制器:Common

[ 2017-04-05T12:52:43+08:00 ] ::1 /index.php/admin/Common/js/Particleground.js
ERR: 无法加载控制器:Common

[ 2017-04-05T12:52:43+08:00 ] ::1 /index.php/admin/Common/js/verificationNumbers.js
ERR: 无法加载控制器:Common

[ 2017-04-05T12:52:43+08:00 ] ::1 /index.php/admin/Common/js/jquery.min.js
ERR: 无法加载控制器:Common

[ 2017-04-05T12:52:43+08:00 ] ::1 /index.php/admin/Common/css/PClogin_style.css
ERR: 无法加载控制器:Common

[ 2017-04-05T12:52:43+08:00 ] ::1 /index.php/admin/Common/js/jquery.min.js
ERR: 无法加载控制器:Common

[ 2017-04-05T12:52:43+08:00 ] ::1 /index.php/admin/Common/js/verificationNumbers.js
ERR: 无法加载控制器:Common

[ 2017-04-05T12:52:43+08:00 ] ::1 /index.php/admin/Common/js/verificationNumbers.js
ERR: 无法加载控制器:Common

[ 2017-04-05T12:52:43+08:00 ] ::1 /index.php/admin/Common/js/Particleground.js
ERR: 无法加载控制器:Common

[ 2017-04-05T12:53:49+08:00 ] ::1 /index.php/admin/Common/css/PClogin_style.css
ERR: 无法加载控制器:Common

[ 2017-04-05T12:53:49+08:00 ] ::1 /index.php/admin/Common/js/verificationNumbers.js
ERR: 无法加载控制器:Common

[ 2017-04-05T12:53:49+08:00 ] ::1 /index.php/admin/Common/js/Particleground.js
ERR: 无法加载控制器:Common

[ 2017-04-05T12:53:49+08:00 ] ::1 /index.php/admin/Common/js/jquery.min.js
ERR: 无法加载控制器:Common

[ 2017-04-05T12:53:49+08:00 ] ::1 /index.php/admin/Common/js/verificationNumbers.js
ERR: 无法加载控制器:Common

[ 2017-04-05T12:53:49+08:00 ] ::1 /index.php/admin/Common/js/verificationNumbers.js
ERR: 无法加载控制器:Common

[ 2017-04-05T12:53:49+08:00 ] ::1 /index.php/admin/Common/js/Particleground.js
ERR: 无法加载控制器:Common

[ 2017-04-05T12:53:50+08:00 ] ::1 /index.php/admin/Common/js/verificationNumbers.js
ERR: 无法加载控制器:Common

[ 2017-04-05T12:53:50+08:00 ] ::1 /index.php/admin/Common/js/Particleground.js
ERR: 无法加载控制器:Common

[ 2017-04-05T12:53:50+08:00 ] ::1 /index.php/admin/Common/js/jquery.min.js
ERR: 无法加载控制器:Common

[ 2017-04-05T12:53:50+08:00 ] ::1 /index.php/admin/Common/css/PClogin_style.css
ERR: 无法加载控制器:Common

[ 2017-04-05T12:53:50+08:00 ] ::1 /index.php/admin/Common/js/jquery.min.js
ERR: 无法加载控制器:Common

[ 2017-04-05T12:53:50+08:00 ] ::1 /index.php/admin/Common/js/verificationNumbers.js
ERR: 无法加载控制器:Common

[ 2017-04-05T12:53:50+08:00 ] ::1 /index.php/admin/Common/js/verificationNumbers.js
ERR: 无法加载控制器:Common

[ 2017-04-05T12:53:50+08:00 ] ::1 /index.php/admin/Common/js/Particleground.js
ERR: 无法加载控制器:Common

[ 2017-04-05T12:53:51+08:00 ] ::1 /index.php/admin/Common/css/PClogin_style.css
ERR: 无法加载控制器:Common

[ 2017-04-05T12:53:51+08:00 ] ::1 /index.php/admin/Common/js/jquery.min.js
ERR: 无法加载控制器:Common

[ 2017-04-05T12:53:51+08:00 ] ::1 /index.php/admin/Common/js/verificationNumbers.js
ERR: 无法加载控制器:Common

[ 2017-04-05T12:53:51+08:00 ] ::1 /index.php/admin/Common/js/Particleground.js
ERR: 无法加载控制器:Common

[ 2017-04-05T12:53:51+08:00 ] ::1 /index.php/admin/Common/js/verificationNumbers.js
ERR: 无法加载控制器:Common

[ 2017-04-05T12:53:51+08:00 ] ::1 /index.php/admin/Common/js/Particleground.js
ERR: 无法加载控制器:Common

[ 2017-04-05T12:53:51+08:00 ] ::1 /index.php/admin/Common/css/PClogin_style.css
ERR: 无法加载控制器:Common

[ 2017-04-05T12:53:51+08:00 ] ::1 /index.php/admin/Common/js/verificationNumbers.js
ERR: 无法加载控制器:Common

[ 2017-04-05T12:53:51+08:00 ] ::1 /index.php/admin/Common/js/jquery.min.js
ERR: 无法加载控制器:Common

[ 2017-04-05T12:53:51+08:00 ] ::1 /index.php/admin/Common/js/Particleground.js
ERR: 无法加载控制器:Common

[ 2017-04-05T12:53:51+08:00 ] ::1 /index.php/admin/Common/js/verificationNumbers.js
ERR: 无法加载控制器:Common

[ 2017-04-05T12:53:51+08:00 ] ::1 /index.php/admin/Common/js/verificationNumbers.js
ERR: 无法加载控制器:Common

[ 2017-04-05T12:53:51+08:00 ] ::1 /index.php/admin/Common/js/Particleground.js
ERR: 无法加载控制器:Common

[ 2017-04-05T12:53:51+08:00 ] ::1 /index.php/admin/Common/js/verificationNumbers.js
ERR: 无法加载控制器:Common

[ 2017-04-05T12:53:51+08:00 ] ::1 /index.php/admin/Common/js/Particleground.js
ERR: 无法加载控制器:Common

[ 2017-04-05T12:53:51+08:00 ] ::1 /index.php/admin/Common/css/PClogin_style.css
ERR: 无法加载控制器:Common

[ 2017-04-05T12:53:51+08:00 ] ::1 /index.php/admin/Common/js/jquery.min.js
ERR: 无法加载控制器:Common

[ 2017-04-05T12:53:51+08:00 ] ::1 /index.php/admin/Common/js/verificationNumbers.js
ERR: 无法加载控制器:Common

[ 2017-04-05T12:53:51+08:00 ] ::1 /index.php/admin/Common/js/verificationNumbers.js
ERR: 无法加载控制器:Common

[ 2017-04-05T12:53:51+08:00 ] ::1 /index.php/admin/Common/js/Particleground.js
ERR: 无法加载控制器:Common

[ 2017-04-05T12:53:51+08:00 ] ::1 /index.php/admin/Common/js/verificationNumbers.js
ERR: 无法加载控制器:Common

[ 2017-04-05T12:53:51+08:00 ] ::1 /index.php/admin/Common/js/jquery.min.js
ERR: 无法加载控制器:Common

[ 2017-04-05T12:53:51+08:00 ] ::1 /index.php/admin/Common/css/PClogin_style.css
ERR: 无法加载控制器:Common

[ 2017-04-05T12:53:51+08:00 ] ::1 /index.php/admin/Common/js/Particleground.js
ERR: 无法加载控制器:Common

[ 2017-04-05T12:53:51+08:00 ] ::1 /index.php/admin/Common/js/jquery.min.js
ERR: 无法加载控制器:Common

[ 2017-04-05T12:53:51+08:00 ] ::1 /index.php/admin/Common/js/jquery.min.js
ERR: 无法加载控制器:Common

[ 2017-04-05T12:53:51+08:00 ] ::1 /index.php/admin/Common/js/verificationNumbers.js
ERR: 无法加载控制器:Common

[ 2017-04-05T12:53:51+08:00 ] ::1 /index.php/admin/Common/js/Particleground.js
ERR: 无法加载控制器:Common

[ 2017-04-05T12:53:51+08:00 ] ::1 /index.php/admin/Common/css/PClogin_style.css
ERR: 无法加载控制器:Common

[ 2017-04-05T12:53:51+08:00 ] ::1 /index.php/admin/Common/js/jquery.min.js
ERR: 无法加载控制器:Common

[ 2017-04-05T12:53:51+08:00 ] ::1 /index.php/admin/Common/js/verificationNumbers.js
ERR: 无法加载控制器:Common

[ 2017-04-05T12:53:51+08:00 ] ::1 /index.php/admin/Common/js/verificationNumbers.js
ERR: 无法加载控制器:Common

[ 2017-04-05T12:53:51+08:00 ] ::1 /index.php/admin/Common/js/jquery.min.js
ERR: 无法加载控制器:Common

[ 2017-04-05T12:53:51+08:00 ] ::1 /index.php/admin/Common/js/verificationNumbers.js
ERR: 无法加载控制器:Common

[ 2017-04-05T12:53:51+08:00 ] ::1 /index.php/admin/Common/js/Particleground.js
ERR: 无法加载控制器:Common

[ 2017-04-05T12:53:51+08:00 ] ::1 /index.php/admin/Common/css/PClogin_style.css
ERR: 无法加载控制器:Common

[ 2017-04-05T12:53:51+08:00 ] ::1 /index.php/admin/Common/js/jquery.min.js
ERR: 无法加载控制器:Common

[ 2017-04-05T12:53:51+08:00 ] ::1 /index.php/admin/Common/js/verificationNumbers.js
ERR: 无法加载控制器:Common

[ 2017-04-05T12:53:52+08:00 ] ::1 /index.php/admin/Common/js/verificationNumbers.js
ERR: 无法加载控制器:Common

[ 2017-04-05T12:53:52+08:00 ] ::1 /index.php/admin/Common/css/PClogin_style.css
ERR: 无法加载控制器:Common

[ 2017-04-05T12:53:52+08:00 ] ::1 /index.php/admin/Common/js/verificationNumbers.js
ERR: 无法加载控制器:Common

[ 2017-04-05T12:53:52+08:00 ] ::1 /index.php/admin/Common/js/Particleground.js
ERR: 无法加载控制器:Common

[ 2017-04-05T12:53:52+08:00 ] ::1 /index.php/admin/Common/js/jquery.min.js
ERR: 无法加载控制器:Common

[ 2017-04-05T12:53:52+08:00 ] ::1 /index.php/admin/Common/js/verificationNumbers.js
ERR: 无法加载控制器:Common

[ 2017-04-05T12:53:52+08:00 ] ::1 /index.php/admin/Common/js/verificationNumbers.js
ERR: 无法加载控制器:Common

[ 2017-04-05T12:53:52+08:00 ] ::1 /index.php/admin/Common/js/jquery.min.js
ERR: 无法加载控制器:Common

[ 2017-04-05T12:53:52+08:00 ] ::1 /index.php/admin/Common/js/verificationNumbers.js
ERR: 无法加载控制器:Common

[ 2017-04-05T12:53:52+08:00 ] ::1 /index.php/admin/Common/js/Particleground.js
ERR: 无法加载控制器:Common

[ 2017-04-05T12:53:52+08:00 ] ::1 /index.php/admin/Common/css/PClogin_style.css
ERR: 无法加载控制器:Common

[ 2017-04-05T12:53:52+08:00 ] ::1 /index.php/admin/Common/js/jquery.min.js
ERR: 无法加载控制器:Common

[ 2017-04-05T12:53:52+08:00 ] ::1 /index.php/admin/Common/js/verificationNumbers.js
ERR: 无法加载控制器:Common

[ 2017-04-05T12:53:52+08:00 ] ::1 /index.php/admin/Common/js/verificationNumbers.js
ERR: 无法加载控制器:Common

[ 2017-04-05T12:53:52+08:00 ] ::1 /index.php/admin/Common/js/jquery.min.js
ERR: 无法加载控制器:Common

[ 2017-04-05T12:53:52+08:00 ] ::1 /index.php/admin/Common/js/verificationNumbers.js
ERR: 无法加载控制器:Common

[ 2017-04-05T12:53:52+08:00 ] ::1 /index.php/admin/Common/js/Particleground.js
ERR: 无法加载控制器:Common

[ 2017-04-05T12:53:52+08:00 ] ::1 /index.php/admin/Common/css/PClogin_style.css
ERR: 无法加载控制器:Common

[ 2017-04-05T12:53:52+08:00 ] ::1 /index.php/admin/Common/js/jquery.min.js
ERR: 无法加载控制器:Common

[ 2017-04-05T12:53:52+08:00 ] ::1 /index.php/admin/Common/js/verificationNumbers.js
ERR: 无法加载控制器:Common

[ 2017-04-05T12:53:52+08:00 ] ::1 /index.php/admin/Common/js/verificationNumbers.js
ERR: 无法加载控制器:Common

[ 2017-04-05T12:53:52+08:00 ] ::1 /index.php/admin/Common/js/Particleground.js
ERR: 无法加载控制器:Common

[ 2017-04-05T12:53:52+08:00 ] ::1 /index.php/admin/Common/css/PClogin_style.css
ERR: 无法加载控制器:Common

[ 2017-04-05T12:53:52+08:00 ] ::1 /index.php/admin/Common/js/jquery.min.js
ERR: 无法加载控制器:Common

[ 2017-04-05T12:53:52+08:00 ] ::1 /index.php/admin/Common/js/verificationNumbers.js
ERR: 无法加载控制器:Common

[ 2017-04-05T12:53:52+08:00 ] ::1 /index.php/admin/Common/js/verificationNumbers.js
ERR: 无法加载控制器:Common

[ 2017-04-05T12:53:52+08:00 ] ::1 /index.php/admin/Common/js/Particleground.js
ERR: 无法加载控制器:Common

[ 2017-04-05T12:53:52+08:00 ] ::1 /index.php/admin/Common/js/jquery.min.js
ERR: 无法加载控制器:Common

[ 2017-04-05T12:53:52+08:00 ] ::1 /index.php/admin/Common/js/Particleground.js
ERR: 无法加载控制器:Common

[ 2017-04-05T12:53:52+08:00 ] ::1 /index.php/admin/Common/js/verificationNumbers.js
ERR: 无法加载控制器:Common

[ 2017-04-05T12:53:52+08:00 ] ::1 /index.php/admin/Common/css/PClogin_style.css
ERR: 无法加载控制器:Common

[ 2017-04-05T12:53:52+08:00 ] ::1 /index.php/admin/Common/js/jquery.min.js
ERR: 无法加载控制器:Common

[ 2017-04-05T12:53:52+08:00 ] ::1 /index.php/admin/Common/css/PClogin_style.css
ERR: 无法加载控制器:Common

[ 2017-04-05T12:53:52+08:00 ] ::1 /index.php/admin/Common/js/jquery.min.js
ERR: 无法加载控制器:Common

[ 2017-04-05T12:53:52+08:00 ] ::1 /index.php/admin/Common/js/verificationNumbers.js
ERR: 无法加载控制器:Common

[ 2017-04-05T12:53:52+08:00 ] ::1 /index.php/admin/Common/js/Particleground.js
ERR: 无法加载控制器:Common

[ 2017-04-05T12:53:52+08:00 ] ::1 /index.php/admin/Common/js/verificationNumbers.js
ERR: 无法加载控制器:Common

[ 2017-04-05T12:53:52+08:00 ] ::1 /index.php/admin/Common/js/Particleground.js
ERR: 无法加载控制器:Common

[ 2017-04-05T12:53:52+08:00 ] ::1 /index.php/admin/Common/js/verificationNumbers.js
ERR: 无法加载控制器:Common

[ 2017-04-05T12:53:52+08:00 ] ::1 /index.php/admin/Common/js/Particleground.js
ERR: 无法加载控制器:Common

[ 2017-04-05T12:53:52+08:00 ] ::1 /index.php/admin/Common/js/jquery.min.js
ERR: 无法加载控制器:Common

[ 2017-04-05T12:53:52+08:00 ] ::1 /index.php/admin/Common/css/PClogin_style.css
ERR: 无法加载控制器:Common

[ 2017-04-05T12:53:52+08:00 ] ::1 /index.php/admin/Common/js/jquery.min.js
ERR: 无法加载控制器:Common

[ 2017-04-05T12:53:53+08:00 ] ::1 /index.php/admin/Common/js/jquery.min.js
ERR: 无法加载控制器:Common

[ 2017-04-05T12:53:53+08:00 ] ::1 /index.php/admin/Common/css/PClogin_style.css
ERR: 无法加载控制器:Common

[ 2017-04-05T12:53:53+08:00 ] ::1 /index.php/admin/Common/js/verificationNumbers.js
ERR: 无法加载控制器:Common

[ 2017-04-05T12:53:53+08:00 ] ::1 /index.php/admin/Common/js/Particleground.js
ERR: 无法加载控制器:Common

[ 2017-04-05T12:53:53+08:00 ] ::1 /index.php/admin/Common/js/jquery.min.js
ERR: 无法加载控制器:Common

[ 2017-04-05T12:53:53+08:00 ] ::1 /index.php/admin/Common/js/verificationNumbers.js
ERR: 无法加载控制器:Common

[ 2017-04-05T12:53:53+08:00 ] ::1 /index.php/admin/Common/js/verificationNumbers.js
ERR: 无法加载控制器:Common

[ 2017-04-05T12:53:53+08:00 ] ::1 /index.php/admin/Common/js/Particleground.js
ERR: 无法加载控制器:Common

[ 2017-04-05T12:53:56+08:00 ] 127.0.0.1 /index.php/admin/Common/js/jquery.min.js
ERR: 无法加载控制器:Common

[ 2017-04-05T12:53:56+08:00 ] 127.0.0.1 /index.php/admin/Common/js/verificationNumbers.js
ERR: 无法加载控制器:Common

[ 2017-04-05T12:53:56+08:00 ] 127.0.0.1 /index.php/admin/Common/css/PClogin_style.css
ERR: 无法加载控制器:Common

[ 2017-04-05T12:53:56+08:00 ] 127.0.0.1 /index.php/admin/Common/js/Particleground.js
ERR: 无法加载控制器:Common

[ 2017-04-05T12:53:56+08:00 ] 127.0.0.1 /index.php/admin/Common/js/jquery.min.js
ERR: 无法加载控制器:Common

[ 2017-04-05T12:53:56+08:00 ] 127.0.0.1 /index.php/admin/Common/js/verificationNumbers.js
ERR: 无法加载控制器:Common

[ 2017-04-05T12:53:56+08:00 ] 127.0.0.1 /index.php/admin/Common/js/verificationNumbers.js
ERR: 无法加载控制器:Common

[ 2017-04-05T12:53:56+08:00 ] 127.0.0.1 /index.php/admin/Common/js/Particleground.js
ERR: 无法加载控制器:Common

[ 2017-04-05T12:53:57+08:00 ] 127.0.0.1 /index.php/admin/Common/js/verificationNumbers.js
ERR: 无法加载控制器:Common

[ 2017-04-05T12:53:57+08:00 ] 127.0.0.1 /index.php/admin/Common/js/jquery.min.js
ERR: 无法加载控制器:Common

[ 2017-04-05T12:53:57+08:00 ] 127.0.0.1 /index.php/admin/Common/js/Particleground.js
ERR: 无法加载控制器:Common

[ 2017-04-05T12:53:57+08:00 ] 127.0.0.1 /index.php/admin/Common/css/PClogin_style.css
ERR: 无法加载控制器:Common

[ 2017-04-05T12:53:57+08:00 ] 127.0.0.1 /index.php/admin/Common/js/jquery.min.js
ERR: 无法加载控制器:Common

[ 2017-04-05T12:53:57+08:00 ] 127.0.0.1 /index.php/admin/Common/js/verificationNumbers.js
ERR: 无法加载控制器:Common

[ 2017-04-05T12:53:57+08:00 ] 127.0.0.1 /index.php/admin/Common/js/verificationNumbers.js
ERR: 无法加载控制器:Common

[ 2017-04-05T12:53:57+08:00 ] 127.0.0.1 /index.php/admin/Common/js/Particleground.js
ERR: 无法加载控制器:Common

[ 2017-04-05T12:53:58+08:00 ] 127.0.0.1 /index.php/admin/Common/js/verificationNumbers.js
ERR: 无法加载控制器:Common

[ 2017-04-05T12:53:58+08:00 ] 127.0.0.1 /index.php/admin/Common/js/jquery.min.js
ERR: 无法加载控制器:Common

[ 2017-04-05T12:53:58+08:00 ] 127.0.0.1 /index.php/admin/Common/js/Particleground.js
ERR: 无法加载控制器:Common

[ 2017-04-05T12:53:58+08:00 ] 127.0.0.1 /index.php/admin/Common/css/PClogin_style.css
ERR: 无法加载控制器:Common

[ 2017-04-05T12:53:58+08:00 ] 127.0.0.1 /index.php/admin/Common/js/jquery.min.js
ERR: 无法加载控制器:Common

[ 2017-04-05T12:53:58+08:00 ] 127.0.0.1 /index.php/admin/Common/js/verificationNumbers.js
ERR: 无法加载控制器:Common

[ 2017-04-05T12:53:58+08:00 ] 127.0.0.1 /index.php/admin/Common/js/verificationNumbers.js
ERR: 无法加载控制器:Common

[ 2017-04-05T12:53:58+08:00 ] 127.0.0.1 /index.php/admin/Common/js/Particleground.js
ERR: 无法加载控制器:Common

[ 2017-04-05T12:53:58+08:00 ] 127.0.0.1 /index.php/admin/Common/css/PClogin_style.css
ERR: 无法加载控制器:Common

[ 2017-04-05T12:53:58+08:00 ] 127.0.0.1 /index.php/admin/Common/js/verificationNumbers.js
ERR: 无法加载控制器:Common

[ 2017-04-05T12:53:58+08:00 ] 127.0.0.1 /index.php/admin/Common/js/Particleground.js
ERR: 无法加载控制器:Common

[ 2017-04-05T12:53:58+08:00 ] 127.0.0.1 /index.php/admin/Common/js/jquery.min.js
ERR: 无法加载控制器:Common

[ 2017-04-05T12:53:58+08:00 ] 127.0.0.1 /index.php/admin/Common/js/verificationNumbers.js
ERR: 无法加载控制器:Common

[ 2017-04-05T12:53:58+08:00 ] 127.0.0.1 /index.php/admin/Common/js/verificationNumbers.js
ERR: 无法加载控制器:Common

[ 2017-04-05T12:53:58+08:00 ] 127.0.0.1 /index.php/admin/Common/js/Particleground.js
ERR: 无法加载控制器:Common

[ 2017-04-05T13:28:31+08:00 ] 192.168.43.146 /index.php/admin/Common/css/PClogin_style.css
ERR: 无法加载控制器:Common

[ 2017-04-05T13:28:31+08:00 ] 192.168.43.146 /index.php/admin/Common/js/jquery.min.js
ERR: 无法加载控制器:Common

[ 2017-04-05T13:28:31+08:00 ] 192.168.43.146 /index.php/admin/Common/js/verificationNumbers.js
ERR: 无法加载控制器:Common

[ 2017-04-05T13:28:31+08:00 ] 192.168.43.146 /index.php/admin/Common/js/Particleground.js
ERR: 无法加载控制器:Common

[ 2017-04-05T13:28:31+08:00 ] 192.168.43.146 /index.php/admin/Common/js/verificationNumbers.js
ERR: 无法加载控制器:Common

[ 2017-04-05T13:28:32+08:00 ] 192.168.43.146 /index.php/admin/Common/js/Particleground.js
ERR: 无法加载控制器:Common

[ 2017-04-05T13:33:01+08:00 ] 192.168.43.146 /index.php/admin/Common/css/PClogin_style.css
ERR: 无法加载控制器:Common

[ 2017-04-05T13:33:02+08:00 ] 192.168.43.146 /index.php/admin/Common/js/verificationNumbers.js
ERR: 无法加载控制器:Common

[ 2017-04-05T13:33:02+08:00 ] 192.168.43.146 /index.php/admin/Common/js/jquery.min.js
ERR: 无法加载控制器:Common

[ 2017-04-05T13:33:03+08:00 ] 192.168.43.146 /index.php/admin/Common/js/Particleground.js
ERR: 无法加载控制器:Common

[ 2017-04-05T13:33:03+08:00 ] 192.168.43.146 /index.php/admin/Common/js/jquery.min.js
ERR: 无法加载控制器:Common

[ 2017-04-05T13:33:03+08:00 ] 192.168.43.146 /index.php/admin/Common/js/verificationNumbers.js
ERR: 无法加载控制器:Common

[ 2017-04-05T13:33:04+08:00 ] 192.168.43.146 /index.php/admin/Common/js/verificationNumbers.js
ERR: 无法加载控制器:Common

[ 2017-04-05T13:33:04+08:00 ] 192.168.43.146 /index.php/admin/Common/js/Particleground.js
ERR: 无法加载控制器:Common

