[ 2017-06-04T14:01:54+08:00 ] 127.0.0.1 /index.php/Admin/Login/login
INFO: [ app_begin ] --START--
INFO: Run Behavior\ReadHtmlCacheBehavior [ RunTime:0.000524s ]
INFO: [ app_begin ] --END-- [ RunTime:0.001012s ]
SQL: SHOW COLUMNS FROM `login` [ RunTime:0.0076s ]
SQL: SELECT * FROM `login` WHERE ( userName='123' and passWord='123' ) LIMIT 1   [ RunTime:0.0164s ]
INFO: [ app_end ] --START--
INFO: Run Behavior\ShowPageTraceBehavior [ RunTime:0.000828s ]
INFO: [ app_end ] --END-- [ RunTime:0.000891s ]

[ 2017-06-04T14:03:04+08:00 ] 127.0.0.1 /index.php/Admin/Login/login
INFO: [ app_begin ] --START--
INFO: Run Behavior\ReadHtmlCacheBehavior [ RunTime:0.000768s ]
INFO: [ app_begin ] --END-- [ RunTime:0.001234s ]
SQL: SHOW COLUMNS FROM `login` [ RunTime:0.0018s ]
SQL: SELECT * FROM `login` WHERE ( userName='admin' and passWord='admin' ) LIMIT 1   [ RunTime:0.0003s ]
INFO: [ app_end ] --START--
INFO: Run Behavior\ShowPageTraceBehavior [ RunTime:0.000493s ]
INFO: [ app_end ] --END-- [ RunTime:0.000534s ]

[ 2017-06-04T14:03:12+08:00 ] 127.0.0.1 /index.php/Admin/Left/left
INFO: [ app_begin ] --START--
INFO: Run Behavior\ReadHtmlCacheBehavior [ RunTime:0.000792s ]
INFO: [ app_begin ] --END-- [ RunTime:0.001347s ]
INFO: [ view_parse ] --START--
INFO: [ template_filter ] --START--
INFO: Run Behavior\ContentReplaceBehavior [ RunTime:0.000034s ]
INFO: [ template_filter ] --END-- [ RunTime:0.000076s ]
INFO: Run Behavior\ParseTemplateBehavior [ RunTime:0.090250s ]
INFO: [ view_parse ] --END-- [ RunTime:0.090311s ]
INFO: [ view_filter ] --START--
INFO: Run Behavior\WriteHtmlCacheBehavior [ RunTime:0.000266s ]
INFO: [ view_filter ] --END-- [ RunTime:0.000294s ]
INFO: [ app_end ] --START--
INFO: Run Behavior\ShowPageTraceBehavior [ RunTime:0.000432s ]
INFO: [ app_end ] --END-- [ RunTime:0.000464s ]

[ 2017-06-04T14:03:39+08:00 ] 127.0.0.1 /index.php/Admin/Left/left
INFO: [ app_begin ] --START--
INFO: Run Behavior\ReadHtmlCacheBehavior [ RunTime:0.000536s ]
INFO: [ app_begin ] --END-- [ RunTime:0.000909s ]
INFO: [ view_parse ] --START--
INFO: [ template_filter ] --START--
INFO: Run Behavior\ContentReplaceBehavior [ RunTime:0.000032s ]
INFO: [ template_filter ] --END-- [ RunTime:0.000071s ]
INFO: Run Behavior\ParseTemplateBehavior [ RunTime:0.032775s ]
INFO: [ view_parse ] --END-- [ RunTime:0.032834s ]
INFO: [ view_filter ] --START--
INFO: Run Behavior\WriteHtmlCacheBehavior [ RunTime:0.000216s ]
INFO: [ view_filter ] --END-- [ RunTime:0.000257s ]
INFO: [ app_end ] --START--
INFO: Run Behavior\ShowPageTraceBehavior [ RunTime:0.000363s ]
INFO: [ app_end ] --END-- [ RunTime:0.000395s ]

[ 2017-06-04T14:03:41+08:00 ] 127.0.0.1 /index.php/Admin/Right/index
INFO: [ app_begin ] --START--
INFO: Run Behavior\ReadHtmlCacheBehavior [ RunTime:0.000547s ]
INFO: [ app_begin ] --END-- [ RunTime:0.000941s ]
NOTIC: [8] Use of undefined constant issue - assumed 'issue' D:\web\work\Admin\Controller\RightController.class.php 第 8 行.
SQL: SHOW COLUMNS FROM `issue` [ RunTime:0.0018s ]
SQL: SELECT `id`,`title`,`issuetime` FROM `issue` WHERE ( cid=1 ) ORDER BY issuetime desc LIMIT 2   [ RunTime:0.0004s ]
NOTIC: [8] Use of undefined constant resume - assumed 'resume' D:\web\work\Admin\Controller\RightController.class.php 第 13 行.
SQL: SHOW COLUMNS FROM `resume` [ RunTime:0.0016s ]
SQL: SHOW COLUMNS FROM `resume` [ RunTime:0.0005s ]
SQL: SELECT r.umsg,s.uname,s.uid FROM resume r INNER JOIN studentinfo s on s.uid = r.uid  WHERE ( r.wid=13 and ischack=0 and r.umsg!='' )  [ RunTime:0.0128s ]
SQL: SHOW COLUMNS FROM `resume` [ RunTime:0.0005s ]
SQL: SELECT s.usex,s.uname,s.uid,s.uschool FROM resume r INNER JOIN studentinfo s on s.uid = r.uid  WHERE ( r.wid=13 )  [ RunTime:0.0003s ]
SQL: SHOW COLUMNS FROM `resume` [ RunTime:0.0005s ]
SQL: SELECT r.umsg,s.uname,s.uid FROM resume r INNER JOIN studentinfo s on s.uid = r.uid  WHERE ( r.wid=14 and ischack=0 and r.umsg!='' )  [ RunTime:0.0003s ]
SQL: SHOW COLUMNS FROM `resume` [ RunTime:0.0005s ]
SQL: SELECT s.usex,s.uname,s.uid,s.uschool FROM resume r INNER JOIN studentinfo s on s.uid = r.uid  WHERE ( r.wid=14 )  [ RunTime:0.0003s ]
INFO: [ view_parse ] --START--
INFO: [ template_filter ] --START--
INFO: Run Behavior\ContentReplaceBehavior [ RunTime:0.000300s ]
INFO: [ template_filter ] --END-- [ RunTime:0.000377s ]
INFO: Run Behavior\ParseTemplateBehavior [ RunTime:0.164024s ]
INFO: [ view_parse ] --END-- [ RunTime:0.164090s ]
INFO: [ view_filter ] --START--
INFO: Run Behavior\WriteHtmlCacheBehavior [ RunTime:0.000190s ]
INFO: [ view_filter ] --END-- [ RunTime:0.000219s ]
INFO: [ app_end ] --START--
INFO: Run Behavior\ShowPageTraceBehavior [ RunTime:0.000421s ]
INFO: [ app_end ] --END-- [ RunTime:0.000462s ]

[ 2017-06-04T14:07:35+08:00 ] 127.0.0.1 /index.php/Admin/Left/left
INFO: [ app_begin ] --START--
INFO: Run Behavior\ReadHtmlCacheBehavior [ RunTime:0.000437s ]
INFO: [ app_begin ] --END-- [ RunTime:0.000731s ]
INFO: [ view_parse ] --START--
INFO: [ template_filter ] --START--
INFO: Run Behavior\ContentReplaceBehavior [ RunTime:0.000050s ]
INFO: [ template_filter ] --END-- [ RunTime:0.000110s ]
INFO: Run Behavior\ParseTemplateBehavior [ RunTime:0.006579s ]
INFO: [ view_parse ] --END-- [ RunTime:0.006630s ]
INFO: [ view_filter ] --START--
INFO: Run Behavior\WriteHtmlCacheBehavior [ RunTime:0.000207s ]
INFO: [ view_filter ] --END-- [ RunTime:0.000238s ]
INFO: [ app_end ] --START--
INFO: Run Behavior\ShowPageTraceBehavior [ RunTime:0.000428s ]
INFO: [ app_end ] --END-- [ RunTime:0.000464s ]

[ 2017-06-04T14:07:37+08:00 ] 127.0.0.1 /index.php/Admin/Right/index
INFO: [ app_begin ] --START--
INFO: Run Behavior\ReadHtmlCacheBehavior [ RunTime:0.000434s ]
INFO: [ app_begin ] --END-- [ RunTime:0.000779s ]
NOTIC: [8] Use of undefined constant issue - assumed 'issue' D:\web\work\Admin\Controller\RightController.class.php 第 8 行.
SQL: SHOW COLUMNS FROM `issue` [ RunTime:0.0014s ]
SQL: SELECT `id`,`title`,`issuetime` FROM `issue` WHERE ( cid=1 ) ORDER BY issuetime desc LIMIT 2   [ RunTime:0.0003s ]
NOTIC: [8] Use of undefined constant resume - assumed 'resume' D:\web\work\Admin\Controller\RightController.class.php 第 13 行.
SQL: SHOW COLUMNS FROM `resume` [ RunTime:0.0012s ]
SQL: SHOW COLUMNS FROM `resume` [ RunTime:0.0005s ]
SQL: SELECT r.umsg,s.uname,s.uid FROM resume r INNER JOIN studentinfo s on s.uid = r.uid  WHERE ( r.wid=13 and ischack=0 and r.umsg!='' )  [ RunTime:0.0010s ]
SQL: SHOW COLUMNS FROM `resume` [ RunTime:0.0006s ]
SQL: SELECT s.usex,s.uname,s.uid,s.uschool FROM resume r INNER JOIN studentinfo s on s.uid = r.uid  WHERE ( r.wid=13 )  [ RunTime:0.0003s ]
SQL: SHOW COLUMNS FROM `resume` [ RunTime:0.0005s ]
SQL: SELECT r.umsg,s.uname,s.uid FROM resume r INNER JOIN studentinfo s on s.uid = r.uid  WHERE ( r.wid=14 and ischack=0 and r.umsg!='' )  [ RunTime:0.0003s ]
SQL: SHOW COLUMNS FROM `resume` [ RunTime:0.0005s ]
SQL: SELECT s.usex,s.uname,s.uid,s.uschool FROM resume r INNER JOIN studentinfo s on s.uid = r.uid  WHERE ( r.wid=14 )  [ RunTime:0.0003s ]
INFO: [ view_parse ] --START--
INFO: [ template_filter ] --START--
INFO: Run Behavior\ContentReplaceBehavior [ RunTime:0.000150s ]
INFO: [ template_filter ] --END-- [ RunTime:0.000204s ]
INFO: Run Behavior\ParseTemplateBehavior [ RunTime:0.074811s ]
INFO: [ view_parse ] --END-- [ RunTime:0.074940s ]
INFO: [ view_filter ] --START--
INFO: Run Behavior\WriteHtmlCacheBehavior [ RunTime:0.000346s ]
INFO: [ view_filter ] --END-- [ RunTime:0.000433s ]
INFO: [ app_end ] --START--
INFO: Run Behavior\ShowPageTraceBehavior [ RunTime:0.000489s ]
INFO: [ app_end ] --END-- [ RunTime:0.000538s ]

[ 2017-06-04T14:07:40+08:00 ] 127.0.0.1 /index.php/Admin/Right/table
INFO: [ app_begin ] --START--
INFO: Run Behavior\ReadHtmlCacheBehavior [ RunTime:0.000578s ]
INFO: [ app_begin ] --END-- [ RunTime:0.000992s ]
NOTIC: [8] Use of undefined constant issue - assumed 'issue' D:\web\work\Admin\Controller\RightController.class.php 第 59 行.
SQL: SHOW COLUMNS FROM `issue` [ RunTime:0.0022s ]
NOTIC: [8] Use of undefined constant resume - assumed 'resume' D:\web\work\Admin\Controller\RightController.class.php 第 60 行.
SQL: SHOW COLUMNS FROM `resume` [ RunTime:0.0017s ]
SQL: SELECT `id`,`title`,`issuetime` FROM `issue` WHERE ( cid=1 and TO_DAYS(NOW()) - workStartDate < 0 )  [ RunTime:0.0328s ]
SQL: SHOW COLUMNS FROM `resume` [ RunTime:0.0006s ]
SQL: SELECT s.usex,s.uname,s.uid,s.uschool,s.uphone,s.upoint,s.uaddress,r.wid FROM resume r INNER JOIN studentinfo s on s.uid = r.uid  WHERE ( r.wid=1 and r.ischack=0 )  [ RunTime:0.0010s ]
SQL: SHOW COLUMNS FROM `resume` [ RunTime:0.0005s ]
SQL: SELECT s.usex,s.uname,s.uid,s.uschool,s.uphone,s.upoint,s.uaddress,r.wid FROM resume r INNER JOIN studentinfo s on s.uid = r.uid  WHERE ( r.wid=2 and r.ischack=0 )  [ RunTime:0.0005s ]
SQL: SHOW COLUMNS FROM `resume` [ RunTime:0.0016s ]
SQL: SELECT s.usex,s.uname,s.uid,s.uschool,s.uphone,s.upoint,s.uaddress,r.wid FROM resume r INNER JOIN studentinfo s on s.uid = r.uid  WHERE ( r.wid=11 and r.ischack=0 )  [ RunTime:0.0009s ]
SQL: SHOW COLUMNS FROM `resume` [ RunTime:0.0016s ]
SQL: SELECT s.usex,s.uname,s.uid,s.uschool,s.uphone,s.upoint,s.uaddress,r.wid FROM resume r INNER JOIN studentinfo s on s.uid = r.uid  WHERE ( r.wid=13 and r.ischack=0 )  [ RunTime:0.0008s ]
SQL: SHOW COLUMNS FROM `resume` [ RunTime:0.0013s ]
SQL: SELECT s.usex,s.uname,s.uid,s.uschool,s.uphone,s.upoint,s.uaddress,r.wid FROM resume r INNER JOIN studentinfo s on s.uid = r.uid  WHERE ( r.wid=14 and r.ischack=0 )  [ RunTime:0.0007s ]
INFO: [ view_parse ] --START--
INFO: [ template_filter ] --START--
INFO: Run Behavior\ContentReplaceBehavior [ RunTime:0.000210s ]
INFO: [ template_filter ] --END-- [ RunTime:0.000325s ]
INFO: Run Behavior\ParseTemplateBehavior [ RunTime:0.119567s ]
INFO: [ view_parse ] --END-- [ RunTime:0.119652s ]
INFO: [ view_filter ] --START--
INFO: Run Behavior\WriteHtmlCacheBehavior [ RunTime:0.000216s ]
INFO: [ view_filter ] --END-- [ RunTime:0.000246s ]
INFO: [ app_end ] --START--
INFO: Run Behavior\ShowPageTraceBehavior [ RunTime:0.000438s ]
INFO: [ app_end ] --END-- [ RunTime:0.000480s ]

[ 2017-06-04T14:08:12+08:00 ] 127.0.0.1 /index.php/Admin/Right/table
INFO: [ app_begin ] --START--
INFO: Run Behavior\ReadHtmlCacheBehavior [ RunTime:0.001204s ]
INFO: [ app_begin ] --END-- [ RunTime:0.002393s ]
NOTIC: [8] Use of undefined constant issue - assumed 'issue' D:\web\work\Admin\Controller\RightController.class.php 第 59 行.
SQL: SHOW COLUMNS FROM `issue` [ RunTime:0.0015s ]
NOTIC: [8] Use of undefined constant resume - assumed 'resume' D:\web\work\Admin\Controller\RightController.class.php 第 60 行.
SQL: SHOW COLUMNS FROM `resume` [ RunTime:0.0012s ]
SQL: SELECT `id`,`title`,`issuetime` FROM `issue` WHERE ( cid=1 and TO_DAYS(NOW()) - workStartDate < 0 )  [ RunTime:0.0004s ]
SQL: SHOW COLUMNS FROM `resume` [ RunTime:0.0005s ]
SQL: SELECT s.usex,s.uname,s.uid,s.uschool,s.uphone,s.upoint,s.uaddress,r.wid FROM resume r INNER JOIN studentinfo s on s.uid = r.uid  WHERE ( r.wid=1 and r.ischack=0 )  [ RunTime:0.0010s ]
SQL: SHOW COLUMNS FROM `resume` [ RunTime:0.0005s ]
SQL: SELECT s.usex,s.uname,s.uid,s.uschool,s.uphone,s.upoint,s.uaddress,r.wid FROM resume r INNER JOIN studentinfo s on s.uid = r.uid  WHERE ( r.wid=2 and r.ischack=0 )  [ RunTime:0.0003s ]
SQL: SHOW COLUMNS FROM `resume` [ RunTime:0.0005s ]
SQL: SELECT s.usex,s.uname,s.uid,s.uschool,s.uphone,s.upoint,s.uaddress,r.wid FROM resume r INNER JOIN studentinfo s on s.uid = r.uid  WHERE ( r.wid=11 and r.ischack=0 )  [ RunTime:0.0003s ]
SQL: SHOW COLUMNS FROM `resume` [ RunTime:0.0005s ]
SQL: SELECT s.usex,s.uname,s.uid,s.uschool,s.uphone,s.upoint,s.uaddress,r.wid FROM resume r INNER JOIN studentinfo s on s.uid = r.uid  WHERE ( r.wid=13 and r.ischack=0 )  [ RunTime:0.0003s ]
SQL: SHOW COLUMNS FROM `resume` [ RunTime:0.0005s ]
SQL: SELECT s.usex,s.uname,s.uid,s.uschool,s.uphone,s.upoint,s.uaddress,r.wid FROM resume r INNER JOIN studentinfo s on s.uid = r.uid  WHERE ( r.wid=14 and r.ischack=0 )  [ RunTime:0.0003s ]
INFO: [ view_parse ] --START--
INFO: [ template_filter ] --START--
INFO: Run Behavior\ContentReplaceBehavior [ RunTime:0.000083s ]
INFO: [ template_filter ] --END-- [ RunTime:0.000130s ]
INFO: Run Behavior\ParseTemplateBehavior [ RunTime:0.009294s ]
INFO: [ view_parse ] --END-- [ RunTime:0.009348s ]
INFO: [ view_filter ] --START--
INFO: Run Behavior\WriteHtmlCacheBehavior [ RunTime:0.000217s ]
INFO: [ view_filter ] --END-- [ RunTime:0.000250s ]
INFO: [ app_end ] --START--
INFO: Run Behavior\ShowPageTraceBehavior [ RunTime:0.000746s ]
INFO: [ app_end ] --END-- [ RunTime:0.000831s ]

[ 2017-06-04T14:08:12+08:00 ] 127.0.0.1 /index.php/Admin/Right/employed
INFO: [ app_begin ] --START--
INFO: Run Behavior\ReadHtmlCacheBehavior [ RunTime:0.000410s ]
INFO: [ app_begin ] --END-- [ RunTime:0.000752s ]
INFO: [ view_parse ] --START--
INFO: [ template_filter ] --START--
INFO: Run Behavior\ContentReplaceBehavior [ RunTime:0.000036s ]
INFO: [ template_filter ] --END-- [ RunTime:0.000082s ]
INFO: Run Behavior\ParseTemplateBehavior [ RunTime:0.045347s ]
INFO: [ view_parse ] --END-- [ RunTime:0.045403s ]
INFO: [ view_filter ] --START--
INFO: Run Behavior\WriteHtmlCacheBehavior [ RunTime:0.000191s ]
INFO: [ view_filter ] --END-- [ RunTime:0.000220s ]
INFO: [ app_end ] --START--
INFO: Run Behavior\ShowPageTraceBehavior [ RunTime:0.000365s ]
INFO: [ app_end ] --END-- [ RunTime:0.000400s ]

[ 2017-06-04T14:08:13+08:00 ] 127.0.0.1 /index.php/Admin/Right/table
INFO: [ app_begin ] --START--
INFO: Run Behavior\ReadHtmlCacheBehavior [ RunTime:0.000670s ]
INFO: [ app_begin ] --END-- [ RunTime:0.001121s ]
NOTIC: [8] Use of undefined constant issue - assumed 'issue' D:\web\work\Admin\Controller\RightController.class.php 第 59 行.
SQL: SHOW COLUMNS FROM `issue` [ RunTime:0.0018s ]
NOTIC: [8] Use of undefined constant resume - assumed 'resume' D:\web\work\Admin\Controller\RightController.class.php 第 60 行.
SQL: SHOW COLUMNS FROM `resume` [ RunTime:0.0015s ]
SQL: SELECT `id`,`title`,`issuetime` FROM `issue` WHERE ( cid=1 and TO_DAYS(NOW()) - workStartDate < 0 )  [ RunTime:0.0004s ]
SQL: SHOW COLUMNS FROM `resume` [ RunTime:0.0006s ]
SQL: SELECT s.usex,s.uname,s.uid,s.uschool,s.uphone,s.upoint,s.uaddress,r.wid FROM resume r INNER JOIN studentinfo s on s.uid = r.uid  WHERE ( r.wid=1 and r.ischack=0 )  [ RunTime:0.0012s ]
SQL: SHOW COLUMNS FROM `resume` [ RunTime:0.0006s ]
SQL: SELECT s.usex,s.uname,s.uid,s.uschool,s.uphone,s.upoint,s.uaddress,r.wid FROM resume r INNER JOIN studentinfo s on s.uid = r.uid  WHERE ( r.wid=2 and r.ischack=0 )  [ RunTime:0.0004s ]
SQL: SHOW COLUMNS FROM `resume` [ RunTime:0.0006s ]
SQL: SELECT s.usex,s.uname,s.uid,s.uschool,s.uphone,s.upoint,s.uaddress,r.wid FROM resume r INNER JOIN studentinfo s on s.uid = r.uid  WHERE ( r.wid=11 and r.ischack=0 )  [ RunTime:0.0004s ]
SQL: SHOW COLUMNS FROM `resume` [ RunTime:0.0006s ]
SQL: SELECT s.usex,s.uname,s.uid,s.uschool,s.uphone,s.upoint,s.uaddress,r.wid FROM resume r INNER JOIN studentinfo s on s.uid = r.uid  WHERE ( r.wid=13 and r.ischack=0 )  [ RunTime:0.0004s ]
SQL: SHOW COLUMNS FROM `resume` [ RunTime:0.0006s ]
SQL: SELECT s.usex,s.uname,s.uid,s.uschool,s.uphone,s.upoint,s.uaddress,r.wid FROM resume r INNER JOIN studentinfo s on s.uid = r.uid  WHERE ( r.wid=14 and r.ischack=0 )  [ RunTime:0.0004s ]
INFO: [ view_parse ] --START--
INFO: [ template_filter ] --START--
INFO: Run Behavior\ContentReplaceBehavior [ RunTime:0.000091s ]
INFO: [ template_filter ] --END-- [ RunTime:0.000147s ]
INFO: Run Behavior\ParseTemplateBehavior [ RunTime:0.009594s ]
INFO: [ view_parse ] --END-- [ RunTime:0.009648s ]
INFO: [ view_filter ] --START--
INFO: Run Behavior\WriteHtmlCacheBehavior [ RunTime:0.000345s ]
INFO: [ view_filter ] --END-- [ RunTime:0.000386s ]
INFO: [ app_end ] --START--
INFO: Run Behavior\ShowPageTraceBehavior [ RunTime:0.000787s ]
INFO: [ app_end ] --END-- [ RunTime:0.000862s ]

[ 2017-06-04T14:08:15+08:00 ] 127.0.0.1 /index.php/Admin/Right/index
INFO: [ app_begin ] --START--
INFO: Run Behavior\ReadHtmlCacheBehavior [ RunTime:0.000349s ]
INFO: [ app_begin ] --END-- [ RunTime:0.000605s ]
NOTIC: [8] Use of undefined constant issue - assumed 'issue' D:\web\work\Admin\Controller\RightController.class.php 第 8 行.
SQL: SHOW COLUMNS FROM `issue` [ RunTime:0.0014s ]
SQL: SELECT `id`,`title`,`issuetime` FROM `issue` WHERE ( cid=1 ) ORDER BY issuetime desc LIMIT 2   [ RunTime:0.0004s ]
NOTIC: [8] Use of undefined constant resume - assumed 'resume' D:\web\work\Admin\Controller\RightController.class.php 第 13 行.
SQL: SHOW COLUMNS FROM `resume` [ RunTime:0.0012s ]
SQL: SHOW COLUMNS FROM `resume` [ RunTime:0.0005s ]
SQL: SELECT r.umsg,s.uname,s.uid FROM resume r INNER JOIN studentinfo s on s.uid = r.uid  WHERE ( r.wid=13 and ischack=0 and r.umsg!='' )  [ RunTime:0.0010s ]
SQL: SHOW COLUMNS FROM `resume` [ RunTime:0.0005s ]
SQL: SELECT s.usex,s.uname,s.uid,s.uschool FROM resume r INNER JOIN studentinfo s on s.uid = r.uid  WHERE ( r.wid=13 )  [ RunTime:0.0003s ]
SQL: SHOW COLUMNS FROM `resume` [ RunTime:0.0004s ]
SQL: SELECT r.umsg,s.uname,s.uid FROM resume r INNER JOIN studentinfo s on s.uid = r.uid  WHERE ( r.wid=14 and ischack=0 and r.umsg!='' )  [ RunTime:0.0003s ]
SQL: SHOW COLUMNS FROM `resume` [ RunTime:0.0004s ]
SQL: SELECT s.usex,s.uname,s.uid,s.uschool FROM resume r INNER JOIN studentinfo s on s.uid = r.uid  WHERE ( r.wid=14 )  [ RunTime:0.0002s ]
INFO: [ view_parse ] --START--
INFO: [ template_filter ] --START--
INFO: Run Behavior\ContentReplaceBehavior [ RunTime:0.000125s ]
INFO: [ template_filter ] --END-- [ RunTime:0.000165s ]
INFO: Run Behavior\ParseTemplateBehavior [ RunTime:0.043190s ]
INFO: [ view_parse ] --END-- [ RunTime:0.043248s ]
INFO: [ view_filter ] --START--
INFO: Run Behavior\WriteHtmlCacheBehavior [ RunTime:0.000212s ]
INFO: [ view_filter ] --END-- [ RunTime:0.000243s ]
INFO: [ app_end ] --START--
INFO: Run Behavior\ShowPageTraceBehavior [ RunTime:0.000525s ]
INFO: [ app_end ] --END-- [ RunTime:0.000570s ]

[ 2017-06-04T14:08:15+08:00 ] 127.0.0.1 /index.php/Admin/Right/table
INFO: [ app_begin ] --START--
INFO: Run Behavior\ReadHtmlCacheBehavior [ RunTime:0.001167s ]
INFO: [ app_begin ] --END-- [ RunTime:0.002125s ]
NOTIC: [8] Use of undefined constant issue - assumed 'issue' D:\web\work\Admin\Controller\RightController.class.php 第 59 行.
SQL: SHOW COLUMNS FROM `issue` [ RunTime:0.0015s ]
NOTIC: [8] Use of undefined constant resume - assumed 'resume' D:\web\work\Admin\Controller\RightController.class.php 第 60 行.
SQL: SHOW COLUMNS FROM `resume` [ RunTime:0.0013s ]
SQL: SELECT `id`,`title`,`issuetime` FROM `issue` WHERE ( cid=1 and TO_DAYS(NOW()) - workStartDate < 0 )  [ RunTime:0.0003s ]
SQL: SHOW COLUMNS FROM `resume` [ RunTime:0.0005s ]
SQL: SELECT s.usex,s.uname,s.uid,s.uschool,s.uphone,s.upoint,s.uaddress,r.wid FROM resume r INNER JOIN studentinfo s on s.uid = r.uid  WHERE ( r.wid=1 and r.ischack=0 )  [ RunTime:0.0011s ]
SQL: SHOW COLUMNS FROM `resume` [ RunTime:0.0005s ]
SQL: SELECT s.usex,s.uname,s.uid,s.uschool,s.uphone,s.upoint,s.uaddress,r.wid FROM resume r INNER JOIN studentinfo s on s.uid = r.uid  WHERE ( r.wid=2 and r.ischack=0 )  [ RunTime:0.0003s ]
SQL: SHOW COLUMNS FROM `resume` [ RunTime:0.0005s ]
SQL: SELECT s.usex,s.uname,s.uid,s.uschool,s.uphone,s.upoint,s.uaddress,r.wid FROM resume r INNER JOIN studentinfo s on s.uid = r.uid  WHERE ( r.wid=11 and r.ischack=0 )  [ RunTime:0.0003s ]
SQL: SHOW COLUMNS FROM `resume` [ RunTime:0.0005s ]
SQL: SELECT s.usex,s.uname,s.uid,s.uschool,s.uphone,s.upoint,s.uaddress,r.wid FROM resume r INNER JOIN studentinfo s on s.uid = r.uid  WHERE ( r.wid=13 and r.ischack=0 )  [ RunTime:0.0003s ]
SQL: SHOW COLUMNS FROM `resume` [ RunTime:0.0005s ]
SQL: SELECT s.usex,s.uname,s.uid,s.uschool,s.uphone,s.upoint,s.uaddress,r.wid FROM resume r INNER JOIN studentinfo s on s.uid = r.uid  WHERE ( r.wid=14 and r.ischack=0 )  [ RunTime:0.0003s ]
INFO: [ view_parse ] --START--
INFO: [ template_filter ] --START--
INFO: Run Behavior\ContentReplaceBehavior [ RunTime:0.000087s ]
INFO: [ template_filter ] --END-- [ RunTime:0.000136s ]
INFO: Run Behavior\ParseTemplateBehavior [ RunTime:0.009708s ]
INFO: [ view_parse ] --END-- [ RunTime:0.009770s ]
INFO: [ view_filter ] --START--
INFO: Run Behavior\WriteHtmlCacheBehavior [ RunTime:0.000235s ]
INFO: [ view_filter ] --END-- [ RunTime:0.000270s ]
INFO: [ app_end ] --START--
INFO: Run Behavior\ShowPageTraceBehavior [ RunTime:0.000472s ]
INFO: [ app_end ] --END-- [ RunTime:0.000520s ]

[ 2017-06-04T14:08:17+08:00 ] 127.0.0.1 /index.php/Admin/Right/issue
INFO: [ app_begin ] --START--
INFO: Run Behavior\ReadHtmlCacheBehavior [ RunTime:0.001152s ]
INFO: [ app_begin ] --END-- [ RunTime:0.001922s ]
INFO: [ view_parse ] --START--
INFO: [ template_filter ] --START--
INFO: Run Behavior\ContentReplaceBehavior [ RunTime:0.000089s ]
INFO: [ template_filter ] --END-- [ RunTime:0.000144s ]
INFO: Run Behavior\ParseTemplateBehavior [ RunTime:0.127443s ]
INFO: [ view_parse ] --END-- [ RunTime:0.127536s ]
INFO: [ view_filter ] --START--
INFO: Run Behavior\WriteHtmlCacheBehavior [ RunTime:0.000192s ]
INFO: [ view_filter ] --END-- [ RunTime:0.000221s ]
INFO: [ app_end ] --START--
INFO: Run Behavior\ShowPageTraceBehavior [ RunTime:0.000422s ]
INFO: [ app_end ] --END-- [ RunTime:0.000462s ]

[ 2017-06-04T14:08:25+08:00 ] 127.0.0.1 /index.php/Admin/Right/
INFO: [ app_begin ] --START--
INFO: Run Behavior\ReadHtmlCacheBehavior [ RunTime:0.000699s ]
INFO: [ app_begin ] --END-- [ RunTime:0.001221s ]
NOTIC: [8] Use of undefined constant issue - assumed 'issue' D:\web\work\Admin\Controller\RightController.class.php 第 8 行.
SQL: SHOW COLUMNS FROM `issue` [ RunTime:0.0023s ]
SQL: SELECT `id`,`title`,`issuetime` FROM `issue` WHERE ( cid=1 ) ORDER BY issuetime desc LIMIT 2   [ RunTime:0.0005s ]
NOTIC: [8] Use of undefined constant resume - assumed 'resume' D:\web\work\Admin\Controller\RightController.class.php 第 13 行.
SQL: SHOW COLUMNS FROM `resume` [ RunTime:0.0021s ]
SQL: SHOW COLUMNS FROM `resume` [ RunTime:0.0008s ]
SQL: SELECT r.umsg,s.uname,s.uid FROM resume r INNER JOIN studentinfo s on s.uid = r.uid  WHERE ( r.wid=13 and ischack=0 and r.umsg!='' )  [ RunTime:0.0015s ]
SQL: SHOW COLUMNS FROM `resume` [ RunTime:0.0009s ]
SQL: SELECT s.usex,s.uname,s.uid,s.uschool FROM resume r INNER JOIN studentinfo s on s.uid = r.uid  WHERE ( r.wid=13 )  [ RunTime:0.0005s ]
SQL: SHOW COLUMNS FROM `resume` [ RunTime:0.0008s ]
SQL: SELECT r.umsg,s.uname,s.uid FROM resume r INNER JOIN studentinfo s on s.uid = r.uid  WHERE ( r.wid=14 and ischack=0 and r.umsg!='' )  [ RunTime:0.0005s ]
SQL: SHOW COLUMNS FROM `resume` [ RunTime:0.0010s ]
SQL: SELECT s.usex,s.uname,s.uid,s.uschool FROM resume r INNER JOIN studentinfo s on s.uid = r.uid  WHERE ( r.wid=14 )  [ RunTime:0.0005s ]
INFO: [ view_parse ] --START--
INFO: [ template_filter ] --START--
INFO: Run Behavior\ContentReplaceBehavior [ RunTime:0.000236s ]
INFO: [ template_filter ] --END-- [ RunTime:0.000315s ]
INFO: Run Behavior\ParseTemplateBehavior [ RunTime:0.054300s ]
INFO: [ view_parse ] --END-- [ RunTime:0.054369s ]
INFO: [ view_filter ] --START--
INFO: Run Behavior\WriteHtmlCacheBehavior [ RunTime:0.000191s ]
INFO: [ view_filter ] --END-- [ RunTime:0.000219s ]
INFO: [ app_end ] --START--
INFO: Run Behavior\ShowPageTraceBehavior [ RunTime:0.001265s ]
INFO: [ app_end ] --END-- [ RunTime:0.001351s ]

[ 2017-06-04T14:08:26+08:00 ] 127.0.0.1 /index.php/Admin/Right/conpany
INFO: [ app_begin ] --START--
INFO: Run Behavior\ReadHtmlCacheBehavior [ RunTime:0.000511s ]
INFO: [ app_begin ] --END-- [ RunTime:0.000876s ]
INFO: [ view_parse ] --START--
INFO: [ template_filter ] --START--
INFO: Run Behavior\ContentReplaceBehavior [ RunTime:0.000059s ]
INFO: [ template_filter ] --END-- [ RunTime:0.000119s ]
INFO: Run Behavior\ParseTemplateBehavior [ RunTime:0.084503s ]
INFO: [ view_parse ] --END-- [ RunTime:0.084586s ]
INFO: [ view_filter ] --START--
INFO: Run Behavior\WriteHtmlCacheBehavior [ RunTime:0.000187s ]
INFO: [ view_filter ] --END-- [ RunTime:0.000215s ]
INFO: [ app_end ] --START--
INFO: Run Behavior\ShowPageTraceBehavior [ RunTime:0.000371s ]
INFO: [ app_end ] --END-- [ RunTime:0.000414s ]

[ 2017-06-04T14:08:28+08:00 ] 127.0.0.1 /index.php/Admin/Right/table
INFO: [ app_begin ] --START--
INFO: Run Behavior\ReadHtmlCacheBehavior [ RunTime:0.000909s ]
INFO: [ app_begin ] --END-- [ RunTime:0.001574s ]
NOTIC: [8] Use of undefined constant issue - assumed 'issue' D:\web\work\Admin\Controller\RightController.class.php 第 59 行.
SQL: SHOW COLUMNS FROM `issue` [ RunTime:0.0009s ]
NOTIC: [8] Use of undefined constant resume - assumed 'resume' D:\web\work\Admin\Controller\RightController.class.php 第 60 行.
SQL: SHOW COLUMNS FROM `resume` [ RunTime:0.0007s ]
SQL: SELECT `id`,`title`,`issuetime` FROM `issue` WHERE ( cid=1 and TO_DAYS(NOW()) - workStartDate < 0 )  [ RunTime:0.0004s ]
SQL: SHOW COLUMNS FROM `resume` [ RunTime:0.0006s ]
SQL: SELECT s.usex,s.uname,s.uid,s.uschool,s.uphone,s.upoint,s.uaddress,r.wid FROM resume r INNER JOIN studentinfo s on s.uid = r.uid  WHERE ( r.wid=1 and r.ischack=0 )  [ RunTime:0.0005s ]
SQL: SHOW COLUMNS FROM `resume` [ RunTime:0.0006s ]
SQL: SELECT s.usex,s.uname,s.uid,s.uschool,s.uphone,s.upoint,s.uaddress,r.wid FROM resume r INNER JOIN studentinfo s on s.uid = r.uid  WHERE ( r.wid=2 and r.ischack=0 )  [ RunTime:0.0004s ]
SQL: SHOW COLUMNS FROM `resume` [ RunTime:0.0006s ]
SQL: SELECT s.usex,s.uname,s.uid,s.uschool,s.uphone,s.upoint,s.uaddress,r.wid FROM resume r INNER JOIN studentinfo s on s.uid = r.uid  WHERE ( r.wid=11 and r.ischack=0 )  [ RunTime:0.0003s ]
SQL: SHOW COLUMNS FROM `resume` [ RunTime:0.0006s ]
SQL: SELECT s.usex,s.uname,s.uid,s.uschool,s.uphone,s.upoint,s.uaddress,r.wid FROM resume r INNER JOIN studentinfo s on s.uid = r.uid  WHERE ( r.wid=13 and r.ischack=0 )  [ RunTime:0.0003s ]
SQL: SHOW COLUMNS FROM `resume` [ RunTime:0.0006s ]
SQL: SELECT s.usex,s.uname,s.uid,s.uschool,s.uphone,s.upoint,s.uaddress,r.wid FROM resume r INNER JOIN studentinfo s on s.uid = r.uid  WHERE ( r.wid=14 and r.ischack=0 )  [ RunTime:0.0003s ]
INFO: [ view_parse ] --START--
INFO: [ template_filter ] --START--
INFO: Run Behavior\ContentReplaceBehavior [ RunTime:0.000084s ]
INFO: [ template_filter ] --END-- [ RunTime:0.000134s ]
INFO: Run Behavior\ParseTemplateBehavior [ RunTime:0.009274s ]
INFO: [ view_parse ] --END-- [ RunTime:0.009339s ]
INFO: [ view_filter ] --START--
INFO: Run Behavior\WriteHtmlCacheBehavior [ RunTime:0.000234s ]
INFO: [ view_filter ] --END-- [ RunTime:0.000265s ]
INFO: [ app_end ] --START--
INFO: Run Behavior\ShowPageTraceBehavior [ RunTime:0.000460s ]
INFO: [ app_end ] --END-- [ RunTime:0.000506s ]

[ 2017-06-04T14:08:29+08:00 ] 127.0.0.1 /index.php/Admin/Right/index
INFO: [ app_begin ] --START--
INFO: Run Behavior\ReadHtmlCacheBehavior [ RunTime:0.001134s ]
INFO: [ app_begin ] --END-- [ RunTime:0.001966s ]
NOTIC: [8] Use of undefined constant issue - assumed 'issue' D:\web\work\Admin\Controller\RightController.class.php 第 8 行.
SQL: SHOW COLUMNS FROM `issue` [ RunTime:0.0014s ]
SQL: SELECT `id`,`title`,`issuetime` FROM `issue` WHERE ( cid=1 ) ORDER BY issuetime desc LIMIT 2   [ RunTime:0.0003s ]
NOTIC: [8] Use of undefined constant resume - assumed 'resume' D:\web\work\Admin\Controller\RightController.class.php 第 13 行.
SQL: SHOW COLUMNS FROM `resume` [ RunTime:0.0011s ]
SQL: SHOW COLUMNS FROM `resume` [ RunTime:0.0005s ]
SQL: SELECT r.umsg,s.uname,s.uid FROM resume r INNER JOIN studentinfo s on s.uid = r.uid  WHERE ( r.wid=13 and ischack=0 and r.umsg!='' )  [ RunTime:0.0010s ]
SQL: SHOW COLUMNS FROM `resume` [ RunTime:0.0005s ]
SQL: SELECT s.usex,s.uname,s.uid,s.uschool FROM resume r INNER JOIN studentinfo s on s.uid = r.uid  WHERE ( r.wid=13 )  [ RunTime:0.0002s ]
SQL: SHOW COLUMNS FROM `resume` [ RunTime:0.0004s ]
SQL: SELECT r.umsg,s.uname,s.uid FROM resume r INNER JOIN studentinfo s on s.uid = r.uid  WHERE ( r.wid=14 and ischack=0 and r.umsg!='' )  [ RunTime:0.0002s ]
SQL: SHOW COLUMNS FROM `resume` [ RunTime:0.0004s ]
SQL: SELECT s.usex,s.uname,s.uid,s.uschool FROM resume r INNER JOIN studentinfo s on s.uid = r.uid  WHERE ( r.wid=14 )  [ RunTime:0.0002s ]
INFO: [ view_parse ] --START--
INFO: [ template_filter ] --START--
INFO: Run Behavior\ContentReplaceBehavior [ RunTime:0.000142s ]
INFO: [ template_filter ] --END-- [ RunTime:0.000185s ]
INFO: Run Behavior\ParseTemplateBehavior [ RunTime:0.103579s ]
INFO: [ view_parse ] --END-- [ RunTime:0.103642s ]
INFO: [ view_filter ] --START--
INFO: Run Behavior\WriteHtmlCacheBehavior [ RunTime:0.000240s ]
INFO: [ view_filter ] --END-- [ RunTime:0.000276s ]
INFO: [ app_end ] --START--
INFO: Run Behavior\ShowPageTraceBehavior [ RunTime:0.000468s ]
INFO: [ app_end ] --END-- [ RunTime:0.000515s ]

[ 2017-06-04T14:09:20+08:00 ] 127.0.0.1 /index.php/Admin/Left/left
INFO: [ app_begin ] --START--
INFO: Run Behavior\ReadHtmlCacheBehavior [ RunTime:0.001146s ]
INFO: [ app_begin ] --END-- [ RunTime:0.001964s ]
INFO: [ view_parse ] --START--
INFO: [ template_filter ] --START--
INFO: Run Behavior\ContentReplaceBehavior [ RunTime:0.000095s ]
INFO: [ template_filter ] --END-- [ RunTime:0.000220s ]
INFO: Run Behavior\ParseTemplateBehavior [ RunTime:0.013489s ]
INFO: [ view_parse ] --END-- [ RunTime:0.013630s ]
INFO: [ view_filter ] --START--
INFO: Run Behavior\WriteHtmlCacheBehavior [ RunTime:0.000563s ]
INFO: [ view_filter ] --END-- [ RunTime:0.000652s ]
INFO: [ app_end ] --START--
INFO: Run Behavior\ShowPageTraceBehavior [ RunTime:0.001726s ]
INFO: [ app_end ] --END-- [ RunTime:0.001936s ]

[ 2017-06-04T14:09:22+08:00 ] 127.0.0.1 /index.php/Admin/Right/index
INFO: [ app_begin ] --START--
INFO: Run Behavior\ReadHtmlCacheBehavior [ RunTime:0.000912s ]
INFO: [ app_begin ] --END-- [ RunTime:0.001579s ]
NOTIC: [8] Use of undefined constant issue - assumed 'issue' D:\web\work\Admin\Controller\RightController.class.php 第 8 行.
SQL: SHOW COLUMNS FROM `issue` [ RunTime:0.0042s ]
SQL: SELECT `id`,`title`,`issuetime` FROM `issue` WHERE ( cid=1 ) ORDER BY issuetime desc LIMIT 2   [ RunTime:0.0006s ]
NOTIC: [8] Use of undefined constant resume - assumed 'resume' D:\web\work\Admin\Controller\RightController.class.php 第 13 行.
SQL: SHOW COLUMNS FROM `resume` [ RunTime:0.0010s ]
SQL: SHOW COLUMNS FROM `resume` [ RunTime:0.0008s ]
SQL: SELECT r.umsg,s.uname,s.uid FROM resume r INNER JOIN studentinfo s on s.uid = r.uid  WHERE ( r.wid=2 and ischack=0 and r.umsg!='' )  [ RunTime:0.0017s ]
SQL: SHOW COLUMNS FROM `resume` [ RunTime:0.0007s ]
SQL: SELECT s.usex,s.uname,s.uid,s.uschool FROM resume r INNER JOIN studentinfo s on s.uid = r.uid  WHERE ( r.wid=2 )  [ RunTime:0.0004s ]
SQL: SHOW COLUMNS FROM `resume` [ RunTime:0.0006s ]
SQL: SELECT r.umsg,s.uname,s.uid FROM resume r INNER JOIN studentinfo s on s.uid = r.uid  WHERE ( r.wid=1 and ischack=0 and r.umsg!='' )  [ RunTime:0.0004s ]
SQL: SHOW COLUMNS FROM `resume` [ RunTime:0.0006s ]
SQL: SELECT s.usex,s.uname,s.uid,s.uschool FROM resume r INNER JOIN studentinfo s on s.uid = r.uid  WHERE ( r.wid=1 )  [ RunTime:0.0003s ]
INFO: [ view_parse ] --START--
INFO: [ template_filter ] --START--
INFO: Run Behavior\ContentReplaceBehavior [ RunTime:0.000170s ]
INFO: [ template_filter ] --END-- [ RunTime:0.000225s ]
INFO: Run Behavior\ParseTemplateBehavior [ RunTime:0.060683s ]
INFO: [ view_parse ] --END-- [ RunTime:0.060745s ]
INFO: [ view_filter ] --START--
INFO: Run Behavior\WriteHtmlCacheBehavior [ RunTime:0.000210s ]
INFO: [ view_filter ] --END-- [ RunTime:0.000244s ]
INFO: [ app_end ] --START--
INFO: Run Behavior\ShowPageTraceBehavior [ RunTime:0.000517s ]
INFO: [ app_end ] --END-- [ RunTime:0.000563s ]

[ 2017-06-04T14:09:33+08:00 ] 127.0.0.1 /index.php/Admin/Right/table
INFO: [ app_begin ] --START--
INFO: Run Behavior\ReadHtmlCacheBehavior [ RunTime:0.000571s ]
INFO: [ app_begin ] --END-- [ RunTime:0.000996s ]
NOTIC: [8] Use of undefined constant issue - assumed 'issue' D:\web\work\Admin\Controller\RightController.class.php 第 59 行.
SQL: SHOW COLUMNS FROM `issue` [ RunTime:0.0018s ]
NOTIC: [8] Use of undefined constant resume - assumed 'resume' D:\web\work\Admin\Controller\RightController.class.php 第 60 行.
SQL: SHOW COLUMNS FROM `resume` [ RunTime:0.0015s ]
SQL: SELECT `id`,`title`,`issuetime` FROM `issue` WHERE ( cid=1 and TO_DAYS(NOW()) - workStartDate < 0 )  [ RunTime:0.0004s ]
SQL: SHOW COLUMNS FROM `resume` [ RunTime:0.0007s ]
SQL: SELECT s.usex,s.uname,s.uid,s.uschool,s.uphone,s.upoint,s.uaddress,r.wid FROM resume r INNER JOIN studentinfo s on s.uid = r.uid  WHERE ( r.wid=1 and r.ischack=0 )  [ RunTime:0.0005s ]
SQL: SHOW COLUMNS FROM `resume` [ RunTime:0.0006s ]
SQL: SELECT s.usex,s.uname,s.uid,s.uschool,s.uphone,s.upoint,s.uaddress,r.wid FROM resume r INNER JOIN studentinfo s on s.uid = r.uid  WHERE ( r.wid=2 and r.ischack=0 )  [ RunTime:0.0004s ]
INFO: [ view_parse ] --START--
INFO: [ template_filter ] --START--
INFO: Run Behavior\ContentReplaceBehavior [ RunTime:0.000068s ]
INFO: [ template_filter ] --END-- [ RunTime:0.000107s ]
INFO: Run Behavior\ParseTemplateBehavior [ RunTime:0.010862s ]
INFO: [ view_parse ] --END-- [ RunTime:0.010936s ]
INFO: [ view_filter ] --START--
INFO: Run Behavior\WriteHtmlCacheBehavior [ RunTime:0.000197s ]
INFO: [ view_filter ] --END-- [ RunTime:0.000226s ]
INFO: [ app_end ] --START--
INFO: Run Behavior\ShowPageTraceBehavior [ RunTime:0.000670s ]
INFO: [ app_end ] --END-- [ RunTime:0.000743s ]

[ 2017-06-04T14:09:43+08:00 ] 127.0.0.1 /index.php/Admin/Left/left
INFO: [ app_begin ] --START--
INFO: Run Behavior\ReadHtmlCacheBehavior [ RunTime:0.000474s ]
INFO: [ app_begin ] --END-- [ RunTime:0.000864s ]
INFO: [ view_parse ] --START--
INFO: [ template_filter ] --START--
INFO: Run Behavior\ContentReplaceBehavior [ RunTime:0.000039s ]
INFO: [ template_filter ] --END-- [ RunTime:0.000086s ]
INFO: Run Behavior\ParseTemplateBehavior [ RunTime:0.005251s ]
INFO: [ view_parse ] --END-- [ RunTime:0.005306s ]
INFO: [ view_filter ] --START--
INFO: Run Behavior\WriteHtmlCacheBehavior [ RunTime:0.000228s ]
INFO: [ view_filter ] --END-- [ RunTime:0.000263s ]
INFO: [ app_end ] --START--
INFO: Run Behavior\ShowPageTraceBehavior [ RunTime:0.000473s ]
INFO: [ app_end ] --END-- [ RunTime:0.000515s ]

[ 2017-06-04T14:09:44+08:00 ] 127.0.0.1 /index.php/Admin/Right/table
INFO: [ app_begin ] --START--
INFO: Run Behavior\ReadHtmlCacheBehavior [ RunTime:0.000386s ]
INFO: [ app_begin ] --END-- [ RunTime:0.000642s ]
NOTIC: [8] Use of undefined constant issue - assumed 'issue' D:\web\work\Admin\Controller\RightController.class.php 第 59 行.
SQL: SHOW COLUMNS FROM `issue` [ RunTime:0.0009s ]
NOTIC: [8] Use of undefined constant resume - assumed 'resume' D:\web\work\Admin\Controller\RightController.class.php 第 60 行.
SQL: SHOW COLUMNS FROM `resume` [ RunTime:0.0006s ]
SQL: SELECT `id`,`title`,`issuetime` FROM `issue` WHERE ( cid=1 and TO_DAYS(NOW()) - workStartDate < 0 )  [ RunTime:0.0003s ]
SQL: SHOW COLUMNS FROM `resume` [ RunTime:0.0005s ]
SQL: SELECT s.usex,s.uname,s.uid,s.uschool,s.uphone,s.upoint,s.uaddress,r.wid FROM resume r INNER JOIN studentinfo s on s.uid = r.uid  WHERE ( r.wid=1 and r.ischack=0 )  [ RunTime:0.0004s ]
SQL: SHOW COLUMNS FROM `resume` [ RunTime:0.0006s ]
SQL: SELECT s.usex,s.uname,s.uid,s.uschool,s.uphone,s.upoint,s.uaddress,r.wid FROM resume r INNER JOIN studentinfo s on s.uid = r.uid  WHERE ( r.wid=2 and r.ischack=0 )  [ RunTime:0.0004s ]
INFO: [ view_parse ] --START--
INFO: [ template_filter ] --START--
INFO: Run Behavior\ContentReplaceBehavior [ RunTime:0.000066s ]
INFO: [ template_filter ] --END-- [ RunTime:0.000105s ]
INFO: Run Behavior\ParseTemplateBehavior [ RunTime:0.008004s ]
INFO: [ view_parse ] --END-- [ RunTime:0.008073s ]
INFO: [ view_filter ] --START--
INFO: Run Behavior\WriteHtmlCacheBehavior [ RunTime:0.000212s ]
INFO: [ view_filter ] --END-- [ RunTime:0.000243s ]
INFO: [ app_end ] --START--
INFO: Run Behavior\ShowPageTraceBehavior [ RunTime:0.000437s ]
INFO: [ app_end ] --END-- [ RunTime:0.000481s ]

[ 2017-06-04T14:09:45+08:00 ] 127.0.0.1 /index.php/Admin/Right/index
INFO: [ app_begin ] --START--
INFO: Run Behavior\ReadHtmlCacheBehavior [ RunTime:0.001132s ]
INFO: [ app_begin ] --END-- [ RunTime:0.001956s ]
NOTIC: [8] Use of undefined constant issue - assumed 'issue' D:\web\work\Admin\Controller\RightController.class.php 第 8 行.
SQL: SHOW COLUMNS FROM `issue` [ RunTime:0.0014s ]
SQL: SELECT `id`,`title`,`issuetime` FROM `issue` WHERE ( cid=1 ) ORDER BY issuetime desc LIMIT 2   [ RunTime:0.0005s ]
NOTIC: [8] Use of undefined constant resume - assumed 'resume' D:\web\work\Admin\Controller\RightController.class.php 第 13 行.
SQL: SHOW COLUMNS FROM `resume` [ RunTime:0.0010s ]
SQL: SHOW COLUMNS FROM `resume` [ RunTime:0.0009s ]
SQL: SELECT r.umsg,s.uname,s.uid FROM resume r INNER JOIN studentinfo s on s.uid = r.uid  WHERE ( r.wid=2 and ischack=0 and r.umsg!='' )  [ RunTime:0.0007s ]
SQL: SHOW COLUMNS FROM `resume` [ RunTime:0.0009s ]
SQL: SELECT s.usex,s.uname,s.uid,s.uschool FROM resume r INNER JOIN studentinfo s on s.uid = r.uid  WHERE ( r.wid=2 )  [ RunTime:0.0005s ]
SQL: SHOW COLUMNS FROM `resume` [ RunTime:0.0008s ]
SQL: SELECT r.umsg,s.uname,s.uid FROM resume r INNER JOIN studentinfo s on s.uid = r.uid  WHERE ( r.wid=1 and ischack=0 and r.umsg!='' )  [ RunTime:0.0005s ]
SQL: SHOW COLUMNS FROM `resume` [ RunTime:0.0008s ]
SQL: SELECT s.usex,s.uname,s.uid,s.uschool FROM resume r INNER JOIN studentinfo s on s.uid = r.uid  WHERE ( r.wid=1 )  [ RunTime:0.0005s ]
INFO: [ view_parse ] --START--
INFO: [ template_filter ] --START--
INFO: Run Behavior\ContentReplaceBehavior [ RunTime:0.000171s ]
INFO: [ template_filter ] --END-- [ RunTime:0.000214s ]
INFO: Run Behavior\ParseTemplateBehavior [ RunTime:0.049207s ]
INFO: [ view_parse ] --END-- [ RunTime:0.049275s ]
INFO: [ view_filter ] --START--
INFO: Run Behavior\WriteHtmlCacheBehavior [ RunTime:0.000190s ]
INFO: [ view_filter ] --END-- [ RunTime:0.000218s ]
INFO: [ app_end ] --START--
INFO: Run Behavior\ShowPageTraceBehavior [ RunTime:0.000444s ]
INFO: [ app_end ] --END-- [ RunTime:0.000486s ]

[ 2017-06-04T14:09:47+08:00 ] 127.0.0.1 /index.php/Admin/Right/table
INFO: [ app_begin ] --START--
INFO: Run Behavior\ReadHtmlCacheBehavior [ RunTime:0.001141s ]
INFO: [ app_begin ] --END-- [ RunTime:0.001984s ]
NOTIC: [8] Use of undefined constant issue - assumed 'issue' D:\web\work\Admin\Controller\RightController.class.php 第 59 行.
SQL: SHOW COLUMNS FROM `issue` [ RunTime:0.0009s ]
NOTIC: [8] Use of undefined constant resume - assumed 'resume' D:\web\work\Admin\Controller\RightController.class.php 第 60 行.
SQL: SHOW COLUMNS FROM `resume` [ RunTime:0.0006s ]
SQL: SELECT `id`,`title`,`issuetime` FROM `issue` WHERE ( cid=1 and TO_DAYS(NOW()) - workStartDate < 0 )  [ RunTime:0.0004s ]
SQL: SHOW COLUMNS FROM `resume` [ RunTime:0.0006s ]
SQL: SELECT s.usex,s.uname,s.uid,s.uschool,s.uphone,s.upoint,s.uaddress,r.wid FROM resume r INNER JOIN studentinfo s on s.uid = r.uid  WHERE ( r.wid=1 and r.ischack=0 )  [ RunTime:0.0004s ]
SQL: SHOW COLUMNS FROM `resume` [ RunTime:0.0006s ]
SQL: SELECT s.usex,s.uname,s.uid,s.uschool,s.uphone,s.upoint,s.uaddress,r.wid FROM resume r INNER JOIN studentinfo s on s.uid = r.uid  WHERE ( r.wid=2 and r.ischack=0 )  [ RunTime:0.0004s ]
INFO: [ view_parse ] --START--
INFO: [ template_filter ] --START--
INFO: Run Behavior\ContentReplaceBehavior [ RunTime:0.000083s ]
INFO: [ template_filter ] --END-- [ RunTime:0.000129s ]
INFO: Run Behavior\ParseTemplateBehavior [ RunTime:0.009764s ]
INFO: [ view_parse ] --END-- [ RunTime:0.009835s ]
INFO: [ view_filter ] --START--
INFO: Run Behavior\WriteHtmlCacheBehavior [ RunTime:0.000237s ]
INFO: [ view_filter ] --END-- [ RunTime:0.000274s ]
INFO: [ app_end ] --START--
INFO: Run Behavior\ShowPageTraceBehavior [ RunTime:0.000482s ]
INFO: [ app_end ] --END-- [ RunTime:0.000537s ]

[ 2017-06-04T14:10:40+08:00 ] 127.0.0.1 /index.php/Admin/Left/left
INFO: [ app_begin ] --START--
INFO: Run Behavior\ReadHtmlCacheBehavior [ RunTime:0.001179s ]
INFO: [ app_begin ] --END-- [ RunTime:0.002150s ]
INFO: [ view_parse ] --START--
INFO: [ template_filter ] --START--
INFO: Run Behavior\ContentReplaceBehavior [ RunTime:0.000040s ]
INFO: [ template_filter ] --END-- [ RunTime:0.000089s ]
INFO: Run Behavior\ParseTemplateBehavior [ RunTime:0.011003s ]
INFO: [ view_parse ] --END-- [ RunTime:0.011090s ]
INFO: [ view_filter ] --START--
INFO: Run Behavior\WriteHtmlCacheBehavior [ RunTime:0.000241s ]
INFO: [ view_filter ] --END-- [ RunTime:0.000276s ]
INFO: [ app_end ] --START--
INFO: Run Behavior\ShowPageTraceBehavior [ RunTime:0.000469s ]
INFO: [ app_end ] --END-- [ RunTime:0.000511s ]

[ 2017-06-04T14:10:42+08:00 ] 127.0.0.1 /index.php/Admin/Right/index
INFO: [ app_begin ] --START--
INFO: Run Behavior\ReadHtmlCacheBehavior [ RunTime:0.001171s ]
INFO: [ app_begin ] --END-- [ RunTime:0.002065s ]
NOTIC: [8] Use of undefined constant issue - assumed 'issue' D:\web\work\Admin\Controller\RightController.class.php 第 8 行.
SQL: SHOW COLUMNS FROM `issue` [ RunTime:0.0009s ]
SQL: SELECT `id`,`title`,`issuetime` FROM `issue` WHERE ( cid=1 ) ORDER BY issuetime desc LIMIT 2   [ RunTime:0.0003s ]
NOTIC: [8] Use of undefined constant resume - assumed 'resume' D:\web\work\Admin\Controller\RightController.class.php 第 13 行.
SQL: SHOW COLUMNS FROM `resume` [ RunTime:0.0018s ]
SQL: SHOW COLUMNS FROM `resume` [ RunTime:0.0006s ]
SQL: SELECT r.umsg,s.uname,s.uid FROM resume r INNER JOIN studentinfo s on s.uid = r.uid  WHERE ( r.wid=2 and ischack=0 and r.umsg!='' )  [ RunTime:0.0004s ]
SQL: SHOW COLUMNS FROM `resume` [ RunTime:0.0005s ]
SQL: SELECT s.usex,s.uname,s.uid,s.uschool FROM resume r INNER JOIN studentinfo s on s.uid = r.uid  WHERE ( r.wid=2 )  [ RunTime:0.0003s ]
SQL: SHOW COLUMNS FROM `resume` [ RunTime:0.0005s ]
SQL: SELECT r.umsg,s.uname,s.uid FROM resume r INNER JOIN studentinfo s on s.uid = r.uid  WHERE ( r.wid=1 and ischack=0 and r.umsg!='' )  [ RunTime:0.0003s ]
SQL: SHOW COLUMNS FROM `resume` [ RunTime:0.0005s ]
SQL: SELECT s.usex,s.uname,s.uid,s.uschool FROM resume r INNER JOIN studentinfo s on s.uid = r.uid  WHERE ( r.wid=1 )  [ RunTime:0.0003s ]
INFO: [ view_parse ] --START--
INFO: [ template_filter ] --START--
INFO: Run Behavior\ContentReplaceBehavior [ RunTime:0.000156s ]
INFO: [ template_filter ] --END-- [ RunTime:0.000209s ]
INFO: Run Behavior\ParseTemplateBehavior [ RunTime:0.052821s ]
INFO: [ view_parse ] --END-- [ RunTime:0.052883s ]
INFO: [ view_filter ] --START--
INFO: Run Behavior\WriteHtmlCacheBehavior [ RunTime:0.000260s ]
INFO: [ view_filter ] --END-- [ RunTime:0.000294s ]
INFO: [ app_end ] --START--
INFO: Run Behavior\ShowPageTraceBehavior [ RunTime:0.000422s ]
INFO: [ app_end ] --END-- [ RunTime:0.000463s ]

[ 2017-06-04T14:10:44+08:00 ] 127.0.0.1 /index.php/Admin/Right/table
INFO: [ app_begin ] --START--
INFO: Run Behavior\ReadHtmlCacheBehavior [ RunTime:0.001149s ]
INFO: [ app_begin ] --END-- [ RunTime:0.001971s ]
NOTIC: [8] Use of undefined constant issue - assumed 'issue' D:\web\work\Admin\Controller\RightController.class.php 第 59 行.
SQL: SHOW COLUMNS FROM `issue` [ RunTime:0.0009s ]
NOTIC: [8] Use of undefined constant resume - assumed 'resume' D:\web\work\Admin\Controller\RightController.class.php 第 60 行.
SQL: SHOW COLUMNS FROM `resume` [ RunTime:0.0019s ]
SQL: SELECT `id`,`title`,`issuetime` FROM `issue` WHERE ( cid=1 and TO_DAYS(NOW()) - workStartDate < 0 )  [ RunTime:0.0004s ]
SQL: SHOW COLUMNS FROM `resume` [ RunTime:0.0006s ]
SQL: SELECT s.usex,s.uname,s.uid,s.uschool,s.uphone,s.upoint,s.uaddress,r.wid FROM resume r INNER JOIN studentinfo s on s.uid = r.uid  WHERE ( r.wid=1 and r.ischack=0 )  [ RunTime:0.0004s ]
SQL: SHOW COLUMNS FROM `resume` [ RunTime:0.0006s ]
SQL: SELECT s.usex,s.uname,s.uid,s.uschool,s.uphone,s.upoint,s.uaddress,r.wid FROM resume r INNER JOIN studentinfo s on s.uid = r.uid  WHERE ( r.wid=2 and r.ischack=0 )  [ RunTime:0.0003s ]
INFO: [ view_parse ] --START--
INFO: [ template_filter ] --START--
INFO: Run Behavior\ContentReplaceBehavior [ RunTime:0.000087s ]
INFO: [ template_filter ] --END-- [ RunTime:0.000135s ]
INFO: Run Behavior\ParseTemplateBehavior [ RunTime:0.010045s ]
INFO: [ view_parse ] --END-- [ RunTime:0.010110s ]
INFO: [ view_filter ] --START--
INFO: Run Behavior\WriteHtmlCacheBehavior [ RunTime:0.000239s ]
INFO: [ view_filter ] --END-- [ RunTime:0.000276s ]
INFO: [ app_end ] --START--
INFO: Run Behavior\ShowPageTraceBehavior [ RunTime:0.000488s ]
INFO: [ app_end ] --END-- [ RunTime:0.000536s ]

[ 2017-06-04T14:10:50+08:00 ] 127.0.0.1 /index.php/Admin/Left/left
INFO: [ app_begin ] --START--
INFO: Run Behavior\ReadHtmlCacheBehavior [ RunTime:0.000544s ]
INFO: [ app_begin ] --END-- [ RunTime:0.000939s ]
INFO: [ view_parse ] --START--
INFO: [ template_filter ] --START--
INFO: Run Behavior\ContentReplaceBehavior [ RunTime:0.000046s ]
INFO: [ template_filter ] --END-- [ RunTime:0.000108s ]
INFO: Run Behavior\ParseTemplateBehavior [ RunTime:0.006237s ]
INFO: [ view_parse ] --END-- [ RunTime:0.006302s ]
INFO: [ view_filter ] --START--
INFO: Run Behavior\WriteHtmlCacheBehavior [ RunTime:0.000272s ]
INFO: [ view_filter ] --END-- [ RunTime:0.000313s ]
INFO: [ app_end ] --START--
INFO: Run Behavior\ShowPageTraceBehavior [ RunTime:0.000538s ]
INFO: [ app_end ] --END-- [ RunTime:0.000586s ]

[ 2017-06-04T14:10:51+08:00 ] 127.0.0.1 /index.php/Admin/Right/index
INFO: [ app_begin ] --START--
INFO: Run Behavior\ReadHtmlCacheBehavior [ RunTime:0.000465s ]
INFO: [ app_begin ] --END-- [ RunTime:0.000812s ]
NOTIC: [8] Use of undefined constant issue - assumed 'issue' D:\web\work\Admin\Controller\RightController.class.php 第 8 行.
SQL: SHOW COLUMNS FROM `issue` [ RunTime:0.0018s ]
SQL: SELECT `id`,`title`,`issuetime` FROM `issue` WHERE ( cid=1 ) ORDER BY issuetime desc LIMIT 2   [ RunTime:0.0003s ]
NOTIC: [8] Use of undefined constant resume - assumed 'resume' D:\web\work\Admin\Controller\RightController.class.php 第 13 行.
SQL: SHOW COLUMNS FROM `resume` [ RunTime:0.0014s ]
SQL: SHOW COLUMNS FROM `resume` [ RunTime:0.0007s ]
SQL: SELECT r.umsg,s.uname,s.uid FROM resume r INNER JOIN studentinfo s on s.uid = r.uid  WHERE ( r.wid=2 and ischack=0 and r.umsg!='' )  [ RunTime:0.0012s ]
SQL: SHOW COLUMNS FROM `resume` [ RunTime:0.0006s ]
SQL: SELECT s.usex,s.uname,s.uid,s.uschool FROM resume r INNER JOIN studentinfo s on s.uid = r.uid  WHERE ( r.wid=2 )  [ RunTime:0.0003s ]
SQL: SHOW COLUMNS FROM `resume` [ RunTime:0.0005s ]
SQL: SELECT r.umsg,s.uname,s.uid FROM resume r INNER JOIN studentinfo s on s.uid = r.uid  WHERE ( r.wid=1 and ischack=0 and r.umsg!='' )  [ RunTime:0.0003s ]
SQL: SHOW COLUMNS FROM `resume` [ RunTime:0.0005s ]
SQL: SELECT s.usex,s.uname,s.uid,s.uschool FROM resume r INNER JOIN studentinfo s on s.uid = r.uid  WHERE ( r.wid=1 )  [ RunTime:0.0003s ]
INFO: [ view_parse ] --START--
INFO: [ template_filter ] --START--
INFO: Run Behavior\ContentReplaceBehavior [ RunTime:0.000159s ]
INFO: [ template_filter ] --END-- [ RunTime:0.000211s ]
INFO: Run Behavior\ParseTemplateBehavior [ RunTime:0.051433s ]
INFO: [ view_parse ] --END-- [ RunTime:0.051489s ]
INFO: [ view_filter ] --START--
INFO: Run Behavior\WriteHtmlCacheBehavior [ RunTime:0.000225s ]
INFO: [ view_filter ] --END-- [ RunTime:0.000254s ]
INFO: [ app_end ] --START--
INFO: Run Behavior\ShowPageTraceBehavior [ RunTime:0.000405s ]
INFO: [ app_end ] --END-- [ RunTime:0.000445s ]

[ 2017-06-04T14:10:52+08:00 ] 127.0.0.1 /index.php/Admin/Right/table
INFO: [ app_begin ] --START--
INFO: Run Behavior\ReadHtmlCacheBehavior [ RunTime:0.000599s ]
INFO: [ app_begin ] --END-- [ RunTime:0.001045s ]
NOTIC: [8] Use of undefined constant issue - assumed 'issue' D:\web\work\Admin\Controller\RightController.class.php 第 59 行.
SQL: SHOW COLUMNS FROM `issue` [ RunTime:0.0022s ]
NOTIC: [8] Use of undefined constant resume - assumed 'resume' D:\web\work\Admin\Controller\RightController.class.php 第 60 行.
SQL: SHOW COLUMNS FROM `resume` [ RunTime:0.0015s ]
SQL: SELECT `id`,`title`,`issuetime` FROM `issue` WHERE ( cid=1 and TO_DAYS(NOW()) - workStartDate < 0 )  [ RunTime:0.0004s ]
SQL: SHOW COLUMNS FROM `resume` [ RunTime:0.0005s ]
SQL: SELECT s.usex,s.uname,s.uid,s.uschool,s.uphone,s.upoint,s.uaddress,r.wid FROM resume r INNER JOIN studentinfo s on s.uid = r.uid  WHERE ( r.wid=1 and r.ischack=0 )  [ RunTime:0.0009s ]
SQL: SHOW COLUMNS FROM `resume` [ RunTime:0.0004s ]
SQL: SELECT s.usex,s.uname,s.uid,s.uschool,s.uphone,s.upoint,s.uaddress,r.wid FROM resume r INNER JOIN studentinfo s on s.uid = r.uid  WHERE ( r.wid=2 and r.ischack=0 )  [ RunTime:0.0003s ]
INFO: [ view_parse ] --START--
INFO: [ template_filter ] --START--
INFO: Run Behavior\ContentReplaceBehavior [ RunTime:0.000079s ]
INFO: [ template_filter ] --END-- [ RunTime:0.000132s ]
INFO: Run Behavior\ParseTemplateBehavior [ RunTime:0.008417s ]
INFO: [ view_parse ] --END-- [ RunTime:0.008470s ]
INFO: [ view_filter ] --START--
INFO: Run Behavior\WriteHtmlCacheBehavior [ RunTime:0.000293s ]
INFO: [ view_filter ] --END-- [ RunTime:0.000325s ]
INFO: [ app_end ] --START--
INFO: Run Behavior\ShowPageTraceBehavior [ RunTime:0.000810s ]
INFO: [ app_end ] --END-- [ RunTime:0.000886s ]

[ 2017-06-04T14:11:00+08:00 ] 127.0.0.1 /index.php/Admin/Right/index
INFO: [ app_begin ] --START--
INFO: Run Behavior\ReadHtmlCacheBehavior [ RunTime:0.000983s ]
INFO: [ app_begin ] --END-- [ RunTime:0.001901s ]
NOTIC: [8] Use of undefined constant issue - assumed 'issue' D:\web\work\Admin\Controller\RightController.class.php 第 8 行.
SQL: SHOW COLUMNS FROM `issue` [ RunTime:0.0007s ]
SQL: SELECT `id`,`title`,`issuetime` FROM `issue` WHERE ( cid=1 ) ORDER BY issuetime desc LIMIT 2   [ RunTime:0.0003s ]
NOTIC: [8] Use of undefined constant resume - assumed 'resume' D:\web\work\Admin\Controller\RightController.class.php 第 13 行.
SQL: SHOW COLUMNS FROM `resume` [ RunTime:0.0011s ]
SQL: SHOW COLUMNS FROM `resume` [ RunTime:0.0005s ]
SQL: SELECT r.umsg,s.uname,s.uid FROM resume r INNER JOIN studentinfo s on s.uid = r.uid  WHERE ( r.wid=2 and ischack=0 and r.umsg!='' )  [ RunTime:0.0004s ]
SQL: SHOW COLUMNS FROM `resume` [ RunTime:0.0005s ]
SQL: SELECT s.usex,s.uname,s.uid,s.uschool FROM resume r INNER JOIN studentinfo s on s.uid = r.uid  WHERE ( r.wid=2 )  [ RunTime:0.0003s ]
SQL: SHOW COLUMNS FROM `resume` [ RunTime:0.0005s ]
SQL: SELECT r.umsg,s.uname,s.uid FROM resume r INNER JOIN studentinfo s on s.uid = r.uid  WHERE ( r.wid=1 and ischack=0 and r.umsg!='' )  [ RunTime:0.0003s ]
SQL: SHOW COLUMNS FROM `resume` [ RunTime:0.0005s ]
SQL: SELECT s.usex,s.uname,s.uid,s.uschool FROM resume r INNER JOIN studentinfo s on s.uid = r.uid  WHERE ( r.wid=1 )  [ RunTime:0.0003s ]
INFO: [ view_parse ] --START--
INFO: [ template_filter ] --START--
INFO: Run Behavior\ContentReplaceBehavior [ RunTime:0.000126s ]
INFO: [ template_filter ] --END-- [ RunTime:0.000170s ]
INFO: Run Behavior\ParseTemplateBehavior [ RunTime:0.046135s ]
INFO: [ view_parse ] --END-- [ RunTime:0.046194s ]
INFO: [ view_filter ] --START--
INFO: Run Behavior\WriteHtmlCacheBehavior [ RunTime:0.000212s ]
INFO: [ view_filter ] --END-- [ RunTime:0.000244s ]
INFO: [ app_end ] --START--
INFO: Run Behavior\ShowPageTraceBehavior [ RunTime:0.000657s ]
INFO: [ app_end ] --END-- [ RunTime:0.000739s ]

[ 2017-06-04T14:11:34+08:00 ] 127.0.0.1 /index.php/Admin/Right/table
INFO: [ app_begin ] --START--
INFO: Run Behavior\ReadHtmlCacheBehavior [ RunTime:0.001054s ]
INFO: [ app_begin ] --END-- [ RunTime:0.001726s ]
NOTIC: [8] Use of undefined constant issue - assumed 'issue' D:\web\work\Admin\Controller\RightController.class.php 第 59 行.
SQL: SHOW COLUMNS FROM `issue` [ RunTime:0.0007s ]
NOTIC: [8] Use of undefined constant resume - assumed 'resume' D:\web\work\Admin\Controller\RightController.class.php 第 60 行.
SQL: SHOW COLUMNS FROM `resume` [ RunTime:0.0011s ]
SQL: SELECT `id`,`title`,`issuetime` FROM `issue` WHERE ( cid=1 and TO_DAYS(NOW()) - workStartDate < 0 )  [ RunTime:0.0003s ]
SQL: SHOW COLUMNS FROM `resume` [ RunTime:0.0005s ]
SQL: SELECT s.usex,s.uname,s.uid,s.uschool,s.uphone,s.upoint,s.uaddress,r.wid FROM resume r INNER JOIN studentinfo s on s.uid = r.uid  WHERE ( r.wid=1 and r.ischack=0 )  [ RunTime:0.0003s ]
SQL: SHOW COLUMNS FROM `resume` [ RunTime:0.0005s ]
SQL: SELECT s.usex,s.uname,s.uid,s.uschool,s.uphone,s.upoint,s.uaddress,r.wid FROM resume r INNER JOIN studentinfo s on s.uid = r.uid  WHERE ( r.wid=2 and r.ischack=0 )  [ RunTime:0.0003s ]
INFO: [ view_parse ] --START--
INFO: [ template_filter ] --START--
INFO: Run Behavior\ContentReplaceBehavior [ RunTime:0.000100s ]
INFO: [ template_filter ] --END-- [ RunTime:0.000153s ]
INFO: Run Behavior\ParseTemplateBehavior [ RunTime:0.008315s ]
INFO: [ view_parse ] --END-- [ RunTime:0.008366s ]
INFO: [ view_filter ] --START--
INFO: Run Behavior\WriteHtmlCacheBehavior [ RunTime:0.000207s ]
INFO: [ view_filter ] --END-- [ RunTime:0.000247s ]
INFO: [ app_end ] --START--
INFO: Run Behavior\ShowPageTraceBehavior [ RunTime:0.000702s ]
INFO: [ app_end ] --END-- [ RunTime:0.000776s ]

