[ 2017-04-14T22:11:13+08:00 ] 127.0.0.1 /index.php/Admin/Login/login
INFO: [ app_begin ] --START--
INFO: Run Behavior\ReadHtmlCacheBehavior [ RunTime:0.000919s ]
INFO: [ app_begin ] --END-- [ RunTime:0.001465s ]
SQL: SHOW COLUMNS FROM `login` [ RunTime:0.0111s ]
SQL: SELECT * FROM `login` WHERE ( userName='admin' and passWord='admin' ) LIMIT 1   [ RunTime:0.0075s ]
INFO: [ app_end ] --START--
INFO: Run Behavior\ShowPageTraceBehavior [ RunTime:0.000644s ]
INFO: [ app_end ] --END-- [ RunTime:0.000700s ]

[ 2017-04-14T22:11:15+08:00 ] 127.0.0.1 /index.php/Admin/Left/left
INFO: [ app_begin ] --START--
INFO: Run Behavior\ReadHtmlCacheBehavior [ RunTime:0.001961s ]
INFO: [ app_begin ] --END-- [ RunTime:0.002721s ]
INFO: [ view_parse ] --START--
INFO: [ template_filter ] --START--
INFO: Run Behavior\ContentReplaceBehavior [ RunTime:0.000044s ]
INFO: [ template_filter ] --END-- [ RunTime:0.000104s ]
INFO: Run Behavior\ParseTemplateBehavior [ RunTime:0.041328s ]
INFO: [ view_parse ] --END-- [ RunTime:0.041419s ]
INFO: [ view_filter ] --START--
INFO: Run Behavior\WriteHtmlCacheBehavior [ RunTime:0.000510s ]
INFO: [ view_filter ] --END-- [ RunTime:0.000569s ]
INFO: [ app_end ] --START--
INFO: Run Behavior\ShowPageTraceBehavior [ RunTime:0.000856s ]
INFO: [ app_end ] --END-- [ RunTime:0.000927s ]

[ 2017-04-14T22:11:23+08:00 ] 127.0.0.1 /index.php/Admin/Right/index
INFO: [ app_begin ] --START--
INFO: Run Behavior\ReadHtmlCacheBehavior [ RunTime:0.000402s ]
INFO: [ app_begin ] --END-- [ RunTime:0.000693s ]
NOTIC: [8] Use of undefined constant issue - assumed 'issue' D:\web\work\Admin\Controller\RightController.class.php 第 8 行.
SQL: SHOW COLUMNS FROM `issue` [ RunTime:0.0023s ]
SQL: SELECT `id`,`title`,`issuetime` FROM `issue` WHERE ( cid=1 ) ORDER BY issuetime desc LIMIT 2   [ RunTime:0.0009s ]
NOTIC: [8] Use of undefined constant resume - assumed 'resume' D:\web\work\Admin\Controller\RightController.class.php 第 13 行.
SQL: SHOW COLUMNS FROM `resume` [ RunTime:0.0042s ]
SQL: SHOW COLUMNS FROM `resume` [ RunTime:0.0013s ]
SQL: SELECT r.umsg,s.uname,s.uid FROM resume r INNER JOIN studentinfo s on s.uid = r.uid  WHERE ( r.wid=11 and ischack=0 and r.umsg!='' )  [ RunTime:0.0296s ]
SQL: SHOW COLUMNS FROM `resume` [ RunTime:0.0014s ]
SQL: SELECT s.usex,s.uname,s.uid,s.uschool FROM resume r INNER JOIN studentinfo s on s.uid = r.uid  WHERE ( r.wid=11 )  [ RunTime:0.0007s ]
SQL: SHOW COLUMNS FROM `resume` [ RunTime:0.0012s ]
SQL: SELECT r.umsg,s.uname,s.uid FROM resume r INNER JOIN studentinfo s on s.uid = r.uid  WHERE ( r.wid=2 and ischack=0 and r.umsg!='' )  [ RunTime:0.0008s ]
SQL: SHOW COLUMNS FROM `resume` [ RunTime:0.0012s ]
SQL: SELECT s.usex,s.uname,s.uid,s.uschool FROM resume r INNER JOIN studentinfo s on s.uid = r.uid  WHERE ( r.wid=2 )  [ RunTime:0.0007s ]
INFO: [ view_parse ] --START--
INFO: [ template_filter ] --START--
INFO: Run Behavior\ContentReplaceBehavior [ RunTime:0.000194s ]
INFO: [ template_filter ] --END-- [ RunTime:0.000238s ]
INFO: Run Behavior\ParseTemplateBehavior [ RunTime:0.163238s ]
INFO: [ view_parse ] --END-- [ RunTime:0.163355s ]
INFO: [ view_filter ] --START--
INFO: Run Behavior\WriteHtmlCacheBehavior [ RunTime:0.000219s ]
INFO: [ view_filter ] --END-- [ RunTime:0.000251s ]
INFO: [ app_end ] --START--
INFO: Run Behavior\ShowPageTraceBehavior [ RunTime:0.001026s ]
INFO: [ app_end ] --END-- [ RunTime:0.001133s ]

[ 2017-04-14T22:11:38+08:00 ] 127.0.0.1 /index.php/Admin/Right/alterIssue
INFO: [ app_begin ] --START--
INFO: Run Behavior\ReadHtmlCacheBehavior [ RunTime:0.000627s ]
INFO: [ app_begin ] --END-- [ RunTime:0.001101s ]
NOTIC: [8] Use of undefined constant issue - assumed 'issue' D:\web\work\Admin\Controller\RightController.class.php 第 122 行.
SQL: SHOW COLUMNS FROM `issue` [ RunTime:0.0015s ]
SQL: SELECT * FROM `issue` WHERE ( id=11  )  [ RunTime:0.0003s ]
INFO: [ app_end ] --START--
INFO: Run Behavior\ShowPageTraceBehavior [ RunTime:0.000739s ]
INFO: [ app_end ] --END-- [ RunTime:0.000811s ]

[ 2017-04-14T22:11:39+08:00 ] 127.0.0.1 /index.php/Admin/Right/alterIssue
INFO: [ app_begin ] --START--
INFO: Run Behavior\ReadHtmlCacheBehavior [ RunTime:0.000615s ]
INFO: [ app_begin ] --END-- [ RunTime:0.001082s ]
NOTIC: [8] Use of undefined constant issue - assumed 'issue' D:\web\work\Admin\Controller\RightController.class.php 第 122 行.
SQL: SHOW COLUMNS FROM `issue` [ RunTime:0.0024s ]
SQL: SELECT * FROM `issue` WHERE ( id=11  )  [ RunTime:0.0003s ]
INFO: [ app_end ] --START--
INFO: Run Behavior\ShowPageTraceBehavior [ RunTime:0.000515s ]
INFO: [ app_end ] --END-- [ RunTime:0.000557s ]

[ 2017-04-14T22:11:41+08:00 ] 127.0.0.1 /index.php/Admin/Right/alterIssue
INFO: [ app_begin ] --START--
INFO: Run Behavior\ReadHtmlCacheBehavior [ RunTime:0.000410s ]
INFO: [ app_begin ] --END-- [ RunTime:0.000735s ]
NOTIC: [8] Use of undefined constant issue - assumed 'issue' D:\web\work\Admin\Controller\RightController.class.php 第 122 行.
SQL: SHOW COLUMNS FROM `issue` [ RunTime:0.0024s ]
SQL: SELECT * FROM `issue` WHERE ( id=2  )  [ RunTime:0.0010s ]
INFO: [ app_end ] --START--
INFO: Run Behavior\ShowPageTraceBehavior [ RunTime:0.000664s ]
INFO: [ app_end ] --END-- [ RunTime:0.000718s ]

[ 2017-04-14T22:11:46+08:00 ] 127.0.0.1 /index.php/Admin/Right/alterIssue
INFO: [ app_begin ] --START--
INFO: Run Behavior\ReadHtmlCacheBehavior [ RunTime:0.000438s ]
INFO: [ app_begin ] --END-- [ RunTime:0.000902s ]
NOTIC: [8] Use of undefined constant issue - assumed 'issue' D:\web\work\Admin\Controller\RightController.class.php 第 122 行.
SQL: SHOW COLUMNS FROM `issue` [ RunTime:0.0018s ]
SQL: SELECT * FROM `issue` WHERE ( id=2  )  [ RunTime:0.0003s ]
INFO: [ app_end ] --START--
INFO: Run Behavior\ShowPageTraceBehavior [ RunTime:0.000572s ]
INFO: [ app_end ] --END-- [ RunTime:0.000615s ]

[ 2017-04-14T22:11:56+08:00 ] 127.0.0.1 /index.php/Admin/Left/left
INFO: [ app_begin ] --START--
INFO: Run Behavior\ReadHtmlCacheBehavior [ RunTime:0.000467s ]
INFO: [ app_begin ] --END-- [ RunTime:0.000822s ]
INFO: [ view_parse ] --START--
INFO: [ template_filter ] --START--
INFO: Run Behavior\ContentReplaceBehavior [ RunTime:0.000071s ]
INFO: [ template_filter ] --END-- [ RunTime:0.000164s ]
INFO: Run Behavior\ParseTemplateBehavior [ RunTime:0.006318s ]
INFO: [ view_parse ] --END-- [ RunTime:0.006402s ]
INFO: [ view_filter ] --START--
INFO: Run Behavior\WriteHtmlCacheBehavior [ RunTime:0.000279s ]
INFO: [ view_filter ] --END-- [ RunTime:0.000326s ]
INFO: [ app_end ] --START--
INFO: Run Behavior\ShowPageTraceBehavior [ RunTime:0.000488s ]
INFO: [ app_end ] --END-- [ RunTime:0.000533s ]

[ 2017-04-14T22:11:58+08:00 ] 127.0.0.1 /index.php/Admin/Right/table
INFO: [ app_begin ] --START--
INFO: Run Behavior\ReadHtmlCacheBehavior [ RunTime:0.000399s ]
INFO: [ app_begin ] --END-- [ RunTime:0.000691s ]
NOTIC: [8] Use of undefined constant issue - assumed 'issue' D:\web\work\Admin\Controller\RightController.class.php 第 59 行.
SQL: SHOW COLUMNS FROM `issue` [ RunTime:0.0016s ]
NOTIC: [8] Use of undefined constant resume - assumed 'resume' D:\web\work\Admin\Controller\RightController.class.php 第 60 行.
SQL: SHOW COLUMNS FROM `resume` [ RunTime:0.0012s ]
SQL: SELECT `id`,`title`,`issuetime` FROM `issue` WHERE ( cid=1 and TO_DAYS(NOW()) - workStartDate < 0 )  [ RunTime:0.0406s ]
SQL: SHOW COLUMNS FROM `resume` [ RunTime:0.0006s ]
SQL: SELECT s.usex,s.uname,s.uid,s.uschool,s.uphone,s.upoint,s.uaddress,r.wid FROM resume r INNER JOIN studentinfo s on s.uid = r.uid  WHERE ( r.wid=1 and r.ischack=0 )  [ RunTime:0.0103s ]
SQL: SHOW COLUMNS FROM `resume` [ RunTime:0.0015s ]
SQL: SELECT s.usex,s.uname,s.uid,s.uschool,s.uphone,s.upoint,s.uaddress,r.wid FROM resume r INNER JOIN studentinfo s on s.uid = r.uid  WHERE ( r.wid=2 and r.ischack=0 )  [ RunTime:0.0009s ]
SQL: SHOW COLUMNS FROM `resume` [ RunTime:0.0015s ]
SQL: SELECT s.usex,s.uname,s.uid,s.uschool,s.uphone,s.upoint,s.uaddress,r.wid FROM resume r INNER JOIN studentinfo s on s.uid = r.uid  WHERE ( r.wid=11 and r.ischack=0 )  [ RunTime:0.0008s ]
INFO: [ view_parse ] --START--
INFO: [ template_filter ] --START--
INFO: Run Behavior\ContentReplaceBehavior [ RunTime:0.000131s ]
INFO: [ template_filter ] --END-- [ RunTime:0.000206s ]
INFO: Run Behavior\ParseTemplateBehavior [ RunTime:0.109297s ]
INFO: [ view_parse ] --END-- [ RunTime:0.109417s ]
INFO: [ view_filter ] --START--
INFO: Run Behavior\WriteHtmlCacheBehavior [ RunTime:0.000224s ]
INFO: [ view_filter ] --END-- [ RunTime:0.000258s ]
INFO: [ app_end ] --START--
INFO: Run Behavior\ShowPageTraceBehavior [ RunTime:0.001192s ]
INFO: [ app_end ] --END-- [ RunTime:0.001293s ]

[ 2017-04-14T22:12:18+08:00 ] 127.0.0.1 /index.php/Admin/Right/employed
INFO: [ app_begin ] --START--
INFO: Run Behavior\ReadHtmlCacheBehavior [ RunTime:0.000512s ]
INFO: [ app_begin ] --END-- [ RunTime:0.000841s ]
INFO: [ view_parse ] --START--
INFO: [ template_filter ] --START--
INFO: Run Behavior\ContentReplaceBehavior [ RunTime:0.000039s ]
INFO: [ template_filter ] --END-- [ RunTime:0.000087s ]
INFO: Run Behavior\ParseTemplateBehavior [ RunTime:0.031254s ]
INFO: [ view_parse ] --END-- [ RunTime:0.031315s ]
INFO: [ view_filter ] --START--
INFO: Run Behavior\WriteHtmlCacheBehavior [ RunTime:0.000305s ]
INFO: [ view_filter ] --END-- [ RunTime:0.000338s ]
INFO: [ app_end ] --START--
INFO: Run Behavior\ShowPageTraceBehavior [ RunTime:0.000491s ]
INFO: [ app_end ] --END-- [ RunTime:0.000527s ]

[ 2017-04-14T22:12:35+08:00 ] 127.0.0.1 /index.php/Admin/Right/issue
INFO: [ app_begin ] --START--
INFO: Run Behavior\ReadHtmlCacheBehavior [ RunTime:0.000400s ]
INFO: [ app_begin ] --END-- [ RunTime:0.000690s ]
INFO: [ view_parse ] --START--
INFO: [ template_filter ] --START--
INFO: Run Behavior\ContentReplaceBehavior [ RunTime:0.000220s ]
INFO: [ template_filter ] --END-- [ RunTime:0.000342s ]
INFO: Run Behavior\ParseTemplateBehavior [ RunTime:0.154623s ]
INFO: [ view_parse ] --END-- [ RunTime:0.154691s ]
INFO: [ view_filter ] --START--
INFO: Run Behavior\WriteHtmlCacheBehavior [ RunTime:0.000221s ]
INFO: [ view_filter ] --END-- [ RunTime:0.000253s ]
INFO: [ app_end ] --START--
INFO: Run Behavior\ShowPageTraceBehavior [ RunTime:0.001528s ]
INFO: [ app_end ] --END-- [ RunTime:0.001647s ]

[ 2017-04-14T22:12:47+08:00 ] 127.0.0.1 /index.php/Admin/Right/conpany
INFO: [ app_begin ] --START--
INFO: Run Behavior\ReadHtmlCacheBehavior [ RunTime:0.000620s ]
INFO: [ app_begin ] --END-- [ RunTime:0.001072s ]
INFO: [ view_parse ] --START--
INFO: [ template_filter ] --START--
INFO: Run Behavior\ContentReplaceBehavior [ RunTime:0.000130s ]
INFO: [ template_filter ] --END-- [ RunTime:0.000256s ]
INFO: Run Behavior\ParseTemplateBehavior [ RunTime:0.157660s ]
INFO: [ view_parse ] --END-- [ RunTime:0.157813s ]
INFO: [ view_filter ] --START--
INFO: Run Behavior\WriteHtmlCacheBehavior [ RunTime:0.000839s ]
INFO: [ view_filter ] --END-- [ RunTime:0.000986s ]
INFO: [ app_end ] --START--
INFO: Run Behavior\ShowPageTraceBehavior [ RunTime:0.001715s ]
INFO: [ app_end ] --END-- [ RunTime:0.001873s ]

