[ 2017-06-03T18:59:42+08:00 ] 192.168.43.146 /index.php/Admin/Login/login
INFO: [ app_begin ] --START--
INFO: Run Behavior\ReadHtmlCacheBehavior [ RunTime:0.000592s ]
INFO: [ app_begin ] --END-- [ RunTime:0.001027s ]
ERR: SQLSTATE[HY000] [2002] ÓÉÓÚÄ¿±ê¼ÆËã»ú»ý¼«¾Ü¾ø£¬ÎÞ·¨Á¬½Ó¡£


[ 2017-06-03T18:59:44+08:00 ] 192.168.43.146 /index.php/Admin/Login/login
INFO: [ app_begin ] --START--
INFO: Run Behavior\ReadHtmlCacheBehavior [ RunTime:0.000650s ]
INFO: [ app_begin ] --END-- [ RunTime:0.001128s ]
ERR: SQLSTATE[HY000] [2002] ÓÉÓÚÄ¿±ê¼ÆËã»ú»ý¼«¾Ü¾ø£¬ÎÞ·¨Á¬½Ó¡£


[ 2017-06-03T19:00:17+08:00 ] 192.168.43.146 /index.php/Admin/Login/login
INFO: [ app_begin ] --START--
INFO: Run Behavior\ReadHtmlCacheBehavior [ RunTime:0.000600s ]
INFO: [ app_begin ] --END-- [ RunTime:0.001100s ]
SQL: SHOW COLUMNS FROM `login` [ RunTime:0.0089s ]
SQL: SELECT * FROM `login` WHERE ( userName='admin' and passWord='admin' ) LIMIT 1   [ RunTime:0.0226s ]
INFO: [ app_end ] --START--
INFO: Run Behavior\ShowPageTraceBehavior [ RunTime:0.000863s ]
INFO: [ app_end ] --END-- [ RunTime:0.000991s ]

[ 2017-06-03T19:00:17+08:00 ] 192.168.43.146 /index.php/Admin/Login/login
INFO: [ app_begin ] --START--
INFO: Run Behavior\ReadHtmlCacheBehavior [ RunTime:0.000913s ]
INFO: [ app_begin ] --END-- [ RunTime:0.001531s ]
SQL: SHOW COLUMNS FROM `login` [ RunTime:0.0023s ]
SQL: SELECT * FROM `login` WHERE ( userName='admin' and passWord='admin' ) LIMIT 1   [ RunTime:0.0007s ]
INFO: [ app_end ] --START--
INFO: Run Behavior\ShowPageTraceBehavior [ RunTime:0.002093s ]
INFO: [ app_end ] --END-- [ RunTime:0.002193s ]

[ 2017-06-03T19:00:20+08:00 ] 192.168.43.146 /index.php/Admin/Left/left
INFO: [ app_begin ] --START--
INFO: Run Behavior\ReadHtmlCacheBehavior [ RunTime:0.000636s ]
INFO: [ app_begin ] --END-- [ RunTime:0.001106s ]
INFO: [ view_parse ] --START--
INFO: [ template_filter ] --START--
INFO: Run Behavior\ContentReplaceBehavior [ RunTime:0.000040s ]
INFO: [ template_filter ] --END-- [ RunTime:0.000093s ]
INFO: Run Behavior\ParseTemplateBehavior [ RunTime:0.041976s ]
INFO: [ view_parse ] --END-- [ RunTime:0.042082s ]
INFO: [ view_filter ] --START--
INFO: Run Behavior\WriteHtmlCacheBehavior [ RunTime:0.000343s ]
INFO: [ view_filter ] --END-- [ RunTime:0.000398s ]
INFO: [ app_end ] --START--
INFO: Run Behavior\ShowPageTraceBehavior [ RunTime:0.000648s ]
INFO: [ app_end ] --END-- [ RunTime:0.000708s ]

[ 2017-06-03T19:00:22+08:00 ] 192.168.43.146 /index.php/Admin/Right/index
INFO: [ app_begin ] --START--
INFO: Run Behavior\ReadHtmlCacheBehavior [ RunTime:0.000365s ]
INFO: [ app_begin ] --END-- [ RunTime:0.000636s ]
NOTIC: [8] Use of undefined constant issue - assumed 'issue' D:\web\work\Admin\Controller\RightController.class.php ç¬¬ 8 è¡Œ.
SQL: SHOW COLUMNS FROM `issue` [ RunTime:0.0032s ]
SQL: SELECT `id`,`title`,`issuetime` FROM `issue` WHERE ( cid=1 ) ORDER BY issuetime desc LIMIT 2   [ RunTime:0.0004s ]
NOTIC: [8] Use of undefined constant resume - assumed 'resume' D:\web\work\Admin\Controller\RightController.class.php ç¬¬ 13 è¡Œ.
SQL: SHOW COLUMNS FROM `resume` [ RunTime:0.0017s ]
SQL: SHOW COLUMNS FROM `resume` [ RunTime:0.0005s ]
SQL: SELECT r.umsg,s.uname,s.uid FROM resume r INNER JOIN studentinfo s on s.uid = r.uid  WHERE ( r.wid=13 and ischack=0 and r.umsg!='' )  [ RunTime:0.0251s ]
SQL: SHOW COLUMNS FROM `resume` [ RunTime:0.0006s ]
SQL: SELECT s.usex,s.uname,s.uid,s.uschool FROM resume r INNER JOIN studentinfo s on s.uid = r.uid  WHERE ( r.wid=13 )  [ RunTime:0.0003s ]
SQL: SHOW COLUMNS FROM `resume` [ RunTime:0.0005s ]
SQL: SELECT r.umsg,s.uname,s.uid FROM resume r INNER JOIN studentinfo s on s.uid = r.uid  WHERE ( r.wid=14 and ischack=0 and r.umsg!='' )  [ RunTime:0.0003s ]
SQL: SHOW COLUMNS FROM `resume` [ RunTime:0.0005s ]
SQL: SELECT s.usex,s.uname,s.uid,s.uschool FROM resume r INNER JOIN studentinfo s on s.uid = r.uid  WHERE ( r.wid=14 )  [ RunTime:0.0003s ]
INFO: [ view_parse ] --START--
INFO: [ template_filter ] --START--
INFO: Run Behavior\ContentReplaceBehavior [ RunTime:0.000396s ]
INFO: [ template_filter ] --END-- [ RunTime:0.000513s ]
INFO: Run Behavior\ParseTemplateBehavior [ RunTime:0.182183s ]
INFO: [ view_parse ] --END-- [ RunTime:0.182244s ]
INFO: [ view_filter ] --START--
INFO: Run Behavior\WriteHtmlCacheBehavior [ RunTime:0.000215s ]
INFO: [ view_filter ] --END-- [ RunTime:0.000247s ]
INFO: [ app_end ] --START--
INFO: Run Behavior\ShowPageTraceBehavior [ RunTime:0.000409s ]
INFO: [ app_end ] --END-- [ RunTime:0.000448s ]

[ 2017-06-03T19:00:25+08:00 ] 192.168.43.146 /index.php/Admin/Right/table
INFO: [ app_begin ] --START--
INFO: Run Behavior\ReadHtmlCacheBehavior [ RunTime:0.000522s ]
INFO: [ app_begin ] --END-- [ RunTime:0.000931s ]
NOTIC: [8] Use of undefined constant issue - assumed 'issue' D:\web\work\Admin\Controller\RightController.class.php ç¬¬ 59 è¡Œ.
SQL: SHOW COLUMNS FROM `issue` [ RunTime:0.0017s ]
NOTIC: [8] Use of undefined constant resume - assumed 'resume' D:\web\work\Admin\Controller\RightController.class.php ç¬¬ 60 è¡Œ.
SQL: SHOW COLUMNS FROM `resume` [ RunTime:0.0012s ]
SQL: SELECT `id`,`title`,`issuetime` FROM `issue` WHERE ( cid=1 and TO_DAYS(NOW()) - workStartDate < 0 )  [ RunTime:0.1223s ]
SQL: SHOW COLUMNS FROM `resume` [ RunTime:0.0012s ]
SQL: SELECT s.usex,s.uname,s.uid,s.uschool,s.uphone,s.upoint,s.uaddress,r.wid FROM resume r INNER JOIN studentinfo s on s.uid = r.uid  WHERE ( r.wid=1 and r.ischack=0 )  [ RunTime:0.0088s ]
SQL: SHOW COLUMNS FROM `resume` [ RunTime:0.0008s ]
SQL: SELECT s.usex,s.uname,s.uid,s.uschool,s.uphone,s.upoint,s.uaddress,r.wid FROM resume r INNER JOIN studentinfo s on s.uid = r.uid  WHERE ( r.wid=2 and r.ischack=0 )  [ RunTime:0.0004s ]
SQL: SHOW COLUMNS FROM `resume` [ RunTime:0.0006s ]
SQL: SELECT s.usex,s.uname,s.uid,s.uschool,s.uphone,s.upoint,s.uaddress,r.wid FROM resume r INNER JOIN studentinfo s on s.uid = r.uid  WHERE ( r.wid=11 and r.ischack=0 )  [ RunTime:0.0003s ]
SQL: SHOW COLUMNS FROM `resume` [ RunTime:0.0005s ]
SQL: SELECT s.usex,s.uname,s.uid,s.uschool,s.uphone,s.upoint,s.uaddress,r.wid FROM resume r INNER JOIN studentinfo s on s.uid = r.uid  WHERE ( r.wid=13 and r.ischack=0 )  [ RunTime:0.0003s ]
SQL: SHOW COLUMNS FROM `resume` [ RunTime:0.0006s ]
SQL: SELECT s.usex,s.uname,s.uid,s.uschool,s.uphone,s.upoint,s.uaddress,r.wid FROM resume r INNER JOIN studentinfo s on s.uid = r.uid  WHERE ( r.wid=14 and r.ischack=0 )  [ RunTime:0.0004s ]
INFO: [ view_parse ] --START--
INFO: [ template_filter ] --START--
INFO: Run Behavior\ContentReplaceBehavior [ RunTime:0.000094s ]
INFO: [ template_filter ] --END-- [ RunTime:0.000146s ]
INFO: Run Behavior\ParseTemplateBehavior [ RunTime:0.055425s ]
INFO: [ view_parse ] --END-- [ RunTime:0.055494s ]
INFO: [ view_filter ] --START--
INFO: Run Behavior\WriteHtmlCacheBehavior [ RunTime:0.000197s ]
INFO: [ view_filter ] --END-- [ RunTime:0.000237s ]
INFO: [ app_end ] --START--
INFO: Run Behavior\ShowPageTraceBehavior [ RunTime:0.000418s ]
INFO: [ app_end ] --END-- [ RunTime:0.000454s ]

[ 2017-06-03T19:00:26+08:00 ] 192.168.43.146 /index.php/Admin/Right/employed
INFO: [ app_begin ] --START--
INFO: Run Behavior\ReadHtmlCacheBehavior [ RunTime:0.000427s ]
INFO: [ app_begin ] --END-- [ RunTime:0.000733s ]
INFO: [ view_parse ] --START--
INFO: [ template_filter ] --START--
INFO: Run Behavior\ContentReplaceBehavior [ RunTime:0.000035s ]
INFO: [ template_filter ] --END-- [ RunTime:0.000092s ]
INFO: Run Behavior\ParseTemplateBehavior [ RunTime:0.129332s ]
INFO: [ view_parse ] --END-- [ RunTime:0.129488s ]
INFO: [ view_filter ] --START--
INFO: Run Behavior\WriteHtmlCacheBehavior [ RunTime:0.000791s ]
INFO: [ view_filter ] --END-- [ RunTime:0.000907s ]
INFO: [ app_end ] --START--
INFO: Run Behavior\ShowPageTraceBehavior [ RunTime:0.001530s ]
INFO: [ app_end ] --END-- [ RunTime:0.001646s ]

[ 2017-06-03T19:00:27+08:00 ] 192.168.43.146 /index.php/Admin/Right/table
INFO: [ app_begin ] --START--
INFO: Run Behavior\ReadHtmlCacheBehavior [ RunTime:0.000394s ]
INFO: [ app_begin ] --END-- [ RunTime:0.000695s ]
NOTIC: [8] Use of undefined constant issue - assumed 'issue' D:\web\work\Admin\Controller\RightController.class.php ç¬¬ 59 è¡Œ.
SQL: SHOW COLUMNS FROM `issue` [ RunTime:0.0016s ]
NOTIC: [8] Use of undefined constant resume - assumed 'resume' D:\web\work\Admin\Controller\RightController.class.php ç¬¬ 60 è¡Œ.
SQL: SHOW COLUMNS FROM `resume` [ RunTime:0.0012s ]
SQL: SELECT `id`,`title`,`issuetime` FROM `issue` WHERE ( cid=1 and TO_DAYS(NOW()) - workStartDate < 0 )  [ RunTime:0.0003s ]
SQL: SHOW COLUMNS FROM `resume` [ RunTime:0.0005s ]
SQL: SELECT s.usex,s.uname,s.uid,s.uschool,s.uphone,s.upoint,s.uaddress,r.wid FROM resume r INNER JOIN studentinfo s on s.uid = r.uid  WHERE ( r.wid=1 and r.ischack=0 )  [ RunTime:0.0011s ]
SQL: SHOW COLUMNS FROM `resume` [ RunTime:0.0005s ]
SQL: SELECT s.usex,s.uname,s.uid,s.uschool,s.uphone,s.upoint,s.uaddress,r.wid FROM resume r INNER JOIN studentinfo s on s.uid = r.uid  WHERE ( r.wid=2 and r.ischack=0 )  [ RunTime:0.0003s ]
SQL: SHOW COLUMNS FROM `resume` [ RunTime:0.0005s ]
SQL: SELECT s.usex,s.uname,s.uid,s.uschool,s.uphone,s.upoint,s.uaddress,r.wid FROM resume r INNER JOIN studentinfo s on s.uid = r.uid  WHERE ( r.wid=11 and r.ischack=0 )  [ RunTime:0.0004s ]
SQL: SHOW COLUMNS FROM `resume` [ RunTime:0.0005s ]
SQL: SELECT s.usex,s.uname,s.uid,s.uschool,s.uphone,s.upoint,s.uaddress,r.wid FROM resume r INNER JOIN studentinfo s on s.uid = r.uid  WHERE ( r.wid=13 and r.ischack=0 )  [ RunTime:0.0003s ]
SQL: SHOW COLUMNS FROM `resume` [ RunTime:0.0005s ]
SQL: SELECT s.usex,s.uname,s.uid,s.uschool,s.uphone,s.upoint,s.uaddress,r.wid FROM resume r INNER JOIN studentinfo s on s.uid = r.uid  WHERE ( r.wid=14 and r.ischack=0 )  [ RunTime:0.0003s ]
INFO: [ view_parse ] --START--
INFO: [ template_filter ] --START--
INFO: Run Behavior\ContentReplaceBehavior [ RunTime:0.000067s ]
INFO: [ template_filter ] --END-- [ RunTime:0.000104s ]
INFO: Run Behavior\ParseTemplateBehavior [ RunTime:0.008443s ]
INFO: [ view_parse ] --END-- [ RunTime:0.008498s ]
INFO: [ view_filter ] --START--
INFO: Run Behavior\WriteHtmlCacheBehavior [ RunTime:0.000217s ]
INFO: [ view_filter ] --END-- [ RunTime:0.000250s ]
INFO: [ app_end ] --START--
INFO: Run Behavior\ShowPageTraceBehavior [ RunTime:0.000449s ]
INFO: [ app_end ] --END-- [ RunTime:0.000497s ]

[ 2017-06-03T19:00:35+08:00 ] 192.168.43.146 /index.php/Admin/Right/employed
INFO: [ app_begin ] --START--
INFO: Run Behavior\ReadHtmlCacheBehavior [ RunTime:0.000358s ]
INFO: [ app_begin ] --END-- [ RunTime:0.000621s ]
INFO: [ view_parse ] --START--
INFO: [ template_filter ] --START--
INFO: Run Behavior\ContentReplaceBehavior [ RunTime:0.000033s ]
INFO: [ template_filter ] --END-- [ RunTime:0.000068s ]
INFO: Run Behavior\ParseTemplateBehavior [ RunTime:0.004710s ]
INFO: [ view_parse ] --END-- [ RunTime:0.004766s ]
INFO: [ view_filter ] --START--
INFO: Run Behavior\WriteHtmlCacheBehavior [ RunTime:0.000226s ]
INFO: [ view_filter ] --END-- [ RunTime:0.000269s ]
INFO: [ app_end ] --START--
INFO: Run Behavior\ShowPageTraceBehavior [ RunTime:0.000450s ]
INFO: [ app_end ] --END-- [ RunTime:0.000489s ]

[ 2017-06-03T19:00:36+08:00 ] 192.168.43.146 /index.php/Admin/Right/grade
INFO: [ app_begin ] --START--
INFO: Run Behavior\ReadHtmlCacheBehavior [ RunTime:0.000587s ]
INFO: [ app_begin ] --END-- [ RunTime:0.000965s ]
INFO: [ view_parse ] --START--
INFO: [ template_filter ] --START--
INFO: Run Behavior\ContentReplaceBehavior [ RunTime:0.000069s ]
INFO: [ template_filter ] --END-- [ RunTime:0.000160s ]
INFO: Run Behavior\ParseTemplateBehavior [ RunTime:0.157060s ]
INFO: [ view_parse ] --END-- [ RunTime:0.157146s ]
INFO: [ view_filter ] --START--
INFO: Run Behavior\WriteHtmlCacheBehavior [ RunTime:0.000297s ]
INFO: [ view_filter ] --END-- [ RunTime:0.000352s ]
INFO: [ app_end ] --START--
INFO: Run Behavior\ShowPageTraceBehavior [ RunTime:0.000569s ]
INFO: [ app_end ] --END-- [ RunTime:0.000625s ]

[ 2017-06-03T19:00:37+08:00 ] 192.168.43.146 /index.php/Admin/Right/issue
INFO: [ app_begin ] --START--
INFO: Run Behavior\ReadHtmlCacheBehavior [ RunTime:0.000461s ]
INFO: [ app_begin ] --END-- [ RunTime:0.000745s ]
INFO: [ view_parse ] --START--
INFO: [ template_filter ] --START--
INFO: Run Behavior\ContentReplaceBehavior [ RunTime:0.000088s ]
INFO: [ template_filter ] --END-- [ RunTime:0.000140s ]
INFO: Run Behavior\ParseTemplateBehavior [ RunTime:0.153928s ]
INFO: [ view_parse ] --END-- [ RunTime:0.154030s ]
INFO: [ view_filter ] --START--
INFO: Run Behavior\WriteHtmlCacheBehavior [ RunTime:0.000235s ]
INFO: [ view_filter ] --END-- [ RunTime:0.000273s ]
INFO: [ app_end ] --START--
INFO: Run Behavior\ShowPageTraceBehavior [ RunTime:0.000630s ]
INFO: [ app_end ] --END-- [ RunTime:0.000690s ]

[ 2017-06-03T19:00:37+08:00 ] 192.168.43.146 /index.php/Admin/Right/
INFO: [ app_begin ] --START--
INFO: Run Behavior\ReadHtmlCacheBehavior [ RunTime:0.000391s ]
INFO: [ app_begin ] --END-- [ RunTime:0.000678s ]
NOTIC: [8] Use of undefined constant issue - assumed 'issue' D:\web\work\Admin\Controller\RightController.class.php ç¬¬ 8 è¡Œ.
SQL: SHOW COLUMNS FROM `issue` [ RunTime:0.0016s ]
SQL: SELECT `id`,`title`,`issuetime` FROM `issue` WHERE ( cid=1 ) ORDER BY issuetime desc LIMIT 2   [ RunTime:0.0003s ]
NOTIC: [8] Use of undefined constant resume - assumed 'resume' D:\web\work\Admin\Controller\RightController.class.php ç¬¬ 13 è¡Œ.
SQL: SHOW COLUMNS FROM `resume` [ RunTime:0.0014s ]
SQL: SHOW COLUMNS FROM `resume` [ RunTime:0.0006s ]
SQL: SELECT r.umsg,s.uname,s.uid FROM resume r INNER JOIN studentinfo s on s.uid = r.uid  WHERE ( r.wid=13 and ischack=0 and r.umsg!='' )  [ RunTime:0.0011s ]
SQL: SHOW COLUMNS FROM `resume` [ RunTime:0.0005s ]
SQL: SELECT s.usex,s.uname,s.uid,s.uschool FROM resume r INNER JOIN studentinfo s on s.uid = r.uid  WHERE ( r.wid=13 )  [ RunTime:0.0003s ]
SQL: SHOW COLUMNS FROM `resume` [ RunTime:0.0005s ]
SQL: SELECT r.umsg,s.uname,s.uid FROM resume r INNER JOIN studentinfo s on s.uid = r.uid  WHERE ( r.wid=14 and ischack=0 and r.umsg!='' )  [ RunTime:0.0003s ]
SQL: SHOW COLUMNS FROM `resume` [ RunTime:0.0005s ]
SQL: SELECT s.usex,s.uname,s.uid,s.uschool FROM resume r INNER JOIN studentinfo s on s.uid = r.uid  WHERE ( r.wid=14 )  [ RunTime:0.0002s ]
INFO: [ view_parse ] --START--
INFO: [ template_filter ] --START--
INFO: Run Behavior\ContentReplaceBehavior [ RunTime:0.000127s ]
INFO: [ template_filter ] --END-- [ RunTime:0.000163s ]
INFO: Run Behavior\ParseTemplateBehavior [ RunTime:0.044455s ]
INFO: [ view_parse ] --END-- [ RunTime:0.044515s ]
INFO: [ view_filter ] --START--
INFO: Run Behavior\WriteHtmlCacheBehavior [ RunTime:0.000262s ]
INFO: [ view_filter ] --END-- [ RunTime:0.000295s ]
INFO: [ app_end ] --START--
INFO: Run Behavior\ShowPageTraceBehavior [ RunTime:0.000425s ]
INFO: [ app_end ] --END-- [ RunTime:0.000465s ]

[ 2017-06-03T19:00:38+08:00 ] 192.168.43.146 /index.php/Admin/Right/
INFO: [ app_begin ] --START--
INFO: Run Behavior\ReadHtmlCacheBehavior [ RunTime:0.000383s ]
INFO: [ app_begin ] --END-- [ RunTime:0.000672s ]
NOTIC: [8] Use of undefined constant issue - assumed 'issue' D:\web\work\Admin\Controller\RightController.class.php ç¬¬ 8 è¡Œ.
SQL: SHOW COLUMNS FROM `issue` [ RunTime:0.0017s ]
SQL: SELECT `id`,`title`,`issuetime` FROM `issue` WHERE ( cid=1 ) ORDER BY issuetime desc LIMIT 2   [ RunTime:0.0003s ]
NOTIC: [8] Use of undefined constant resume - assumed 'resume' D:\web\work\Admin\Controller\RightController.class.php ç¬¬ 13 è¡Œ.
SQL: SHOW COLUMNS FROM `resume` [ RunTime:0.0013s ]
SQL: SHOW COLUMNS FROM `resume` [ RunTime:0.0005s ]
SQL: SELECT r.umsg,s.uname,s.uid FROM resume r INNER JOIN studentinfo s on s.uid = r.uid  WHERE ( r.wid=13 and ischack=0 and r.umsg!='' )  [ RunTime:0.0012s ]
SQL: SHOW COLUMNS FROM `resume` [ RunTime:0.0007s ]
SQL: SELECT s.usex,s.uname,s.uid,s.uschool FROM resume r INNER JOIN studentinfo s on s.uid = r.uid  WHERE ( r.wid=13 )  [ RunTime:0.0003s ]
SQL: SHOW COLUMNS FROM `resume` [ RunTime:0.0006s ]
SQL: SELECT r.umsg,s.uname,s.uid FROM resume r INNER JOIN studentinfo s on s.uid = r.uid  WHERE ( r.wid=14 and ischack=0 and r.umsg!='' )  [ RunTime:0.0003s ]
SQL: SHOW COLUMNS FROM `resume` [ RunTime:0.0006s ]
SQL: SELECT s.usex,s.uname,s.uid,s.uschool FROM resume r INNER JOIN studentinfo s on s.uid = r.uid  WHERE ( r.wid=14 )  [ RunTime:0.0003s ]
INFO: [ view_parse ] --START--
INFO: [ template_filter ] --START--
INFO: Run Behavior\ContentReplaceBehavior [ RunTime:0.000125s ]
INFO: [ template_filter ] --END-- [ RunTime:0.000165s ]
INFO: Run Behavior\ParseTemplateBehavior [ RunTime:0.045976s ]
INFO: [ view_parse ] --END-- [ RunTime:0.046049s ]
INFO: [ view_filter ] --START--
INFO: Run Behavior\WriteHtmlCacheBehavior [ RunTime:0.000257s ]
INFO: [ view_filter ] --END-- [ RunTime:0.000294s ]
INFO: [ app_end ] --START--
INFO: Run Behavior\ShowPageTraceBehavior [ RunTime:0.000450s ]
INFO: [ app_end ] --END-- [ RunTime:0.000493s ]

[ 2017-06-03T19:00:39+08:00 ] 192.168.43.146 /index.php/Admin/Right/conpany
INFO: [ app_begin ] --START--
INFO: Run Behavior\ReadHtmlCacheBehavior [ RunTime:0.000387s ]
INFO: [ app_begin ] --END-- [ RunTime:0.000675s ]
INFO: [ view_parse ] --START--
INFO: [ template_filter ] --START--
INFO: Run Behavior\ContentReplaceBehavior [ RunTime:0.000043s ]
INFO: [ template_filter ] --END-- [ RunTime:0.000088s ]
INFO: Run Behavior\ParseTemplateBehavior [ RunTime:0.169846s ]
INFO: [ view_parse ] --END-- [ RunTime:0.169903s ]
INFO: [ view_filter ] --START--
INFO: Run Behavior\WriteHtmlCacheBehavior [ RunTime:0.000228s ]
INFO: [ view_filter ] --END-- [ RunTime:0.000263s ]
INFO: [ app_end ] --START--
INFO: Run Behavior\ShowPageTraceBehavior [ RunTime:0.000429s ]
INFO: [ app_end ] --END-- [ RunTime:0.000465s ]

[ 2017-06-03T19:00:39+08:00 ] 192.168.43.146 /index.php/Admin/Right/
INFO: [ app_begin ] --START--
INFO: Run Behavior\ReadHtmlCacheBehavior [ RunTime:0.000357s ]
INFO: [ app_begin ] --END-- [ RunTime:0.000644s ]
NOTIC: [8] Use of undefined constant issue - assumed 'issue' D:\web\work\Admin\Controller\RightController.class.php ç¬¬ 8 è¡Œ.
SQL: SHOW COLUMNS FROM `issue` [ RunTime:0.0017s ]
SQL: SELECT `id`,`title`,`issuetime` FROM `issue` WHERE ( cid=1 ) ORDER BY issuetime desc LIMIT 2   [ RunTime:0.0003s ]
NOTIC: [8] Use of undefined constant resume - assumed 'resume' D:\web\work\Admin\Controller\RightController.class.php ç¬¬ 13 è¡Œ.
SQL: SHOW COLUMNS FROM `resume` [ RunTime:0.0013s ]
SQL: SHOW COLUMNS FROM `resume` [ RunTime:0.0005s ]
SQL: SELECT r.umsg,s.uname,s.uid FROM resume r INNER JOIN studentinfo s on s.uid = r.uid  WHERE ( r.wid=13 and ischack=0 and r.umsg!='' )  [ RunTime:0.0010s ]
SQL: SHOW COLUMNS FROM `resume` [ RunTime:0.0005s ]
SQL: SELECT s.usex,s.uname,s.uid,s.uschool FROM resume r INNER JOIN studentinfo s on s.uid = r.uid  WHERE ( r.wid=13 )  [ RunTime:0.0003s ]
SQL: SHOW COLUMNS FROM `resume` [ RunTime:0.0005s ]
SQL: SELECT r.umsg,s.uname,s.uid FROM resume r INNER JOIN studentinfo s on s.uid = r.uid  WHERE ( r.wid=14 and ischack=0 and r.umsg!='' )  [ RunTime:0.0003s ]
SQL: SHOW COLUMNS FROM `resume` [ RunTime:0.0005s ]
SQL: SELECT s.usex,s.uname,s.uid,s.uschool FROM resume r INNER JOIN studentinfo s on s.uid = r.uid  WHERE ( r.wid=14 )  [ RunTime:0.0002s ]
INFO: [ view_parse ] --START--
INFO: [ template_filter ] --START--
INFO: Run Behavior\ContentReplaceBehavior [ RunTime:0.000139s ]
INFO: [ template_filter ] --END-- [ RunTime:0.000194s ]
INFO: Run Behavior\ParseTemplateBehavior [ RunTime:0.044676s ]
INFO: [ view_parse ] --END-- [ RunTime:0.044736s ]
INFO: [ view_filter ] --START--
INFO: Run Behavior\WriteHtmlCacheBehavior [ RunTime:0.000226s ]
INFO: [ view_filter ] --END-- [ RunTime:0.000269s ]
INFO: [ app_end ] --START--
INFO: Run Behavior\ShowPageTraceBehavior [ RunTime:0.000441s ]
INFO: [ app_end ] --END-- [ RunTime:0.000481s ]

[ 2017-06-03T19:00:40+08:00 ] 192.168.43.146 /index.php/Admin/Right/conpany
INFO: [ app_begin ] --START--
INFO: Run Behavior\ReadHtmlCacheBehavior [ RunTime:0.000428s ]
INFO: [ app_begin ] --END-- [ RunTime:0.000738s ]
INFO: [ view_parse ] --START--
INFO: [ template_filter ] --START--
INFO: Run Behavior\ContentReplaceBehavior [ RunTime:0.000053s ]
INFO: [ template_filter ] --END-- [ RunTime:0.000110s ]
INFO: Run Behavior\ParseTemplateBehavior [ RunTime:0.005969s ]
INFO: [ view_parse ] --END-- [ RunTime:0.006018s ]
INFO: [ view_filter ] --START--
INFO: Run Behavior\WriteHtmlCacheBehavior [ RunTime:0.000218s ]
INFO: [ view_filter ] --END-- [ RunTime:0.000250s ]
INFO: [ app_end ] --START--
INFO: Run Behavior\ShowPageTraceBehavior [ RunTime:0.000408s ]
INFO: [ app_end ] --END-- [ RunTime:0.000442s ]

[ 2017-06-03T19:00:41+08:00 ] 192.168.43.146 /index.php/Admin/Right/index
INFO: [ app_begin ] --START--
INFO: Run Behavior\ReadHtmlCacheBehavior [ RunTime:0.000452s ]
INFO: [ app_begin ] --END-- [ RunTime:0.000777s ]
NOTIC: [8] Use of undefined constant issue - assumed 'issue' D:\web\work\Admin\Controller\RightController.class.php ç¬¬ 8 è¡Œ.
SQL: SHOW COLUMNS FROM `issue` [ RunTime:0.0016s ]
SQL: SELECT `id`,`title`,`issuetime` FROM `issue` WHERE ( cid=1 ) ORDER BY issuetime desc LIMIT 2   [ RunTime:0.0003s ]
NOTIC: [8] Use of undefined constant resume - assumed 'resume' D:\web\work\Admin\Controller\RightController.class.php ç¬¬ 13 è¡Œ.
SQL: SHOW COLUMNS FROM `resume` [ RunTime:0.0013s ]
SQL: SHOW COLUMNS FROM `resume` [ RunTime:0.0007s ]
SQL: SELECT r.umsg,s.uname,s.uid FROM resume r INNER JOIN studentinfo s on s.uid = r.uid  WHERE ( r.wid=13 and ischack=0 and r.umsg!='' )  [ RunTime:0.0011s ]
SQL: SHOW COLUMNS FROM `resume` [ RunTime:0.0005s ]
SQL: SELECT s.usex,s.uname,s.uid,s.uschool FROM resume r INNER JOIN studentinfo s on s.uid = r.uid  WHERE ( r.wid=13 )  [ RunTime:0.0003s ]
SQL: SHOW COLUMNS FROM `resume` [ RunTime:0.0005s ]
SQL: SELECT r.umsg,s.uname,s.uid FROM resume r INNER JOIN studentinfo s on s.uid = r.uid  WHERE ( r.wid=14 and ischack=0 and r.umsg!='' )  [ RunTime:0.0003s ]
SQL: SHOW COLUMNS FROM `resume` [ RunTime:0.0005s ]
SQL: SELECT s.usex,s.uname,s.uid,s.uschool FROM resume r INNER JOIN studentinfo s on s.uid = r.uid  WHERE ( r.wid=14 )  [ RunTime:0.0003s ]
INFO: [ view_parse ] --START--
INFO: [ template_filter ] --START--
INFO: Run Behavior\ContentReplaceBehavior [ RunTime:0.000143s ]
INFO: [ template_filter ] --END-- [ RunTime:0.000198s ]
INFO: Run Behavior\ParseTemplateBehavior [ RunTime:0.046003s ]
INFO: [ view_parse ] --END-- [ RunTime:0.046080s ]
INFO: [ view_filter ] --START--
INFO: Run Behavior\WriteHtmlCacheBehavior [ RunTime:0.000233s ]
INFO: [ view_filter ] --END-- [ RunTime:0.000269s ]
INFO: [ app_end ] --START--
INFO: Run Behavior\ShowPageTraceBehavior [ RunTime:0.000405s ]
INFO: [ app_end ] --END-- [ RunTime:0.000448s ]

[ 2017-06-03T19:00:41+08:00 ] 192.168.43.146 /index.php/Admin/Right/table
INFO: [ app_begin ] --START--
INFO: Run Behavior\ReadHtmlCacheBehavior [ RunTime:0.000385s ]
INFO: [ app_begin ] --END-- [ RunTime:0.000700s ]
NOTIC: [8] Use of undefined constant issue - assumed 'issue' D:\web\work\Admin\Controller\RightController.class.php ç¬¬ 59 è¡Œ.
SQL: SHOW COLUMNS FROM `issue` [ RunTime:0.0020s ]
NOTIC: [8] Use of undefined constant resume - assumed 'resume' D:\web\work\Admin\Controller\RightController.class.php ç¬¬ 60 è¡Œ.
SQL: SHOW COLUMNS FROM `resume` [ RunTime:0.0013s ]
SQL: SELECT `id`,`title`,`issuetime` FROM `issue` WHERE ( cid=1 and TO_DAYS(NOW()) - workStartDate < 0 )  [ RunTime:0.0003s ]
SQL: SHOW COLUMNS FROM `resume` [ RunTime:0.0005s ]
SQL: SELECT s.usex,s.uname,s.uid,s.uschool,s.uphone,s.upoint,s.uaddress,r.wid FROM resume r INNER JOIN studentinfo s on s.uid = r.uid  WHERE ( r.wid=1 and r.ischack=0 )  [ RunTime:0.0011s ]
SQL: SHOW COLUMNS FROM `resume` [ RunTime:0.0005s ]
SQL: SELECT s.usex,s.uname,s.uid,s.uschool,s.uphone,s.upoint,s.uaddress,r.wid FROM resume r INNER JOIN studentinfo s on s.uid = r.uid  WHERE ( r.wid=2 and r.ischack=0 )  [ RunTime:0.0003s ]
SQL: SHOW COLUMNS FROM `resume` [ RunTime:0.0005s ]
SQL: SELECT s.usex,s.uname,s.uid,s.uschool,s.uphone,s.upoint,s.uaddress,r.wid FROM resume r INNER JOIN studentinfo s on s.uid = r.uid  WHERE ( r.wid=11 and r.ischack=0 )  [ RunTime:0.0003s ]
SQL: SHOW COLUMNS FROM `resume` [ RunTime:0.0005s ]
SQL: SELECT s.usex,s.uname,s.uid,s.uschool,s.uphone,s.upoint,s.uaddress,r.wid FROM resume r INNER JOIN studentinfo s on s.uid = r.uid  WHERE ( r.wid=13 and r.ischack=0 )  [ RunTime:0.0003s ]
SQL: SHOW COLUMNS FROM `resume` [ RunTime:0.0005s ]
SQL: SELECT s.usex,s.uname,s.uid,s.uschool,s.uphone,s.upoint,s.uaddress,r.wid FROM resume r INNER JOIN studentinfo s on s.uid = r.uid  WHERE ( r.wid=14 and r.ischack=0 )  [ RunTime:0.0003s ]
INFO: [ view_parse ] --START--
INFO: [ template_filter ] --START--
INFO: Run Behavior\ContentReplaceBehavior [ RunTime:0.000090s ]
INFO: [ template_filter ] --END-- [ RunTime:0.000147s ]
INFO: Run Behavior\ParseTemplateBehavior [ RunTime:0.008805s ]
INFO: [ view_parse ] --END-- [ RunTime:0.008861s ]
INFO: [ view_filter ] --START--
INFO: Run Behavior\WriteHtmlCacheBehavior [ RunTime:0.000204s ]
INFO: [ view_filter ] --END-- [ RunTime:0.000234s ]
INFO: [ app_end ] --START--
INFO: Run Behavior\ShowPageTraceBehavior [ RunTime:0.000427s ]
INFO: [ app_end ] --END-- [ RunTime:0.000479s ]

[ 2017-06-03T19:00:42+08:00 ] 192.168.43.146 /index.php/Admin/Right/index
INFO: [ app_begin ] --START--
INFO: Run Behavior\ReadHtmlCacheBehavior [ RunTime:0.000400s ]
INFO: [ app_begin ] --END-- [ RunTime:0.000716s ]
NOTIC: [8] Use of undefined constant issue - assumed 'issue' D:\web\work\Admin\Controller\RightController.class.php ç¬¬ 8 è¡Œ.
SQL: SHOW COLUMNS FROM `issue` [ RunTime:0.0017s ]
SQL: SELECT `id`,`title`,`issuetime` FROM `issue` WHERE ( cid=1 ) ORDER BY issuetime desc LIMIT 2   [ RunTime:0.0003s ]
NOTIC: [8] Use of undefined constant resume - assumed 'resume' D:\web\work\Admin\Controller\RightController.class.php ç¬¬ 13 è¡Œ.
SQL: SHOW COLUMNS FROM `resume` [ RunTime:0.0014s ]
SQL: SHOW COLUMNS FROM `resume` [ RunTime:0.0008s ]
SQL: SELECT r.umsg,s.uname,s.uid FROM resume r INNER JOIN studentinfo s on s.uid = r.uid  WHERE ( r.wid=13 and ischack=0 and r.umsg!='' )  [ RunTime:0.0012s ]
SQL: SHOW COLUMNS FROM `resume` [ RunTime:0.0006s ]
SQL: SELECT s.usex,s.uname,s.uid,s.uschool FROM resume r INNER JOIN studentinfo s on s.uid = r.uid  WHERE ( r.wid=13 )  [ RunTime:0.0003s ]
SQL: SHOW COLUMNS FROM `resume` [ RunTime:0.0006s ]
SQL: SELECT r.umsg,s.uname,s.uid FROM resume r INNER JOIN studentinfo s on s.uid = r.uid  WHERE ( r.wid=14 and ischack=0 and r.umsg!='' )  [ RunTime:0.0003s ]
SQL: SHOW COLUMNS FROM `resume` [ RunTime:0.0005s ]
SQL: SELECT s.usex,s.uname,s.uid,s.uschool FROM resume r INNER JOIN studentinfo s on s.uid = r.uid  WHERE ( r.wid=14 )  [ RunTime:0.0003s ]
INFO: [ view_parse ] --START--
INFO: [ template_filter ] --START--
INFO: Run Behavior\ContentReplaceBehavior [ RunTime:0.000151s ]
INFO: [ template_filter ] --END-- [ RunTime:0.000206s ]
INFO: Run Behavior\ParseTemplateBehavior [ RunTime:0.080850s ]
INFO: [ view_parse ] --END-- [ RunTime:0.080911s ]
INFO: [ view_filter ] --START--
INFO: Run Behavior\WriteHtmlCacheBehavior [ RunTime:0.000194s ]
INFO: [ view_filter ] --END-- [ RunTime:0.000221s ]
INFO: [ app_end ] --START--
INFO: Run Behavior\ShowPageTraceBehavior [ RunTime:0.000389s ]
INFO: [ app_end ] --END-- [ RunTime:0.000425s ]

[ 2017-06-03T19:00:53+08:00 ] 192.168.43.146 /index.php/Admin/Right/index
INFO: [ app_begin ] --START--
INFO: Run Behavior\ReadHtmlCacheBehavior [ RunTime:0.000442s ]
INFO: [ app_begin ] --END-- [ RunTime:0.000765s ]
NOTIC: [8] Use of undefined constant issue - assumed 'issue' D:\web\work\Admin\Controller\RightController.class.php ç¬¬ 8 è¡Œ.
SQL: SHOW COLUMNS FROM `issue` [ RunTime:0.0018s ]
SQL: SELECT `id`,`title`,`issuetime` FROM `issue` WHERE ( cid=1 ) ORDER BY issuetime desc LIMIT 2   [ RunTime:0.0003s ]
NOTIC: [8] Use of undefined constant resume - assumed 'resume' D:\web\work\Admin\Controller\RightController.class.php ç¬¬ 13 è¡Œ.
SQL: SHOW COLUMNS FROM `resume` [ RunTime:0.0013s ]
SQL: SHOW COLUMNS FROM `resume` [ RunTime:0.0005s ]
SQL: SELECT r.umsg,s.uname,s.uid FROM resume r INNER JOIN studentinfo s on s.uid = r.uid  WHERE ( r.wid=13 and ischack=0 and r.umsg!='' )  [ RunTime:0.0011s ]
SQL: SHOW COLUMNS FROM `resume` [ RunTime:0.0005s ]
SQL: SELECT s.usex,s.uname,s.uid,s.uschool FROM resume r INNER JOIN studentinfo s on s.uid = r.uid  WHERE ( r.wid=13 )  [ RunTime:0.0003s ]
SQL: SHOW COLUMNS FROM `resume` [ RunTime:0.0005s ]
SQL: SELECT r.umsg,s.uname,s.uid FROM resume r INNER JOIN studentinfo s on s.uid = r.uid  WHERE ( r.wid=14 and ischack=0 and r.umsg!='' )  [ RunTime:0.0004s ]
SQL: SHOW COLUMNS FROM `resume` [ RunTime:0.0005s ]
SQL: SELECT s.usex,s.uname,s.uid,s.uschool FROM resume r INNER JOIN studentinfo s on s.uid = r.uid  WHERE ( r.wid=14 )  [ RunTime:0.0003s ]
INFO: [ view_parse ] --START--
INFO: [ template_filter ] --START--
INFO: Run Behavior\ContentReplaceBehavior [ RunTime:0.000128s ]
INFO: [ template_filter ] --END-- [ RunTime:0.000166s ]
INFO: Run Behavior\ParseTemplateBehavior [ RunTime:0.048479s ]
INFO: [ view_parse ] --END-- [ RunTime:0.048542s ]
INFO: [ view_filter ] --START--
INFO: Run Behavior\WriteHtmlCacheBehavior [ RunTime:0.000219s ]
INFO: [ view_filter ] --END-- [ RunTime:0.000250s ]
INFO: [ app_end ] --START--
INFO: Run Behavior\ShowPageTraceBehavior [ RunTime:0.000566s ]
INFO: [ app_end ] --END-- [ RunTime:0.000633s ]

[ 2017-06-03T19:00:54+08:00 ] 192.168.43.146 /index.php/Admin/Right/table
INFO: [ app_begin ] --START--
INFO: Run Behavior\ReadHtmlCacheBehavior [ RunTime:0.000363s ]
INFO: [ app_begin ] --END-- [ RunTime:0.000625s ]
NOTIC: [8] Use of undefined constant issue - assumed 'issue' D:\web\work\Admin\Controller\RightController.class.php ç¬¬ 59 è¡Œ.
SQL: SHOW COLUMNS FROM `issue` [ RunTime:0.0016s ]
NOTIC: [8] Use of undefined constant resume - assumed 'resume' D:\web\work\Admin\Controller\RightController.class.php ç¬¬ 60 è¡Œ.
SQL: SHOW COLUMNS FROM `resume` [ RunTime:0.0013s ]
SQL: SELECT `id`,`title`,`issuetime` FROM `issue` WHERE ( cid=1 and TO_DAYS(NOW()) - workStartDate < 0 )  [ RunTime:0.0003s ]
SQL: SHOW COLUMNS FROM `resume` [ RunTime:0.0005s ]
SQL: SELECT s.usex,s.uname,s.uid,s.uschool,s.uphone,s.upoint,s.uaddress,r.wid FROM resume r INNER JOIN studentinfo s on s.uid = r.uid  WHERE ( r.wid=1 and r.ischack=0 )  [ RunTime:0.0011s ]
SQL: SHOW COLUMNS FROM `resume` [ RunTime:0.0006s ]
SQL: SELECT s.usex,s.uname,s.uid,s.uschool,s.uphone,s.upoint,s.uaddress,r.wid FROM resume r INNER JOIN studentinfo s on s.uid = r.uid  WHERE ( r.wid=2 and r.ischack=0 )  [ RunTime:0.0003s ]
SQL: SHOW COLUMNS FROM `resume` [ RunTime:0.0005s ]
SQL: SELECT s.usex,s.uname,s.uid,s.uschool,s.uphone,s.upoint,s.uaddress,r.wid FROM resume r INNER JOIN studentinfo s on s.uid = r.uid  WHERE ( r.wid=11 and r.ischack=0 )  [ RunTime:0.0003s ]
SQL: SHOW COLUMNS FROM `resume` [ RunTime:0.0005s ]
SQL: SELECT s.usex,s.uname,s.uid,s.uschool,s.uphone,s.upoint,s.uaddress,r.wid FROM resume r INNER JOIN studentinfo s on s.uid = r.uid  WHERE ( r.wid=13 and r.ischack=0 )  [ RunTime:0.0003s ]
SQL: SHOW COLUMNS FROM `resume` [ RunTime:0.0005s ]
SQL: SELECT s.usex,s.uname,s.uid,s.uschool,s.uphone,s.upoint,s.uaddress,r.wid FROM resume r INNER JOIN studentinfo s on s.uid = r.uid  WHERE ( r.wid=14 and r.ischack=0 )  [ RunTime:0.0003s ]
INFO: [ view_parse ] --START--
INFO: [ template_filter ] --START--
INFO: Run Behavior\ContentReplaceBehavior [ RunTime:0.000097s ]
INFO: [ template_filter ] --END-- [ RunTime:0.000141s ]
INFO: Run Behavior\ParseTemplateBehavior [ RunTime:0.008637s ]
INFO: [ view_parse ] --END-- [ RunTime:0.008693s ]
INFO: [ view_filter ] --START--
INFO: Run Behavior\WriteHtmlCacheBehavior [ RunTime:0.000220s ]
INFO: [ view_filter ] --END-- [ RunTime:0.000253s ]
INFO: [ app_end ] --START--
INFO: Run Behavior\ShowPageTraceBehavior [ RunTime:0.000648s ]
INFO: [ app_end ] --END-- [ RunTime:0.000717s ]

[ 2017-06-03T19:00:54+08:00 ] 192.168.43.146 /index.php/Admin/Right/employed
INFO: [ app_begin ] --START--
INFO: Run Behavior\ReadHtmlCacheBehavior [ RunTime:0.000357s ]
INFO: [ app_begin ] --END-- [ RunTime:0.000644s ]
INFO: [ view_parse ] --START--
INFO: [ template_filter ] --START--
INFO: Run Behavior\ContentReplaceBehavior [ RunTime:0.000033s ]
INFO: [ template_filter ] --END-- [ RunTime:0.000073s ]
INFO: Run Behavior\ParseTemplateBehavior [ RunTime:0.004842s ]
INFO: [ view_parse ] --END-- [ RunTime:0.004895s ]
INFO: [ view_filter ] --START--
INFO: Run Behavior\WriteHtmlCacheBehavior [ RunTime:0.000220s ]
INFO: [ view_filter ] --END-- [ RunTime:0.000253s ]
INFO: [ app_end ] --START--
INFO: Run Behavior\ShowPageTraceBehavior [ RunTime:0.000424s ]
INFO: [ app_end ] --END-- [ RunTime:0.000467s ]

[ 2017-06-03T19:00:55+08:00 ] 192.168.43.146 /index.php/Admin/Right/employed
INFO: [ app_begin ] --START--
INFO: Run Behavior\ReadHtmlCacheBehavior [ RunTime:0.000359s ]
INFO: [ app_begin ] --END-- [ RunTime:0.000649s ]
INFO: [ view_parse ] --START--
INFO: [ template_filter ] --START--
INFO: Run Behavior\ContentReplaceBehavior [ RunTime:0.000041s ]
INFO: [ template_filter ] --END-- [ RunTime:0.000101s ]
INFO: Run Behavior\ParseTemplateBehavior [ RunTime:0.005146s ]
INFO: [ view_parse ] --END-- [ RunTime:0.005199s ]
INFO: [ view_filter ] --START--
INFO: Run Behavior\WriteHtmlCacheBehavior [ RunTime:0.000237s ]
INFO: [ view_filter ] --END-- [ RunTime:0.000270s ]
INFO: [ app_end ] --START--
INFO: Run Behavior\ShowPageTraceBehavior [ RunTime:0.000429s ]
INFO: [ app_end ] --END-- [ RunTime:0.000465s ]

[ 2017-06-03T19:00:56+08:00 ] 192.168.43.146 /index.php/Admin/Right/table
INFO: [ app_begin ] --START--
INFO: Run Behavior\ReadHtmlCacheBehavior [ RunTime:0.000400s ]
INFO: [ app_begin ] --END-- [ RunTime:0.000673s ]
NOTIC: [8] Use of undefined constant issue - assumed 'issue' D:\web\work\Admin\Controller\RightController.class.php ç¬¬ 59 è¡Œ.
SQL: SHOW COLUMNS FROM `issue` [ RunTime:0.0020s ]
NOTIC: [8] Use of undefined constant resume - assumed 'resume' D:\web\work\Admin\Controller\RightController.class.php ç¬¬ 60 è¡Œ.
SQL: SHOW COLUMNS FROM `resume` [ RunTime:0.0015s ]
SQL: SELECT `id`,`title`,`issuetime` FROM `issue` WHERE ( cid=1 and TO_DAYS(NOW()) - workStartDate < 0 )  [ RunTime:0.0003s ]
SQL: SHOW COLUMNS FROM `resume` [ RunTime:0.0005s ]
SQL: SELECT s.usex,s.uname,s.uid,s.uschool,s.uphone,s.upoint,s.uaddress,r.wid FROM resume r INNER JOIN studentinfo s on s.uid = r.uid  WHERE ( r.wid=1 and r.ischack=0 )  [ RunTime:0.0011s ]
SQL: SHOW COLUMNS FROM `resume` [ RunTime:0.0006s ]
SQL: SELECT s.usex,s.uname,s.uid,s.uschool,s.uphone,s.upoint,s.uaddress,r.wid FROM resume r INNER JOIN studentinfo s on s.uid = r.uid  WHERE ( r.wid=2 and r.ischack=0 )  [ RunTime:0.0003s ]
SQL: SHOW COLUMNS FROM `resume` [ RunTime:0.0005s ]
SQL: SELECT s.usex,s.uname,s.uid,s.uschool,s.uphone,s.upoint,s.uaddress,r.wid FROM resume r INNER JOIN studentinfo s on s.uid = r.uid  WHERE ( r.wid=11 and r.ischack=0 )  [ RunTime:0.0003s ]
SQL: SHOW COLUMNS FROM `resume` [ RunTime:0.0005s ]
SQL: SELECT s.usex,s.uname,s.uid,s.uschool,s.uphone,s.upoint,s.uaddress,r.wid FROM resume r INNER JOIN studentinfo s on s.uid = r.uid  WHERE ( r.wid=13 and r.ischack=0 )  [ RunTime:0.0003s ]
SQL: SHOW COLUMNS FROM `resume` [ RunTime:0.0006s ]
SQL: SELECT s.usex,s.uname,s.uid,s.uschool,s.uphone,s.upoint,s.uaddress,r.wid FROM resume r INNER JOIN studentinfo s on s.uid = r.uid  WHERE ( r.wid=14 and r.ischack=0 )  [ RunTime:0.0003s ]
INFO: [ view_parse ] --START--
INFO: [ template_filter ] --START--
INFO: Run Behavior\ContentReplaceBehavior [ RunTime:0.000068s ]
INFO: [ template_filter ] --END-- [ RunTime:0.000106s ]
INFO: Run Behavior\ParseTemplateBehavior [ RunTime:0.008514s ]
INFO: [ view_parse ] --END-- [ RunTime:0.008575s ]
INFO: [ view_filter ] --START--
INFO: Run Behavior\WriteHtmlCacheBehavior [ RunTime:0.000230s ]
INFO: [ view_filter ] --END-- [ RunTime:0.000264s ]
INFO: [ app_end ] --START--
INFO: Run Behavior\ShowPageTraceBehavior [ RunTime:0.000509s ]
INFO: [ app_end ] --END-- [ RunTime:0.000562s ]

[ 2017-06-03T19:00:56+08:00 ] 192.168.43.146 /index.php/Admin/Right/index
INFO: [ app_begin ] --START--
INFO: Run Behavior\ReadHtmlCacheBehavior [ RunTime:0.000424s ]
INFO: [ app_begin ] --END-- [ RunTime:0.000748s ]
NOTIC: [8] Use of undefined constant issue - assumed 'issue' D:\web\work\Admin\Controller\RightController.class.php ç¬¬ 8 è¡Œ.
SQL: SHOW COLUMNS FROM `issue` [ RunTime:0.0017s ]
SQL: SELECT `id`,`title`,`issuetime` FROM `issue` WHERE ( cid=1 ) ORDER BY issuetime desc LIMIT 2   [ RunTime:0.0003s ]
NOTIC: [8] Use of undefined constant resume - assumed 'resume' D:\web\work\Admin\Controller\RightController.class.php ç¬¬ 13 è¡Œ.
SQL: SHOW COLUMNS FROM `resume` [ RunTime:0.0017s ]
SQL: SHOW COLUMNS FROM `resume` [ RunTime:0.0007s ]
SQL: SELECT r.umsg,s.uname,s.uid FROM resume r INNER JOIN studentinfo s on s.uid = r.uid  WHERE ( r.wid=13 and ischack=0 and r.umsg!='' )  [ RunTime:0.0014s ]
SQL: SHOW COLUMNS FROM `resume` [ RunTime:0.0007s ]
SQL: SELECT s.usex,s.uname,s.uid,s.uschool FROM resume r INNER JOIN studentinfo s on s.uid = r.uid  WHERE ( r.wid=13 )  [ RunTime:0.0003s ]
SQL: SHOW COLUMNS FROM `resume` [ RunTime:0.0007s ]
SQL: SELECT r.umsg,s.uname,s.uid FROM resume r INNER JOIN studentinfo s on s.uid = r.uid  WHERE ( r.wid=14 and ischack=0 and r.umsg!='' )  [ RunTime:0.0003s ]
SQL: SHOW COLUMNS FROM `resume` [ RunTime:0.0006s ]
SQL: SELECT s.usex,s.uname,s.uid,s.uschool FROM resume r INNER JOIN studentinfo s on s.uid = r.uid  WHERE ( r.wid=14 )  [ RunTime:0.0004s ]
INFO: [ view_parse ] --START--
INFO: [ template_filter ] --START--
INFO: Run Behavior\ContentReplaceBehavior [ RunTime:0.000215s ]
INFO: [ template_filter ] --END-- [ RunTime:0.000298s ]
INFO: Run Behavior\ParseTemplateBehavior [ RunTime:0.073588s ]
INFO: [ view_parse ] --END-- [ RunTime:0.073688s ]
INFO: [ view_filter ] --START--
INFO: Run Behavior\WriteHtmlCacheBehavior [ RunTime:0.000312s ]
INFO: [ view_filter ] --END-- [ RunTime:0.000370s ]
INFO: [ app_end ] --START--
INFO: Run Behavior\ShowPageTraceBehavior [ RunTime:0.000627s ]
INFO: [ app_end ] --END-- [ RunTime:0.000697s ]

[ 2017-06-03T19:00:57+08:00 ] 192.168.43.146 /index.php/Admin/Right/index
INFO: [ app_begin ] --START--
INFO: Run Behavior\ReadHtmlCacheBehavior [ RunTime:0.000398s ]
INFO: [ app_begin ] --END-- [ RunTime:0.000685s ]
NOTIC: [8] Use of undefined constant issue - assumed 'issue' D:\web\work\Admin\Controller\RightController.class.php ç¬¬ 8 è¡Œ.
SQL: SHOW COLUMNS FROM `issue` [ RunTime:0.0017s ]
SQL: SELECT `id`,`title`,`issuetime` FROM `issue` WHERE ( cid=1 ) ORDER BY issuetime desc LIMIT 2   [ RunTime:0.0004s ]
NOTIC: [8] Use of undefined constant resume - assumed 'resume' D:\web\work\Admin\Controller\RightController.class.php ç¬¬ 13 è¡Œ.
SQL: SHOW COLUMNS FROM `resume` [ RunTime:0.0013s ]
SQL: SHOW COLUMNS FROM `resume` [ RunTime:0.0005s ]
SQL: SELECT r.umsg,s.uname,s.uid FROM resume r INNER JOIN studentinfo s on s.uid = r.uid  WHERE ( r.wid=13 and ischack=0 and r.umsg!='' )  [ RunTime:0.0011s ]
SQL: SHOW COLUMNS FROM `resume` [ RunTime:0.0005s ]
SQL: SELECT s.usex,s.uname,s.uid,s.uschool FROM resume r INNER JOIN studentinfo s on s.uid = r.uid  WHERE ( r.wid=13 )  [ RunTime:0.0003s ]
SQL: SHOW COLUMNS FROM `resume` [ RunTime:0.0005s ]
SQL: SELECT r.umsg,s.uname,s.uid FROM resume r INNER JOIN studentinfo s on s.uid = r.uid  WHERE ( r.wid=14 and ischack=0 and r.umsg!='' )  [ RunTime:0.0003s ]
SQL: SHOW COLUMNS FROM `resume` [ RunTime:0.0005s ]
SQL: SELECT s.usex,s.uname,s.uid,s.uschool FROM resume r INNER JOIN studentinfo s on s.uid = r.uid  WHERE ( r.wid=14 )  [ RunTime:0.0003s ]
INFO: [ view_parse ] --START--
INFO: [ template_filter ] --START--
INFO: Run Behavior\ContentReplaceBehavior [ RunTime:0.000130s ]
INFO: [ template_filter ] --END-- [ RunTime:0.000175s ]
INFO: Run Behavior\ParseTemplateBehavior [ RunTime:0.045112s ]
INFO: [ view_parse ] --END-- [ RunTime:0.045175s ]
INFO: [ view_filter ] --START--
INFO: Run Behavior\WriteHtmlCacheBehavior [ RunTime:0.000216s ]
INFO: [ view_filter ] --END-- [ RunTime:0.000248s ]
INFO: [ app_end ] --START--
INFO: Run Behavior\ShowPageTraceBehavior [ RunTime:0.000444s ]
INFO: [ app_end ] --END-- [ RunTime:0.000484s ]

[ 2017-06-03T19:00:57+08:00 ] 192.168.43.146 /index.php/Admin/Right/table
INFO: [ app_begin ] --START--
INFO: Run Behavior\ReadHtmlCacheBehavior [ RunTime:0.000358s ]
INFO: [ app_begin ] --END-- [ RunTime:0.000618s ]
NOTIC: [8] Use of undefined constant issue - assumed 'issue' D:\web\work\Admin\Controller\RightController.class.php ç¬¬ 59 è¡Œ.
SQL: SHOW COLUMNS FROM `issue` [ RunTime:0.0017s ]
NOTIC: [8] Use of undefined constant resume - assumed 'resume' D:\web\work\Admin\Controller\RightController.class.php ç¬¬ 60 è¡Œ.
SQL: SHOW COLUMNS FROM `resume` [ RunTime:0.0013s ]
SQL: SELECT `id`,`title`,`issuetime` FROM `issue` WHERE ( cid=1 and TO_DAYS(NOW()) - workStartDate < 0 )  [ RunTime:0.0003s ]
SQL: SHOW COLUMNS FROM `resume` [ RunTime:0.0005s ]
SQL: SELECT s.usex,s.uname,s.uid,s.uschool,s.uphone,s.upoint,s.uaddress,r.wid FROM resume r INNER JOIN studentinfo s on s.uid = r.uid  WHERE ( r.wid=1 and r.ischack=0 )  [ RunTime:0.0011s ]
SQL: SHOW COLUMNS FROM `resume` [ RunTime:0.0005s ]
SQL: SELECT s.usex,s.uname,s.uid,s.uschool,s.uphone,s.upoint,s.uaddress,r.wid FROM resume r INNER JOIN studentinfo s on s.uid = r.uid  WHERE ( r.wid=2 and r.ischack=0 )  [ RunTime:0.0003s ]
SQL: SHOW COLUMNS FROM `resume` [ RunTime:0.0005s ]
SQL: SELECT s.usex,s.uname,s.uid,s.uschool,s.uphone,s.upoint,s.uaddress,r.wid FROM resume r INNER JOIN studentinfo s on s.uid = r.uid  WHERE ( r.wid=11 and r.ischack=0 )  [ RunTime:0.0003s ]
SQL: SHOW COLUMNS FROM `resume` [ RunTime:0.0005s ]
SQL: SELECT s.usex,s.uname,s.uid,s.uschool,s.uphone,s.upoint,s.uaddress,r.wid FROM resume r INNER JOIN studentinfo s on s.uid = r.uid  WHERE ( r.wid=13 and r.ischack=0 )  [ RunTime:0.0003s ]
SQL: SHOW COLUMNS FROM `resume` [ RunTime:0.0005s ]
SQL: SELECT s.usex,s.uname,s.uid,s.uschool,s.uphone,s.upoint,s.uaddress,r.wid FROM resume r INNER JOIN studentinfo s on s.uid = r.uid  WHERE ( r.wid=14 and r.ischack=0 )  [ RunTime:0.0003s ]
INFO: [ view_parse ] --START--
INFO: [ template_filter ] --START--
INFO: Run Behavior\ContentReplaceBehavior [ RunTime:0.000066s ]
INFO: [ template_filter ] --END-- [ RunTime:0.000106s ]
INFO: Run Behavior\ParseTemplateBehavior [ RunTime:0.008561s ]
INFO: [ view_parse ] --END-- [ RunTime:0.008619s ]
INFO: [ view_filter ] --START--
INFO: Run Behavior\WriteHtmlCacheBehavior [ RunTime:0.000226s ]
INFO: [ view_filter ] --END-- [ RunTime:0.000258s ]
INFO: [ app_end ] --START--
INFO: Run Behavior\ShowPageTraceBehavior [ RunTime:0.000417s ]
INFO: [ app_end ] --END-- [ RunTime:0.000456s ]

[ 2017-06-03T19:00:57+08:00 ] 192.168.43.146 /index.php/Admin/Right/index
INFO: [ app_begin ] --START--
INFO: Run Behavior\ReadHtmlCacheBehavior [ RunTime:0.000401s ]
INFO: [ app_begin ] --END-- [ RunTime:0.000661s ]
NOTIC: [8] Use of undefined constant issue - assumed 'issue' D:\web\work\Admin\Controller\RightController.class.php ç¬¬ 8 è¡Œ.
SQL: SHOW COLUMNS FROM `issue` [ RunTime:0.0017s ]
SQL: SELECT `id`,`title`,`issuetime` FROM `issue` WHERE ( cid=1 ) ORDER BY issuetime desc LIMIT 2   [ RunTime:0.0003s ]
NOTIC: [8] Use of undefined constant resume - assumed 'resume' D:\web\work\Admin\Controller\RightController.class.php ç¬¬ 13 è¡Œ.
SQL: SHOW COLUMNS FROM `resume` [ RunTime:0.0013s ]
SQL: SHOW COLUMNS FROM `resume` [ RunTime:0.0005s ]
SQL: SELECT r.umsg,s.uname,s.uid FROM resume r INNER JOIN studentinfo s on s.uid = r.uid  WHERE ( r.wid=13 and ischack=0 and r.umsg!='' )  [ RunTime:0.0011s ]
SQL: SHOW COLUMNS FROM `resume` [ RunTime:0.0006s ]
SQL: SELECT s.usex,s.uname,s.uid,s.uschool FROM resume r INNER JOIN studentinfo s on s.uid = r.uid  WHERE ( r.wid=13 )  [ RunTime:0.0003s ]
SQL: SHOW COLUMNS FROM `resume` [ RunTime:0.0005s ]
SQL: SELECT r.umsg,s.uname,s.uid FROM resume r INNER JOIN studentinfo s on s.uid = r.uid  WHERE ( r.wid=14 and ischack=0 and r.umsg!='' )  [ RunTime:0.0003s ]
SQL: SHOW COLUMNS FROM `resume` [ RunTime:0.0005s ]
SQL: SELECT s.usex,s.uname,s.uid,s.uschool FROM resume r INNER JOIN studentinfo s on s.uid = r.uid  WHERE ( r.wid=14 )  [ RunTime:0.0003s ]
INFO: [ view_parse ] --START--
INFO: [ template_filter ] --START--
INFO: Run Behavior\ContentReplaceBehavior [ RunTime:0.000125s ]
INFO: [ template_filter ] --END-- [ RunTime:0.000164s ]
INFO: Run Behavior\ParseTemplateBehavior [ RunTime:0.045556s ]
INFO: [ view_parse ] --END-- [ RunTime:0.045624s ]
INFO: [ view_filter ] --START--
INFO: Run Behavior\WriteHtmlCacheBehavior [ RunTime:0.000213s ]
INFO: [ view_filter ] --END-- [ RunTime:0.000243s ]
INFO: [ app_end ] --START--
INFO: Run Behavior\ShowPageTraceBehavior [ RunTime:0.000387s ]
INFO: [ app_end ] --END-- [ RunTime:0.000423s ]

[ 2017-06-03T19:02:42+08:00 ] 192.168.43.146 /index.php/Admin/Right/conpany
INFO: [ app_begin ] --START--
INFO: Run Behavior\ReadHtmlCacheBehavior [ RunTime:0.000489s ]
INFO: [ app_begin ] --END-- [ RunTime:0.000806s ]
INFO: [ view_parse ] --START--
INFO: [ template_filter ] --START--
INFO: Run Behavior\ContentReplaceBehavior [ RunTime:0.000045s ]
INFO: [ template_filter ] --END-- [ RunTime:0.000087s ]
INFO: Run Behavior\ParseTemplateBehavior [ RunTime:0.005616s ]
INFO: [ view_parse ] --END-- [ RunTime:0.005682s ]
INFO: [ view_filter ] --START--
INFO: Run Behavior\WriteHtmlCacheBehavior [ RunTime:0.000332s ]
INFO: [ view_filter ] --END-- [ RunTime:0.000371s ]
INFO: [ app_end ] --START--
INFO: Run Behavior\ShowPageTraceBehavior [ RunTime:0.000470s ]
INFO: [ app_end ] --END-- [ RunTime:0.000506s ]

[ 2017-06-03T19:02:42+08:00 ] 192.168.43.146 /index.php/Admin/Right/
INFO: [ app_begin ] --START--
INFO: Run Behavior\ReadHtmlCacheBehavior [ RunTime:0.000453s ]
INFO: [ app_begin ] --END-- [ RunTime:0.000898s ]
NOTIC: [8] Use of undefined constant issue - assumed 'issue' D:\web\work\Admin\Controller\RightController.class.php ç¬¬ 8 è¡Œ.
SQL: SHOW COLUMNS FROM `issue` [ RunTime:0.0011s ]
SQL: SELECT `id`,`title`,`issuetime` FROM `issue` WHERE ( cid=1 ) ORDER BY issuetime desc LIMIT 2   [ RunTime:0.0004s ]
NOTIC: [8] Use of undefined constant resume - assumed 'resume' D:\web\work\Admin\Controller\RightController.class.php ç¬¬ 13 è¡Œ.
SQL: SHOW COLUMNS FROM `resume` [ RunTime:0.0007s ]
SQL: SHOW COLUMNS FROM `resume` [ RunTime:0.0006s ]
SQL: SELECT r.umsg,s.uname,s.uid FROM resume r INNER JOIN studentinfo s on s.uid = r.uid  WHERE ( r.wid=13 and ischack=0 and r.umsg!='' )  [ RunTime:0.0004s ]
SQL: SHOW COLUMNS FROM `resume` [ RunTime:0.0006s ]
SQL: SELECT s.usex,s.uname,s.uid,s.uschool FROM resume r INNER JOIN studentinfo s on s.uid = r.uid  WHERE ( r.wid=13 )  [ RunTime:0.0003s ]
SQL: SHOW COLUMNS FROM `resume` [ RunTime:0.0005s ]
SQL: SELECT r.umsg,s.uname,s.uid FROM resume r INNER JOIN studentinfo s on s.uid = r.uid  WHERE ( r.wid=14 and ischack=0 and r.umsg!='' )  [ RunTime:0.0003s ]
SQL: SHOW COLUMNS FROM `resume` [ RunTime:0.0005s ]
SQL: SELECT s.usex,s.uname,s.uid,s.uschool FROM resume r INNER JOIN studentinfo s on s.uid = r.uid  WHERE ( r.wid=14 )  [ RunTime:0.0003s ]
INFO: [ view_parse ] --START--
INFO: [ template_filter ] --START--
INFO: Run Behavior\ContentReplaceBehavior [ RunTime:0.000125s ]
INFO: [ template_filter ] --END-- [ RunTime:0.000171s ]
INFO: Run Behavior\ParseTemplateBehavior [ RunTime:0.047801s ]
INFO: [ view_parse ] --END-- [ RunTime:0.047870s ]
INFO: [ view_filter ] --START--
INFO: Run Behavior\WriteHtmlCacheBehavior [ RunTime:0.000232s ]
INFO: [ view_filter ] --END-- [ RunTime:0.000267s ]
INFO: [ app_end ] --START--
INFO: Run Behavior\ShowPageTraceBehavior [ RunTime:0.000648s ]
INFO: [ app_end ] --END-- [ RunTime:0.000721s ]

[ 2017-06-03T19:02:43+08:00 ] 192.168.43.146 /index.php/Admin/Right/table
INFO: [ app_begin ] --START--
INFO: Run Behavior\ReadHtmlCacheBehavior [ RunTime:0.000395s ]
INFO: [ app_begin ] --END-- [ RunTime:0.000660s ]
NOTIC: [8] Use of undefined constant issue - assumed 'issue' D:\web\work\Admin\Controller\RightController.class.php ç¬¬ 59 è¡Œ.
SQL: SHOW COLUMNS FROM `issue` [ RunTime:0.0009s ]
NOTIC: [8] Use of undefined constant resume - assumed 'resume' D:\web\work\Admin\Controller\RightController.class.php ç¬¬ 60 è¡Œ.
SQL: SHOW COLUMNS FROM `resume` [ RunTime:0.0005s ]
SQL: SELECT `id`,`title`,`issuetime` FROM `issue` WHERE ( cid=1 and TO_DAYS(NOW()) - workStartDate < 0 )  [ RunTime:0.0003s ]
SQL: SHOW COLUMNS FROM `resume` [ RunTime:0.0005s ]
SQL: SELECT s.usex,s.uname,s.uid,s.uschool,s.uphone,s.upoint,s.uaddress,r.wid FROM resume r INNER JOIN studentinfo s on s.uid = r.uid  WHERE ( r.wid=1 and r.ischack=0 )  [ RunTime:0.0003s ]
SQL: SHOW COLUMNS FROM `resume` [ RunTime:0.0005s ]
SQL: SELECT s.usex,s.uname,s.uid,s.uschool,s.uphone,s.upoint,s.uaddress,r.wid FROM resume r INNER JOIN studentinfo s on s.uid = r.uid  WHERE ( r.wid=2 and r.ischack=0 )  [ RunTime:0.0003s ]
SQL: SHOW COLUMNS FROM `resume` [ RunTime:0.0005s ]
SQL: SELECT s.usex,s.uname,s.uid,s.uschool,s.uphone,s.upoint,s.uaddress,r.wid FROM resume r INNER JOIN studentinfo s on s.uid = r.uid  WHERE ( r.wid=11 and r.ischack=0 )  [ RunTime:0.0003s ]
SQL: SHOW COLUMNS FROM `resume` [ RunTime:0.0005s ]
SQL: SELECT s.usex,s.uname,s.uid,s.uschool,s.uphone,s.upoint,s.uaddress,r.wid FROM resume r INNER JOIN studentinfo s on s.uid = r.uid  WHERE ( r.wid=13 and r.ischack=0 )  [ RunTime:0.0003s ]
SQL: SHOW COLUMNS FROM `resume` [ RunTime:0.0005s ]
SQL: SELECT s.usex,s.uname,s.uid,s.uschool,s.uphone,s.upoint,s.uaddress,r.wid FROM resume r INNER JOIN studentinfo s on s.uid = r.uid  WHERE ( r.wid=14 and r.ischack=0 )  [ RunTime:0.0003s ]
INFO: [ view_parse ] --START--
INFO: [ template_filter ] --START--
INFO: Run Behavior\ContentReplaceBehavior [ RunTime:0.000093s ]
INFO: [ template_filter ] --END-- [ RunTime:0.000133s ]
INFO: Run Behavior\ParseTemplateBehavior [ RunTime:0.009469s ]
INFO: [ view_parse ] --END-- [ RunTime:0.009541s ]
INFO: [ view_filter ] --START--
INFO: Run Behavior\WriteHtmlCacheBehavior [ RunTime:0.000226s ]
INFO: [ view_filter ] --END-- [ RunTime:0.000260s ]
INFO: [ app_end ] --START--
INFO: Run Behavior\ShowPageTraceBehavior [ RunTime:0.000446s ]
INFO: [ app_end ] --END-- [ RunTime:0.000486s ]

[ 2017-06-03T19:02:44+08:00 ] 192.168.43.146 /index.php/Admin/Right/employed
INFO: [ app_begin ] --START--
INFO: Run Behavior\ReadHtmlCacheBehavior [ RunTime:0.000383s ]
INFO: [ app_begin ] --END-- [ RunTime:0.000669s ]
INFO: [ view_parse ] --START--
INFO: [ template_filter ] --START--
INFO: Run Behavior\ContentReplaceBehavior [ RunTime:0.000033s ]
INFO: [ template_filter ] --END-- [ RunTime:0.000072s ]
INFO: Run Behavior\ParseTemplateBehavior [ RunTime:0.004895s ]
INFO: [ view_parse ] --END-- [ RunTime:0.004945s ]
INFO: [ view_filter ] --START--
INFO: Run Behavior\WriteHtmlCacheBehavior [ RunTime:0.000307s ]
INFO: [ view_filter ] --END-- [ RunTime:0.000342s ]
INFO: [ app_end ] --START--
INFO: Run Behavior\ShowPageTraceBehavior [ RunTime:0.000436s ]
INFO: [ app_end ] --END-- [ RunTime:0.000474s ]

[ 2017-06-03T19:02:44+08:00 ] 192.168.43.146 /index.php/Admin/Right/table
INFO: [ app_begin ] --START--
INFO: Run Behavior\ReadHtmlCacheBehavior [ RunTime:0.000391s ]
INFO: [ app_begin ] --END-- [ RunTime:0.000656s ]
NOTIC: [8] Use of undefined constant issue - assumed 'issue' D:\web\work\Admin\Controller\RightController.class.php ç¬¬ 59 è¡Œ.
SQL: SHOW COLUMNS FROM `issue` [ RunTime:0.0008s ]
NOTIC: [8] Use of undefined constant resume - assumed 'resume' D:\web\work\Admin\Controller\RightController.class.php ç¬¬ 60 è¡Œ.
SQL: SHOW COLUMNS FROM `resume` [ RunTime:0.0005s ]
SQL: SELECT `id`,`title`,`issuetime` FROM `issue` WHERE ( cid=1 and TO_DAYS(NOW()) - workStartDate < 0 )  [ RunTime:0.0003s ]
SQL: SHOW COLUMNS FROM `resume` [ RunTime:0.0005s ]
SQL: SELECT s.usex,s.uname,s.uid,s.uschool,s.uphone,s.upoint,s.uaddress,r.wid FROM resume r INNER JOIN studentinfo s on s.uid = r.uid  WHERE ( r.wid=1 and r.ischack=0 )  [ RunTime:0.0003s ]
SQL: SHOW COLUMNS FROM `resume` [ RunTime:0.0005s ]
SQL: SELECT s.usex,s.uname,s.uid,s.uschool,s.uphone,s.upoint,s.uaddress,r.wid FROM resume r INNER JOIN studentinfo s on s.uid = r.uid  WHERE ( r.wid=2 and r.ischack=0 )  [ RunTime:0.0003s ]
SQL: SHOW COLUMNS FROM `resume` [ RunTime:0.0005s ]
SQL: SELECT s.usex,s.uname,s.uid,s.uschool,s.uphone,s.upoint,s.uaddress,r.wid FROM resume r INNER JOIN studentinfo s on s.uid = r.uid  WHERE ( r.wid=11 and r.ischack=0 )  [ RunTime:0.0003s ]
SQL: SHOW COLUMNS FROM `resume` [ RunTime:0.0004s ]
SQL: SELECT s.usex,s.uname,s.uid,s.uschool,s.uphone,s.upoint,s.uaddress,r.wid FROM resume r INNER JOIN studentinfo s on s.uid = r.uid  WHERE ( r.wid=13 and r.ischack=0 )  [ RunTime:0.0003s ]
SQL: SHOW COLUMNS FROM `resume` [ RunTime:0.0005s ]
SQL: SELECT s.usex,s.uname,s.uid,s.uschool,s.uphone,s.upoint,s.uaddress,r.wid FROM resume r INNER JOIN studentinfo s on s.uid = r.uid  WHERE ( r.wid=14 and r.ischack=0 )  [ RunTime:0.0003s ]
INFO: [ view_parse ] --START--
INFO: [ template_filter ] --START--
INFO: Run Behavior\ContentReplaceBehavior [ RunTime:0.000069s ]
INFO: [ template_filter ] --END-- [ RunTime:0.000107s ]
INFO: Run Behavior\ParseTemplateBehavior [ RunTime:0.008561s ]
INFO: [ view_parse ] --END-- [ RunTime:0.008618s ]
INFO: [ view_filter ] --START--
INFO: Run Behavior\WriteHtmlCacheBehavior [ RunTime:0.000228s ]
INFO: [ view_filter ] --END-- [ RunTime:0.000265s ]
INFO: [ app_end ] --START--
INFO: Run Behavior\ShowPageTraceBehavior [ RunTime:0.000430s ]
INFO: [ app_end ] --END-- [ RunTime:0.000470s ]

[ 2017-06-03T19:02:45+08:00 ] 192.168.43.146 /index.php/Admin/Right/index
INFO: [ app_begin ] --START--
INFO: Run Behavior\ReadHtmlCacheBehavior [ RunTime:0.000417s ]
INFO: [ app_begin ] --END-- [ RunTime:0.000704s ]
NOTIC: [8] Use of undefined constant issue - assumed 'issue' D:\web\work\Admin\Controller\RightController.class.php ç¬¬ 8 è¡Œ.
SQL: SHOW COLUMNS FROM `issue` [ RunTime:0.0009s ]
SQL: SELECT `id`,`title`,`issuetime` FROM `issue` WHERE ( cid=1 ) ORDER BY issuetime desc LIMIT 2   [ RunTime:0.0003s ]
NOTIC: [8] Use of undefined constant resume - assumed 'resume' D:\web\work\Admin\Controller\RightController.class.php ç¬¬ 13 è¡Œ.
SQL: SHOW COLUMNS FROM `resume` [ RunTime:0.0005s ]
SQL: SHOW COLUMNS FROM `resume` [ RunTime:0.0005s ]
SQL: SELECT r.umsg,s.uname,s.uid FROM resume r INNER JOIN studentinfo s on s.uid = r.uid  WHERE ( r.wid=13 and ischack=0 and r.umsg!='' )  [ RunTime:0.0003s ]
SQL: SHOW COLUMNS FROM `resume` [ RunTime:0.0005s ]
SQL: SELECT s.usex,s.uname,s.uid,s.uschool FROM resume r INNER JOIN studentinfo s on s.uid = r.uid  WHERE ( r.wid=13 )  [ RunTime:0.0002s ]
SQL: SHOW COLUMNS FROM `resume` [ RunTime:0.0005s ]
SQL: SELECT r.umsg,s.uname,s.uid FROM resume r INNER JOIN studentinfo s on s.uid = r.uid  WHERE ( r.wid=14 and ischack=0 and r.umsg!='' )  [ RunTime:0.0003s ]
SQL: SHOW COLUMNS FROM `resume` [ RunTime:0.0005s ]
SQL: SELECT s.usex,s.uname,s.uid,s.uschool FROM resume r INNER JOIN studentinfo s on s.uid = r.uid  WHERE ( r.wid=14 )  [ RunTime:0.0002s ]
INFO: [ view_parse ] --START--
INFO: [ template_filter ] --START--
INFO: Run Behavior\ContentReplaceBehavior [ RunTime:0.000125s ]
INFO: [ template_filter ] --END-- [ RunTime:0.000164s ]
INFO: Run Behavior\ParseTemplateBehavior [ RunTime:0.046142s ]
INFO: [ view_parse ] --END-- [ RunTime:0.046205s ]
INFO: [ view_filter ] --START--
INFO: Run Behavior\WriteHtmlCacheBehavior [ RunTime:0.000232s ]
INFO: [ view_filter ] --END-- [ RunTime:0.000291s ]
INFO: [ app_end ] --START--
INFO: Run Behavior\ShowPageTraceBehavior [ RunTime:0.000409s ]
INFO: [ app_end ] --END-- [ RunTime:0.000449s ]

[ 2017-06-03T19:02:45+08:00 ] 192.168.43.146 /index.php/Admin/Right/table
INFO: [ app_begin ] --START--
INFO: Run Behavior\ReadHtmlCacheBehavior [ RunTime:0.000395s ]
INFO: [ app_begin ] --END-- [ RunTime:0.000703s ]
NOTIC: [8] Use of undefined constant issue - assumed 'issue' D:\web\work\Admin\Controller\RightController.class.php ç¬¬ 59 è¡Œ.
SQL: SHOW COLUMNS FROM `issue` [ RunTime:0.0009s ]
NOTIC: [8] Use of undefined constant resume - assumed 'resume' D:\web\work\Admin\Controller\RightController.class.php ç¬¬ 60 è¡Œ.
SQL: SHOW COLUMNS FROM `resume` [ RunTime:0.0005s ]
SQL: SELECT `id`,`title`,`issuetime` FROM `issue` WHERE ( cid=1 and TO_DAYS(NOW()) - workStartDate < 0 )  [ RunTime:0.0003s ]
SQL: SHOW COLUMNS FROM `resume` [ RunTime:0.0005s ]
SQL: SELECT s.usex,s.uname,s.uid,s.uschool,s.uphone,s.upoint,s.uaddress,r.wid FROM resume r INNER JOIN studentinfo s on s.uid = r.uid  WHERE ( r.wid=1 and r.ischack=0 )  [ RunTime:0.0003s ]
SQL: SHOW COLUMNS FROM `resume` [ RunTime:0.0005s ]
SQL: SELECT s.usex,s.uname,s.uid,s.uschool,s.uphone,s.upoint,s.uaddress,r.wid FROM resume r INNER JOIN studentinfo s on s.uid = r.uid  WHERE ( r.wid=2 and r.ischack=0 )  [ RunTime:0.0003s ]
SQL: SHOW COLUMNS FROM `resume` [ RunTime:0.0005s ]
SQL: SELECT s.usex,s.uname,s.uid,s.uschool,s.uphone,s.upoint,s.uaddress,r.wid FROM resume r INNER JOIN studentinfo s on s.uid = r.uid  WHERE ( r.wid=11 and r.ischack=0 )  [ RunTime:0.0003s ]
SQL: SHOW COLUMNS FROM `resume` [ RunTime:0.0005s ]
SQL: SELECT s.usex,s.uname,s.uid,s.uschool,s.uphone,s.upoint,s.uaddress,r.wid FROM resume r INNER JOIN studentinfo s on s.uid = r.uid  WHERE ( r.wid=13 and r.ischack=0 )  [ RunTime:0.0003s ]
SQL: SHOW COLUMNS FROM `resume` [ RunTime:0.0005s ]
SQL: SELECT s.usex,s.uname,s.uid,s.uschool,s.uphone,s.upoint,s.uaddress,r.wid FROM resume r INNER JOIN studentinfo s on s.uid = r.uid  WHERE ( r.wid=14 and r.ischack=0 )  [ RunTime:0.0003s ]
INFO: [ view_parse ] --START--
INFO: [ template_filter ] --START--
INFO: Run Behavior\ContentReplaceBehavior [ RunTime:0.000068s ]
INFO: [ template_filter ] --END-- [ RunTime:0.000108s ]
INFO: Run Behavior\ParseTemplateBehavior [ RunTime:0.008673s ]
INFO: [ view_parse ] --END-- [ RunTime:0.008729s ]
INFO: [ view_filter ] --START--
INFO: Run Behavior\WriteHtmlCacheBehavior [ RunTime:0.000222s ]
INFO: [ view_filter ] --END-- [ RunTime:0.000256s ]
INFO: [ app_end ] --START--
INFO: Run Behavior\ShowPageTraceBehavior [ RunTime:0.000411s ]
INFO: [ app_end ] --END-- [ RunTime:0.000452s ]

[ 2017-06-03T19:02:46+08:00 ] 192.168.43.146 /index.php/Admin/Right/employed
INFO: [ app_begin ] --START--
INFO: Run Behavior\ReadHtmlCacheBehavior [ RunTime:0.000386s ]
INFO: [ app_begin ] --END-- [ RunTime:0.000677s ]
INFO: [ view_parse ] --START--
INFO: [ template_filter ] --START--
INFO: Run Behavior\ContentReplaceBehavior [ RunTime:0.000032s ]
INFO: [ template_filter ] --END-- [ RunTime:0.000066s ]
INFO: Run Behavior\ParseTemplateBehavior [ RunTime:0.004595s ]
INFO: [ view_parse ] --END-- [ RunTime:0.004646s ]
INFO: [ view_filter ] --START--
INFO: Run Behavior\WriteHtmlCacheBehavior [ RunTime:0.000211s ]
INFO: [ view_filter ] --END-- [ RunTime:0.000249s ]
INFO: [ app_end ] --START--
INFO: Run Behavior\ShowPageTraceBehavior [ RunTime:0.000414s ]
INFO: [ app_end ] --END-- [ RunTime:0.000475s ]

[ 2017-06-03T19:02:46+08:00 ] 192.168.43.146 /index.php/Admin/Right/grade
INFO: [ app_begin ] --START--
INFO: Run Behavior\ReadHtmlCacheBehavior [ RunTime:0.000384s ]
INFO: [ app_begin ] --END-- [ RunTime:0.000671s ]
INFO: [ view_parse ] --START--
INFO: [ template_filter ] --START--
INFO: Run Behavior\ContentReplaceBehavior [ RunTime:0.000033s ]
INFO: [ template_filter ] --END-- [ RunTime:0.000068s ]
INFO: Run Behavior\ParseTemplateBehavior [ RunTime:0.004646s ]
INFO: [ view_parse ] --END-- [ RunTime:0.004697s ]
INFO: [ view_filter ] --START--
INFO: Run Behavior\WriteHtmlCacheBehavior [ RunTime:0.000236s ]
INFO: [ view_filter ] --END-- [ RunTime:0.000269s ]
INFO: [ app_end ] --START--
INFO: Run Behavior\ShowPageTraceBehavior [ RunTime:0.000386s ]
INFO: [ app_end ] --END-- [ RunTime:0.000420s ]

[ 2017-06-03T19:02:46+08:00 ] 192.168.43.146 /index.php/Admin/Right/employed
INFO: [ app_begin ] --START--
INFO: Run Behavior\ReadHtmlCacheBehavior [ RunTime:0.000456s ]
INFO: [ app_begin ] --END-- [ RunTime:0.000852s ]
INFO: [ view_parse ] --START--
INFO: [ template_filter ] --START--
INFO: Run Behavior\ContentReplaceBehavior [ RunTime:0.000032s ]
INFO: [ template_filter ] --END-- [ RunTime:0.000068s ]
INFO: Run Behavior\ParseTemplateBehavior [ RunTime:0.004761s ]
INFO: [ view_parse ] --END-- [ RunTime:0.004818s ]
INFO: [ view_filter ] --START--
INFO: Run Behavior\WriteHtmlCacheBehavior [ RunTime:0.000260s ]
INFO: [ view_filter ] --END-- [ RunTime:0.000292s ]
INFO: [ app_end ] --START--
INFO: Run Behavior\ShowPageTraceBehavior [ RunTime:0.000436s ]
INFO: [ app_end ] --END-- [ RunTime:0.000471s ]

[ 2017-06-03T19:02:47+08:00 ] 192.168.43.146 /index.php/Admin/Right/index
INFO: [ app_begin ] --START--
INFO: Run Behavior\ReadHtmlCacheBehavior [ RunTime:0.000536s ]
INFO: [ app_begin ] --END-- [ RunTime:0.000815s ]
NOTIC: [8] Use of undefined constant issue - assumed 'issue' D:\web\work\Admin\Controller\RightController.class.php ç¬¬ 8 è¡Œ.
SQL: SHOW COLUMNS FROM `issue` [ RunTime:0.0009s ]
SQL: SELECT `id`,`title`,`issuetime` FROM `issue` WHERE ( cid=1 ) ORDER BY issuetime desc LIMIT 2   [ RunTime:0.0003s ]
NOTIC: [8] Use of undefined constant resume - assumed 'resume' D:\web\work\Admin\Controller\RightController.class.php ç¬¬ 13 è¡Œ.
SQL: SHOW COLUMNS FROM `resume` [ RunTime:0.0005s ]
SQL: SHOW COLUMNS FROM `resume` [ RunTime:0.0005s ]
SQL: SELECT r.umsg,s.uname,s.uid FROM resume r INNER JOIN studentinfo s on s.uid = r.uid  WHERE ( r.wid=13 and ischack=0 and r.umsg!='' )  [ RunTime:0.0003s ]
SQL: SHOW COLUMNS FROM `resume` [ RunTime:0.0005s ]
SQL: SELECT s.usex,s.uname,s.uid,s.uschool FROM resume r INNER JOIN studentinfo s on s.uid = r.uid  WHERE ( r.wid=13 )  [ RunTime:0.0002s ]
SQL: SHOW COLUMNS FROM `resume` [ RunTime:0.0005s ]
SQL: SELECT r.umsg,s.uname,s.uid FROM resume r INNER JOIN studentinfo s on s.uid = r.uid  WHERE ( r.wid=14 and ischack=0 and r.umsg!='' )  [ RunTime:0.0003s ]
SQL: SHOW COLUMNS FROM `resume` [ RunTime:0.0005s ]
SQL: SELECT s.usex,s.uname,s.uid,s.uschool FROM resume r INNER JOIN studentinfo s on s.uid = r.uid  WHERE ( r.wid=14 )  [ RunTime:0.0002s ]
INFO: [ view_parse ] --START--
INFO: [ template_filter ] --START--
INFO: Run Behavior\ContentReplaceBehavior [ RunTime:0.000149s ]
INFO: [ template_filter ] --END-- [ RunTime:0.000189s ]
INFO: Run Behavior\ParseTemplateBehavior [ RunTime:0.046088s ]
INFO: [ view_parse ] --END-- [ RunTime:0.046150s ]
INFO: [ view_filter ] --START--
INFO: Run Behavior\WriteHtmlCacheBehavior [ RunTime:0.000230s ]
INFO: [ view_filter ] --END-- [ RunTime:0.000265s ]
INFO: [ app_end ] --START--
INFO: Run Behavior\ShowPageTraceBehavior [ RunTime:0.000434s ]
INFO: [ app_end ] --END-- [ RunTime:0.000476s ]

[ 2017-06-03T19:02:47+08:00 ] 192.168.43.146 /index.php/Admin/Right/index
INFO: [ app_begin ] --START--
INFO: Run Behavior\ReadHtmlCacheBehavior [ RunTime:0.000357s ]
INFO: [ app_begin ] --END-- [ RunTime:0.000616s ]
NOTIC: [8] Use of undefined constant issue - assumed 'issue' D:\web\work\Admin\Controller\RightController.class.php ç¬¬ 8 è¡Œ.
SQL: SHOW COLUMNS FROM `issue` [ RunTime:0.0008s ]
SQL: SELECT `id`,`title`,`issuetime` FROM `issue` WHERE ( cid=1 ) ORDER BY issuetime desc LIMIT 2   [ RunTime:0.0003s ]
NOTIC: [8] Use of undefined constant resume - assumed 'resume' D:\web\work\Admin\Controller\RightController.class.php ç¬¬ 13 è¡Œ.
SQL: SHOW COLUMNS FROM `resume` [ RunTime:0.0005s ]
SQL: SHOW COLUMNS FROM `resume` [ RunTime:0.0005s ]
SQL: SELECT r.umsg,s.uname,s.uid FROM resume r INNER JOIN studentinfo s on s.uid = r.uid  WHERE ( r.wid=13 and ischack=0 and r.umsg!='' )  [ RunTime:0.0003s ]
SQL: SHOW COLUMNS FROM `resume` [ RunTime:0.0005s ]
SQL: SELECT s.usex,s.uname,s.uid,s.uschool FROM resume r INNER JOIN studentinfo s on s.uid = r.uid  WHERE ( r.wid=13 )  [ RunTime:0.0002s ]
SQL: SHOW COLUMNS FROM `resume` [ RunTime:0.0004s ]
SQL: SELECT r.umsg,s.uname,s.uid FROM resume r INNER JOIN studentinfo s on s.uid = r.uid  WHERE ( r.wid=14 and ischack=0 and r.umsg!='' )  [ RunTime:0.0003s ]
SQL: SHOW COLUMNS FROM `resume` [ RunTime:0.0005s ]
SQL: SELECT s.usex,s.uname,s.uid,s.uschool FROM resume r INNER JOIN studentinfo s on s.uid = r.uid  WHERE ( r.wid=14 )  [ RunTime:0.0003s ]
INFO: [ view_parse ] --START--
INFO: [ template_filter ] --START--
INFO: Run Behavior\ContentReplaceBehavior [ RunTime:0.000154s ]
INFO: [ template_filter ] --END-- [ RunTime:0.000193s ]
INFO: Run Behavior\ParseTemplateBehavior [ RunTime:0.044749s ]
INFO: [ view_parse ] --END-- [ RunTime:0.044820s ]
INFO: [ view_filter ] --START--
INFO: Run Behavior\WriteHtmlCacheBehavior [ RunTime:0.000256s ]
INFO: [ view_filter ] --END-- [ RunTime:0.000293s ]
INFO: [ app_end ] --START--
INFO: Run Behavior\ShowPageTraceBehavior [ RunTime:0.000438s ]
INFO: [ app_end ] --END-- [ RunTime:0.000482s ]

[ 2017-06-03T19:02:48+08:00 ] 192.168.43.146 /index.php/Admin/Right/table
INFO: [ app_begin ] --START--
INFO: Run Behavior\ReadHtmlCacheBehavior [ RunTime:0.000414s ]
INFO: [ app_begin ] --END-- [ RunTime:0.000723s ]
NOTIC: [8] Use of undefined constant issue - assumed 'issue' D:\web\work\Admin\Controller\RightController.class.php ç¬¬ 59 è¡Œ.
SQL: SHOW COLUMNS FROM `issue` [ RunTime:0.0008s ]
NOTIC: [8] Use of undefined constant resume - assumed 'resume' D:\web\work\Admin\Controller\RightController.class.php ç¬¬ 60 è¡Œ.
SQL: SHOW COLUMNS FROM `resume` [ RunTime:0.0006s ]
SQL: SELECT `id`,`title`,`issuetime` FROM `issue` WHERE ( cid=1 and TO_DAYS(NOW()) - workStartDate < 0 )  [ RunTime:0.0003s ]
SQL: SHOW COLUMNS FROM `resume` [ RunTime:0.0005s ]
SQL: SELECT s.usex,s.uname,s.uid,s.uschool,s.uphone,s.upoint,s.uaddress,r.wid FROM resume r INNER JOIN studentinfo s on s.uid = r.uid  WHERE ( r.wid=1 and r.ischack=0 )  [ RunTime:0.0004s ]
SQL: SHOW COLUMNS FROM `resume` [ RunTime:0.0006s ]
SQL: SELECT s.usex,s.uname,s.uid,s.uschool,s.uphone,s.upoint,s.uaddress,r.wid FROM resume r INNER JOIN studentinfo s on s.uid = r.uid  WHERE ( r.wid=2 and r.ischack=0 )  [ RunTime:0.0003s ]
SQL: SHOW COLUMNS FROM `resume` [ RunTime:0.0005s ]
SQL: SELECT s.usex,s.uname,s.uid,s.uschool,s.uphone,s.upoint,s.uaddress,r.wid FROM resume r INNER JOIN studentinfo s on s.uid = r.uid  WHERE ( r.wid=11 and r.ischack=0 )  [ RunTime:0.0003s ]
SQL: SHOW COLUMNS FROM `resume` [ RunTime:0.0005s ]
SQL: SELECT s.usex,s.uname,s.uid,s.uschool,s.uphone,s.upoint,s.uaddress,r.wid FROM resume r INNER JOIN studentinfo s on s.uid = r.uid  WHERE ( r.wid=13 and r.ischack=0 )  [ RunTime:0.0003s ]
SQL: SHOW COLUMNS FROM `resume` [ RunTime:0.0005s ]
SQL: SELECT s.usex,s.uname,s.uid,s.uschool,s.uphone,s.upoint,s.uaddress,r.wid FROM resume r INNER JOIN studentinfo s on s.uid = r.uid  WHERE ( r.wid=14 and r.ischack=0 )  [ RunTime:0.0003s ]
INFO: [ view_parse ] --START--
INFO: [ template_filter ] --START--
INFO: Run Behavior\ContentReplaceBehavior [ RunTime:0.000091s ]
INFO: [ template_filter ] --END-- [ RunTime:0.000140s ]
INFO: Run Behavior\ParseTemplateBehavior [ RunTime:0.010606s ]
INFO: [ view_parse ] --END-- [ RunTime:0.010665s ]
INFO: [ view_filter ] --START--
INFO: Run Behavior\WriteHtmlCacheBehavior [ RunTime:0.000237s ]
INFO: [ view_filter ] --END-- [ RunTime:0.000272s ]
INFO: [ app_end ] --START--
INFO: Run Behavior\ShowPageTraceBehavior [ RunTime:0.000470s ]
INFO: [ app_end ] --END-- [ RunTime:0.000523s ]

[ 2017-06-03T19:02:48+08:00 ] 192.168.43.146 /index.php/Admin/Right/employed
INFO: [ app_begin ] --START--
INFO: Run Behavior\ReadHtmlCacheBehavior [ RunTime:0.000418s ]
INFO: [ app_begin ] --END-- [ RunTime:0.000677s ]
INFO: [ view_parse ] --START--
INFO: [ template_filter ] --START--
INFO: Run Behavior\ContentReplaceBehavior [ RunTime:0.000034s ]
INFO: [ template_filter ] --END-- [ RunTime:0.000092s ]
INFO: Run Behavior\ParseTemplateBehavior [ RunTime:0.004837s ]
INFO: [ view_parse ] --END-- [ RunTime:0.004884s ]
INFO: [ view_filter ] --START--
INFO: Run Behavior\WriteHtmlCacheBehavior [ RunTime:0.000218s ]
INFO: [ view_filter ] --END-- [ RunTime:0.000250s ]
INFO: [ app_end ] --START--
INFO: Run Behavior\ShowPageTraceBehavior [ RunTime:0.000413s ]
INFO: [ app_end ] --END-- [ RunTime:0.000451s ]

[ 2017-06-03T19:02:51+08:00 ] 192.168.43.146 /index.php/Admin/Right/grade
INFO: [ app_begin ] --START--
INFO: Run Behavior\ReadHtmlCacheBehavior [ RunTime:0.000404s ]
INFO: [ app_begin ] --END-- [ RunTime:0.000684s ]
INFO: [ view_parse ] --START--
INFO: [ template_filter ] --START--
INFO: Run Behavior\ContentReplaceBehavior [ RunTime:0.000034s ]
INFO: [ template_filter ] --END-- [ RunTime:0.000072s ]
INFO: Run Behavior\ParseTemplateBehavior [ RunTime:0.005055s ]
INFO: [ view_parse ] --END-- [ RunTime:0.005117s ]
INFO: [ view_filter ] --START--
INFO: Run Behavior\WriteHtmlCacheBehavior [ RunTime:0.000214s ]
INFO: [ view_filter ] --END-- [ RunTime:0.000251s ]
INFO: [ app_end ] --START--
INFO: Run Behavior\ShowPageTraceBehavior [ RunTime:0.000410s ]
INFO: [ app_end ] --END-- [ RunTime:0.000445s ]

[ 2017-06-03T19:02:53+08:00 ] 192.168.43.146 /index.php/Admin/Right/employed
INFO: [ app_begin ] --START--
INFO: Run Behavior\ReadHtmlCacheBehavior [ RunTime:0.000386s ]
INFO: [ app_begin ] --END-- [ RunTime:0.000677s ]
INFO: [ view_parse ] --START--
INFO: [ template_filter ] --START--
INFO: Run Behavior\ContentReplaceBehavior [ RunTime:0.000032s ]
INFO: [ template_filter ] --END-- [ RunTime:0.000067s ]
INFO: Run Behavior\ParseTemplateBehavior [ RunTime:0.004656s ]
INFO: [ view_parse ] --END-- [ RunTime:0.004707s ]
INFO: [ view_filter ] --START--
INFO: Run Behavior\WriteHtmlCacheBehavior [ RunTime:0.000218s ]
INFO: [ view_filter ] --END-- [ RunTime:0.000249s ]
INFO: [ app_end ] --START--
INFO: Run Behavior\ShowPageTraceBehavior [ RunTime:0.000407s ]
INFO: [ app_end ] --END-- [ RunTime:0.000452s ]

[ 2017-06-03T19:02:54+08:00 ] 192.168.43.146 /index.php/Admin/Right/grade
INFO: [ app_begin ] --START--
INFO: Run Behavior\ReadHtmlCacheBehavior [ RunTime:0.000380s ]
INFO: [ app_begin ] --END-- [ RunTime:0.000641s ]
INFO: [ view_parse ] --START--
INFO: [ template_filter ] --START--
INFO: Run Behavior\ContentReplaceBehavior [ RunTime:0.000034s ]
INFO: [ template_filter ] --END-- [ RunTime:0.000074s ]
INFO: Run Behavior\ParseTemplateBehavior [ RunTime:0.004891s ]
INFO: [ view_parse ] --END-- [ RunTime:0.004955s ]
INFO: [ view_filter ] --START--
INFO: Run Behavior\WriteHtmlCacheBehavior [ RunTime:0.000220s ]
INFO: [ view_filter ] --END-- [ RunTime:0.000252s ]
INFO: [ app_end ] --START--
INFO: Run Behavior\ShowPageTraceBehavior [ RunTime:0.000416s ]
INFO: [ app_end ] --END-- [ RunTime:0.000451s ]

[ 2017-06-03T19:02:55+08:00 ] 192.168.43.146 /index.php/Admin/Right/issue
INFO: [ app_begin ] --START--
INFO: Run Behavior\ReadHtmlCacheBehavior [ RunTime:0.000392s ]
INFO: [ app_begin ] --END-- [ RunTime:0.000697s ]
INFO: [ view_parse ] --START--
INFO: [ template_filter ] --START--
INFO: Run Behavior\ContentReplaceBehavior [ RunTime:0.000111s ]
INFO: [ template_filter ] --END-- [ RunTime:0.000181s ]
INFO: Run Behavior\ParseTemplateBehavior [ RunTime:0.027214s ]
INFO: [ view_parse ] --END-- [ RunTime:0.027287s ]
INFO: [ view_filter ] --START--
INFO: Run Behavior\WriteHtmlCacheBehavior [ RunTime:0.000216s ]
INFO: [ view_filter ] --END-- [ RunTime:0.000257s ]
INFO: [ app_end ] --START--
INFO: Run Behavior\ShowPageTraceBehavior [ RunTime:0.000418s ]
INFO: [ app_end ] --END-- [ RunTime:0.000458s ]

[ 2017-06-03T19:02:57+08:00 ] 192.168.43.146 /index.php/Admin/Right/
INFO: [ app_begin ] --START--
INFO: Run Behavior\ReadHtmlCacheBehavior [ RunTime:0.000380s ]
INFO: [ app_begin ] --END-- [ RunTime:0.000641s ]
NOTIC: [8] Use of undefined constant issue - assumed 'issue' D:\web\work\Admin\Controller\RightController.class.php ç¬¬ 8 è¡Œ.
SQL: SHOW COLUMNS FROM `issue` [ RunTime:0.0009s ]
SQL: SELECT `id`,`title`,`issuetime` FROM `issue` WHERE ( cid=1 ) ORDER BY issuetime desc LIMIT 2   [ RunTime:0.0003s ]
NOTIC: [8] Use of undefined constant resume - assumed 'resume' D:\web\work\Admin\Controller\RightController.class.php ç¬¬ 13 è¡Œ.
SQL: SHOW COLUMNS FROM `resume` [ RunTime:0.0006s ]
SQL: SHOW COLUMNS FROM `resume` [ RunTime:0.0005s ]
SQL: SELECT r.umsg,s.uname,s.uid FROM resume r INNER JOIN studentinfo s on s.uid = r.uid  WHERE ( r.wid=13 and ischack=0 and r.umsg!='' )  [ RunTime:0.0003s ]
SQL: SHOW COLUMNS FROM `resume` [ RunTime:0.0005s ]
SQL: SELECT s.usex,s.uname,s.uid,s.uschool FROM resume r INNER JOIN studentinfo s on s.uid = r.uid  WHERE ( r.wid=13 )  [ RunTime:0.0002s ]
SQL: SHOW COLUMNS FROM `resume` [ RunTime:0.0004s ]
SQL: SELECT r.umsg,s.uname,s.uid FROM resume r INNER JOIN studentinfo s on s.uid = r.uid  WHERE ( r.wid=14 and ischack=0 and r.umsg!='' )  [ RunTime:0.0003s ]
SQL: SHOW COLUMNS FROM `resume` [ RunTime:0.0005s ]
SQL: SELECT s.usex,s.uname,s.uid,s.uschool FROM resume r INNER JOIN studentinfo s on s.uid = r.uid  WHERE ( r.wid=14 )  [ RunTime:0.0002s ]
INFO: [ view_parse ] --START--
INFO: [ template_filter ] --START--
INFO: Run Behavior\ContentReplaceBehavior [ RunTime:0.000217s ]
INFO: [ template_filter ] --END-- [ RunTime:0.000290s ]
INFO: Run Behavior\ParseTemplateBehavior [ RunTime:0.055846s ]
INFO: [ view_parse ] --END-- [ RunTime:0.055946s ]
INFO: [ view_filter ] --START--
INFO: Run Behavior\WriteHtmlCacheBehavior [ RunTime:0.000328s ]
INFO: [ view_filter ] --END-- [ RunTime:0.000382s ]
INFO: [ app_end ] --START--
INFO: Run Behavior\ShowPageTraceBehavior [ RunTime:0.000603s ]
INFO: [ app_end ] --END-- [ RunTime:0.000664s ]

[ 2017-06-03T19:02:58+08:00 ] 192.168.43.146 /index.php/Admin/Right/
INFO: [ app_begin ] --START--
INFO: Run Behavior\ReadHtmlCacheBehavior [ RunTime:0.000368s ]
INFO: [ app_begin ] --END-- [ RunTime:0.000640s ]
NOTIC: [8] Use of undefined constant issue - assumed 'issue' D:\web\work\Admin\Controller\RightController.class.php ç¬¬ 8 è¡Œ.
SQL: SHOW COLUMNS FROM `issue` [ RunTime:0.0008s ]
SQL: SELECT `id`,`title`,`issuetime` FROM `issue` WHERE ( cid=1 ) ORDER BY issuetime desc LIMIT 2   [ RunTime:0.0003s ]
NOTIC: [8] Use of undefined constant resume - assumed 'resume' D:\web\work\Admin\Controller\RightController.class.php ç¬¬ 13 è¡Œ.
SQL: SHOW COLUMNS FROM `resume` [ RunTime:0.0005s ]
SQL: SHOW COLUMNS FROM `resume` [ RunTime:0.0004s ]
SQL: SELECT r.umsg,s.uname,s.uid FROM resume r INNER JOIN studentinfo s on s.uid = r.uid  WHERE ( r.wid=13 and ischack=0 and r.umsg!='' )  [ RunTime:0.0003s ]
SQL: SHOW COLUMNS FROM `resume` [ RunTime:0.0005s ]
SQL: SELECT s.usex,s.uname,s.uid,s.uschool FROM resume r INNER JOIN studentinfo s on s.uid = r.uid  WHERE ( r.wid=13 )  [ RunTime:0.0002s ]
SQL: SHOW COLUMNS FROM `resume` [ RunTime:0.0005s ]
SQL: SELECT r.umsg,s.uname,s.uid FROM resume r INNER JOIN studentinfo s on s.uid = r.uid  WHERE ( r.wid=14 and ischack=0 and r.umsg!='' )  [ RunTime:0.0003s ]
SQL: SHOW COLUMNS FROM `resume` [ RunTime:0.0005s ]
SQL: SELECT s.usex,s.uname,s.uid,s.uschool FROM resume r INNER JOIN studentinfo s on s.uid = r.uid  WHERE ( r.wid=14 )  [ RunTime:0.0003s ]
INFO: [ view_parse ] --START--
INFO: [ template_filter ] --START--
INFO: Run Behavior\ContentReplaceBehavior [ RunTime:0.000127s ]
INFO: [ template_filter ] --END-- [ RunTime:0.000171s ]
INFO: Run Behavior\ParseTemplateBehavior [ RunTime:0.047251s ]
INFO: [ view_parse ] --END-- [ RunTime:0.047310s ]
INFO: [ view_filter ] --START--
INFO: Run Behavior\WriteHtmlCacheBehavior [ RunTime:0.000237s ]
INFO: [ view_filter ] --END-- [ RunTime:0.000268s ]
INFO: [ app_end ] --START--
INFO: Run Behavior\ShowPageTraceBehavior [ RunTime:0.000410s ]
INFO: [ app_end ] --END-- [ RunTime:0.000450s ]

[ 2017-06-03T19:02:58+08:00 ] 192.168.43.146 /index.php/Admin/Right/table
INFO: [ app_begin ] --START--
INFO: Run Behavior\ReadHtmlCacheBehavior [ RunTime:0.000471s ]
INFO: [ app_begin ] --END-- [ RunTime:0.000849s ]
NOTIC: [8] Use of undefined constant issue - assumed 'issue' D:\web\work\Admin\Controller\RightController.class.php ç¬¬ 59 è¡Œ.
SQL: SHOW COLUMNS FROM `issue` [ RunTime:0.0009s ]
NOTIC: [8] Use of undefined constant resume - assumed 'resume' D:\web\work\Admin\Controller\RightController.class.php ç¬¬ 60 è¡Œ.
SQL: SHOW COLUMNS FROM `resume` [ RunTime:0.0005s ]
SQL: SELECT `id`,`title`,`issuetime` FROM `issue` WHERE ( cid=1 and TO_DAYS(NOW()) - workStartDate < 0 )  [ RunTime:0.0003s ]
SQL: SHOW COLUMNS FROM `resume` [ RunTime:0.0005s ]
SQL: SELECT s.usex,s.uname,s.uid,s.uschool,s.uphone,s.upoint,s.uaddress,r.wid FROM resume r INNER JOIN studentinfo s on s.uid = r.uid  WHERE ( r.wid=1 and r.ischack=0 )  [ RunTime:0.0003s ]
SQL: SHOW COLUMNS FROM `resume` [ RunTime:0.0005s ]
SQL: SELECT s.usex,s.uname,s.uid,s.uschool,s.uphone,s.upoint,s.uaddress,r.wid FROM resume r INNER JOIN studentinfo s on s.uid = r.uid  WHERE ( r.wid=2 and r.ischack=0 )  [ RunTime:0.0003s ]
SQL: SHOW COLUMNS FROM `resume` [ RunTime:0.0005s ]
SQL: SELECT s.usex,s.uname,s.uid,s.uschool,s.uphone,s.upoint,s.uaddress,r.wid FROM resume r INNER JOIN studentinfo s on s.uid = r.uid  WHERE ( r.wid=11 and r.ischack=0 )  [ RunTime:0.0003s ]
SQL: SHOW COLUMNS FROM `resume` [ RunTime:0.0005s ]
SQL: SELECT s.usex,s.uname,s.uid,s.uschool,s.uphone,s.upoint,s.uaddress,r.wid FROM resume r INNER JOIN studentinfo s on s.uid = r.uid  WHERE ( r.wid=13 and r.ischack=0 )  [ RunTime:0.0003s ]
SQL: SHOW COLUMNS FROM `resume` [ RunTime:0.0005s ]
SQL: SELECT s.usex,s.uname,s.uid,s.uschool,s.uphone,s.upoint,s.uaddress,r.wid FROM resume r INNER JOIN studentinfo s on s.uid = r.uid  WHERE ( r.wid=14 and r.ischack=0 )  [ RunTime:0.0003s ]
INFO: [ view_parse ] --START--
INFO: [ template_filter ] --START--
INFO: Run Behavior\ContentReplaceBehavior [ RunTime:0.000068s ]
INFO: [ template_filter ] --END-- [ RunTime:0.000109s ]
INFO: Run Behavior\ParseTemplateBehavior [ RunTime:0.008862s ]
INFO: [ view_parse ] --END-- [ RunTime:0.008942s ]
INFO: [ view_filter ] --START--
INFO: Run Behavior\WriteHtmlCacheBehavior [ RunTime:0.000236s ]
INFO: [ view_filter ] --END-- [ RunTime:0.000271s ]
INFO: [ app_end ] --START--
INFO: Run Behavior\ShowPageTraceBehavior [ RunTime:0.000441s ]
INFO: [ app_end ] --END-- [ RunTime:0.000486s ]

[ 2017-06-03T19:02:59+08:00 ] 192.168.43.146 /index.php/Admin/Right/index
INFO: [ app_begin ] --START--
INFO: Run Behavior\ReadHtmlCacheBehavior [ RunTime:0.000362s ]
INFO: [ app_begin ] --END-- [ RunTime:0.000622s ]
NOTIC: [8] Use of undefined constant issue - assumed 'issue' D:\web\work\Admin\Controller\RightController.class.php ç¬¬ 8 è¡Œ.
SQL: SHOW COLUMNS FROM `issue` [ RunTime:0.0008s ]
SQL: SELECT `id`,`title`,`issuetime` FROM `issue` WHERE ( cid=1 ) ORDER BY issuetime desc LIMIT 2   [ RunTime:0.0003s ]
NOTIC: [8] Use of undefined constant resume - assumed 'resume' D:\web\work\Admin\Controller\RightController.class.php ç¬¬ 13 è¡Œ.
SQL: SHOW COLUMNS FROM `resume` [ RunTime:0.0006s ]
SQL: SHOW COLUMNS FROM `resume` [ RunTime:0.0005s ]
SQL: SELECT r.umsg,s.uname,s.uid FROM resume r INNER JOIN studentinfo s on s.uid = r.uid  WHERE ( r.wid=13 and ischack=0 and r.umsg!='' )  [ RunTime:0.0003s ]
SQL: SHOW COLUMNS FROM `resume` [ RunTime:0.0005s ]
SQL: SELECT s.usex,s.uname,s.uid,s.uschool FROM resume r INNER JOIN studentinfo s on s.uid = r.uid  WHERE ( r.wid=13 )  [ RunTime:0.0002s ]
SQL: SHOW COLUMNS FROM `resume` [ RunTime:0.0005s ]
SQL: SELECT r.umsg,s.uname,s.uid FROM resume r INNER JOIN studentinfo s on s.uid = r.uid  WHERE ( r.wid=14 and ischack=0 and r.umsg!='' )  [ RunTime:0.0003s ]
SQL: SHOW COLUMNS FROM `resume` [ RunTime:0.0005s ]
SQL: SELECT s.usex,s.uname,s.uid,s.uschool FROM resume r INNER JOIN studentinfo s on s.uid = r.uid  WHERE ( r.wid=14 )  [ RunTime:0.0002s ]
INFO: [ view_parse ] --START--
INFO: [ template_filter ] --START--
INFO: Run Behavior\ContentReplaceBehavior [ RunTime:0.000125s ]
INFO: [ template_filter ] --END-- [ RunTime:0.000168s ]
INFO: Run Behavior\ParseTemplateBehavior [ RunTime:0.047157s ]
INFO: [ view_parse ] --END-- [ RunTime:0.047218s ]
INFO: [ view_filter ] --START--
INFO: Run Behavior\WriteHtmlCacheBehavior [ RunTime:0.000211s ]
INFO: [ view_filter ] --END-- [ RunTime:0.000244s ]
INFO: [ app_end ] --START--
INFO: Run Behavior\ShowPageTraceBehavior [ RunTime:0.000403s ]
INFO: [ app_end ] --END-- [ RunTime:0.000443s ]

[ 2017-06-03T19:02:59+08:00 ] 192.168.43.146 /index.php/Admin/Right/alterIssue
INFO: [ app_begin ] --START--
INFO: Run Behavior\ReadHtmlCacheBehavior [ RunTime:0.000477s ]
INFO: [ app_begin ] --END-- [ RunTime:0.000963s ]
NOTIC: [8] Use of undefined constant issue - assumed 'issue' D:\web\work\Admin\Controller\RightController.class.php ç¬¬ 122 è¡Œ.
SQL: SHOW COLUMNS FROM `issue` [ RunTime:0.0008s ]
SQL: SELECT * FROM `issue` WHERE ( id=13  )  [ RunTime:0.0004s ]
INFO: [ app_end ] --START--
INFO: Run Behavior\ShowPageTraceBehavior [ RunTime:0.000595s ]
INFO: [ app_end ] --END-- [ RunTime:0.000684s ]

[ 2017-06-03T19:03:02+08:00 ] 192.168.43.146 /index.php/Admin/Right/alterIssue
INFO: [ app_begin ] --START--
INFO: Run Behavior\ReadHtmlCacheBehavior [ RunTime:0.000378s ]
INFO: [ app_begin ] --END-- [ RunTime:0.000681s ]
NOTIC: [8] Use of undefined constant issue - assumed 'issue' D:\web\work\Admin\Controller\RightController.class.php ç¬¬ 122 è¡Œ.
SQL: SHOW COLUMNS FROM `issue` [ RunTime:0.0009s ]
SQL: SELECT * FROM `issue` WHERE ( id=14  )  [ RunTime:0.0005s ]
INFO: [ app_end ] --START--
INFO: Run Behavior\ShowPageTraceBehavior [ RunTime:0.000815s ]
INFO: [ app_end ] --END-- [ RunTime:0.000901s ]

[ 2017-06-03T19:03:02+08:00 ] 192.168.43.146 /index.php/Admin/Right/alterIssue
INFO: [ app_begin ] --START--
INFO: Run Behavior\ReadHtmlCacheBehavior [ RunTime:0.000415s ]
INFO: [ app_begin ] --END-- [ RunTime:0.000676s ]
NOTIC: [8] Use of undefined constant issue - assumed 'issue' D:\web\work\Admin\Controller\RightController.class.php ç¬¬ 122 è¡Œ.
SQL: SHOW COLUMNS FROM `issue` [ RunTime:0.0008s ]
SQL: SELECT * FROM `issue` WHERE ( id=14  )  [ RunTime:0.0003s ]
INFO: [ app_end ] --START--
INFO: Run Behavior\ShowPageTraceBehavior [ RunTime:0.000502s ]
INFO: [ app_end ] --END-- [ RunTime:0.000542s ]

[ 2017-06-03T19:03:04+08:00 ] 192.168.43.146 /index.php/Admin/Right/alterIssue
INFO: [ app_begin ] --START--
INFO: Run Behavior\ReadHtmlCacheBehavior [ RunTime:0.000402s ]
INFO: [ app_begin ] --END-- [ RunTime:0.001011s ]
NOTIC: [8] Use of undefined constant issue - assumed 'issue' D:\web\work\Admin\Controller\RightController.class.php ç¬¬ 122 è¡Œ.
SQL: SHOW COLUMNS FROM `issue` [ RunTime:0.0009s ]
SQL: SELECT * FROM `issue` WHERE ( id=14  )  [ RunTime:0.0004s ]
INFO: [ app_end ] --START--
INFO: Run Behavior\ShowPageTraceBehavior [ RunTime:0.000611s ]
INFO: [ app_end ] --END-- [ RunTime:0.000704s ]

[ 2017-06-03T19:03:06+08:00 ] 192.168.43.146 /index.php/Admin/Right/alterIssue
INFO: [ app_begin ] --START--
INFO: Run Behavior\ReadHtmlCacheBehavior [ RunTime:0.000879s ]
INFO: [ app_begin ] --END-- [ RunTime:0.001494s ]
NOTIC: [8] Use of undefined constant issue - assumed 'issue' D:\web\work\Admin\Controller\RightController.class.php ç¬¬ 122 è¡Œ.
SQL: SHOW COLUMNS FROM `issue` [ RunTime:0.0008s ]
SQL: SELECT * FROM `issue` WHERE ( id=13  )  [ RunTime:0.0003s ]
INFO: [ app_end ] --START--
INFO: Run Behavior\ShowPageTraceBehavior [ RunTime:0.000521s ]
INFO: [ app_end ] --END-- [ RunTime:0.000560s ]

[ 2017-06-03T19:03:07+08:00 ] 192.168.43.146 /index.php/Admin/Right/table
INFO: [ app_begin ] --START--
INFO: Run Behavior\ReadHtmlCacheBehavior [ RunTime:0.000421s ]
INFO: [ app_begin ] --END-- [ RunTime:0.000736s ]
NOTIC: [8] Use of undefined constant issue - assumed 'issue' D:\web\work\Admin\Controller\RightController.class.php ç¬¬ 59 è¡Œ.
SQL: SHOW COLUMNS FROM `issue` [ RunTime:0.0010s ]
NOTIC: [8] Use of undefined constant resume - assumed 'resume' D:\web\work\Admin\Controller\RightController.class.php ç¬¬ 60 è¡Œ.
SQL: SHOW COLUMNS FROM `resume` [ RunTime:0.0006s ]
SQL: SELECT `id`,`title`,`issuetime` FROM `issue` WHERE ( cid=1 and TO_DAYS(NOW()) - workStartDate < 0 )  [ RunTime:0.0003s ]
SQL: SHOW COLUMNS FROM `resume` [ RunTime:0.0006s ]
SQL: SELECT s.usex,s.uname,s.uid,s.uschool,s.uphone,s.upoint,s.uaddress,r.wid FROM resume r INNER JOIN studentinfo s on s.uid = r.uid  WHERE ( r.wid=1 and r.ischack=0 )  [ RunTime:0.0003s ]
SQL: SHOW COLUMNS FROM `resume` [ RunTime:0.0005s ]
SQL: SELECT s.usex,s.uname,s.uid,s.uschool,s.uphone,s.upoint,s.uaddress,r.wid FROM resume r INNER JOIN studentinfo s on s.uid = r.uid  WHERE ( r.wid=2 and r.ischack=0 )  [ RunTime:0.0003s ]
SQL: SHOW COLUMNS FROM `resume` [ RunTime:0.0006s ]
SQL: SELECT s.usex,s.uname,s.uid,s.uschool,s.uphone,s.upoint,s.uaddress,r.wid FROM resume r INNER JOIN studentinfo s on s.uid = r.uid  WHERE ( r.wid=11 and r.ischack=0 )  [ RunTime:0.0003s ]
SQL: SHOW COLUMNS FROM `resume` [ RunTime:0.0006s ]
SQL: SELECT s.usex,s.uname,s.uid,s.uschool,s.uphone,s.upoint,s.uaddress,r.wid FROM resume r INNER JOIN studentinfo s on s.uid = r.uid  WHERE ( r.wid=13 and r.ischack=0 )  [ RunTime:0.0003s ]
SQL: SHOW COLUMNS FROM `resume` [ RunTime:0.0004s ]
SQL: SELECT s.usex,s.uname,s.uid,s.uschool,s.uphone,s.upoint,s.uaddress,r.wid FROM resume r INNER JOIN studentinfo s on s.uid = r.uid  WHERE ( r.wid=14 and r.ischack=0 )  [ RunTime:0.0003s ]
INFO: [ view_parse ] --START--
INFO: [ template_filter ] --START--
INFO: Run Behavior\ContentReplaceBehavior [ RunTime:0.000097s ]
INFO: [ template_filter ] --END-- [ RunTime:0.000160s ]
INFO: Run Behavior\ParseTemplateBehavior [ RunTime:0.010988s ]
INFO: [ view_parse ] --END-- [ RunTime:0.011076s ]
INFO: [ view_filter ] --START--
INFO: Run Behavior\WriteHtmlCacheBehavior [ RunTime:0.000243s ]
INFO: [ view_filter ] --END-- [ RunTime:0.000278s ]
INFO: [ app_end ] --START--
INFO: Run Behavior\ShowPageTraceBehavior [ RunTime:0.000453s ]
INFO: [ app_end ] --END-- [ RunTime:0.000509s ]

[ 2017-06-03T19:03:08+08:00 ] 192.168.43.146 /index.php/Admin/Right/alterIssue
INFO: [ app_begin ] --START--
INFO: Run Behavior\ReadHtmlCacheBehavior [ RunTime:0.000361s ]
INFO: [ app_begin ] --END-- [ RunTime:0.000659s ]
NOTIC: [8] Use of undefined constant issue - assumed 'issue' D:\web\work\Admin\Controller\RightController.class.php ç¬¬ 122 è¡Œ.
SQL: SHOW COLUMNS FROM `issue` [ RunTime:0.0009s ]
SQL: SELECT * FROM `issue` WHERE ( id=1  )  [ RunTime:0.0004s ]
INFO: [ app_end ] --START--
INFO: Run Behavior\ShowPageTraceBehavior [ RunTime:0.000464s ]
INFO: [ app_end ] --END-- [ RunTime:0.000502s ]

[ 2017-06-03T19:03:09+08:00 ] 192.168.43.146 /index.php/Admin/Right/alterIssue
INFO: [ app_begin ] --START--
INFO: Run Behavior\ReadHtmlCacheBehavior [ RunTime:0.000392s ]
INFO: [ app_begin ] --END-- [ RunTime:0.000662s ]
NOTIC: [8] Use of undefined constant issue - assumed 'issue' D:\web\work\Admin\Controller\RightController.class.php ç¬¬ 122 è¡Œ.
SQL: SHOW COLUMNS FROM `issue` [ RunTime:0.0008s ]
SQL: SELECT * FROM `issue` WHERE ( id=1  )  [ RunTime:0.0004s ]
INFO: [ app_end ] --START--
INFO: Run Behavior\ShowPageTraceBehavior [ RunTime:0.000479s ]
INFO: [ app_end ] --END-- [ RunTime:0.000516s ]

[ 2017-06-03T19:03:09+08:00 ] 192.168.43.146 /index.php/Admin/Right/alterIssue
INFO: [ app_begin ] --START--
INFO: Run Behavior\ReadHtmlCacheBehavior [ RunTime:0.000405s ]
INFO: [ app_begin ] --END-- [ RunTime:0.000739s ]
NOTIC: [8] Use of undefined constant issue - assumed 'issue' D:\web\work\Admin\Controller\RightController.class.php ç¬¬ 122 è¡Œ.
SQL: SHOW COLUMNS FROM `issue` [ RunTime:0.0008s ]
SQL: SELECT * FROM `issue` WHERE ( id=2  )  [ RunTime:0.0004s ]
INFO: [ app_end ] --START--
INFO: Run Behavior\ShowPageTraceBehavior [ RunTime:0.000534s ]
INFO: [ app_end ] --END-- [ RunTime:0.000578s ]

[ 2017-06-03T19:03:11+08:00 ] 192.168.43.146 /index.php/Admin/Right/alterIssue
INFO: [ app_begin ] --START--
INFO: Run Behavior\ReadHtmlCacheBehavior [ RunTime:0.000401s ]
INFO: [ app_begin ] --END-- [ RunTime:0.000662s ]
NOTIC: [8] Use of undefined constant issue - assumed 'issue' D:\web\work\Admin\Controller\RightController.class.php ç¬¬ 122 è¡Œ.
SQL: SHOW COLUMNS FROM `issue` [ RunTime:0.0008s ]
SQL: SELECT * FROM `issue` WHERE ( id=11  )  [ RunTime:0.0003s ]
INFO: [ app_end ] --START--
INFO: Run Behavior\ShowPageTraceBehavior [ RunTime:0.000587s ]
INFO: [ app_end ] --END-- [ RunTime:0.000630s ]

[ 2017-06-03T19:03:11+08:00 ] 192.168.43.146 /index.php/Admin/Right/alterIssue
INFO: [ app_begin ] --START--
INFO: Run Behavior\ReadHtmlCacheBehavior [ RunTime:0.000425s ]
INFO: [ app_begin ] --END-- [ RunTime:0.000736s ]
NOTIC: [8] Use of undefined constant issue - assumed 'issue' D:\web\work\Admin\Controller\RightController.class.php ç¬¬ 122 è¡Œ.
SQL: SHOW COLUMNS FROM `issue` [ RunTime:0.0009s ]
SQL: SELECT * FROM `issue` WHERE ( id=13  )  [ RunTime:0.0003s ]
INFO: [ app_end ] --START--
INFO: Run Behavior\ShowPageTraceBehavior [ RunTime:0.000583s ]
INFO: [ app_end ] --END-- [ RunTime:0.000628s ]

[ 2017-06-03T19:03:17+08:00 ] 192.168.43.146 /index.php/Admin/Right/index
INFO: [ app_begin ] --START--
INFO: Run Behavior\ReadHtmlCacheBehavior [ RunTime:0.000410s ]
INFO: [ app_begin ] --END-- [ RunTime:0.000719s ]
NOTIC: [8] Use of undefined constant issue - assumed 'issue' D:\web\work\Admin\Controller\RightController.class.php ç¬¬ 8 è¡Œ.
SQL: SHOW COLUMNS FROM `issue` [ RunTime:0.0008s ]
SQL: SELECT `id`,`title`,`issuetime` FROM `issue` WHERE ( cid=1 ) ORDER BY issuetime desc LIMIT 2   [ RunTime:0.0004s ]
NOTIC: [8] Use of undefined constant resume - assumed 'resume' D:\web\work\Admin\Controller\RightController.class.php ç¬¬ 13 è¡Œ.
SQL: SHOW COLUMNS FROM `resume` [ RunTime:0.0005s ]
SQL: SHOW COLUMNS FROM `resume` [ RunTime:0.0005s ]
SQL: SELECT r.umsg,s.uname,s.uid FROM resume r INNER JOIN studentinfo s on s.uid = r.uid  WHERE ( r.wid=13 and ischack=0 and r.umsg!='' )  [ RunTime:0.0003s ]
SQL: SHOW COLUMNS FROM `resume` [ RunTime:0.0004s ]
SQL: SELECT s.usex,s.uname,s.uid,s.uschool FROM resume r INNER JOIN studentinfo s on s.uid = r.uid  WHERE ( r.wid=13 )  [ RunTime:0.0002s ]
SQL: SHOW COLUMNS FROM `resume` [ RunTime:0.0004s ]
SQL: SELECT r.umsg,s.uname,s.uid FROM resume r INNER JOIN studentinfo s on s.uid = r.uid  WHERE ( r.wid=14 and ischack=0 and r.umsg!='' )  [ RunTime:0.0003s ]
SQL: SHOW COLUMNS FROM `resume` [ RunTime:0.0004s ]
SQL: SELECT s.usex,s.uname,s.uid,s.uschool FROM resume r INNER JOIN studentinfo s on s.uid = r.uid  WHERE ( r.wid=14 )  [ RunTime:0.0003s ]
INFO: [ view_parse ] --START--
INFO: [ template_filter ] --START--
INFO: Run Behavior\ContentReplaceBehavior [ RunTime:0.000128s ]
INFO: [ template_filter ] --END-- [ RunTime:0.000166s ]
INFO: Run Behavior\ParseTemplateBehavior [ RunTime:0.045876s ]
INFO: [ view_parse ] --END-- [ RunTime:0.045936s ]
INFO: [ view_filter ] --START--
INFO: Run Behavior\WriteHtmlCacheBehavior [ RunTime:0.000228s ]
INFO: [ view_filter ] --END-- [ RunTime:0.000259s ]
INFO: [ app_end ] --START--
INFO: Run Behavior\ShowPageTraceBehavior [ RunTime:0.000622s ]
INFO: [ app_end ] --END-- [ RunTime:0.000682s ]

[ 2017-06-03T19:03:18+08:00 ] 192.168.43.146 /index.php/Admin/Right/alterIssue
INFO: [ app_begin ] --START--
INFO: Run Behavior\ReadHtmlCacheBehavior [ RunTime:0.000571s ]
INFO: [ app_begin ] --END-- [ RunTime:0.001183s ]
NOTIC: [8] Use of undefined constant issue - assumed 'issue' D:\web\work\Admin\Controller\RightController.class.php ç¬¬ 122 è¡Œ.
SQL: SHOW COLUMNS FROM `issue` [ RunTime:0.0009s ]
SQL: SELECT * FROM `issue` WHERE ( id=13  )  [ RunTime:0.0003s ]
INFO: [ app_end ] --START--
INFO: Run Behavior\ShowPageTraceBehavior [ RunTime:0.000539s ]
INFO: [ app_end ] --END-- [ RunTime:0.000586s ]

[ 2017-06-03T19:03:19+08:00 ] 192.168.43.146 /index.php/Admin/Right/table
INFO: [ app_begin ] --START--
INFO: Run Behavior\ReadHtmlCacheBehavior [ RunTime:0.000389s ]
INFO: [ app_begin ] --END-- [ RunTime:0.000672s ]
NOTIC: [8] Use of undefined constant issue - assumed 'issue' D:\web\work\Admin\Controller\RightController.class.php ç¬¬ 59 è¡Œ.
SQL: SHOW COLUMNS FROM `issue` [ RunTime:0.0008s ]
NOTIC: [8] Use of undefined constant resume - assumed 'resume' D:\web\work\Admin\Controller\RightController.class.php ç¬¬ 60 è¡Œ.
SQL: SHOW COLUMNS FROM `resume` [ RunTime:0.0007s ]
SQL: SELECT `id`,`title`,`issuetime` FROM `issue` WHERE ( cid=1 and TO_DAYS(NOW()) - workStartDate < 0 )  [ RunTime:0.0003s ]
SQL: SHOW COLUMNS FROM `resume` [ RunTime:0.0006s ]
SQL: SELECT s.usex,s.uname,s.uid,s.uschool,s.uphone,s.upoint,s.uaddress,r.wid FROM resume r INNER JOIN studentinfo s on s.uid = r.uid  WHERE ( r.wid=1 and r.ischack=0 )  [ RunTime:0.0005s ]
SQL: SHOW COLUMNS FROM `resume` [ RunTime:0.0006s ]
SQL: SELECT s.usex,s.uname,s.uid,s.uschool,s.uphone,s.upoint,s.uaddress,r.wid FROM resume r INNER JOIN studentinfo s on s.uid = r.uid  WHERE ( r.wid=2 and r.ischack=0 )  [ RunTime:0.0003s ]
SQL: SHOW COLUMNS FROM `resume` [ RunTime:0.0005s ]
SQL: SELECT s.usex,s.uname,s.uid,s.uschool,s.uphone,s.upoint,s.uaddress,r.wid FROM resume r INNER JOIN studentinfo s on s.uid = r.uid  WHERE ( r.wid=11 and r.ischack=0 )  [ RunTime:0.0003s ]
SQL: SHOW COLUMNS FROM `resume` [ RunTime:0.0005s ]
SQL: SELECT s.usex,s.uname,s.uid,s.uschool,s.uphone,s.upoint,s.uaddress,r.wid FROM resume r INNER JOIN studentinfo s on s.uid = r.uid  WHERE ( r.wid=13 and r.ischack=0 )  [ RunTime:0.0003s ]
SQL: SHOW COLUMNS FROM `resume` [ RunTime:0.0005s ]
SQL: SELECT s.usex,s.uname,s.uid,s.uschool,s.uphone,s.upoint,s.uaddress,r.wid FROM resume r INNER JOIN studentinfo s on s.uid = r.uid  WHERE ( r.wid=14 and r.ischack=0 )  [ RunTime:0.0003s ]
INFO: [ view_parse ] --START--
INFO: [ template_filter ] --START--
INFO: Run Behavior\ContentReplaceBehavior [ RunTime:0.000070s ]
INFO: [ template_filter ] --END-- [ RunTime:0.000110s ]
INFO: Run Behavior\ParseTemplateBehavior [ RunTime:0.008627s ]
INFO: [ view_parse ] --END-- [ RunTime:0.008686s ]
INFO: [ view_filter ] --START--
INFO: Run Behavior\WriteHtmlCacheBehavior [ RunTime:0.000223s ]
INFO: [ view_filter ] --END-- [ RunTime:0.000258s ]
INFO: [ app_end ] --START--
INFO: Run Behavior\ShowPageTraceBehavior [ RunTime:0.000408s ]
INFO: [ app_end ] --END-- [ RunTime:0.000474s ]

[ 2017-06-03T19:03:20+08:00 ] 192.168.43.146 /index.php/Admin/Right/alterIssue
INFO: [ app_begin ] --START--
INFO: Run Behavior\ReadHtmlCacheBehavior [ RunTime:0.000366s ]
INFO: [ app_begin ] --END-- [ RunTime:0.000727s ]
NOTIC: [8] Use of undefined constant issue - assumed 'issue' D:\web\work\Admin\Controller\RightController.class.php ç¬¬ 122 è¡Œ.
SQL: SHOW COLUMNS FROM `issue` [ RunTime:0.0008s ]
SQL: SELECT * FROM `issue` WHERE ( id=1  )  [ RunTime:0.0003s ]
INFO: [ app_end ] --START--
INFO: Run Behavior\ShowPageTraceBehavior [ RunTime:0.000509s ]
INFO: [ app_end ] --END-- [ RunTime:0.000549s ]

